[2022-12-22 14:43:18] [INFO] Routes :: Mounting doc Routes...
[2022-12-22 14:43:18] [INFO] Routes :: Mounting Web Routes...
[2022-12-22 14:43:27] [INFO] Booting the 'HTTP' middleware...
[2022-12-22 14:43:27] [INFO] Database :: Booting @ Master...
[2022-12-22 14:52:14] [INFO] Routes :: Mounting doc Routes...
[2022-12-22 14:52:14] [INFO] Routes :: Mounting Web Routes...
[2022-12-22 14:52:20] [INFO] Booting the 'HTTP' middleware...
[2022-12-22 14:52:20] [INFO] Database :: Booting @ Master...
[2022-12-22 14:58:16] [INFO] Routes :: Mounting doc Routes...
[2022-12-22 14:58:16] [INFO] Routes :: Mounting Web Routes...
[2022-12-22 14:58:24] [INFO] Booting the 'HTTP' middleware...
[2022-12-22 14:58:24] [INFO] Database :: Booting @ Master...
[2022-12-22 15:0:17] [INFO] Routes :: Mounting doc Routes...
[2022-12-22 15:0:17] [INFO] Routes :: Mounting Web Routes...
[2022-12-22 15:0:21] [INFO] Booting the 'HTTP' middleware...
[2022-12-22 15:0:21] [INFO] Database :: Booting @ Master...
[2022-12-22 15:2:15] [INFO] Routes :: Mounting Web Routes...
[2022-12-22 15:2:15] [INFO] Routes :: Mounting doc Routes...
[2022-12-22 15:2:21] [INFO] Booting the 'HTTP' middleware...
[2022-12-22 15:2:22] [INFO] Database :: Booting @ Master...
[2022-12-22 16:3:0] [INFO] Routes :: Mounting doc Routes...
[2022-12-22 16:3:0] [INFO] Routes :: Mounting API Routes...
[2022-12-22 16:3:0] [INFO] Routes :: Mounting Web Routes...
[2022-12-22 16:3:9] [INFO] Booting the 'HTTP' middleware...
[2022-12-22 16:3:9] [INFO] Database :: Booting @ Master...
[2022-12-22 16:16:13] [INFO] Routes :: Mounting doc Routes...
[2022-12-22 16:16:13] [INFO] Routes :: Mounting Web Routes...
[2022-12-22 16:16:13] [INFO] Routes :: Mounting API Routes...
[2022-12-22 16:16:16] [INFO] Booting the 'HTTP' middleware...
[2022-12-22 16:16:16] [INFO] Database :: Booting @ Master...
[2022-12-22 16:21:18] [INFO] Routes :: Mounting doc Routes...
[2022-12-22 16:21:18] [INFO] Routes :: Mounting API Routes...
[2022-12-22 16:21:18] [INFO] Routes :: Mounting Web Routes...
[2022-12-22 16:21:22] [INFO] Booting the 'HTTP' middleware...
[2022-12-22 16:21:22] [INFO] Database :: Booting @ Master...
