[2022-10-26 17:15:57] [INFO] Routes :: Mounting doc Routes...
[2022-10-26 17:15:57] [INFO] Routes :: Mounting API Routes...
[2022-10-26 17:15:57] [INFO] Routes :: Mounting Web Routes...
[2022-10-26 17:15:57] [INFO] Booting the 'HTTP' middleware...
[2022-10-26 19:42:31] [INFO] Routes :: Mounting doc Routes...
[2022-10-26 19:42:31] [INFO] Routes :: Mounting API Routes...
[2022-10-26 19:42:31] [INFO] Routes :: Mounting Web Routes...
[2022-10-26 19:42:31] [INFO] Booting the 'HTTP' middleware...
[2022-10-26 19:50:30] [INFO] Routes :: Mounting doc Routes...
[2022-10-26 19:50:30] [INFO] Routes :: Mounting API Routes...
[2022-10-26 19:50:30] [INFO] Routes :: Mounting Web Routes...
[2022-10-26 19:50:30] [INFO] Booting the 'HTTP' middleware...
[2022-10-26 20:8:44] [INFO] Routes :: Mounting doc Routes...
[2022-10-26 20:8:44] [INFO] Routes :: Mounting API Routes...
[2022-10-26 20:8:44] [INFO] Routes :: Mounting Web Routes...
[2022-10-26 20:8:44] [INFO] Booting the 'HTTP' middleware...
[2022-10-26 20:8:44] [ERROR] Path '/api/user/' not found [IP: '::1']!
[2022-10-26 20:16:35] [INFO] Routes :: Mounting doc Routes...
[2022-10-26 20:16:35] [INFO] Routes :: Mounting API Routes...
[2022-10-26 20:16:35] [INFO] Routes :: Mounting Web Routes...
[2022-10-26 20:16:35] [INFO] Booting the 'HTTP' middleware...
[2022-10-26 20:20:40] [INFO] Routes :: Mounting doc Routes...
[2022-10-26 20:20:40] [INFO] Routes :: Mounting API Routes...
[2022-10-26 20:20:40] [INFO] Routes :: Mounting Web Routes...
[2022-10-26 20:20:40] [INFO] Booting the 'HTTP' middleware...
[2022-10-26 20:23:26] [INFO] Routes :: Mounting doc Routes...
[2022-10-26 20:23:26] [INFO] Routes :: Mounting API Routes...
[2022-10-26 20:23:26] [INFO] Routes :: Mounting Web Routes...
[2022-10-26 20:23:26] [INFO] Booting the 'HTTP' middleware...
[2022-10-26 20:26:19] [INFO] Routes :: Mounting doc Routes...
[2022-10-26 20:26:19] [INFO] Routes :: Mounting API Routes...
[2022-10-26 20:26:19] [INFO] Routes :: Mounting Web Routes...
[2022-10-26 20:26:19] [INFO] Booting the 'HTTP' middleware...
[2022-10-26 20:44:14] [INFO] Routes :: Mounting doc Routes...
[2022-10-26 20:44:14] [INFO] Routes :: Mounting API Routes...
[2022-10-26 20:44:14] [INFO] Routes :: Mounting Web Routes...
[2022-10-26 20:44:14] [INFO] Booting the 'HTTP' middleware...
[2022-10-26 20:46:1] [INFO] Routes :: Mounting doc Routes...
[2022-10-26 20:46:1] [INFO] Routes :: Mounting API Routes...
[2022-10-26 20:46:1] [INFO] Routes :: Mounting Web Routes...
[2022-10-26 20:46:1] [INFO] Booting the 'HTTP' middleware...
[2022-10-26 20:47:49] [INFO] Routes :: Mounting doc Routes...
[2022-10-26 20:47:49] [INFO] Routes :: Mounting API Routes...
[2022-10-26 20:47:49] [INFO] Routes :: Mounting Web Routes...
[2022-10-26 20:47:49] [INFO] Booting the 'HTTP' middleware...
[2022-10-26 22:2:36] [INFO] Routes :: Mounting doc Routes...
[2022-10-26 22:2:36] [INFO] Routes :: Mounting Web Routes...
[2022-10-26 22:2:36] [INFO] Routes :: Mounting API Routes...
[2022-10-26 22:2:36] [INFO] Booting the 'HTTP' middleware...
[2022-10-26 22:4:55] [INFO] Routes :: Mounting doc Routes...
[2022-10-26 22:4:55] [INFO] Routes :: Mounting API Routes...
[2022-10-26 22:4:55] [INFO] Routes :: Mounting Web Routes...
[2022-10-26 22:4:55] [INFO] Booting the 'HTTP' middleware...
[2022-10-26 22:4:55] [INFO] Database :: Booting @ Master...
[2022-10-26 22:4:55] [INFO] Database :: Booting @ Master...
[2022-10-26 22:6:41] [INFO] Routes :: Mounting doc Routes...
[2022-10-26 22:6:41] [INFO] Routes :: Mounting API Routes...
[2022-10-26 22:6:41] [INFO] Routes :: Mounting Web Routes...
[2022-10-26 22:6:41] [INFO] Booting the 'HTTP' middleware...
[2022-10-26 22:6:41] [INFO] Database :: Booting @ Master...
[2022-10-26 22:6:41] [INFO] Database :: Booting @ Master...
[2022-10-26 22:7:31] [INFO] Routes :: Mounting doc Routes...
[2022-10-26 22:7:31] [INFO] Routes :: Mounting API Routes...
[2022-10-26 22:7:31] [INFO] Routes :: Mounting Web Routes...
[2022-10-26 22:7:31] [INFO] Booting the 'HTTP' middleware...
[2022-10-26 22:7:31] [INFO] Database :: Booting @ Master...
[2022-10-26 22:7:31] [INFO] Database :: Booting @ Master...
[2022-10-26 22:7:31] [INFO] Database :: connected...
[2022-10-26 22:8:45] [INFO] Routes :: Mounting doc Routes...
[2022-10-26 22:8:45] [INFO] Routes :: Mounting Web Routes...
[2022-10-26 22:8:45] [INFO] Routes :: Mounting API Routes...
[2022-10-26 22:8:45] [INFO] Booting the 'HTTP' middleware...
[2022-10-26 22:8:45] [INFO] Database :: Booting @ Master...
[2022-10-26 22:8:45] [INFO] Database :: Booting @ Master...
[2022-10-26 22:8:45] [INFO] Database :: connected...
[2022-10-26 22:10:15] [INFO] Routes :: Mounting doc Routes...
[2022-10-26 22:10:15] [INFO] Routes :: Mounting API Routes...
[2022-10-26 22:10:15] [INFO] Routes :: Mounting Web Routes...
[2022-10-26 22:10:15] [INFO] Booting the 'HTTP' middleware...
[2022-10-26 22:10:15] [INFO] Database :: Booting @ Master...
[2022-10-26 22:10:15] [INFO] Database :: Booting @ Master...
[2022-10-26 22:10:15] [INFO] Database :: connected...
[2022-10-26 22:12:54] [INFO] Routes :: Mounting doc Routes...
[2022-10-26 22:12:54] [INFO] Routes :: Mounting API Routes...
[2022-10-26 22:12:54] [INFO] Routes :: Mounting Web Routes...
[2022-10-26 22:12:54] [INFO] Booting the 'HTTP' middleware...
[2022-10-26 22:12:54] [INFO] Database :: Booting @ Master...
[2022-10-26 22:12:54] [INFO] Database :: Booting @ Master...
[2022-10-26 22:12:54] [INFO] Database :: connected...
[2022-10-26 22:16:40] [INFO] Routes :: Mounting doc Routes...
[2022-10-26 22:16:40] [INFO] Routes :: Mounting API Routes...
[2022-10-26 22:16:40] [INFO] Routes :: Mounting Web Routes...
[2022-10-26 22:16:40] [INFO] Booting the 'HTTP' middleware...
[2022-10-26 22:16:40] [INFO] Database :: Booting @ Master...
[2022-10-26 22:16:40] [INFO] Database :: Booting @ Master...
[2022-10-26 22:16:40] [INFO] Database :: connected...
[2022-10-26 22:19:39] [INFO] Routes :: Mounting doc Routes...
[2022-10-26 22:19:39] [INFO] Routes :: Mounting API Routes...
[2022-10-26 22:19:39] [INFO] Routes :: Mounting Web Routes...
[2022-10-26 22:19:39] [INFO] Booting the 'HTTP' middleware...
[2022-10-26 22:19:39] [INFO] Database :: Booting @ Master...
[2022-10-26 22:19:39] [INFO] Database :: Booting @ Master...
[2022-10-26 22:19:39] [INFO] Database :: connected...
[2022-10-26 22:21:6] [INFO] Routes :: Mounting doc Routes...
[2022-10-26 22:21:6] [INFO] Routes :: Mounting Web Routes...
[2022-10-26 22:21:6] [INFO] Routes :: Mounting API Routes...
[2022-10-26 22:21:6] [INFO] Booting the 'HTTP' middleware...
[2022-10-26 22:21:6] [INFO] Database :: Booting @ Master...
[2022-10-26 22:21:6] [INFO] Database :: Booting @ Master...
[2022-10-26 22:21:6] [INFO] Database :: connected...
[2022-10-26 22:22:3] [INFO] Routes :: Mounting doc Routes...
[2022-10-26 22:22:3] [INFO] Routes :: Mounting API Routes...
[2022-10-26 22:22:3] [INFO] Routes :: Mounting Web Routes...
[2022-10-26 22:22:3] [INFO] Booting the 'HTTP' middleware...
[2022-10-26 22:22:3] [INFO] Database :: Booting @ Master...
[2022-10-26 22:22:3] [INFO] Database :: Booting @ Master...
[2022-10-26 22:22:3] [INFO] Database :: connected...
[2022-10-26 22:25:18] [INFO] Routes :: Mounting doc Routes...
[2022-10-26 22:25:18] [INFO] Routes :: Mounting Web Routes...
[2022-10-26 22:25:18] [INFO] Routes :: Mounting API Routes...
[2022-10-26 22:25:18] [INFO] Booting the 'HTTP' middleware...
[2022-10-26 22:25:18] [INFO] Database :: Booting @ Master...
[2022-10-26 22:25:18] [INFO] Database :: Booting @ Master...
[2022-10-26 22:25:18] [INFO] Database :: connected...
[2022-10-26 22:28:57] [INFO] Routes :: Mounting doc Routes...
[2022-10-26 22:28:57] [INFO] Routes :: Mounting API Routes...
[2022-10-26 22:28:57] [INFO] Routes :: Mounting Web Routes...
[2022-10-26 22:28:57] [INFO] Booting the 'HTTP' middleware...
[2022-10-26 22:28:57] [INFO] Database :: Booting @ Master...
[2022-10-26 22:28:57] [INFO] Database :: Booting @ Master...
[2022-10-26 22:28:57] [INFO] Database :: connected...
[2022-10-26 22:31:32] [INFO] Routes :: Mounting doc Routes...
[2022-10-26 22:31:32] [INFO] Routes :: Mounting API Routes...
[2022-10-26 22:31:32] [INFO] Routes :: Mounting Web Routes...
[2022-10-26 22:31:32] [INFO] Booting the 'HTTP' middleware...
[2022-10-26 22:31:32] [INFO] Database :: Booting @ Master...
[2022-10-26 22:31:32] [INFO] Database :: Booting @ Master...
[2022-10-26 22:31:32] [INFO] Database :: connected...
[2022-10-26 22:31:32] [ERROR] Error: Cannot set headers after they are sent to the client
    at /mnt/c/Users/Roku/Documents/Work/Qwerty/boilerplate/typeScript/src/api/controllers/authentication/authentication.controller.ts:69:16
    at processTicksAndRejections (node:internal/process/task_queues:95:5)
[2022-10-26 22:31:32] [ERROR] Error: Cannot set headers after they are sent to the client
    at /mnt/c/Users/Roku/Documents/Work/Qwerty/boilerplate/typeScript/src/api/controllers/authentication/authentication.controller.ts:69:16
    at processTicksAndRejections (node:internal/process/task_queues:95:5)
[2022-10-26 22:31:32] [ERROR] Error: Cannot set headers after they are sent to the client
    at /mnt/c/Users/Roku/Documents/Work/Qwerty/boilerplate/typeScript/src/api/controllers/authentication/authentication.controller.ts:69:16
    at processTicksAndRejections (node:internal/process/task_queues:95:5)
[2022-10-26 22:33:28] [INFO] Routes :: Mounting doc Routes...
[2022-10-26 22:33:28] [INFO] Routes :: Mounting API Routes...
[2022-10-26 22:33:28] [INFO] Routes :: Mounting Web Routes...
[2022-10-26 22:33:28] [INFO] Booting the 'HTTP' middleware...
[2022-10-26 22:33:28] [INFO] Database :: Booting @ Master...
[2022-10-26 22:33:28] [INFO] Database :: Booting @ Master...
[2022-10-26 22:33:28] [INFO] Database :: connected...
[2022-10-26 22:43:53] [INFO] Routes :: Mounting doc Routes...
[2022-10-26 22:43:53] [INFO] Routes :: Mounting API Routes...
[2022-10-26 22:43:53] [INFO] Routes :: Mounting Web Routes...
[2022-10-26 22:43:53] [INFO] Booting the 'HTTP' middleware...
[2022-10-26 22:43:53] [INFO] Database :: Booting @ Master...
[2022-10-26 22:43:53] [INFO] Database :: Booting @ Master...
[2022-10-26 22:43:53] [INFO] Database :: connected...
[2022-10-26 22:47:18] [INFO] Routes :: Mounting doc Routes...
[2022-10-26 22:47:18] [INFO] Routes :: Mounting API Routes...
[2022-10-26 22:47:18] [INFO] Routes :: Mounting Web Routes...
[2022-10-26 22:47:18] [INFO] Booting the 'HTTP' middleware...
[2022-10-26 22:47:18] [INFO] Database :: Booting @ Master...
[2022-10-26 22:47:18] [INFO] Database :: Booting @ Master...
[2022-10-26 22:47:18] [INFO] Database :: connected...
[2022-10-26 22:49:33] [INFO] Routes :: Mounting doc Routes...
[2022-10-26 22:49:33] [INFO] Routes :: Mounting API Routes...
[2022-10-26 22:49:33] [INFO] Routes :: Mounting Web Routes...
[2022-10-26 22:49:33] [INFO] Booting the 'HTTP' middleware...
[2022-10-26 22:49:33] [INFO] Database :: Booting @ Master...
[2022-10-26 22:49:33] [INFO] Database :: Booting @ Master...
[2022-10-26 22:49:33] [INFO] Database :: connected...
[2022-10-26 22:52:42] [INFO] Routes :: Mounting doc Routes...
[2022-10-26 22:52:42] [INFO] Routes :: Mounting Web Routes...
[2022-10-26 22:52:42] [INFO] Routes :: Mounting API Routes...
[2022-10-26 22:52:42] [INFO] Booting the 'HTTP' middleware...
[2022-10-26 22:52:42] [INFO] Database :: Booting @ Master...
[2022-10-26 22:52:42] [INFO] Database :: Booting @ Master...
[2022-10-26 22:52:42] [INFO] Database :: connected...
[2022-10-26 23:3:44] [INFO] Routes :: Mounting doc Routes...
[2022-10-26 23:3:44] [INFO] Routes :: Mounting API Routes...
[2022-10-26 23:3:44] [INFO] Routes :: Mounting Web Routes...
[2022-10-26 23:3:44] [INFO] Booting the 'HTTP' middleware...
[2022-10-26 23:3:44] [INFO] Database :: Booting @ Master...
[2022-10-26 23:3:44] [INFO] Database :: Booting @ Master...
[2022-10-26 23:3:44] [INFO] Database :: connected...
[2022-10-26 23:4:42] [INFO] Routes :: Mounting doc Routes...
[2022-10-26 23:4:42] [INFO] Routes :: Mounting API Routes...
[2022-10-26 23:4:42] [INFO] Routes :: Mounting Web Routes...
[2022-10-26 23:4:42] [INFO] Booting the 'HTTP' middleware...
[2022-10-26 23:4:42] [INFO] Database :: Booting @ Master...
[2022-10-26 23:4:42] [INFO] Database :: Booting @ Master...
[2022-10-26 23:4:42] [INFO] Database :: connected...
[2022-10-26 23:5:41] [INFO] Routes :: Mounting doc Routes...
[2022-10-26 23:5:41] [INFO] Routes :: Mounting Web Routes...
[2022-10-26 23:5:41] [INFO] Routes :: Mounting API Routes...
[2022-10-26 23:5:41] [INFO] Booting the 'HTTP' middleware...
[2022-10-26 23:5:41] [INFO] Database :: Booting @ Master...
[2022-10-26 23:5:41] [INFO] Database :: Booting @ Master...
[2022-10-26 23:5:41] [INFO] Database :: connected...
[2022-10-26 23:6:34] [INFO] Routes :: Mounting doc Routes...
[2022-10-26 23:6:34] [INFO] Routes :: Mounting API Routes...
[2022-10-26 23:6:34] [INFO] Routes :: Mounting Web Routes...
[2022-10-26 23:6:34] [INFO] Booting the 'HTTP' middleware...
[2022-10-26 23:6:34] [INFO] Database :: Booting @ Master...
[2022-10-26 23:6:34] [INFO] Database :: Booting @ Master...
[2022-10-26 23:6:34] [INFO] Database :: connected...
[2022-10-26 23:6:34] [ERROR] Error: duplicate key value violates unique constraint "UQ_48c4ccd76d0f91e1b025b753032"
    at /mnt/c/Users/Roku/Documents/Work/Qwerty/boilerplate/typeScript/src/api/controllers/authentication/authentication.controller.ts:63:22
    at processTicksAndRejections (node:internal/process/task_queues:95:5)
[2022-10-26 23:6:34] [ERROR] Error: duplicate key value violates unique constraint "UQ_48c4ccd76d0f91e1b025b753032"
    at /mnt/c/Users/Roku/Documents/Work/Qwerty/boilerplate/typeScript/src/api/controllers/authentication/authentication.controller.ts:63:22
    at processTicksAndRejections (node:internal/process/task_queues:95:5)
[2022-10-26 23:6:34] [ERROR] Error: duplicate key value violates unique constraint "UQ_48c4ccd76d0f91e1b025b753032"
    at /mnt/c/Users/Roku/Documents/Work/Qwerty/boilerplate/typeScript/src/api/controllers/authentication/authentication.controller.ts:63:22
    at processTicksAndRejections (node:internal/process/task_queues:95:5)
[2022-10-26 23:25:23] [INFO] Routes :: Mounting doc Routes...
[2022-10-26 23:25:23] [INFO] Routes :: Mounting API Routes...
[2022-10-26 23:25:23] [INFO] Routes :: Mounting Web Routes...
[2022-10-26 23:25:23] [INFO] Booting the 'HTTP' middleware...
[2022-10-26 23:25:23] [INFO] Database :: Booting @ Master...
[2022-10-26 23:25:23] [INFO] Database :: Booting @ Master...
[2022-10-26 23:25:23] [INFO] Database :: connected...
[2022-10-26 23:25:23] [ERROR] Error: duplicate key value violates unique constraint "UQ_48c4ccd76d0f91e1b025b753032"
    at /mnt/c/Users/Roku/Documents/Work/Qwerty/boilerplate/typeScript/src/api/controllers/authentication/authentication.controller.ts:46:16
    at processTicksAndRejections (node:internal/process/task_queues:95:5)
[2022-10-26 23:25:23] [ERROR] Error: duplicate key value violates unique constraint "UQ_48c4ccd76d0f91e1b025b753032"
    at /mnt/c/Users/Roku/Documents/Work/Qwerty/boilerplate/typeScript/src/api/controllers/authentication/authentication.controller.ts:46:16
    at processTicksAndRejections (node:internal/process/task_queues:95:5)
[2022-10-26 23:25:23] [ERROR] Error: duplicate key value violates unique constraint "UQ_48c4ccd76d0f91e1b025b753032"
    at /mnt/c/Users/Roku/Documents/Work/Qwerty/boilerplate/typeScript/src/api/controllers/authentication/authentication.controller.ts:46:16
    at processTicksAndRejections (node:internal/process/task_queues:95:5)
[2022-10-26 23:26:35] [INFO] Routes :: Mounting doc Routes...
[2022-10-26 23:26:35] [INFO] Routes :: Mounting API Routes...
[2022-10-26 23:26:35] [INFO] Routes :: Mounting Web Routes...
[2022-10-26 23:26:35] [INFO] Booting the 'HTTP' middleware...
[2022-10-26 23:26:35] [INFO] Database :: Booting @ Master...
[2022-10-26 23:26:35] [INFO] Database :: Booting @ Master...
[2022-10-26 23:26:35] [INFO] Database :: connected...
[2022-10-26 23:26:35] [ERROR] Error: Cannot read properties of undefined (reading '0')
    at /mnt/c/Users/Roku/Documents/Work/Qwerty/boilerplate/typeScript/src/api/controllers/authentication/authentication.controller.ts:46:16
    at processTicksAndRejections (node:internal/process/task_queues:95:5)
[2022-10-26 23:26:35] [ERROR] Error: Cannot read properties of undefined (reading '0')
    at /mnt/c/Users/Roku/Documents/Work/Qwerty/boilerplate/typeScript/src/api/controllers/authentication/authentication.controller.ts:46:16
    at processTicksAndRejections (node:internal/process/task_queues:95:5)
[2022-10-26 23:26:35] [ERROR] Error: Cannot read properties of undefined (reading '0')
    at /mnt/c/Users/Roku/Documents/Work/Qwerty/boilerplate/typeScript/src/api/controllers/authentication/authentication.controller.ts:46:16
    at processTicksAndRejections (node:internal/process/task_queues:95:5)
[2022-10-26 23:28:33] [INFO] Routes :: Mounting doc Routes...
[2022-10-26 23:28:33] [INFO] Routes :: Mounting API Routes...
[2022-10-26 23:28:33] [INFO] Routes :: Mounting Web Routes...
[2022-10-26 23:28:33] [INFO] Booting the 'HTTP' middleware...
[2022-10-26 23:28:33] [INFO] Database :: Booting @ Master...
[2022-10-26 23:28:33] [INFO] Database :: Booting @ Master...
[2022-10-26 23:28:33] [INFO] Database :: connected...
[2022-10-26 23:31:41] [INFO] Routes :: Mounting doc Routes...
[2022-10-26 23:31:41] [INFO] Routes :: Mounting API Routes...
[2022-10-26 23:31:41] [INFO] Routes :: Mounting Web Routes...
[2022-10-26 23:31:41] [INFO] Booting the 'HTTP' middleware...
[2022-10-26 23:31:41] [INFO] Database :: Booting @ Master...
[2022-10-26 23:31:41] [INFO] Database :: Booting @ Master...
[2022-10-26 23:31:41] [INFO] Database :: connected...
