[2022-10-25 13:42:13] [INFO] Routes :: Mounting doc Routes...
[2022-10-25 13:42:13] [INFO] Routes :: Mounting API Routes...
[2022-10-25 13:42:13] [INFO] Routes :: Mounting Web Routes...
[2022-10-25 13:42:13] [INFO] Booting the 'HTTP' middleware...
[2022-10-25 13:43:26] [INFO] Routes :: Mounting doc Routes...
[2022-10-25 13:43:26] [INFO] Routes :: Mounting API Routes...
[2022-10-25 13:43:26] [INFO] Routes :: Mounting Web Routes...
[2022-10-25 13:43:26] [INFO] Booting the 'HTTP' middleware...
[2022-10-25 13:43:26] [ERROR] Path '/user/' not found [IP: '::1']!
[2022-10-25 13:43:26] [ERROR] Path '/auth/register' not found [IP: '::1']!
[2022-10-25 15:0:27] [INFO] Routes :: Mounting doc Routes...
[2022-10-25 15:0:27] [INFO] Routes :: Mounting API Routes...
[2022-10-25 15:0:27] [INFO] Routes :: Mounting Web Routes...
[2022-10-25 15:0:27] [INFO] Booting the 'HTTP' middleware...
[2022-10-25 15:0:27] [ERROR] Path '/deocs' not found [IP: '::1']!
[2022-10-25 16:8:3] [INFO] Routes :: Mounting doc Routes...
[2022-10-25 16:8:3] [INFO] Routes :: Mounting API Routes...
[2022-10-25 16:8:3] [INFO] Routes :: Mounting Web Routes...
[2022-10-25 16:8:3] [INFO] Booting the 'HTTP' middleware...
[2022-10-25 16:11:4] [INFO] Routes :: Mounting doc Routes...
[2022-10-25 16:11:4] [INFO] Routes :: Mounting API Routes...
[2022-10-25 16:11:4] [INFO] Routes :: Mounting Web Routes...
[2022-10-25 16:11:4] [INFO] Booting the 'HTTP' middleware...
[2022-10-25 16:12:21] [INFO] Routes :: Mounting doc Routes...
[2022-10-25 16:12:21] [INFO] Routes :: Mounting API Routes...
[2022-10-25 16:12:21] [INFO] Routes :: Mounting Web Routes...
[2022-10-25 16:12:21] [INFO] Booting the 'HTTP' middleware...
[2022-10-25 16:14:10] [INFO] Routes :: Mounting doc Routes...
[2022-10-25 16:14:10] [INFO] Routes :: Mounting API Routes...
[2022-10-25 16:14:10] [INFO] Routes :: Mounting Web Routes...
[2022-10-25 16:14:10] [INFO] Booting the 'HTTP' middleware...
[2022-10-25 16:16:11] [INFO] Routes :: Mounting doc Routes...
[2022-10-25 16:16:11] [INFO] Routes :: Mounting API Routes...
[2022-10-25 16:16:11] [INFO] Routes :: Mounting Web Routes...
[2022-10-25 16:16:11] [INFO] Booting the 'HTTP' middleware...
[2022-10-25 16:18:19] [INFO] Routes :: Mounting doc Routes...
[2022-10-25 16:18:19] [INFO] Routes :: Mounting API Routes...
[2022-10-25 16:18:19] [INFO] Routes :: Mounting Web Routes...
[2022-10-25 16:18:19] [INFO] Booting the 'HTTP' middleware...
[2022-10-25 16:23:52] [INFO] Routes :: Mounting doc Routes...
[2022-10-25 16:23:52] [INFO] Routes :: Mounting API Routes...
[2022-10-25 16:23:52] [INFO] Routes :: Mounting Web Routes...
[2022-10-25 16:23:52] [INFO] Booting the 'HTTP' middleware...
[2022-10-25 16:31:47] [INFO] Booting the 'HTTP' middleware...
[2022-10-25 16:31:47] [INFO] Routes :: Mounting doc Routes...
[2022-10-25 16:31:47] [INFO] Routes :: Mounting API Routes...
[2022-10-25 16:31:47] [INFO] Routes :: Mounting Web Routes...
[2022-10-25 16:31:47] [ERROR] Path '/api/auth/register' not found [IP: '::1']!
[2022-10-25 16:33:22] [INFO] Booting the 'HTTP' middleware...
[2022-10-25 16:33:22] [INFO] Routes :: Mounting doc Routes...
[2022-10-25 16:33:22] [INFO] Routes :: Mounting API Routes...
[2022-10-25 16:33:22] [INFO] Routes :: Mounting Web Routes...
[2022-10-25 16:33:22] [ERROR] Path '/api/auth/register' not found [IP: '::1']!
[2022-10-25 16:36:11] [INFO] Booting the 'HTTP' middleware...
[2022-10-25 16:36:11] [INFO] Routes :: Mounting doc Routes...
[2022-10-25 16:36:11] [INFO] Routes :: Mounting API Routes...
[2022-10-25 16:36:11] [INFO] Routes :: Mounting Web Routes...
[2022-10-25 16:36:11] [ERROR] Path '/api/auth/register' not found [IP: '::1']!
[2022-10-25 16:37:9] [INFO] Routes :: Mounting doc Routes...
[2022-10-25 16:37:9] [INFO] Routes :: Mounting API Routes...
[2022-10-25 16:37:9] [INFO] Routes :: Mounting Web Routes...
[2022-10-25 16:40:57] [INFO] Routes :: Mounting doc Routes...
[2022-10-25 16:40:57] [INFO] Routes :: Mounting API Routes...
[2022-10-25 16:40:57] [INFO] Routes :: Mounting Web Routes...
[2022-10-25 16:45:18] [INFO] Booting the 'HTTP' middleware...
[2022-10-25 16:45:18] [INFO] Routes :: Mounting doc Routes...
[2022-10-25 16:45:18] [INFO] Routes :: Mounting API Routes...
[2022-10-25 16:45:18] [INFO] Routes :: Mounting Web Routes...
[2022-10-25 16:45:18] [ERROR] Path '/' not found [IP: '::1']!
[2022-10-25 16:45:18] [ERROR] Path '/docs/api/' not found [IP: '::1']!
[2022-10-25 16:45:18] [ERROR] Path '/docs/api/' not found [IP: '::1']!
[2022-10-25 16:45:18] [ERROR] Path '/docs/api/' not found [IP: '::1']!
[2022-10-25 16:45:18] [ERROR] Path '/api/auth/register' not found [IP: '::1']!
[2022-10-25 16:47:14] [INFO] Booting the 'HTTP' middleware...
[2022-10-25 16:47:14] [ERROR] Path '/docs/api/' not found [IP: '::1']!
[2022-10-25 16:48:38] [INFO] Booting the 'HTTP' middleware...
[2022-10-25 16:48:38] [INFO] Routes :: Mounting doc Routes...
[2022-10-25 16:48:38] [INFO] Routes :: Mounting API Routes...
[2022-10-25 16:48:38] [INFO] Routes :: Mounting Web Routes...
[2022-10-25 16:48:38] [ERROR] Path '/docs/api/' not found [IP: '::1']!
[2022-10-25 16:48:38] [ERROR] Path '/api/auth/register' not found [IP: '::1']!
[2022-10-25 16:53:41] [INFO] Booting the 'HTTP' middleware...
[2022-10-25 16:53:41] [INFO] Routes :: Mounting doc Routes...
[2022-10-25 16:53:41] [INFO] Routes :: Mounting API Routes...
[2022-10-25 16:53:41] [INFO] Routes :: Mounting Web Routes...
[2022-10-25 16:53:41] [ERROR] Path '/api/auth/register' not found [IP: '::1']!
[2022-10-25 16:53:41] [ERROR] Path '/docs/api/' not found [IP: '::1']!
[2022-10-25 16:54:46] [INFO] Booting the 'HTTP' middleware...
[2022-10-25 16:54:46] [INFO] Routes :: Mounting API Routes...
[2022-10-25 16:54:46] [INFO] Routes :: Mounting Web Routes...
[2022-10-25 16:54:46] [ERROR] Path '/docs/api/' not found [IP: '::1']!
[2022-10-25 16:55:59] [INFO] Routes :: Mounting doc Routes...
[2022-10-25 16:55:59] [INFO] Routes :: Mounting API Routes...
[2022-10-25 16:55:59] [INFO] Routes :: Mounting Web Routes...
[2022-10-25 16:55:59] [INFO] Booting the 'HTTP' middleware...
[2022-10-25 16:57:0] [INFO] Booting the 'HTTP' middleware...
[2022-10-25 16:57:0] [ERROR] Path '/api/auth/register' not found [IP: '::1']!
[2022-10-25 16:57:0] [ERROR] Path '/docs/api/' not found [IP: '::1']!
[2022-10-25 16:57:46] [INFO] Booting the 'HTTP' middleware...
[2022-10-25 16:57:46] [INFO] Routes :: Mounting doc Routes...
[2022-10-25 16:57:46] [INFO] Routes :: Mounting API Routes...
[2022-10-25 16:57:46] [INFO] Routes :: Mounting Web Routes...
[2022-10-25 16:57:46] [ERROR] Path '/docs/api/' not found [IP: '::1']!
[2022-10-25 16:57:46] [ERROR] Path '/docs/api/' not found [IP: '::1']!
[2022-10-25 16:57:46] [ERROR] Path '/docs/api/' not found [IP: '::1']!
[2022-10-25 16:57:46] [ERROR] Path '/docs/api/' not found [IP: '::1']!
[2022-10-25 16:57:46] [ERROR] Path '/api/auth/register' not found [IP: '::1']!
[2022-10-25 17:0:9] [INFO] Routes :: Mounting doc Routes...
[2022-10-25 17:0:9] [INFO] Routes :: Mounting API Routes...
[2022-10-25 17:0:9] [INFO] Routes :: Mounting Web Routes...
[2022-10-25 17:0:9] [INFO] Booting the 'HTTP' middleware...
[2022-10-25 17:1:59] [INFO] Booting the 'HTTP' middleware...
[2022-10-25 17:1:59] [INFO] Routes :: Mounting doc Routes...
[2022-10-25 17:1:59] [INFO] Routes :: Mounting Web Routes...
[2022-10-25 17:1:59] [INFO] Routes :: Mounting API Routes...
[2022-10-25 17:1:59] [ERROR] Path '/docs/api/' not found [IP: '::1']!
[2022-10-25 17:1:59] [ERROR] Path '/docs/api/' not found [IP: '::1']!
[2022-10-25 17:3:12] [INFO] Routes :: Mounting doc Routes...
[2022-10-25 17:3:12] [INFO] Routes :: Mounting API Routes...
[2022-10-25 17:3:12] [INFO] Routes :: Mounting Web Routes...
[2022-10-25 17:3:12] [INFO] Booting the 'HTTP' middleware...
[2022-10-25 19:25:15] [INFO] Routes :: Mounting doc Routes...
[2022-10-25 19:25:15] [INFO] Routes :: Mounting API Routes...
[2022-10-25 19:25:15] [INFO] Routes :: Mounting Web Routes...
[2022-10-25 19:25:15] [INFO] Booting the 'HTTP' middleware...
[2022-10-25 19:27:26] [INFO] Routes :: Mounting doc Routes...
[2022-10-25 19:27:26] [INFO] Routes :: Mounting API Routes...
[2022-10-25 19:27:26] [INFO] Routes :: Mounting Web Routes...
[2022-10-25 19:27:26] [INFO] Booting the 'HTTP' middleware...
[2022-10-25 19:27:26] [ERROR] Error: this.subQuery is not a function
    at /mnt/c/Users/Roku/Documents/Work/Qwerty/boilerplate/typeScript/src/api/controllers/authentication/authentication.controller.ts:70:16
    at processTicksAndRejections (node:internal/process/task_queues:95:5)
[2022-10-25 19:27:26] [ERROR] Error: this.subQuery is not a function
    at /mnt/c/Users/Roku/Documents/Work/Qwerty/boilerplate/typeScript/src/api/controllers/authentication/authentication.controller.ts:70:16
    at processTicksAndRejections (node:internal/process/task_queues:95:5)
[2022-10-25 19:27:26] [ERROR] Error: this.subQuery is not a function
    at /mnt/c/Users/Roku/Documents/Work/Qwerty/boilerplate/typeScript/src/api/controllers/authentication/authentication.controller.ts:70:16
    at processTicksAndRejections (node:internal/process/task_queues:95:5)
[2022-10-25 19:30:34] [INFO] Routes :: Mounting doc Routes...
[2022-10-25 19:30:34] [INFO] Routes :: Mounting API Routes...
[2022-10-25 19:30:34] [INFO] Routes :: Mounting Web Routes...
[2022-10-25 19:30:34] [INFO] Booting the 'HTTP' middleware...
[2022-10-25 19:30:34] [ERROR] Error: this.subQuery is not a function
    at /mnt/c/Users/Roku/Documents/Work/Qwerty/boilerplate/typeScript/src/api/controllers/authentication/authentication.controller.ts:70:16
    at processTicksAndRejections (node:internal/process/task_queues:95:5)
[2022-10-25 19:30:34] [ERROR] Error: this.subQuery is not a function
    at /mnt/c/Users/Roku/Documents/Work/Qwerty/boilerplate/typeScript/src/api/controllers/authentication/authentication.controller.ts:70:16
    at processTicksAndRejections (node:internal/process/task_queues:95:5)
[2022-10-25 19:30:34] [ERROR] Error: this.subQuery is not a function
    at /mnt/c/Users/Roku/Documents/Work/Qwerty/boilerplate/typeScript/src/api/controllers/authentication/authentication.controller.ts:70:16
    at processTicksAndRejections (node:internal/process/task_queues:95:5)
[2022-10-25 19:32:25] [INFO] Routes :: Mounting doc Routes...
[2022-10-25 19:32:25] [INFO] Routes :: Mounting API Routes...
[2022-10-25 19:32:25] [INFO] Routes :: Mounting Web Routes...
[2022-10-25 19:32:25] [INFO] Booting the 'HTTP' middleware...
[2022-10-25 19:32:25] [ERROR] Error: this.subQuery is not a function
    at /mnt/c/Users/Roku/Documents/Work/Qwerty/boilerplate/typeScript/src/api/controllers/authentication/authentication.controller.ts:70:16
    at processTicksAndRejections (node:internal/process/task_queues:95:5)
[2022-10-25 19:32:25] [ERROR] Error: this.subQuery is not a function
    at /mnt/c/Users/Roku/Documents/Work/Qwerty/boilerplate/typeScript/src/api/controllers/authentication/authentication.controller.ts:70:16
    at processTicksAndRejections (node:internal/process/task_queues:95:5)
[2022-10-25 19:32:25] [ERROR] Error: this.subQuery is not a function
    at /mnt/c/Users/Roku/Documents/Work/Qwerty/boilerplate/typeScript/src/api/controllers/authentication/authentication.controller.ts:70:16
    at processTicksAndRejections (node:internal/process/task_queues:95:5)
[2022-10-25 19:36:48] [INFO] Routes :: Mounting doc Routes...
[2022-10-25 19:36:48] [INFO] Routes :: Mounting API Routes...
[2022-10-25 19:36:48] [INFO] Routes :: Mounting Web Routes...
[2022-10-25 19:36:48] [INFO] Booting the 'HTTP' middleware...
[2022-10-25 19:36:48] [ERROR] Error: this.subQuery is not a function
    at /mnt/c/Users/Roku/Documents/Work/Qwerty/boilerplate/typeScript/src/api/controllers/authentication/authentication.controller.ts:69:16
    at processTicksAndRejections (node:internal/process/task_queues:95:5)
[2022-10-25 19:36:48] [ERROR] Error: this.subQuery is not a function
    at /mnt/c/Users/Roku/Documents/Work/Qwerty/boilerplate/typeScript/src/api/controllers/authentication/authentication.controller.ts:69:16
    at processTicksAndRejections (node:internal/process/task_queues:95:5)
[2022-10-25 19:36:48] [ERROR] Error: this.subQuery is not a function
    at /mnt/c/Users/Roku/Documents/Work/Qwerty/boilerplate/typeScript/src/api/controllers/authentication/authentication.controller.ts:69:16
    at processTicksAndRejections (node:internal/process/task_queues:95:5)
[2022-10-25 19:39:26] [INFO] Routes :: Mounting doc Routes...
[2022-10-25 19:39:26] [INFO] Routes :: Mounting API Routes...
[2022-10-25 19:39:26] [INFO] Routes :: Mounting Web Routes...
[2022-10-25 19:39:26] [INFO] Booting the 'HTTP' middleware...
[2022-10-25 19:39:26] [ERROR] Error: this.subQuery is not a function
    at /mnt/c/Users/Roku/Documents/Work/Qwerty/boilerplate/typeScript/src/api/controllers/authentication/authentication.controller.ts:69:16
    at processTicksAndRejections (node:internal/process/task_queues:95:5)
[2022-10-25 19:39:26] [ERROR] Error: this.subQuery is not a function
    at /mnt/c/Users/Roku/Documents/Work/Qwerty/boilerplate/typeScript/src/api/controllers/authentication/authentication.controller.ts:69:16
    at processTicksAndRejections (node:internal/process/task_queues:95:5)
[2022-10-25 19:39:26] [ERROR] Error: this.subQuery is not a function
    at /mnt/c/Users/Roku/Documents/Work/Qwerty/boilerplate/typeScript/src/api/controllers/authentication/authentication.controller.ts:69:16
    at processTicksAndRejections (node:internal/process/task_queues:95:5)
[2022-10-25 19:41:10] [INFO] Routes :: Mounting doc Routes...
[2022-10-25 19:41:10] [INFO] Routes :: Mounting API Routes...
[2022-10-25 19:41:10] [INFO] Routes :: Mounting Web Routes...
[2022-10-25 19:41:10] [INFO] Booting the 'HTTP' middleware...
