[2022-7-30 8:40:4] [INFO] Booting the 'HTTP' middleware...
[2022-7-30 8:40:4] [INFO] Database :: Booting @ Master...
[2022-7-30 8:40:4] [ERROR] Path '/' not found [IP: '::1']!
[2022-7-30 8:43:34] [INFO] Booting the 'HTTP' middleware...
[2022-7-30 8:43:34] [INFO] Database :: Booting @ Master...
[2022-7-30 8:44:35] [INFO] Database :: Booting @ Master...
[2022-7-30 8:44:35] [INFO] Booting the 'HTTP' middleware...
[2022-7-30 8:45:28] [INFO] Booting the 'HTTP' middleware...
[2022-7-30 8:45:28] [INFO] Database :: Booting @ Master...
[2022-7-30 8:45:47] [INFO] Booting the 'HTTP' middleware...
[2022-7-30 8:45:47] [INFO] Database :: Booting @ Master...
[2022-7-30 9:1:23] [INFO] Booting the 'HTTP' middleware...
[2022-7-30 9:1:23] [INFO] Database :: Booting @ Master...
[2022-7-30 9:2:15] [INFO] Booting the 'HTTP' middleware...
[2022-7-30 9:2:15] [INFO] Database :: Booting @ Master...
[2022-7-30 9:2:15] [ERROR] Path '/auth/login' not found [IP: '::1']!
[2022-7-30 9:2:15] [ERROR] Path '/auth/login' not found [IP: '::1']!
[2022-7-30 9:2:15] [ERROR] Path '/favicon.ico' not found [IP: '::1']!
[2022-7-30 9:22:0] [INFO] Booting the 'HTTP' middleware...
[2022-7-30 9:22:0] [INFO] Database :: Booting @ Master...
[2022-7-30 9:22:54] [INFO] Booting the 'HTTP' middleware...
[2022-7-30 9:22:54] [INFO] Database :: Booting @ Master...
[2022-7-30 9:23:18] [INFO] Booting the 'HTTP' middleware...
[2022-7-30 9:23:18] [INFO] Database :: Booting @ Master...
[2022-7-30 9:23:28] [INFO] Booting the 'HTTP' middleware...
[2022-7-30 9:23:28] [INFO] Database :: Booting @ Master...
[2022-7-30 9:23:28] [ERROR] Error: Failed to lookup view "home" in views directory "C:\Users\Roku\Documents\Work\Qwerty\boilerplate\typeScript\src\src\views"
    at Function.render (C:\Users\Roku\Documents\Work\Qwerty\boilerplate\typeScript\node_modules\express\lib\application.js:597:17)
    at ServerResponse.render (C:\Users\Roku\Documents\Work\Qwerty\boilerplate\typeScript\node_modules\express\lib\response.js:1039:7)
    at home (C:\Users\Roku\Documents\Work\Qwerty\boilerplate\typeScript\src\api\controllers\home\homeContoller.ts:4:16)
    at Layer.handle [as handle_request] (C:\Users\Roku\Documents\Work\Qwerty\boilerplate\typeScript\node_modules\express\lib\router\layer.js:95:5)
    at next (C:\Users\Roku\Documents\Work\Qwerty\boilerplate\typeScript\node_modules\express\lib\router\route.js:144:13)
    at Route.dispatch (C:\Users\Roku\Documents\Work\Qwerty\boilerplate\typeScript\node_modules\express\lib\router\route.js:114:3)
    at Layer.handle [as handle_request] (C:\Users\Roku\Documents\Work\Qwerty\boilerplate\typeScript\node_modules\express\lib\router\layer.js:95:5)
    at C:\Users\Roku\Documents\Work\Qwerty\boilerplate\typeScript\node_modules\express\lib\router\index.js:284:15
    at Function.process_params (C:\Users\Roku\Documents\Work\Qwerty\boilerplate\typeScript\node_modules\express\lib\router\index.js:346:12)
    at next (C:\Users\Roku\Documents\Work\Qwerty\boilerplate\typeScript\node_modules\express\lib\router\index.js:280:10)
[2022-7-30 9:23:28] [ERROR] Error: Failed to lookup view "home" in views directory "C:\Users\Roku\Documents\Work\Qwerty\boilerplate\typeScript\src\src\views"
    at Function.render (C:\Users\Roku\Documents\Work\Qwerty\boilerplate\typeScript\node_modules\express\lib\application.js:597:17)
    at ServerResponse.render (C:\Users\Roku\Documents\Work\Qwerty\boilerplate\typeScript\node_modules\express\lib\response.js:1039:7)
    at home (C:\Users\Roku\Documents\Work\Qwerty\boilerplate\typeScript\src\api\controllers\home\homeContoller.ts:4:16)
    at Layer.handle [as handle_request] (C:\Users\Roku\Documents\Work\Qwerty\boilerplate\typeScript\node_modules\express\lib\router\layer.js:95:5)
    at next (C:\Users\Roku\Documents\Work\Qwerty\boilerplate\typeScript\node_modules\express\lib\router\route.js:144:13)
    at Route.dispatch (C:\Users\Roku\Documents\Work\Qwerty\boilerplate\typeScript\node_modules\express\lib\router\route.js:114:3)
    at Layer.handle [as handle_request] (C:\Users\Roku\Documents\Work\Qwerty\boilerplate\typeScript\node_modules\express\lib\router\layer.js:95:5)
    at C:\Users\Roku\Documents\Work\Qwerty\boilerplate\typeScript\node_modules\express\lib\router\index.js:284:15
    at Function.process_params (C:\Users\Roku\Documents\Work\Qwerty\boilerplate\typeScript\node_modules\express\lib\router\index.js:346:12)
    at next (C:\Users\Roku\Documents\Work\Qwerty\boilerplate\typeScript\node_modules\express\lib\router\index.js:280:10)
[2022-7-30 9:23:28] [ERROR] Error: Failed to lookup view "home" in views directory "C:\Users\Roku\Documents\Work\Qwerty\boilerplate\typeScript\src\src\views"
    at Function.render (C:\Users\Roku\Documents\Work\Qwerty\boilerplate\typeScript\node_modules\express\lib\application.js:597:17)
    at ServerResponse.render (C:\Users\Roku\Documents\Work\Qwerty\boilerplate\typeScript\node_modules\express\lib\response.js:1039:7)
    at home (C:\Users\Roku\Documents\Work\Qwerty\boilerplate\typeScript\src\api\controllers\home\homeContoller.ts:4:16)
    at Layer.handle [as handle_request] (C:\Users\Roku\Documents\Work\Qwerty\boilerplate\typeScript\node_modules\express\lib\router\layer.js:95:5)
    at next (C:\Users\Roku\Documents\Work\Qwerty\boilerplate\typeScript\node_modules\express\lib\router\route.js:144:13)
    at Route.dispatch (C:\Users\Roku\Documents\Work\Qwerty\boilerplate\typeScript\node_modules\express\lib\router\route.js:114:3)
    at Layer.handle [as handle_request] (C:\Users\Roku\Documents\Work\Qwerty\boilerplate\typeScript\node_modules\express\lib\router\layer.js:95:5)
    at C:\Users\Roku\Documents\Work\Qwerty\boilerplate\typeScript\node_modules\express\lib\router\index.js:284:15
    at Function.process_params (C:\Users\Roku\Documents\Work\Qwerty\boilerplate\typeScript\node_modules\express\lib\router\index.js:346:12)
    at next (C:\Users\Roku\Documents\Work\Qwerty\boilerplate\typeScript\node_modules\express\lib\router\index.js:280:10)
[2022-7-30 9:25:25] [INFO] Booting the 'HTTP' middleware...
[2022-7-30 9:25:25] [INFO] Database :: Booting @ Master...
[2022-7-30 9:26:18] [INFO] Booting the 'HTTP' middleware...
[2022-7-30 9:26:18] [INFO] Database :: Booting @ Master...
[2022-7-30 9:26:18] [ERROR] Error: Failed to lookup view "signup" in views directory "C:\Users\Roku\Documents\Work\Qwerty\boilerplate\typeScript\src\src\views"
    at Function.render (C:\Users\Roku\Documents\Work\Qwerty\boilerplate\typeScript\node_modules\express\lib\application.js:597:17)
    at ServerResponse.render (C:\Users\Roku\Documents\Work\Qwerty\boilerplate\typeScript\node_modules\express\lib\response.js:1039:7)
    at register (C:\Users\Roku\Documents\Work\Qwerty\boilerplate\typeScript\src\api\controllers\home\homeContoller.ts:22:16)
    at Layer.handle [as handle_request] (C:\Users\Roku\Documents\Work\Qwerty\boilerplate\typeScript\node_modules\express\lib\router\layer.js:95:5)
    at next (C:\Users\Roku\Documents\Work\Qwerty\boilerplate\typeScript\node_modules\express\lib\router\route.js:144:13)
    at Route.dispatch (C:\Users\Roku\Documents\Work\Qwerty\boilerplate\typeScript\node_modules\express\lib\router\route.js:114:3)
    at Layer.handle [as handle_request] (C:\Users\Roku\Documents\Work\Qwerty\boilerplate\typeScript\node_modules\express\lib\router\layer.js:95:5)
    at C:\Users\Roku\Documents\Work\Qwerty\boilerplate\typeScript\node_modules\express\lib\router\index.js:284:15
    at Function.process_params (C:\Users\Roku\Documents\Work\Qwerty\boilerplate\typeScript\node_modules\express\lib\router\index.js:346:12)
    at next (C:\Users\Roku\Documents\Work\Qwerty\boilerplate\typeScript\node_modules\express\lib\router\index.js:280:10)
[2022-7-30 9:26:18] [ERROR] Error: Failed to lookup view "signup" in views directory "C:\Users\Roku\Documents\Work\Qwerty\boilerplate\typeScript\src\src\views"
    at Function.render (C:\Users\Roku\Documents\Work\Qwerty\boilerplate\typeScript\node_modules\express\lib\application.js:597:17)
    at ServerResponse.render (C:\Users\Roku\Documents\Work\Qwerty\boilerplate\typeScript\node_modules\express\lib\response.js:1039:7)
    at register (C:\Users\Roku\Documents\Work\Qwerty\boilerplate\typeScript\src\api\controllers\home\homeContoller.ts:22:16)
    at Layer.handle [as handle_request] (C:\Users\Roku\Documents\Work\Qwerty\boilerplate\typeScript\node_modules\express\lib\router\layer.js:95:5)
    at next (C:\Users\Roku\Documents\Work\Qwerty\boilerplate\typeScript\node_modules\express\lib\router\route.js:144:13)
    at Route.dispatch (C:\Users\Roku\Documents\Work\Qwerty\boilerplate\typeScript\node_modules\express\lib\router\route.js:114:3)
    at Layer.handle [as handle_request] (C:\Users\Roku\Documents\Work\Qwerty\boilerplate\typeScript\node_modules\express\lib\router\layer.js:95:5)
    at C:\Users\Roku\Documents\Work\Qwerty\boilerplate\typeScript\node_modules\express\lib\router\index.js:284:15
    at Function.process_params (C:\Users\Roku\Documents\Work\Qwerty\boilerplate\typeScript\node_modules\express\lib\router\index.js:346:12)
    at next (C:\Users\Roku\Documents\Work\Qwerty\boilerplate\typeScript\node_modules\express\lib\router\index.js:280:10)
[2022-7-30 9:26:18] [ERROR] Error: Failed to lookup view "signup" in views directory "C:\Users\Roku\Documents\Work\Qwerty\boilerplate\typeScript\src\src\views"
    at Function.render (C:\Users\Roku\Documents\Work\Qwerty\boilerplate\typeScript\node_modules\express\lib\application.js:597:17)
    at ServerResponse.render (C:\Users\Roku\Documents\Work\Qwerty\boilerplate\typeScript\node_modules\express\lib\response.js:1039:7)
    at register (C:\Users\Roku\Documents\Work\Qwerty\boilerplate\typeScript\src\api\controllers\home\homeContoller.ts:22:16)
    at Layer.handle [as handle_request] (C:\Users\Roku\Documents\Work\Qwerty\boilerplate\typeScript\node_modules\express\lib\router\layer.js:95:5)
    at next (C:\Users\Roku\Documents\Work\Qwerty\boilerplate\typeScript\node_modules\express\lib\router\route.js:144:13)
    at Route.dispatch (C:\Users\Roku\Documents\Work\Qwerty\boilerplate\typeScript\node_modules\express\lib\router\route.js:114:3)
    at Layer.handle [as handle_request] (C:\Users\Roku\Documents\Work\Qwerty\boilerplate\typeScript\node_modules\express\lib\router\layer.js:95:5)
    at C:\Users\Roku\Documents\Work\Qwerty\boilerplate\typeScript\node_modules\express\lib\router\index.js:284:15
    at Function.process_params (C:\Users\Roku\Documents\Work\Qwerty\boilerplate\typeScript\node_modules\express\lib\router\index.js:346:12)
    at next (C:\Users\Roku\Documents\Work\Qwerty\boilerplate\typeScript\node_modules\express\lib\router\index.js:280:10)
[2022-7-30 9:27:1] [INFO] Booting the 'HTTP' middleware...
[2022-7-30 9:27:1] [INFO] Database :: Booting @ Master...
[2022-7-30 9:27:1] [ERROR] ReferenceError: C:\Users\Roku\Documents\Work\Qwerty\boilerplate\typeScript\src\views\signup.ejs:4
    2|     <div class="col-md-4 col-md-offset-4">
    3|         <h1>Sign Up</h1>
 >> 4|         <%if(hasErrors){%>
    5|         <div class="alert alert-danger">
    6|                 <% messages.forEach(function(item){%>
    7|                 <p><%=item%></p>

hasErrors is not defined
    at eval (eval at compile (C:\Users\Roku\Documents\Work\Qwerty\boilerplate\typeScript\node_modules\ejs\lib\ejs.js:491:12), <anonymous>:11:7)
    at returnedFn (C:\Users\Roku\Documents\Work\Qwerty\boilerplate\typeScript\node_modules\ejs\lib\ejs.js:520:17)
    at View.exports.renderFile [as engine] (C:\Users\Roku\Documents\Work\Qwerty\boilerplate\typeScript\node_modules\ejs\lib\ejs.js:374:31)
    at View.render (C:\Users\Roku\Documents\Work\Qwerty\boilerplate\typeScript\node_modules\express\lib\view.js:135:8)
    at tryRender (C:\Users\Roku\Documents\Work\Qwerty\boilerplate\typeScript\node_modules\express\lib\application.js:657:10)
    at Function.render (C:\Users\Roku\Documents\Work\Qwerty\boilerplate\typeScript\node_modules\express\lib\application.js:609:3)
    at ServerResponse.render (C:\Users\Roku\Documents\Work\Qwerty\boilerplate\typeScript\node_modules\express\lib\response.js:1039:7)
    at register (C:\Users\Roku\Documents\Work\Qwerty\boilerplate\typeScript\src\api\controllers\home\homeContoller.ts:22:16)
    at Layer.handle [as handle_request] (C:\Users\Roku\Documents\Work\Qwerty\boilerplate\typeScript\node_modules\express\lib\router\layer.js:95:5)
    at next (C:\Users\Roku\Documents\Work\Qwerty\boilerplate\typeScript\node_modules\express\lib\router\route.js:144:13)
[2022-7-30 9:27:1] [ERROR] ReferenceError: C:\Users\Roku\Documents\Work\Qwerty\boilerplate\typeScript\src\views\signup.ejs:4
    2|     <div class="col-md-4 col-md-offset-4">
    3|         <h1>Sign Up</h1>
 >> 4|         <%if(hasErrors){%>
    5|         <div class="alert alert-danger">
    6|                 <% messages.forEach(function(item){%>
    7|                 <p><%=item%></p>

hasErrors is not defined
    at eval (eval at compile (C:\Users\Roku\Documents\Work\Qwerty\boilerplate\typeScript\node_modules\ejs\lib\ejs.js:491:12), <anonymous>:11:7)
    at returnedFn (C:\Users\Roku\Documents\Work\Qwerty\boilerplate\typeScript\node_modules\ejs\lib\ejs.js:520:17)
    at View.exports.renderFile [as engine] (C:\Users\Roku\Documents\Work\Qwerty\boilerplate\typeScript\node_modules\ejs\lib\ejs.js:374:31)
    at View.render (C:\Users\Roku\Documents\Work\Qwerty\boilerplate\typeScript\node_modules\express\lib\view.js:135:8)
    at tryRender (C:\Users\Roku\Documents\Work\Qwerty\boilerplate\typeScript\node_modules\express\lib\application.js:657:10)
    at Function.render (C:\Users\Roku\Documents\Work\Qwerty\boilerplate\typeScript\node_modules\express\lib\application.js:609:3)
    at ServerResponse.render (C:\Users\Roku\Documents\Work\Qwerty\boilerplate\typeScript\node_modules\express\lib\response.js:1039:7)
    at register (C:\Users\Roku\Documents\Work\Qwerty\boilerplate\typeScript\src\api\controllers\home\homeContoller.ts:22:16)
    at Layer.handle [as handle_request] (C:\Users\Roku\Documents\Work\Qwerty\boilerplate\typeScript\node_modules\express\lib\router\layer.js:95:5)
    at next (C:\Users\Roku\Documents\Work\Qwerty\boilerplate\typeScript\node_modules\express\lib\router\route.js:144:13)
[2022-7-30 9:27:1] [ERROR] ReferenceError: C:\Users\Roku\Documents\Work\Qwerty\boilerplate\typeScript\src\views\signup.ejs:4
    2|     <div class="col-md-4 col-md-offset-4">
    3|         <h1>Sign Up</h1>
 >> 4|         <%if(hasErrors){%>
    5|         <div class="alert alert-danger">
    6|                 <% messages.forEach(function(item){%>
    7|                 <p><%=item%></p>

hasErrors is not defined
    at eval (eval at compile (C:\Users\Roku\Documents\Work\Qwerty\boilerplate\typeScript\node_modules\ejs\lib\ejs.js:491:12), <anonymous>:11:7)
    at returnedFn (C:\Users\Roku\Documents\Work\Qwerty\boilerplate\typeScript\node_modules\ejs\lib\ejs.js:520:17)
    at View.exports.renderFile [as engine] (C:\Users\Roku\Documents\Work\Qwerty\boilerplate\typeScript\node_modules\ejs\lib\ejs.js:374:31)
    at View.render (C:\Users\Roku\Documents\Work\Qwerty\boilerplate\typeScript\node_modules\express\lib\view.js:135:8)
    at tryRender (C:\Users\Roku\Documents\Work\Qwerty\boilerplate\typeScript\node_modules\express\lib\application.js:657:10)
    at Function.render (C:\Users\Roku\Documents\Work\Qwerty\boilerplate\typeScript\node_modules\express\lib\application.js:609:3)
    at ServerResponse.render (C:\Users\Roku\Documents\Work\Qwerty\boilerplate\typeScript\node_modules\express\lib\response.js:1039:7)
    at register (C:\Users\Roku\Documents\Work\Qwerty\boilerplate\typeScript\src\api\controllers\home\homeContoller.ts:22:16)
    at Layer.handle [as handle_request] (C:\Users\Roku\Documents\Work\Qwerty\boilerplate\typeScript\node_modules\express\lib\router\layer.js:95:5)
    at next (C:\Users\Roku\Documents\Work\Qwerty\boilerplate\typeScript\node_modules\express\lib\router\route.js:144:13)
[2022-7-30 9:27:53] [INFO] Booting the 'HTTP' middleware...
[2022-7-30 9:27:53] [INFO] Database :: Booting @ Master...
[2022-7-30 9:32:48] [INFO] Booting the 'HTTP' middleware...
[2022-7-30 9:32:48] [INFO] Database :: Booting @ Master...
[2022-7-30 9:33:56] [INFO] Booting the 'HTTP' middleware...
[2022-7-30 9:33:56] [INFO] Database :: Booting @ Master...
[2022-7-30 9:34:20] [INFO] Booting the 'HTTP' middleware...
[2022-7-30 9:34:20] [INFO] Database :: Booting @ Master...
[2022-7-30 9:34:43] [INFO] Booting the 'HTTP' middleware...
[2022-7-30 9:34:43] [INFO] Database :: Booting @ Master...
[2022-7-30 9:34:55] [INFO] Booting the 'HTTP' middleware...
[2022-7-30 9:34:55] [INFO] Database :: Booting @ Master...
[2022-7-30 9:35:33] [INFO] Booting the 'HTTP' middleware...
[2022-7-30 9:35:33] [INFO] Database :: Booting @ Master...
[2022-7-30 9:35:36] [INFO] Booting the 'HTTP' middleware...
[2022-7-30 9:35:36] [INFO] Database :: Booting @ Master...
[2022-7-30 9:35:48] [INFO] Booting the 'HTTP' middleware...
[2022-7-30 9:35:48] [INFO] Database :: Booting @ Master...
[2022-7-30 9:35:48] [ERROR] ReferenceError: C:\Users\Roku\Documents\Work\Qwerty\boilerplate\typeScript\src\views\signin.ejs:4
    2|     <div class="col-md-4 col-md-offset-4">
    3|         <h1>Sign In</h1>
 >> 4|         <%if(hasErrors){%>
    5|         <div class="alert alert-danger">
    6|             <% messages.forEach(function(item){%>
    7|             <p><%=item%></p>

hasErrors is not defined
    at eval (eval at compile (C:\Users\Roku\Documents\Work\Qwerty\boilerplate\typeScript\node_modules\ejs\lib\ejs.js:491:12), <anonymous>:11:7)
    at returnedFn (C:\Users\Roku\Documents\Work\Qwerty\boilerplate\typeScript\node_modules\ejs\lib\ejs.js:520:17)
    at View.exports.renderFile [as engine] (C:\Users\Roku\Documents\Work\Qwerty\boilerplate\typeScript\node_modules\ejs\lib\ejs.js:374:31)
    at View.render (C:\Users\Roku\Documents\Work\Qwerty\boilerplate\typeScript\node_modules\express\lib\view.js:135:8)
    at tryRender (C:\Users\Roku\Documents\Work\Qwerty\boilerplate\typeScript\node_modules\express\lib\application.js:657:10)
    at Function.render (C:\Users\Roku\Documents\Work\Qwerty\boilerplate\typeScript\node_modules\express\lib\application.js:609:3)
    at ServerResponse.render (C:\Users\Roku\Documents\Work\Qwerty\boilerplate\typeScript\node_modules\express\lib\response.js:1039:7)
    at login (C:\Users\Roku\Documents\Work\Qwerty\boilerplate\typeScript\src\api\controllers\home\homeContoller.ts:11:16)
    at Layer.handle [as handle_request] (C:\Users\Roku\Documents\Work\Qwerty\boilerplate\typeScript\node_modules\express\lib\router\layer.js:95:5)
    at next (C:\Users\Roku\Documents\Work\Qwerty\boilerplate\typeScript\node_modules\express\lib\router\route.js:144:13)
[2022-7-30 9:35:48] [ERROR] ReferenceError: C:\Users\Roku\Documents\Work\Qwerty\boilerplate\typeScript\src\views\signin.ejs:4
    2|     <div class="col-md-4 col-md-offset-4">
    3|         <h1>Sign In</h1>
 >> 4|         <%if(hasErrors){%>
    5|         <div class="alert alert-danger">
    6|             <% messages.forEach(function(item){%>
    7|             <p><%=item%></p>

hasErrors is not defined
    at eval (eval at compile (C:\Users\Roku\Documents\Work\Qwerty\boilerplate\typeScript\node_modules\ejs\lib\ejs.js:491:12), <anonymous>:11:7)
    at returnedFn (C:\Users\Roku\Documents\Work\Qwerty\boilerplate\typeScript\node_modules\ejs\lib\ejs.js:520:17)
    at View.exports.renderFile [as engine] (C:\Users\Roku\Documents\Work\Qwerty\boilerplate\typeScript\node_modules\ejs\lib\ejs.js:374:31)
    at View.render (C:\Users\Roku\Documents\Work\Qwerty\boilerplate\typeScript\node_modules\express\lib\view.js:135:8)
    at tryRender (C:\Users\Roku\Documents\Work\Qwerty\boilerplate\typeScript\node_modules\express\lib\application.js:657:10)
    at Function.render (C:\Users\Roku\Documents\Work\Qwerty\boilerplate\typeScript\node_modules\express\lib\application.js:609:3)
    at ServerResponse.render (C:\Users\Roku\Documents\Work\Qwerty\boilerplate\typeScript\node_modules\express\lib\response.js:1039:7)
    at login (C:\Users\Roku\Documents\Work\Qwerty\boilerplate\typeScript\src\api\controllers\home\homeContoller.ts:11:16)
    at Layer.handle [as handle_request] (C:\Users\Roku\Documents\Work\Qwerty\boilerplate\typeScript\node_modules\express\lib\router\layer.js:95:5)
    at next (C:\Users\Roku\Documents\Work\Qwerty\boilerplate\typeScript\node_modules\express\lib\router\route.js:144:13)
[2022-7-30 9:35:48] [ERROR] ReferenceError: C:\Users\Roku\Documents\Work\Qwerty\boilerplate\typeScript\src\views\signin.ejs:4
    2|     <div class="col-md-4 col-md-offset-4">
    3|         <h1>Sign In</h1>
 >> 4|         <%if(hasErrors){%>
    5|         <div class="alert alert-danger">
    6|             <% messages.forEach(function(item){%>
    7|             <p><%=item%></p>

hasErrors is not defined
    at eval (eval at compile (C:\Users\Roku\Documents\Work\Qwerty\boilerplate\typeScript\node_modules\ejs\lib\ejs.js:491:12), <anonymous>:11:7)
    at returnedFn (C:\Users\Roku\Documents\Work\Qwerty\boilerplate\typeScript\node_modules\ejs\lib\ejs.js:520:17)
    at View.exports.renderFile [as engine] (C:\Users\Roku\Documents\Work\Qwerty\boilerplate\typeScript\node_modules\ejs\lib\ejs.js:374:31)
    at View.render (C:\Users\Roku\Documents\Work\Qwerty\boilerplate\typeScript\node_modules\express\lib\view.js:135:8)
    at tryRender (C:\Users\Roku\Documents\Work\Qwerty\boilerplate\typeScript\node_modules\express\lib\application.js:657:10)
    at Function.render (C:\Users\Roku\Documents\Work\Qwerty\boilerplate\typeScript\node_modules\express\lib\application.js:609:3)
    at ServerResponse.render (C:\Users\Roku\Documents\Work\Qwerty\boilerplate\typeScript\node_modules\express\lib\response.js:1039:7)
    at login (C:\Users\Roku\Documents\Work\Qwerty\boilerplate\typeScript\src\api\controllers\home\homeContoller.ts:11:16)
    at Layer.handle [as handle_request] (C:\Users\Roku\Documents\Work\Qwerty\boilerplate\typeScript\node_modules\express\lib\router\layer.js:95:5)
    at next (C:\Users\Roku\Documents\Work\Qwerty\boilerplate\typeScript\node_modules\express\lib\router\route.js:144:13)
[2022-7-30 9:35:48] [ERROR] Path '/signup' not found [IP: '::1']!
[2022-7-30 9:35:48] [ERROR] ReferenceError: C:\Users\Roku\Documents\Work\Qwerty\boilerplate\typeScript\src\views\signup.ejs:4
    2|     <div class="col-md-4 col-md-offset-4">
    3|         <h1>Sign Up</h1>
 >> 4|         <%if(hasErrors){%>
    5|         <div class="alert alert-danger">
    6|                 <% messages.forEach(function(item){%>
    7|                 <p><%=item%></p>

hasErrors is not defined
    at eval (eval at compile (C:\Users\Roku\Documents\Work\Qwerty\boilerplate\typeScript\node_modules\ejs\lib\ejs.js:491:12), <anonymous>:11:7)
    at returnedFn (C:\Users\Roku\Documents\Work\Qwerty\boilerplate\typeScript\node_modules\ejs\lib\ejs.js:520:17)
    at View.exports.renderFile [as engine] (C:\Users\Roku\Documents\Work\Qwerty\boilerplate\typeScript\node_modules\ejs\lib\ejs.js:374:31)
    at View.render (C:\Users\Roku\Documents\Work\Qwerty\boilerplate\typeScript\node_modules\express\lib\view.js:135:8)
    at tryRender (C:\Users\Roku\Documents\Work\Qwerty\boilerplate\typeScript\node_modules\express\lib\application.js:657:10)
    at Function.render (C:\Users\Roku\Documents\Work\Qwerty\boilerplate\typeScript\node_modules\express\lib\application.js:609:3)
    at ServerResponse.render (C:\Users\Roku\Documents\Work\Qwerty\boilerplate\typeScript\node_modules\express\lib\response.js:1039:7)
    at register (C:\Users\Roku\Documents\Work\Qwerty\boilerplate\typeScript\src\api\controllers\home\homeContoller.ts:18:16)
    at Layer.handle [as handle_request] (C:\Users\Roku\Documents\Work\Qwerty\boilerplate\typeScript\node_modules\express\lib\router\layer.js:95:5)
    at next (C:\Users\Roku\Documents\Work\Qwerty\boilerplate\typeScript\node_modules\express\lib\router\route.js:144:13)
[2022-7-30 9:35:48] [ERROR] ReferenceError: C:\Users\Roku\Documents\Work\Qwerty\boilerplate\typeScript\src\views\signup.ejs:4
    2|     <div class="col-md-4 col-md-offset-4">
    3|         <h1>Sign Up</h1>
 >> 4|         <%if(hasErrors){%>
    5|         <div class="alert alert-danger">
    6|                 <% messages.forEach(function(item){%>
    7|                 <p><%=item%></p>

hasErrors is not defined
    at eval (eval at compile (C:\Users\Roku\Documents\Work\Qwerty\boilerplate\typeScript\node_modules\ejs\lib\ejs.js:491:12), <anonymous>:11:7)
    at returnedFn (C:\Users\Roku\Documents\Work\Qwerty\boilerplate\typeScript\node_modules\ejs\lib\ejs.js:520:17)
    at View.exports.renderFile [as engine] (C:\Users\Roku\Documents\Work\Qwerty\boilerplate\typeScript\node_modules\ejs\lib\ejs.js:374:31)
    at View.render (C:\Users\Roku\Documents\Work\Qwerty\boilerplate\typeScript\node_modules\express\lib\view.js:135:8)
    at tryRender (C:\Users\Roku\Documents\Work\Qwerty\boilerplate\typeScript\node_modules\express\lib\application.js:657:10)
    at Function.render (C:\Users\Roku\Documents\Work\Qwerty\boilerplate\typeScript\node_modules\express\lib\application.js:609:3)
    at ServerResponse.render (C:\Users\Roku\Documents\Work\Qwerty\boilerplate\typeScript\node_modules\express\lib\response.js:1039:7)
    at register (C:\Users\Roku\Documents\Work\Qwerty\boilerplate\typeScript\src\api\controllers\home\homeContoller.ts:18:16)
    at Layer.handle [as handle_request] (C:\Users\Roku\Documents\Work\Qwerty\boilerplate\typeScript\node_modules\express\lib\router\layer.js:95:5)
    at next (C:\Users\Roku\Documents\Work\Qwerty\boilerplate\typeScript\node_modules\express\lib\router\route.js:144:13)
[2022-7-30 9:35:48] [ERROR] ReferenceError: C:\Users\Roku\Documents\Work\Qwerty\boilerplate\typeScript\src\views\signup.ejs:4
    2|     <div class="col-md-4 col-md-offset-4">
    3|         <h1>Sign Up</h1>
 >> 4|         <%if(hasErrors){%>
    5|         <div class="alert alert-danger">
    6|                 <% messages.forEach(function(item){%>
    7|                 <p><%=item%></p>

hasErrors is not defined
    at eval (eval at compile (C:\Users\Roku\Documents\Work\Qwerty\boilerplate\typeScript\node_modules\ejs\lib\ejs.js:491:12), <anonymous>:11:7)
    at returnedFn (C:\Users\Roku\Documents\Work\Qwerty\boilerplate\typeScript\node_modules\ejs\lib\ejs.js:520:17)
    at View.exports.renderFile [as engine] (C:\Users\Roku\Documents\Work\Qwerty\boilerplate\typeScript\node_modules\ejs\lib\ejs.js:374:31)
    at View.render (C:\Users\Roku\Documents\Work\Qwerty\boilerplate\typeScript\node_modules\express\lib\view.js:135:8)
    at tryRender (C:\Users\Roku\Documents\Work\Qwerty\boilerplate\typeScript\node_modules\express\lib\application.js:657:10)
    at Function.render (C:\Users\Roku\Documents\Work\Qwerty\boilerplate\typeScript\node_modules\express\lib\application.js:609:3)
    at ServerResponse.render (C:\Users\Roku\Documents\Work\Qwerty\boilerplate\typeScript\node_modules\express\lib\response.js:1039:7)
    at register (C:\Users\Roku\Documents\Work\Qwerty\boilerplate\typeScript\src\api\controllers\home\homeContoller.ts:18:16)
    at Layer.handle [as handle_request] (C:\Users\Roku\Documents\Work\Qwerty\boilerplate\typeScript\node_modules\express\lib\router\layer.js:95:5)
    at next (C:\Users\Roku\Documents\Work\Qwerty\boilerplate\typeScript\node_modules\express\lib\router\route.js:144:13)
[2022-7-30 9:35:48] [ERROR] ReferenceError: C:\Users\Roku\Documents\Work\Qwerty\boilerplate\typeScript\src\views\signup.ejs:4
    2|     <div class="col-md-4 col-md-offset-4">
    3|         <h1>Sign Up</h1>
 >> 4|         <%if(hasErrors){%>
    5|         <div class="alert alert-danger">
    6|                 <% messages.forEach(function(item){%>
    7|                 <p><%=item%></p>

hasErrors is not defined
    at eval (eval at compile (C:\Users\Roku\Documents\Work\Qwerty\boilerplate\typeScript\node_modules\ejs\lib\ejs.js:491:12), <anonymous>:11:7)
    at returnedFn (C:\Users\Roku\Documents\Work\Qwerty\boilerplate\typeScript\node_modules\ejs\lib\ejs.js:520:17)
    at View.exports.renderFile [as engine] (C:\Users\Roku\Documents\Work\Qwerty\boilerplate\typeScript\node_modules\ejs\lib\ejs.js:374:31)
    at View.render (C:\Users\Roku\Documents\Work\Qwerty\boilerplate\typeScript\node_modules\express\lib\view.js:135:8)
    at tryRender (C:\Users\Roku\Documents\Work\Qwerty\boilerplate\typeScript\node_modules\express\lib\application.js:657:10)
    at Function.render (C:\Users\Roku\Documents\Work\Qwerty\boilerplate\typeScript\node_modules\express\lib\application.js:609:3)
    at ServerResponse.render (C:\Users\Roku\Documents\Work\Qwerty\boilerplate\typeScript\node_modules\express\lib\response.js:1039:7)
    at register (C:\Users\Roku\Documents\Work\Qwerty\boilerplate\typeScript\src\api\controllers\home\homeContoller.ts:18:16)
    at Layer.handle [as handle_request] (C:\Users\Roku\Documents\Work\Qwerty\boilerplate\typeScript\node_modules\express\lib\router\layer.js:95:5)
    at next (C:\Users\Roku\Documents\Work\Qwerty\boilerplate\typeScript\node_modules\express\lib\router\route.js:144:13)
[2022-7-30 9:35:48] [ERROR] ReferenceError: C:\Users\Roku\Documents\Work\Qwerty\boilerplate\typeScript\src\views\signup.ejs:4
    2|     <div class="col-md-4 col-md-offset-4">
    3|         <h1>Sign Up</h1>
 >> 4|         <%if(hasErrors){%>
    5|         <div class="alert alert-danger">
    6|                 <% messages.forEach(function(item){%>
    7|                 <p><%=item%></p>

hasErrors is not defined
    at eval (eval at compile (C:\Users\Roku\Documents\Work\Qwerty\boilerplate\typeScript\node_modules\ejs\lib\ejs.js:491:12), <anonymous>:11:7)
    at returnedFn (C:\Users\Roku\Documents\Work\Qwerty\boilerplate\typeScript\node_modules\ejs\lib\ejs.js:520:17)
    at View.exports.renderFile [as engine] (C:\Users\Roku\Documents\Work\Qwerty\boilerplate\typeScript\node_modules\ejs\lib\ejs.js:374:31)
    at View.render (C:\Users\Roku\Documents\Work\Qwerty\boilerplate\typeScript\node_modules\express\lib\view.js:135:8)
    at tryRender (C:\Users\Roku\Documents\Work\Qwerty\boilerplate\typeScript\node_modules\express\lib\application.js:657:10)
    at Function.render (C:\Users\Roku\Documents\Work\Qwerty\boilerplate\typeScript\node_modules\express\lib\application.js:609:3)
    at ServerResponse.render (C:\Users\Roku\Documents\Work\Qwerty\boilerplate\typeScript\node_modules\express\lib\response.js:1039:7)
    at register (C:\Users\Roku\Documents\Work\Qwerty\boilerplate\typeScript\src\api\controllers\home\homeContoller.ts:18:16)
    at Layer.handle [as handle_request] (C:\Users\Roku\Documents\Work\Qwerty\boilerplate\typeScript\node_modules\express\lib\router\layer.js:95:5)
    at next (C:\Users\Roku\Documents\Work\Qwerty\boilerplate\typeScript\node_modules\express\lib\router\route.js:144:13)
[2022-7-30 9:35:48] [ERROR] ReferenceError: C:\Users\Roku\Documents\Work\Qwerty\boilerplate\typeScript\src\views\signup.ejs:4
    2|     <div class="col-md-4 col-md-offset-4">
    3|         <h1>Sign Up</h1>
 >> 4|         <%if(hasErrors){%>
    5|         <div class="alert alert-danger">
    6|                 <% messages.forEach(function(item){%>
    7|                 <p><%=item%></p>

hasErrors is not defined
    at eval (eval at compile (C:\Users\Roku\Documents\Work\Qwerty\boilerplate\typeScript\node_modules\ejs\lib\ejs.js:491:12), <anonymous>:11:7)
    at returnedFn (C:\Users\Roku\Documents\Work\Qwerty\boilerplate\typeScript\node_modules\ejs\lib\ejs.js:520:17)
    at View.exports.renderFile [as engine] (C:\Users\Roku\Documents\Work\Qwerty\boilerplate\typeScript\node_modules\ejs\lib\ejs.js:374:31)
    at View.render (C:\Users\Roku\Documents\Work\Qwerty\boilerplate\typeScript\node_modules\express\lib\view.js:135:8)
    at tryRender (C:\Users\Roku\Documents\Work\Qwerty\boilerplate\typeScript\node_modules\express\lib\application.js:657:10)
    at Function.render (C:\Users\Roku\Documents\Work\Qwerty\boilerplate\typeScript\node_modules\express\lib\application.js:609:3)
    at ServerResponse.render (C:\Users\Roku\Documents\Work\Qwerty\boilerplate\typeScript\node_modules\express\lib\response.js:1039:7)
    at register (C:\Users\Roku\Documents\Work\Qwerty\boilerplate\typeScript\src\api\controllers\home\homeContoller.ts:18:16)
    at Layer.handle [as handle_request] (C:\Users\Roku\Documents\Work\Qwerty\boilerplate\typeScript\node_modules\express\lib\router\layer.js:95:5)
    at next (C:\Users\Roku\Documents\Work\Qwerty\boilerplate\typeScript\node_modules\express\lib\router\route.js:144:13)
[2022-7-30 9:36:53] [INFO] Booting the 'HTTP' middleware...
[2022-7-30 9:36:53] [INFO] Database :: Booting @ Master...
[2022-7-30 9:36:53] [ERROR] ReferenceError: C:\Users\Roku\Documents\Work\Qwerty\boilerplate\typeScript\src\views\signup.ejs:4
    2|     <div class="col-md-4 col-md-offset-4">
    3|         <h1>Sign Up</h1>
 >> 4|         <%if(hasErrors){%>
    5|         <div class="alert alert-danger">
    6|                 <% messages.forEach(function(item){%>
    7|                 <p><%=item%></p>

hasErrors is not defined
    at eval (eval at compile (C:\Users\Roku\Documents\Work\Qwerty\boilerplate\typeScript\node_modules\ejs\lib\ejs.js:491:12), <anonymous>:11:7)
    at returnedFn (C:\Users\Roku\Documents\Work\Qwerty\boilerplate\typeScript\node_modules\ejs\lib\ejs.js:520:17)
    at View.exports.renderFile [as engine] (C:\Users\Roku\Documents\Work\Qwerty\boilerplate\typeScript\node_modules\ejs\lib\ejs.js:374:31)
    at View.render (C:\Users\Roku\Documents\Work\Qwerty\boilerplate\typeScript\node_modules\express\lib\view.js:135:8)
    at tryRender (C:\Users\Roku\Documents\Work\Qwerty\boilerplate\typeScript\node_modules\express\lib\application.js:657:10)
    at Function.render (C:\Users\Roku\Documents\Work\Qwerty\boilerplate\typeScript\node_modules\express\lib\application.js:609:3)
    at ServerResponse.render (C:\Users\Roku\Documents\Work\Qwerty\boilerplate\typeScript\node_modules\express\lib\response.js:1039:7)
    at register (C:\Users\Roku\Documents\Work\Qwerty\boilerplate\typeScript\src\api\controllers\home\homeContoller.ts:18:16)
    at Layer.handle [as handle_request] (C:\Users\Roku\Documents\Work\Qwerty\boilerplate\typeScript\node_modules\express\lib\router\layer.js:95:5)
    at next (C:\Users\Roku\Documents\Work\Qwerty\boilerplate\typeScript\node_modules\express\lib\router\route.js:144:13)
[2022-7-30 9:36:53] [ERROR] ReferenceError: C:\Users\Roku\Documents\Work\Qwerty\boilerplate\typeScript\src\views\signup.ejs:4
    2|     <div class="col-md-4 col-md-offset-4">
    3|         <h1>Sign Up</h1>
 >> 4|         <%if(hasErrors){%>
    5|         <div class="alert alert-danger">
    6|                 <% messages.forEach(function(item){%>
    7|                 <p><%=item%></p>

hasErrors is not defined
    at eval (eval at compile (C:\Users\Roku\Documents\Work\Qwerty\boilerplate\typeScript\node_modules\ejs\lib\ejs.js:491:12), <anonymous>:11:7)
    at returnedFn (C:\Users\Roku\Documents\Work\Qwerty\boilerplate\typeScript\node_modules\ejs\lib\ejs.js:520:17)
    at View.exports.renderFile [as engine] (C:\Users\Roku\Documents\Work\Qwerty\boilerplate\typeScript\node_modules\ejs\lib\ejs.js:374:31)
    at View.render (C:\Users\Roku\Documents\Work\Qwerty\boilerplate\typeScript\node_modules\express\lib\view.js:135:8)
    at tryRender (C:\Users\Roku\Documents\Work\Qwerty\boilerplate\typeScript\node_modules\express\lib\application.js:657:10)
    at Function.render (C:\Users\Roku\Documents\Work\Qwerty\boilerplate\typeScript\node_modules\express\lib\application.js:609:3)
    at ServerResponse.render (C:\Users\Roku\Documents\Work\Qwerty\boilerplate\typeScript\node_modules\express\lib\response.js:1039:7)
    at register (C:\Users\Roku\Documents\Work\Qwerty\boilerplate\typeScript\src\api\controllers\home\homeContoller.ts:18:16)
    at Layer.handle [as handle_request] (C:\Users\Roku\Documents\Work\Qwerty\boilerplate\typeScript\node_modules\express\lib\router\layer.js:95:5)
    at next (C:\Users\Roku\Documents\Work\Qwerty\boilerplate\typeScript\node_modules\express\lib\router\route.js:144:13)
[2022-7-30 9:36:53] [ERROR] ReferenceError: C:\Users\Roku\Documents\Work\Qwerty\boilerplate\typeScript\src\views\signup.ejs:4
    2|     <div class="col-md-4 col-md-offset-4">
    3|         <h1>Sign Up</h1>
 >> 4|         <%if(hasErrors){%>
    5|         <div class="alert alert-danger">
    6|                 <% messages.forEach(function(item){%>
    7|                 <p><%=item%></p>

hasErrors is not defined
    at eval (eval at compile (C:\Users\Roku\Documents\Work\Qwerty\boilerplate\typeScript\node_modules\ejs\lib\ejs.js:491:12), <anonymous>:11:7)
    at returnedFn (C:\Users\Roku\Documents\Work\Qwerty\boilerplate\typeScript\node_modules\ejs\lib\ejs.js:520:17)
    at View.exports.renderFile [as engine] (C:\Users\Roku\Documents\Work\Qwerty\boilerplate\typeScript\node_modules\ejs\lib\ejs.js:374:31)
    at View.render (C:\Users\Roku\Documents\Work\Qwerty\boilerplate\typeScript\node_modules\express\lib\view.js:135:8)
    at tryRender (C:\Users\Roku\Documents\Work\Qwerty\boilerplate\typeScript\node_modules\express\lib\application.js:657:10)
    at Function.render (C:\Users\Roku\Documents\Work\Qwerty\boilerplate\typeScript\node_modules\express\lib\application.js:609:3)
    at ServerResponse.render (C:\Users\Roku\Documents\Work\Qwerty\boilerplate\typeScript\node_modules\express\lib\response.js:1039:7)
    at register (C:\Users\Roku\Documents\Work\Qwerty\boilerplate\typeScript\src\api\controllers\home\homeContoller.ts:18:16)
    at Layer.handle [as handle_request] (C:\Users\Roku\Documents\Work\Qwerty\boilerplate\typeScript\node_modules\express\lib\router\layer.js:95:5)
    at next (C:\Users\Roku\Documents\Work\Qwerty\boilerplate\typeScript\node_modules\express\lib\router\route.js:144:13)
[2022-7-30 9:36:53] [ERROR] ReferenceError: C:\Users\Roku\Documents\Work\Qwerty\boilerplate\typeScript\src\views\signup.ejs:4
    2|     <div class="col-md-4 col-md-offset-4">
    3|         <h1>Sign Up</h1>
 >> 4|         <%if(hasErrors){%>
    5|         <div class="alert alert-danger">
    6|                 <% messages.forEach(function(item){%>
    7|                 <p><%=item%></p>

hasErrors is not defined
    at eval (eval at compile (C:\Users\Roku\Documents\Work\Qwerty\boilerplate\typeScript\node_modules\ejs\lib\ejs.js:491:12), <anonymous>:11:7)
    at returnedFn (C:\Users\Roku\Documents\Work\Qwerty\boilerplate\typeScript\node_modules\ejs\lib\ejs.js:520:17)
    at View.exports.renderFile [as engine] (C:\Users\Roku\Documents\Work\Qwerty\boilerplate\typeScript\node_modules\ejs\lib\ejs.js:374:31)
    at View.render (C:\Users\Roku\Documents\Work\Qwerty\boilerplate\typeScript\node_modules\express\lib\view.js:135:8)
    at tryRender (C:\Users\Roku\Documents\Work\Qwerty\boilerplate\typeScript\node_modules\express\lib\application.js:657:10)
    at Function.render (C:\Users\Roku\Documents\Work\Qwerty\boilerplate\typeScript\node_modules\express\lib\application.js:609:3)
    at ServerResponse.render (C:\Users\Roku\Documents\Work\Qwerty\boilerplate\typeScript\node_modules\express\lib\response.js:1039:7)
    at register (C:\Users\Roku\Documents\Work\Qwerty\boilerplate\typeScript\src\api\controllers\home\homeContoller.ts:18:16)
    at Layer.handle [as handle_request] (C:\Users\Roku\Documents\Work\Qwerty\boilerplate\typeScript\node_modules\express\lib\router\layer.js:95:5)
    at next (C:\Users\Roku\Documents\Work\Qwerty\boilerplate\typeScript\node_modules\express\lib\router\route.js:144:13)
[2022-7-30 9:36:53] [ERROR] ReferenceError: C:\Users\Roku\Documents\Work\Qwerty\boilerplate\typeScript\src\views\signup.ejs:4
    2|     <div class="col-md-4 col-md-offset-4">
    3|         <h1>Sign Up</h1>
 >> 4|         <%if(hasErrors){%>
    5|         <div class="alert alert-danger">
    6|                 <% messages.forEach(function(item){%>
    7|                 <p><%=item%></p>

hasErrors is not defined
    at eval (eval at compile (C:\Users\Roku\Documents\Work\Qwerty\boilerplate\typeScript\node_modules\ejs\lib\ejs.js:491:12), <anonymous>:11:7)
    at returnedFn (C:\Users\Roku\Documents\Work\Qwerty\boilerplate\typeScript\node_modules\ejs\lib\ejs.js:520:17)
    at View.exports.renderFile [as engine] (C:\Users\Roku\Documents\Work\Qwerty\boilerplate\typeScript\node_modules\ejs\lib\ejs.js:374:31)
    at View.render (C:\Users\Roku\Documents\Work\Qwerty\boilerplate\typeScript\node_modules\express\lib\view.js:135:8)
    at tryRender (C:\Users\Roku\Documents\Work\Qwerty\boilerplate\typeScript\node_modules\express\lib\application.js:657:10)
    at Function.render (C:\Users\Roku\Documents\Work\Qwerty\boilerplate\typeScript\node_modules\express\lib\application.js:609:3)
    at ServerResponse.render (C:\Users\Roku\Documents\Work\Qwerty\boilerplate\typeScript\node_modules\express\lib\response.js:1039:7)
    at register (C:\Users\Roku\Documents\Work\Qwerty\boilerplate\typeScript\src\api\controllers\home\homeContoller.ts:18:16)
    at Layer.handle [as handle_request] (C:\Users\Roku\Documents\Work\Qwerty\boilerplate\typeScript\node_modules\express\lib\router\layer.js:95:5)
    at next (C:\Users\Roku\Documents\Work\Qwerty\boilerplate\typeScript\node_modules\express\lib\router\route.js:144:13)
[2022-7-30 9:36:53] [ERROR] ReferenceError: C:\Users\Roku\Documents\Work\Qwerty\boilerplate\typeScript\src\views\signup.ejs:4
    2|     <div class="col-md-4 col-md-offset-4">
    3|         <h1>Sign Up</h1>
 >> 4|         <%if(hasErrors){%>
    5|         <div class="alert alert-danger">
    6|                 <% messages.forEach(function(item){%>
    7|                 <p><%=item%></p>

hasErrors is not defined
    at eval (eval at compile (C:\Users\Roku\Documents\Work\Qwerty\boilerplate\typeScript\node_modules\ejs\lib\ejs.js:491:12), <anonymous>:11:7)
    at returnedFn (C:\Users\Roku\Documents\Work\Qwerty\boilerplate\typeScript\node_modules\ejs\lib\ejs.js:520:17)
    at View.exports.renderFile [as engine] (C:\Users\Roku\Documents\Work\Qwerty\boilerplate\typeScript\node_modules\ejs\lib\ejs.js:374:31)
    at View.render (C:\Users\Roku\Documents\Work\Qwerty\boilerplate\typeScript\node_modules\express\lib\view.js:135:8)
    at tryRender (C:\Users\Roku\Documents\Work\Qwerty\boilerplate\typeScript\node_modules\express\lib\application.js:657:10)
    at Function.render (C:\Users\Roku\Documents\Work\Qwerty\boilerplate\typeScript\node_modules\express\lib\application.js:609:3)
    at ServerResponse.render (C:\Users\Roku\Documents\Work\Qwerty\boilerplate\typeScript\node_modules\express\lib\response.js:1039:7)
    at register (C:\Users\Roku\Documents\Work\Qwerty\boilerplate\typeScript\src\api\controllers\home\homeContoller.ts:18:16)
    at Layer.handle [as handle_request] (C:\Users\Roku\Documents\Work\Qwerty\boilerplate\typeScript\node_modules\express\lib\router\layer.js:95:5)
    at next (C:\Users\Roku\Documents\Work\Qwerty\boilerplate\typeScript\node_modules\express\lib\router\route.js:144:13)
[2022-7-30 9:36:53] [ERROR] ReferenceError: C:\Users\Roku\Documents\Work\Qwerty\boilerplate\typeScript\src\views\signin.ejs:4
    2|     <div class="col-md-4 col-md-offset-4">
    3|         <h1>Sign In</h1>
 >> 4|         <%if(hasErrors){%>
    5|         <div class="alert alert-danger">
    6|             <% messages.forEach(function(item){%>
    7|             <p><%=item%></p>

hasErrors is not defined
    at eval (eval at compile (C:\Users\Roku\Documents\Work\Qwerty\boilerplate\typeScript\node_modules\ejs\lib\ejs.js:491:12), <anonymous>:11:7)
    at returnedFn (C:\Users\Roku\Documents\Work\Qwerty\boilerplate\typeScript\node_modules\ejs\lib\ejs.js:520:17)
    at View.exports.renderFile [as engine] (C:\Users\Roku\Documents\Work\Qwerty\boilerplate\typeScript\node_modules\ejs\lib\ejs.js:374:31)
    at View.render (C:\Users\Roku\Documents\Work\Qwerty\boilerplate\typeScript\node_modules\express\lib\view.js:135:8)
    at tryRender (C:\Users\Roku\Documents\Work\Qwerty\boilerplate\typeScript\node_modules\express\lib\application.js:657:10)
    at Function.render (C:\Users\Roku\Documents\Work\Qwerty\boilerplate\typeScript\node_modules\express\lib\application.js:609:3)
    at ServerResponse.render (C:\Users\Roku\Documents\Work\Qwerty\boilerplate\typeScript\node_modules\express\lib\response.js:1039:7)
    at login (C:\Users\Roku\Documents\Work\Qwerty\boilerplate\typeScript\src\api\controllers\home\homeContoller.ts:11:16)
    at Layer.handle [as handle_request] (C:\Users\Roku\Documents\Work\Qwerty\boilerplate\typeScript\node_modules\express\lib\router\layer.js:95:5)
    at next (C:\Users\Roku\Documents\Work\Qwerty\boilerplate\typeScript\node_modules\express\lib\router\route.js:144:13)
[2022-7-30 9:36:53] [ERROR] ReferenceError: C:\Users\Roku\Documents\Work\Qwerty\boilerplate\typeScript\src\views\signin.ejs:4
    2|     <div class="col-md-4 col-md-offset-4">
    3|         <h1>Sign In</h1>
 >> 4|         <%if(hasErrors){%>
    5|         <div class="alert alert-danger">
    6|             <% messages.forEach(function(item){%>
    7|             <p><%=item%></p>

hasErrors is not defined
    at eval (eval at compile (C:\Users\Roku\Documents\Work\Qwerty\boilerplate\typeScript\node_modules\ejs\lib\ejs.js:491:12), <anonymous>:11:7)
    at returnedFn (C:\Users\Roku\Documents\Work\Qwerty\boilerplate\typeScript\node_modules\ejs\lib\ejs.js:520:17)
    at View.exports.renderFile [as engine] (C:\Users\Roku\Documents\Work\Qwerty\boilerplate\typeScript\node_modules\ejs\lib\ejs.js:374:31)
    at View.render (C:\Users\Roku\Documents\Work\Qwerty\boilerplate\typeScript\node_modules\express\lib\view.js:135:8)
    at tryRender (C:\Users\Roku\Documents\Work\Qwerty\boilerplate\typeScript\node_modules\express\lib\application.js:657:10)
    at Function.render (C:\Users\Roku\Documents\Work\Qwerty\boilerplate\typeScript\node_modules\express\lib\application.js:609:3)
    at ServerResponse.render (C:\Users\Roku\Documents\Work\Qwerty\boilerplate\typeScript\node_modules\express\lib\response.js:1039:7)
    at login (C:\Users\Roku\Documents\Work\Qwerty\boilerplate\typeScript\src\api\controllers\home\homeContoller.ts:11:16)
    at Layer.handle [as handle_request] (C:\Users\Roku\Documents\Work\Qwerty\boilerplate\typeScript\node_modules\express\lib\router\layer.js:95:5)
    at next (C:\Users\Roku\Documents\Work\Qwerty\boilerplate\typeScript\node_modules\express\lib\router\route.js:144:13)
[2022-7-30 9:36:53] [ERROR] ReferenceError: C:\Users\Roku\Documents\Work\Qwerty\boilerplate\typeScript\src\views\signin.ejs:4
    2|     <div class="col-md-4 col-md-offset-4">
    3|         <h1>Sign In</h1>
 >> 4|         <%if(hasErrors){%>
    5|         <div class="alert alert-danger">
    6|             <% messages.forEach(function(item){%>
    7|             <p><%=item%></p>

hasErrors is not defined
    at eval (eval at compile (C:\Users\Roku\Documents\Work\Qwerty\boilerplate\typeScript\node_modules\ejs\lib\ejs.js:491:12), <anonymous>:11:7)
    at returnedFn (C:\Users\Roku\Documents\Work\Qwerty\boilerplate\typeScript\node_modules\ejs\lib\ejs.js:520:17)
    at View.exports.renderFile [as engine] (C:\Users\Roku\Documents\Work\Qwerty\boilerplate\typeScript\node_modules\ejs\lib\ejs.js:374:31)
    at View.render (C:\Users\Roku\Documents\Work\Qwerty\boilerplate\typeScript\node_modules\express\lib\view.js:135:8)
    at tryRender (C:\Users\Roku\Documents\Work\Qwerty\boilerplate\typeScript\node_modules\express\lib\application.js:657:10)
    at Function.render (C:\Users\Roku\Documents\Work\Qwerty\boilerplate\typeScript\node_modules\express\lib\application.js:609:3)
    at ServerResponse.render (C:\Users\Roku\Documents\Work\Qwerty\boilerplate\typeScript\node_modules\express\lib\response.js:1039:7)
    at login (C:\Users\Roku\Documents\Work\Qwerty\boilerplate\typeScript\src\api\controllers\home\homeContoller.ts:11:16)
    at Layer.handle [as handle_request] (C:\Users\Roku\Documents\Work\Qwerty\boilerplate\typeScript\node_modules\express\lib\router\layer.js:95:5)
    at next (C:\Users\Roku\Documents\Work\Qwerty\boilerplate\typeScript\node_modules\express\lib\router\route.js:144:13)
[2022-7-30 9:36:53] [ERROR] Path '/change' not found [IP: '::1']!
[2022-7-30 9:36:53] [ERROR] Path '/change-password' not found [IP: '::1']!
[2022-7-30 9:39:6] [INFO] Booting the 'HTTP' middleware...
[2022-7-30 9:39:6] [INFO] Database :: Booting @ Master...
[2022-7-30 9:39:6] [ERROR] ReferenceError: C:\Users\Roku\Documents\Work\Qwerty\boilerplate\typeScript\src\views\signup.ejs:4
    2|     <div class="col-md-4 col-md-offset-4">
    3|         <h1>Sign Up</h1>
 >> 4|         <%if(hasErrors){%>
    5|         <div class="alert alert-danger">
    6|                 <% messages.forEach(function(item){%>
    7|                 <p><%=item%></p>

hasErrors is not defined
    at eval (eval at compile (C:\Users\Roku\Documents\Work\Qwerty\boilerplate\typeScript\node_modules\ejs\lib\ejs.js:491:12), <anonymous>:11:7)
    at returnedFn (C:\Users\Roku\Documents\Work\Qwerty\boilerplate\typeScript\node_modules\ejs\lib\ejs.js:520:17)
    at View.exports.renderFile [as engine] (C:\Users\Roku\Documents\Work\Qwerty\boilerplate\typeScript\node_modules\ejs\lib\ejs.js:374:31)
    at View.render (C:\Users\Roku\Documents\Work\Qwerty\boilerplate\typeScript\node_modules\express\lib\view.js:135:8)
    at tryRender (C:\Users\Roku\Documents\Work\Qwerty\boilerplate\typeScript\node_modules\express\lib\application.js:657:10)
    at Function.render (C:\Users\Roku\Documents\Work\Qwerty\boilerplate\typeScript\node_modules\express\lib\application.js:609:3)
    at ServerResponse.render (C:\Users\Roku\Documents\Work\Qwerty\boilerplate\typeScript\node_modules\express\lib\response.js:1039:7)
    at register (C:\Users\Roku\Documents\Work\Qwerty\boilerplate\typeScript\src\api\controllers\home\homeContoller.ts:18:16)
    at Layer.handle [as handle_request] (C:\Users\Roku\Documents\Work\Qwerty\boilerplate\typeScript\node_modules\express\lib\router\layer.js:95:5)
    at next (C:\Users\Roku\Documents\Work\Qwerty\boilerplate\typeScript\node_modules\express\lib\router\route.js:144:13)
[2022-7-30 9:39:6] [ERROR] ReferenceError: C:\Users\Roku\Documents\Work\Qwerty\boilerplate\typeScript\src\views\signup.ejs:4
    2|     <div class="col-md-4 col-md-offset-4">
    3|         <h1>Sign Up</h1>
 >> 4|         <%if(hasErrors){%>
    5|         <div class="alert alert-danger">
    6|                 <% messages.forEach(function(item){%>
    7|                 <p><%=item%></p>

hasErrors is not defined
    at eval (eval at compile (C:\Users\Roku\Documents\Work\Qwerty\boilerplate\typeScript\node_modules\ejs\lib\ejs.js:491:12), <anonymous>:11:7)
    at returnedFn (C:\Users\Roku\Documents\Work\Qwerty\boilerplate\typeScript\node_modules\ejs\lib\ejs.js:520:17)
    at View.exports.renderFile [as engine] (C:\Users\Roku\Documents\Work\Qwerty\boilerplate\typeScript\node_modules\ejs\lib\ejs.js:374:31)
    at View.render (C:\Users\Roku\Documents\Work\Qwerty\boilerplate\typeScript\node_modules\express\lib\view.js:135:8)
    at tryRender (C:\Users\Roku\Documents\Work\Qwerty\boilerplate\typeScript\node_modules\express\lib\application.js:657:10)
    at Function.render (C:\Users\Roku\Documents\Work\Qwerty\boilerplate\typeScript\node_modules\express\lib\application.js:609:3)
    at ServerResponse.render (C:\Users\Roku\Documents\Work\Qwerty\boilerplate\typeScript\node_modules\express\lib\response.js:1039:7)
    at register (C:\Users\Roku\Documents\Work\Qwerty\boilerplate\typeScript\src\api\controllers\home\homeContoller.ts:18:16)
    at Layer.handle [as handle_request] (C:\Users\Roku\Documents\Work\Qwerty\boilerplate\typeScript\node_modules\express\lib\router\layer.js:95:5)
    at next (C:\Users\Roku\Documents\Work\Qwerty\boilerplate\typeScript\node_modules\express\lib\router\route.js:144:13)
[2022-7-30 9:39:6] [ERROR] ReferenceError: C:\Users\Roku\Documents\Work\Qwerty\boilerplate\typeScript\src\views\signup.ejs:4
    2|     <div class="col-md-4 col-md-offset-4">
    3|         <h1>Sign Up</h1>
 >> 4|         <%if(hasErrors){%>
    5|         <div class="alert alert-danger">
    6|                 <% messages.forEach(function(item){%>
    7|                 <p><%=item%></p>

hasErrors is not defined
    at eval (eval at compile (C:\Users\Roku\Documents\Work\Qwerty\boilerplate\typeScript\node_modules\ejs\lib\ejs.js:491:12), <anonymous>:11:7)
    at returnedFn (C:\Users\Roku\Documents\Work\Qwerty\boilerplate\typeScript\node_modules\ejs\lib\ejs.js:520:17)
    at View.exports.renderFile [as engine] (C:\Users\Roku\Documents\Work\Qwerty\boilerplate\typeScript\node_modules\ejs\lib\ejs.js:374:31)
    at View.render (C:\Users\Roku\Documents\Work\Qwerty\boilerplate\typeScript\node_modules\express\lib\view.js:135:8)
    at tryRender (C:\Users\Roku\Documents\Work\Qwerty\boilerplate\typeScript\node_modules\express\lib\application.js:657:10)
    at Function.render (C:\Users\Roku\Documents\Work\Qwerty\boilerplate\typeScript\node_modules\express\lib\application.js:609:3)
    at ServerResponse.render (C:\Users\Roku\Documents\Work\Qwerty\boilerplate\typeScript\node_modules\express\lib\response.js:1039:7)
    at register (C:\Users\Roku\Documents\Work\Qwerty\boilerplate\typeScript\src\api\controllers\home\homeContoller.ts:18:16)
    at Layer.handle [as handle_request] (C:\Users\Roku\Documents\Work\Qwerty\boilerplate\typeScript\node_modules\express\lib\router\layer.js:95:5)
    at next (C:\Users\Roku\Documents\Work\Qwerty\boilerplate\typeScript\node_modules\express\lib\router\route.js:144:13)
[2022-7-30 9:41:14] [INFO] Booting the 'HTTP' middleware...
[2022-7-30 9:41:14] [INFO] Database :: Booting @ Master...
[2022-7-30 9:41:14] [ERROR] ReferenceError: C:\Users\Roku\Documents\Work\Qwerty\boilerplate\typeScript\src\views\signup.ejs:4
    2|     <div class="col-md-4 col-md-offset-4">
    3|         <h1>Sign Up</h1>
 >> 4|         <%if(hasErrors){%>
    5|         <div class="alert alert-danger">
    6|                 <% messages.forEach(function(item){%>
    7|                 <p><%=item%></p>

hasErrors is not defined
    at eval (eval at compile (C:\Users\Roku\Documents\Work\Qwerty\boilerplate\typeScript\node_modules\ejs\lib\ejs.js:491:12), <anonymous>:11:7)
    at returnedFn (C:\Users\Roku\Documents\Work\Qwerty\boilerplate\typeScript\node_modules\ejs\lib\ejs.js:520:17)
    at View.exports.renderFile [as engine] (C:\Users\Roku\Documents\Work\Qwerty\boilerplate\typeScript\node_modules\ejs\lib\ejs.js:374:31)
    at View.render (C:\Users\Roku\Documents\Work\Qwerty\boilerplate\typeScript\node_modules\express\lib\view.js:135:8)
    at tryRender (C:\Users\Roku\Documents\Work\Qwerty\boilerplate\typeScript\node_modules\express\lib\application.js:657:10)
    at Function.render (C:\Users\Roku\Documents\Work\Qwerty\boilerplate\typeScript\node_modules\express\lib\application.js:609:3)
    at ServerResponse.render (C:\Users\Roku\Documents\Work\Qwerty\boilerplate\typeScript\node_modules\express\lib\response.js:1039:7)
    at register (C:\Users\Roku\Documents\Work\Qwerty\boilerplate\typeScript\src\api\controllers\home\homeContoller.ts:19:16)
    at Layer.handle [as handle_request] (C:\Users\Roku\Documents\Work\Qwerty\boilerplate\typeScript\node_modules\express\lib\router\layer.js:95:5)
    at next (C:\Users\Roku\Documents\Work\Qwerty\boilerplate\typeScript\node_modules\express\lib\router\route.js:144:13)
[2022-7-30 9:41:14] [ERROR] ReferenceError: C:\Users\Roku\Documents\Work\Qwerty\boilerplate\typeScript\src\views\signup.ejs:4
    2|     <div class="col-md-4 col-md-offset-4">
    3|         <h1>Sign Up</h1>
 >> 4|         <%if(hasErrors){%>
    5|         <div class="alert alert-danger">
    6|                 <% messages.forEach(function(item){%>
    7|                 <p><%=item%></p>

hasErrors is not defined
    at eval (eval at compile (C:\Users\Roku\Documents\Work\Qwerty\boilerplate\typeScript\node_modules\ejs\lib\ejs.js:491:12), <anonymous>:11:7)
    at returnedFn (C:\Users\Roku\Documents\Work\Qwerty\boilerplate\typeScript\node_modules\ejs\lib\ejs.js:520:17)
    at View.exports.renderFile [as engine] (C:\Users\Roku\Documents\Work\Qwerty\boilerplate\typeScript\node_modules\ejs\lib\ejs.js:374:31)
    at View.render (C:\Users\Roku\Documents\Work\Qwerty\boilerplate\typeScript\node_modules\express\lib\view.js:135:8)
    at tryRender (C:\Users\Roku\Documents\Work\Qwerty\boilerplate\typeScript\node_modules\express\lib\application.js:657:10)
    at Function.render (C:\Users\Roku\Documents\Work\Qwerty\boilerplate\typeScript\node_modules\express\lib\application.js:609:3)
    at ServerResponse.render (C:\Users\Roku\Documents\Work\Qwerty\boilerplate\typeScript\node_modules\express\lib\response.js:1039:7)
    at register (C:\Users\Roku\Documents\Work\Qwerty\boilerplate\typeScript\src\api\controllers\home\homeContoller.ts:19:16)
    at Layer.handle [as handle_request] (C:\Users\Roku\Documents\Work\Qwerty\boilerplate\typeScript\node_modules\express\lib\router\layer.js:95:5)
    at next (C:\Users\Roku\Documents\Work\Qwerty\boilerplate\typeScript\node_modules\express\lib\router\route.js:144:13)
[2022-7-30 9:41:14] [ERROR] ReferenceError: C:\Users\Roku\Documents\Work\Qwerty\boilerplate\typeScript\src\views\signup.ejs:4
    2|     <div class="col-md-4 col-md-offset-4">
    3|         <h1>Sign Up</h1>
 >> 4|         <%if(hasErrors){%>
    5|         <div class="alert alert-danger">
    6|                 <% messages.forEach(function(item){%>
    7|                 <p><%=item%></p>

hasErrors is not defined
    at eval (eval at compile (C:\Users\Roku\Documents\Work\Qwerty\boilerplate\typeScript\node_modules\ejs\lib\ejs.js:491:12), <anonymous>:11:7)
    at returnedFn (C:\Users\Roku\Documents\Work\Qwerty\boilerplate\typeScript\node_modules\ejs\lib\ejs.js:520:17)
    at View.exports.renderFile [as engine] (C:\Users\Roku\Documents\Work\Qwerty\boilerplate\typeScript\node_modules\ejs\lib\ejs.js:374:31)
    at View.render (C:\Users\Roku\Documents\Work\Qwerty\boilerplate\typeScript\node_modules\express\lib\view.js:135:8)
    at tryRender (C:\Users\Roku\Documents\Work\Qwerty\boilerplate\typeScript\node_modules\express\lib\application.js:657:10)
    at Function.render (C:\Users\Roku\Documents\Work\Qwerty\boilerplate\typeScript\node_modules\express\lib\application.js:609:3)
    at ServerResponse.render (C:\Users\Roku\Documents\Work\Qwerty\boilerplate\typeScript\node_modules\express\lib\response.js:1039:7)
    at register (C:\Users\Roku\Documents\Work\Qwerty\boilerplate\typeScript\src\api\controllers\home\homeContoller.ts:19:16)
    at Layer.handle [as handle_request] (C:\Users\Roku\Documents\Work\Qwerty\boilerplate\typeScript\node_modules\express\lib\router\layer.js:95:5)
    at next (C:\Users\Roku\Documents\Work\Qwerty\boilerplate\typeScript\node_modules\express\lib\router\route.js:144:13)
[2022-7-30 9:41:31] [INFO] Booting the 'HTTP' middleware...
[2022-7-30 9:41:31] [INFO] Database :: Booting @ Master...
[2022-7-30 9:48:19] [INFO] Booting the 'HTTP' middleware...
[2022-7-30 9:48:19] [INFO] Database :: Booting @ Master...
[2022-7-30 9:49:24] [INFO] Booting the 'HTTP' middleware...
[2022-7-30 9:49:24] [INFO] Database :: Booting @ Master...
[2022-7-30 9:49:24] [ERROR] Path '/docs' not found [IP: '::1']!
[2022-7-30 9:55:12] [INFO] Routes :: Mounting Web Routes...
[2022-7-30 9:55:12] [INFO] Routes :: Mounting API Routes...
[2022-7-30 9:55:12] [INFO] Database :: Booting @ Master...
[2022-7-30 9:55:12] [INFO] Booting the 'HTTP' middleware...
[2022-7-30 9:55:12] [ERROR] Path '/docs' not found [IP: '::1']!
[2022-7-30 10:8:34] [INFO] Routes :: Mounting Web Routes...
[2022-7-30 10:8:34] [INFO] Routes :: Mounting API Routes...
[2022-7-30 10:8:34] [INFO] Booting the 'HTTP' middleware...
[2022-7-30 10:8:34] [INFO] Database :: Booting @ Master...
[2022-7-30 10:9:4] [INFO] Routes :: Mounting Web Routes...
[2022-7-30 10:9:4] [INFO] Routes :: Mounting API Routes...
[2022-7-30 10:9:4] [INFO] Booting the 'HTTP' middleware...
[2022-7-30 10:9:4] [INFO] Database :: Booting @ Master...
[2022-7-30 10:10:19] [INFO] Routes :: Mounting Web Routes...
[2022-7-30 10:10:19] [INFO] Routes :: Mounting API Routes...
[2022-7-30 10:10:19] [INFO] Database :: Booting @ Master...
[2022-7-30 10:10:19] [INFO] Booting the 'HTTP' middleware...
[2022-7-30 10:11:43] [INFO] Routes :: Mounting Web Routes...
[2022-7-30 10:11:43] [INFO] Routes :: Mounting API Routes...
[2022-7-30 10:11:43] [INFO] Database :: Booting @ Master...
[2022-7-30 10:11:43] [INFO] Booting the 'HTTP' middleware...
[2022-7-30 10:12:3] [INFO] Routes :: Mounting Web Routes...
[2022-7-30 10:12:3] [INFO] Routes :: Mounting API Routes...
[2022-7-30 10:12:3] [INFO] Booting the 'HTTP' middleware...
[2022-7-30 10:12:3] [INFO] Database :: Booting @ Master...
[2022-7-30 10:12:44] [INFO] Routes :: Mounting Web Routes...
[2022-7-30 10:12:44] [INFO] Routes :: Mounting API Routes...
[2022-7-30 10:12:44] [INFO] Booting the 'HTTP' middleware...
[2022-7-30 10:12:44] [INFO] Routes :: Mounting doc Routes...
[2022-7-30 10:12:44] [INFO] Database :: Booting @ Master...
[2022-7-30 10:13:42] [INFO] Routes :: Mounting Web Routes...
[2022-7-30 10:13:42] [INFO] Routes :: Mounting API Routes...
[2022-7-30 10:13:42] [INFO] Database :: Booting @ Master...
[2022-7-30 10:13:42] [INFO] Booting the 'HTTP' middleware...
[2022-7-30 10:13:42] [INFO] Routes :: Mounting doc Routes...
[2022-7-30 10:24:50] [INFO] Routes :: Mounting Web Routes...
[2022-7-30 10:24:50] [INFO] Routes :: Mounting API Routes...
[2022-7-30 10:24:50] [INFO] Booting the 'HTTP' middleware...
[2022-7-30 10:24:50] [INFO] Routes :: Mounting doc Routes...
[2022-7-30 10:24:50] [INFO] Database :: Booting @ Master...
[2022-7-30 10:25:2] [INFO] Routes :: Mounting Web Routes...
[2022-7-30 10:25:2] [INFO] Routes :: Mounting API Routes...
[2022-7-30 10:25:2] [INFO] Routes :: Mounting doc Routes...
[2022-7-30 10:25:2] [INFO] Database :: Booting @ Master...
[2022-7-30 10:25:2] [INFO] Booting the 'HTTP' middleware...
[2022-7-30 10:25:52] [INFO] Routes :: Mounting doc Routes...
[2022-7-30 10:25:52] [INFO] Routes :: Mounting API Routes...
[2022-7-30 10:25:52] [INFO] Database :: Booting @ Master...
[2022-7-30 10:25:52] [INFO] Booting the 'HTTP' middleware...
[2022-7-30 10:25:52] [INFO] Routes :: Mounting Web Routes...
[2022-7-30 10:26:43] [INFO] Routes :: Mounting doc Routes...
[2022-7-30 10:26:43] [INFO] Routes :: Mounting API Routes...
[2022-7-30 10:26:43] [INFO] Booting the 'HTTP' middleware...
[2022-7-30 10:26:43] [INFO] Routes :: Mounting Web Routes...
[2022-7-30 10:26:43] [INFO] Database :: Booting @ Master...
[2022-7-30 10:27:42] [INFO] Routes :: Mounting doc Routes...
[2022-7-30 10:27:42] [INFO] Routes :: Mounting API Routes...
[2022-7-30 10:27:42] [INFO] Routes :: Mounting Web Routes...
[2022-7-30 10:27:42] [INFO] Booting the 'HTTP' middleware...
[2022-7-30 10:27:42] [INFO] Database :: Booting @ Master...
[2022-7-30 10:28:40] [INFO] Routes :: Mounting doc Routes...
[2022-7-30 10:28:40] [INFO] Routes :: Mounting Web Routes...
[2022-7-30 10:28:40] [INFO] Routes :: Mounting API Routes...
[2022-7-30 10:28:40] [INFO] Booting the 'HTTP' middleware...
[2022-7-30 10:28:40] [INFO] Database :: Booting @ Master...
[2022-7-30 10:28:40] [ERROR] Path '/auth/login' not found [IP: '::1']!
[2022-7-30 10:30:30] [INFO] Routes :: Mounting doc Routes...
[2022-7-30 10:30:30] [INFO] Routes :: Mounting API Routes...
[2022-7-30 10:30:30] [INFO] Booting the 'HTTP' middleware...
[2022-7-30 10:30:30] [INFO] Routes :: Mounting Web Routes...
[2022-7-30 10:30:30] [INFO] Database :: Booting @ Master...
[2022-7-30 10:33:23] [INFO] Routes :: Mounting doc Routes...
[2022-7-30 10:33:23] [INFO] Routes :: Mounting API Routes...
[2022-7-30 10:33:23] [INFO] Routes :: Mounting Web Routes...
[2022-7-30 10:33:23] [INFO] Booting the 'HTTP' middleware...
[2022-7-30 10:33:23] [INFO] Database :: Booting @ Master...
[2022-7-30 10:34:0] [INFO] Routes :: Mounting doc Routes...
[2022-7-30 10:34:0] [INFO] Routes :: Mounting API Routes...
[2022-7-30 10:34:0] [INFO] Routes :: Mounting Web Routes...
[2022-7-30 10:34:0] [INFO] Booting the 'HTTP' middleware...
[2022-7-30 10:34:0] [INFO] Database :: Booting @ Master...
[2022-7-30 10:34:20] [INFO] Routes :: Mounting doc Routes...
[2022-7-30 10:34:20] [INFO] Routes :: Mounting API Routes...
[2022-7-30 10:34:20] [INFO] Database :: Booting @ Master...
[2022-7-30 10:34:20] [INFO] Routes :: Mounting Web Routes...
[2022-7-30 10:34:20] [INFO] Booting the 'HTTP' middleware...
[2022-7-30 10:34:44] [INFO] Routes :: Mounting doc Routes...
[2022-7-30 10:34:44] [INFO] Routes :: Mounting API Routes...
[2022-7-30 10:34:44] [INFO] Routes :: Mounting Web Routes...
[2022-7-30 10:34:44] [INFO] Database :: Booting @ Master...
[2022-7-30 10:34:44] [INFO] Booting the 'HTTP' middleware...
[2022-7-30 10:35:18] [INFO] Routes :: Mounting doc Routes...
[2022-7-30 10:35:18] [INFO] Routes :: Mounting API Routes...
[2022-7-30 10:35:18] [INFO] Routes :: Mounting Web Routes...
[2022-7-30 10:35:18] [INFO] Database :: Booting @ Master...
[2022-7-30 10:35:18] [INFO] Booting the 'HTTP' middleware...
[2022-7-30 10:35:42] [INFO] Routes :: Mounting doc Routes...
[2022-7-30 10:35:42] [INFO] Routes :: Mounting API Routes...
[2022-7-30 10:35:42] [INFO] Database :: Booting @ Master...
[2022-7-30 10:35:42] [INFO] Routes :: Mounting Web Routes...
[2022-7-30 10:35:42] [INFO] Booting the 'HTTP' middleware...
[2022-7-30 10:36:33] [INFO] Routes :: Mounting doc Routes...
[2022-7-30 10:36:33] [INFO] Routes :: Mounting API Routes...
[2022-7-30 10:36:33] [INFO] Database :: Booting @ Master...
[2022-7-30 10:36:33] [INFO] Routes :: Mounting Web Routes...
[2022-7-30 10:36:33] [INFO] Booting the 'HTTP' middleware...
[2022-7-30 10:36:33] [ERROR] Path '/auth/login' not found [IP: '::1']!
[2022-7-30 10:36:33] [ERROR] Path '/auth/logout' not found [IP: '::1']!
[2022-7-30 10:37:51] [INFO] Routes :: Mounting doc Routes...
[2022-7-30 10:37:51] [INFO] Routes :: Mounting API Routes...
[2022-7-30 10:37:51] [INFO] Booting the 'HTTP' middleware...
[2022-7-30 10:37:51] [INFO] Routes :: Mounting Web Routes...
[2022-7-30 10:37:51] [INFO] Database :: Booting @ Master...
[2022-7-30 10:38:51] [INFO] Routes :: Mounting doc Routes...
[2022-7-30 10:38:51] [INFO] Routes :: Mounting API Routes...
[2022-7-30 10:38:51] [INFO] Routes :: Mounting Web Routes...
[2022-7-30 10:38:51] [INFO] Database :: Booting @ Master...
[2022-7-30 10:38:51] [INFO] Booting the 'HTTP' middleware...
[2022-7-30 10:38:51] [ERROR] Path '/api/auth/login' not found [IP: '::1']!
[2022-7-30 10:40:9] [INFO] Routes :: Mounting doc Routes...
[2022-7-30 10:40:9] [INFO] Routes :: Mounting API Routes...
[2022-7-30 10:40:9] [INFO] Database :: Booting @ Master...
[2022-7-30 10:40:9] [INFO] Booting the 'HTTP' middleware...
[2022-7-30 10:40:9] [INFO] Routes :: Mounting Web Routes...
[2022-7-30 10:40:15] [INFO] Routes :: Mounting doc Routes...
[2022-7-30 10:40:15] [INFO] Routes :: Mounting API Routes...
[2022-7-30 10:40:15] [INFO] Routes :: Mounting Web Routes...
[2022-7-30 10:40:15] [INFO] Database :: Booting @ Master...
[2022-7-30 10:40:15] [INFO] Booting the 'HTTP' middleware...
[2022-7-30 10:40:15] [ERROR] Path '/api/auth/login' not found [IP: '::1']!
[2022-7-30 10:41:26] [INFO] Routes :: Mounting API Routes...
[2022-7-30 10:41:26] [INFO] Routes :: Mounting doc Routes...
[2022-7-30 10:41:26] [INFO] Database :: Booting @ Master...
[2022-7-30 10:41:26] [INFO] Routes :: Mounting Web Routes...
[2022-7-30 10:41:26] [INFO] Booting the 'HTTP' middleware...
[2022-7-30 10:42:3] [INFO] Routes :: Mounting API Routes...
[2022-7-30 10:42:3] [INFO] Routes :: Mounting doc Routes...
[2022-7-30 10:42:3] [INFO] Routes :: Mounting Web Routes...
[2022-7-30 10:42:3] [INFO] Database :: Booting @ Master...
[2022-7-30 10:42:3] [INFO] Booting the 'HTTP' middleware...
[2022-7-30 10:42:3] [ERROR] Path '/api/auth/register' not found [IP: '::1']!
[2022-7-30 10:43:3] [INFO] Routes :: Mounting doc Routes...
[2022-7-30 10:43:3] [INFO] Routes :: Mounting API Routes...
[2022-7-30 10:43:3] [INFO] Routes :: Mounting Web Routes...
[2022-7-30 10:43:3] [INFO] Database :: Booting @ Master...
[2022-7-30 10:43:3] [INFO] Booting the 'HTTP' middleware...
[2022-7-30 10:43:38] [INFO] Routes :: Mounting doc Routes...
[2022-7-30 10:43:38] [INFO] Routes :: Mounting API Routes...
[2022-7-30 10:43:38] [INFO] Database :: Booting @ Master...
[2022-7-30 10:43:38] [INFO] Booting the 'HTTP' middleware...
[2022-7-30 10:43:38] [INFO] Routes :: Mounting Web Routes...
[2022-7-30 17:39:0] [INFO] Routes :: Mounting doc Routes...
[2022-7-30 17:39:0] [INFO] Routes :: Mounting API Routes...
[2022-7-30 17:39:0] [INFO] Routes :: Mounting Web Routes...
[2022-7-30 17:39:0] [INFO] Database :: Booting @ Master...
[2022-7-30 17:39:0] [INFO] Booting the 'HTTP' middleware...
[2022-7-30 17:39:41] [INFO] Routes :: Mounting doc Routes...
[2022-7-30 17:39:41] [INFO] Routes :: Mounting API Routes...
[2022-7-30 17:39:41] [INFO] Routes :: Mounting Web Routes...
[2022-7-30 17:39:41] [INFO] Database :: Booting @ Master...
[2022-7-30 17:39:41] [INFO] Database :: Booting @ Master...
[2022-7-30 17:39:41] [INFO] Booting the 'HTTP' middleware...
[2022-7-30 17:40:13] [INFO] Routes :: Mounting doc Routes...
[2022-7-30 17:40:13] [INFO] Routes :: Mounting API Routes...
[2022-7-30 17:40:13] [INFO] Routes :: Mounting Web Routes...
[2022-7-30 17:40:13] [INFO] Database :: Booting @ Master...
[2022-7-30 17:40:13] [INFO] Booting the 'HTTP' middleware...
[2022-7-30 17:40:13] [INFO] Database :: Booting @ Master...
[2022-7-30 17:41:59] [INFO] Routes :: Mounting doc Routes...
[2022-7-30 17:41:59] [INFO] Routes :: Mounting API Routes...
[2022-7-30 17:41:59] [INFO] Booting the 'HTTP' middleware...
[2022-7-30 17:41:59] [INFO] Database :: Booting @ Master...
[2022-7-30 17:41:59] [INFO] Routes :: Mounting Web Routes...
[2022-7-30 17:41:59] [INFO] Database :: Booting @ Master...
[2022-7-30 17:44:23] [INFO] Routes :: Mounting doc Routes...
[2022-7-30 17:44:23] [INFO] Routes :: Mounting API Routes...
[2022-7-30 17:44:23] [INFO] Database :: Booting @ Master...
[2022-7-30 17:44:23] [INFO] Routes :: Mounting Web Routes...
[2022-7-30 17:44:23] [INFO] Database :: Booting @ Master...
[2022-7-30 17:44:23] [INFO] Booting the 'HTTP' middleware...
[2022-7-30 17:44:33] [INFO] Routes :: Mounting doc Routes...
[2022-7-30 17:44:33] [INFO] Routes :: Mounting API Routes...
[2022-7-30 17:44:33] [INFO] Routes :: Mounting Web Routes...
[2022-7-30 17:44:33] [INFO] Booting the 'HTTP' middleware...
[2022-7-30 17:44:33] [INFO] Database :: Booting @ Master...
[2022-7-30 17:44:33] [INFO] Database :: Booting @ Master...
[2022-7-30 17:45:6] [INFO] Routes :: Mounting doc Routes...
[2022-7-30 17:45:6] [INFO] Routes :: Mounting API Routes...
[2022-7-30 17:45:6] [INFO] Booting the 'HTTP' middleware...
[2022-7-30 17:45:6] [INFO] Database :: Booting @ Master...
[2022-7-30 17:45:6] [INFO] Routes :: Mounting Web Routes...
[2022-7-30 17:45:6] [INFO] Database :: Booting @ Master...
[2022-7-30 17:45:47] [INFO] Routes :: Mounting doc Routes...
[2022-7-30 17:45:47] [INFO] Routes :: Mounting API Routes...
[2022-7-30 17:45:47] [INFO] Booting the 'HTTP' middleware...
[2022-7-30 17:45:47] [INFO] Database :: Booting @ Master...
[2022-7-30 17:45:47] [INFO] Routes :: Mounting Web Routes...
[2022-7-30 17:45:47] [INFO] Database :: Booting @ Master...
[2022-7-30 17:46:5] [INFO] Routes :: Mounting doc Routes...
[2022-7-30 17:46:5] [INFO] Routes :: Mounting API Routes...
[2022-7-30 17:46:5] [INFO] Database :: Booting @ Master...
[2022-7-30 17:46:5] [INFO] Booting the 'HTTP' middleware...
[2022-7-30 17:46:5] [INFO] Database :: Booting @ Master...
[2022-7-30 17:46:5] [INFO] Routes :: Mounting Web Routes...
[2022-7-30 17:46:17] [INFO] Routes :: Mounting doc Routes...
[2022-7-30 17:46:17] [INFO] Routes :: Mounting API Routes...
[2022-7-30 17:46:17] [INFO] Routes :: Mounting Web Routes...
[2022-7-30 17:46:17] [INFO] Database :: Booting @ Master...
[2022-7-30 17:46:17] [INFO] Booting the 'HTTP' middleware...
[2022-7-30 17:46:17] [INFO] Database :: Booting @ Master...
[2022-7-30 17:46:17] [INFO] Database :: Booting @ Master...
[2022-7-30 17:46:17] [INFO] Database :: Booting @ Master...
[2022-7-30 17:46:36] [INFO] Routes :: Mounting doc Routes...
[2022-7-30 17:46:36] [INFO] Routes :: Mounting API Routes...
[2022-7-30 17:46:36] [INFO] Routes :: Mounting Web Routes...
[2022-7-30 17:46:36] [INFO] Booting the 'HTTP' middleware...
[2022-7-30 17:46:36] [INFO] Database :: Booting @ Master...
[2022-7-30 17:46:36] [INFO] Database :: Booting @ Master...
[2022-7-30 17:46:36] [INFO] Database :: Booting @ Master...
[2022-7-30 17:46:36] [INFO] Database :: Booting @ Master...
[2022-7-30 17:46:54] [INFO] Routes :: Mounting doc Routes...
[2022-7-30 17:46:54] [INFO] Routes :: Mounting API Routes...
[2022-7-30 17:46:54] [INFO] Booting the 'HTTP' middleware...
[2022-7-30 17:46:54] [INFO] Routes :: Mounting Web Routes...
[2022-7-30 17:46:54] [INFO] Database :: Booting @ Master...
[2022-7-30 17:46:54] [INFO] Database :: Booting @ Master...
[2022-7-30 17:47:9] [INFO] Routes :: Mounting doc Routes...
[2022-7-30 17:47:9] [INFO] Routes :: Mounting API Routes...
[2022-7-30 17:47:9] [INFO] Database :: Booting @ Master...
[2022-7-30 17:47:9] [INFO] Routes :: Mounting Web Routes...
[2022-7-30 17:47:9] [INFO] Database :: Booting @ Master...
[2022-7-30 17:47:9] [INFO] Booting the 'HTTP' middleware...
[2022-7-30 17:47:18] [INFO] Routes :: Mounting doc Routes...
[2022-7-30 17:47:18] [INFO] Routes :: Mounting API Routes...
[2022-7-30 17:47:18] [INFO] Database :: Booting @ Master...
[2022-7-30 17:47:18] [INFO] Routes :: Mounting Web Routes...
[2022-7-30 17:47:18] [INFO] Booting the 'HTTP' middleware...
[2022-7-30 17:47:18] [INFO] Database :: Booting @ Master...
[2022-7-30 18:2:4] [INFO] Routes :: Mounting doc Routes...
[2022-7-30 18:2:4] [INFO] Routes :: Mounting API Routes...
[2022-7-30 18:2:4] [INFO] Routes :: Mounting Web Routes...
[2022-7-30 18:2:4] [INFO] Booting the 'HTTP' middleware...
[2022-7-30 18:2:4] [INFO] Database :: Booting @ Master...
[2022-7-30 18:2:4] [INFO] Database :: Booting @ Master...
[2022-7-30 18:2:9] [INFO] Routes :: Mounting doc Routes...
[2022-7-30 18:2:9] [INFO] Routes :: Mounting API Routes...
[2022-7-30 18:2:9] [INFO] Routes :: Mounting Web Routes...
[2022-7-30 18:2:9] [INFO] Booting the 'HTTP' middleware...
[2022-7-30 18:2:9] [INFO] Database :: Booting @ Master...
[2022-7-30 18:2:9] [INFO] Database :: Booting @ Master...
[2022-7-30 18:4:46] [INFO] Routes :: Mounting doc Routes...
[2022-7-30 18:4:46] [INFO] Routes :: Mounting API Routes...
[2022-7-30 18:4:46] [INFO] Database :: Booting @ Master...
[2022-7-30 18:4:46] [INFO] Routes :: Mounting Web Routes...
[2022-7-30 18:4:46] [INFO] Database :: Booting @ Master...
[2022-7-30 18:4:46] [INFO] Booting the 'HTTP' middleware...
[2022-7-30 18:5:3] [INFO] Routes :: Mounting doc Routes...
[2022-7-30 18:5:3] [INFO] Routes :: Mounting API Routes...
[2022-7-30 18:5:3] [INFO] Routes :: Mounting Web Routes...
[2022-7-30 18:5:3] [INFO] Database :: Booting @ Master...
[2022-7-30 18:5:3] [INFO] Booting the 'HTTP' middleware...
[2022-7-30 18:5:3] [INFO] Database :: Booting @ Master...
[2022-7-30 18:5:31] [INFO] Routes :: Mounting doc Routes...
[2022-7-30 18:5:31] [INFO] Routes :: Mounting API Routes...
[2022-7-30 18:5:31] [INFO] Routes :: Mounting Web Routes...
[2022-7-30 18:5:31] [INFO] Booting the 'HTTP' middleware...
[2022-7-30 18:5:31] [INFO] Database :: Booting @ Master...
[2022-7-30 18:5:31] [INFO] Database :: Booting @ Master...
[2022-7-30 18:6:25] [INFO] Routes :: Mounting doc Routes...
[2022-7-30 18:6:25] [INFO] Routes :: Mounting API Routes...
[2022-7-30 18:6:25] [INFO] Database :: Booting @ Master...
[2022-7-30 18:6:25] [INFO] Routes :: Mounting Web Routes...
[2022-7-30 18:6:25] [INFO] Database :: Booting @ Master...
[2022-7-30 18:6:25] [INFO] Booting the 'HTTP' middleware...
[2022-7-30 18:6:25] [INFO] Database :: Booting @ Master...
[2022-7-30 18:6:38] [INFO] Routes :: Mounting doc Routes...
[2022-7-30 18:6:38] [INFO] Routes :: Mounting Web Routes...
[2022-7-30 18:6:38] [INFO] Routes :: Mounting API Routes...
[2022-7-30 18:6:38] [INFO] Booting the 'HTTP' middleware...
[2022-7-30 18:6:38] [INFO] Database :: Booting @ Master...
[2022-7-30 18:6:38] [INFO] Database :: Booting @ Master...
[2022-7-30 18:6:38] [INFO] Database :: Booting @ Master...
[2022-7-30 18:6:48] [INFO] Routes :: Mounting doc Routes...
[2022-7-30 18:6:48] [INFO] Routes :: Mounting API Routes...
[2022-7-30 18:6:48] [INFO] Routes :: Mounting Web Routes...
[2022-7-30 18:6:48] [INFO] Booting the 'HTTP' middleware...
[2022-7-30 18:6:48] [INFO] Database :: Booting @ Master...
[2022-7-30 18:6:48] [INFO] Database :: Booting @ Master...
[2022-7-30 18:7:3] [INFO] Routes :: Mounting doc Routes...
[2022-7-30 18:7:3] [INFO] Routes :: Mounting API Routes...
[2022-7-30 18:7:3] [INFO] Routes :: Mounting Web Routes...
[2022-7-30 18:7:3] [INFO] Booting the 'HTTP' middleware...
[2022-7-30 18:7:3] [INFO] Database :: Booting @ Master...
[2022-7-30 18:7:3] [INFO] Database :: Booting @ Master...
[2022-7-30 18:7:3] [INFO] Database error:: database "boilerplates" does not exist
[2022-7-30 18:7:7] [INFO] Routes :: Mounting doc Routes...
[2022-7-30 18:7:7] [INFO] Routes :: Mounting API Routes...
[2022-7-30 18:7:7] [INFO] Booting the 'HTTP' middleware...
[2022-7-30 18:7:7] [INFO] Routes :: Mounting Web Routes...
[2022-7-30 18:7:7] [INFO] Database :: Booting @ Master...
[2022-7-30 18:7:7] [INFO] Database :: Booting @ Master...
[2022-7-30 18:7:29] [INFO] Routes :: Mounting doc Routes...
[2022-7-30 18:7:29] [INFO] Routes :: Mounting API Routes...
[2022-7-30 18:7:29] [INFO] Routes :: Mounting Web Routes...
[2022-7-30 18:7:29] [INFO] Booting the 'HTTP' middleware...
[2022-7-30 18:7:29] [INFO] Database :: Booting @ Master...
[2022-7-30 18:7:29] [INFO] Database :: Booting @ Master...
[2022-7-30 18:7:29] [INFO] Database :: Booting @ Master...
[2022-7-30 18:8:13] [INFO] Routes :: Mounting doc Routes...
[2022-7-30 18:8:13] [INFO] Routes :: Mounting API Routes...
[2022-7-30 18:8:13] [INFO] Booting the 'HTTP' middleware...
[2022-7-30 18:8:13] [INFO] Database :: Booting @ Master...
[2022-7-30 18:8:13] [INFO] Database :: Booting @ Master...
[2022-7-30 18:8:13] [INFO] Routes :: Mounting Web Routes...
[2022-7-30 18:8:13] [INFO] Database :: connected...
[2022-7-30 18:9:20] [INFO] Routes :: Mounting doc Routes...
[2022-7-30 18:9:20] [INFO] Routes :: Mounting API Routes...
[2022-7-30 18:9:20] [INFO] Booting the 'HTTP' middleware...
[2022-7-30 18:9:20] [INFO] Database :: Booting @ Master...
[2022-7-30 18:9:20] [INFO] Routes :: Mounting Web Routes...
[2022-7-30 18:9:20] [INFO] Database :: Booting @ Master...
[2022-7-30 18:9:20] [INFO] Database :: connected...
[2022-7-30 18:9:28] [INFO] Routes :: Mounting doc Routes...
[2022-7-30 18:9:28] [INFO] Routes :: Mounting Web Routes...
[2022-7-30 18:9:28] [INFO] Booting the 'HTTP' middleware...
[2022-7-30 18:9:28] [INFO] Routes :: Mounting API Routes...
[2022-7-30 18:9:28] [INFO] Database :: Booting @ Master...
[2022-7-30 18:9:28] [INFO] Database :: Booting @ Master...
[2022-7-30 18:9:28] [INFO] Database :: connected...
[2022-7-30 18:12:13] [INFO] Routes :: Mounting API Routes...
[2022-7-30 18:12:13] [INFO] Routes :: Mounting doc Routes...
[2022-7-30 18:12:13] [INFO] Database :: Booting @ Master...
[2022-7-30 18:12:13] [INFO] Routes :: Mounting Web Routes...
[2022-7-30 18:12:13] [INFO] Database :: Booting @ Master...
[2022-7-30 18:12:13] [INFO] Booting the 'HTTP' middleware...
[2022-7-30 18:12:13] [INFO] Database :: connected...
[2022-7-30 18:15:8] [INFO] Routes :: Mounting doc Routes...
[2022-7-30 18:15:8] [INFO] Routes :: Mounting API Routes...
[2022-7-30 18:15:8] [INFO] Database :: Booting @ Master...
[2022-7-30 18:15:8] [INFO] Booting the 'HTTP' middleware...
[2022-7-30 18:15:8] [INFO] Database :: Booting @ Master...
[2022-7-30 18:15:8] [INFO] Routes :: Mounting Web Routes...
[2022-7-30 18:15:8] [INFO] Database :: connected...
[2022-7-30 18:19:0] [INFO] Routes :: Mounting doc Routes...
[2022-7-30 18:19:0] [INFO] Routes :: Mounting API Routes...
[2022-7-30 18:19:0] [INFO] Routes :: Mounting Web Routes...
[2022-7-30 18:19:0] [INFO] Booting the 'HTTP' middleware...
[2022-7-30 18:19:0] [INFO] Database :: Booting @ Master...
[2022-7-30 18:19:0] [INFO] Database :: Booting @ Master...
[2022-7-30 18:19:0] [INFO] Database :: connected...
[2022-7-30 18:20:6] [INFO] Routes :: Mounting doc Routes...
[2022-7-30 18:20:6] [INFO] Routes :: Mounting API Routes...
[2022-7-30 18:20:6] [INFO] Routes :: Mounting Web Routes...
[2022-7-30 18:20:6] [INFO] Booting the 'HTTP' middleware...
[2022-7-30 18:20:6] [INFO] Database :: Booting @ Master...
[2022-7-30 18:20:6] [INFO] Database :: Booting @ Master...
[2022-7-30 18:20:6] [INFO] Database :: connected...
[2022-7-30 18:20:12] [INFO] Routes :: Mounting doc Routes...
[2022-7-30 18:20:12] [INFO] Routes :: Mounting API Routes...
[2022-7-30 18:20:12] [INFO] Routes :: Mounting Web Routes...
[2022-7-30 18:20:12] [INFO] Database :: Booting @ Master...
[2022-7-30 18:20:12] [INFO] Booting the 'HTTP' middleware...
[2022-7-30 18:20:12] [INFO] Database :: Booting @ Master...
[2022-7-30 18:20:12] [INFO] Database :: connected...
[2022-7-30 18:22:34] [INFO] Routes :: Mounting doc Routes...
[2022-7-30 18:22:34] [INFO] Routes :: Mounting API Routes...
[2022-7-30 18:22:34] [INFO] Routes :: Mounting Web Routes...
[2022-7-30 18:22:34] [INFO] Booting the 'HTTP' middleware...
[2022-7-30 18:22:34] [INFO] Database :: Booting @ Master...
[2022-7-30 18:22:34] [INFO] Database :: Booting @ Master...
[2022-7-30 18:22:34] [INFO] Database :: connected...
[2022-7-30 18:23:5] [INFO] Routes :: Mounting doc Routes...
[2022-7-30 18:23:5] [INFO] Routes :: Mounting API Routes...
[2022-7-30 18:23:5] [INFO] Routes :: Mounting Web Routes...
[2022-7-30 18:23:5] [INFO] Booting the 'HTTP' middleware...
[2022-7-30 18:23:5] [INFO] Database :: Booting @ Master...
[2022-7-30 18:23:5] [INFO] Database :: Booting @ Master...
[2022-7-30 18:23:5] [INFO] Database :: connected...
[2022-7-30 18:34:13] [INFO] Routes :: Mounting doc Routes...
[2022-7-30 18:34:13] [INFO] Routes :: Mounting API Routes...
[2022-7-30 18:34:13] [INFO] Routes :: Mounting Web Routes...
[2022-7-30 18:34:13] [INFO] Booting the 'HTTP' middleware...
[2022-7-30 18:34:13] [INFO] Database :: Booting @ Master...
[2022-7-30 18:34:13] [INFO] Database :: Booting @ Master...
[2022-7-30 18:34:13] [INFO] Database :: connected...
