[2022-12-23 10:13:22] [INFO] Routes :: Mounting doc Routes...
[2022-12-23 10:13:22] [INFO] Routes :: Mounting API Routes...
[2022-12-23 10:13:22] [INFO] Routes :: Mounting Web Routes...
[2022-12-23 10:13:28] [INFO] Booting the 'HTTP' middleware...
[2022-12-23 10:13:28] [INFO] Database :: Booting @ Master...
[2022-12-23 10:22:35] [INFO] Routes :: Mounting doc Routes...
[2022-12-23 10:22:35] [INFO] Routes :: Mounting API Routes...
[2022-12-23 10:22:35] [INFO] Routes :: Mounting Web Routes...
[2022-12-23 10:22:38] [INFO] Booting the 'HTTP' middleware...
[2022-12-23 10:22:38] [INFO] Database :: Booting @ Master...
[2022-12-23 10:24:23] [INFO] Routes :: Mounting doc Routes...
[2022-12-23 10:24:23] [INFO] Routes :: Mounting API Routes...
[2022-12-23 10:24:23] [INFO] Routes :: Mounting Web Routes...
[2022-12-23 10:24:26] [INFO] Booting the 'HTTP' middleware...
[2022-12-23 10:24:26] [INFO] Database :: Booting @ Master...
[2022-12-23 10:25:7] [INFO] Routes :: Mounting doc Routes...
[2022-12-23 10:25:7] [INFO] Routes :: Mounting API Routes...
[2022-12-23 10:25:7] [INFO] Routes :: Mounting Web Routes...
[2022-12-23 10:25:10] [INFO] Booting the 'HTTP' middleware...
[2022-12-23 10:25:10] [INFO] Database :: Booting @ Master...
[2022-12-23 10:37:26] [INFO] Routes :: Mounting doc Routes...
[2022-12-23 10:37:26] [INFO] Routes :: Mounting API Routes...
[2022-12-23 10:37:26] [INFO] Routes :: Mounting Web Routes...
[2022-12-23 10:37:29] [INFO] Booting the 'HTTP' middleware...
[2022-12-23 10:37:29] [INFO] Database :: Booting @ Master...
[2022-12-23 10:40:47] [INFO] Routes :: Mounting doc Routes...
[2022-12-23 10:40:47] [INFO] Routes :: Mounting API Routes...
[2022-12-23 10:40:47] [INFO] Routes :: Mounting Web Routes...
[2022-12-23 10:40:51] [INFO] Booting the 'HTTP' middleware...
[2022-12-23 10:40:51] [INFO] Database :: Booting @ Master...
[2022-12-23 10:42:41] [INFO] Routes :: Mounting doc Routes...
[2022-12-23 10:42:41] [INFO] Routes :: Mounting API Routes...
[2022-12-23 10:42:41] [INFO] Routes :: Mounting Web Routes...
[2022-12-23 10:42:45] [INFO] Booting the 'HTTP' middleware...
[2022-12-23 10:42:45] [INFO] Database :: Booting @ Master...
[2022-12-23 10:43:36] [INFO] Routes :: Mounting doc Routes...
[2022-12-23 10:43:36] [INFO] Routes :: Mounting API Routes...
[2022-12-23 10:43:36] [INFO] Routes :: Mounting Web Routes...
[2022-12-23 10:43:39] [INFO] Booting the 'HTTP' middleware...
[2022-12-23 10:43:39] [INFO] Database :: Booting @ Master...
[2022-12-23 10:44:59] [INFO] Routes :: Mounting doc Routes...
[2022-12-23 10:44:59] [INFO] Routes :: Mounting API Routes...
[2022-12-23 10:44:59] [INFO] Routes :: Mounting Web Routes...
[2022-12-23 10:45:3] [INFO] Booting the 'HTTP' middleware...
[2022-12-23 10:45:3] [INFO] Database :: Booting @ Master...
[2022-12-23 10:47:13] [INFO] Routes :: Mounting doc Routes...
[2022-12-23 10:47:13] [INFO] Routes :: Mounting API Routes...
[2022-12-23 10:47:13] [INFO] Routes :: Mounting Web Routes...
[2022-12-23 10:47:16] [INFO] Booting the 'HTTP' middleware...
[2022-12-23 10:47:16] [INFO] Database :: Booting @ Master...
[2022-12-23 10:47:13] [ERROR] Path '/api/auth/login' not found [IP: '::1']!
[2022-12-23 10:59:26] [INFO] Routes :: Mounting doc Routes...
[2022-12-23 10:59:26] [INFO] Routes :: Mounting API Routes...
[2022-12-23 10:59:26] [INFO] Routes :: Mounting Web Routes...
[2022-12-23 10:59:29] [INFO] Booting the 'HTTP' middleware...
[2022-12-23 10:59:29] [INFO] Database :: Booting @ Master...
[2022-12-23 10:59:26] [ERROR] Path '/api/auth/login' not found [IP: '::1']!
[2022-12-23 10:59:26] [ERROR] Path '/api/' not found [IP: '::1']!
[2022-12-23 10:59:26] [ERROR] Path '/api/auth/logout' not found [IP: '::1']!
[2022-12-23 10:59:26] [ERROR] Path '/api/auth/login' not found [IP: '::1']!
[2022-12-23 11:0:40] [INFO] Routes :: Mounting doc Routes...
[2022-12-23 11:0:40] [INFO] Routes :: Mounting API Routes...
[2022-12-23 11:0:40] [INFO] Routes :: Mounting Web Routes...
[2022-12-23 11:0:44] [INFO] Booting the 'HTTP' middleware...
[2022-12-23 11:0:44] [INFO] Database :: Booting @ Master...
[2022-12-23 11:1:14] [INFO] Routes :: Mounting doc Routes...
[2022-12-23 11:1:14] [INFO] Routes :: Mounting API Routes...
[2022-12-23 11:1:14] [INFO] Routes :: Mounting Web Routes...
[2022-12-23 11:1:17] [INFO] Booting the 'HTTP' middleware...
[2022-12-23 11:1:17] [INFO] Database :: Booting @ Master...
[2022-12-23 11:1:14] [ERROR] Path '/api/auth/login' not found [IP: '::1']!
[2022-12-23 11:1:14] [ERROR] Path '/api/auth/login' not found [IP: '::1']!
[2022-12-23 11:1:53] [INFO] Routes :: Mounting doc Routes...
[2022-12-23 11:1:53] [INFO] Routes :: Mounting API Routes...
[2022-12-23 11:1:53] [INFO] Routes :: Mounting Web Routes...
[2022-12-23 11:1:56] [INFO] Booting the 'HTTP' middleware...
[2022-12-23 11:1:56] [INFO] Database :: Booting @ Master...
[2022-12-23 11:2:16] [INFO] Routes :: Mounting doc Routes...
[2022-12-23 11:2:16] [INFO] Routes :: Mounting Web Routes...
[2022-12-23 11:2:16] [INFO] Routes :: Mounting API Routes...
[2022-12-23 11:2:19] [INFO] Booting the 'HTTP' middleware...
[2022-12-23 11:2:19] [INFO] Database :: Booting @ Master...
[2022-12-23 11:2:16] [ERROR] Path '/api/auth/login' not found [IP: '::1']!
[2022-12-23 11:2:16] [ERROR] Path '/api/auth/login' not found [IP: '::1']!
[2022-12-23 11:2:43] [INFO] Routes :: Mounting doc Routes...
[2022-12-23 11:2:43] [INFO] Routes :: Mounting API Routes...
[2022-12-23 11:2:47] [INFO] Booting the 'HTTP' middleware...
[2022-12-23 11:2:47] [INFO] Database :: Booting @ Master...
[2022-12-23 11:2:44] [ERROR] Path '/api/auth/login' not found [IP: '::1']!
[2022-12-23 11:2:44] [ERROR] Path '/api/auth/register' not found [IP: '::1']!
[2022-12-23 11:5:18] [INFO] Routes :: Mounting doc Routes...
[2022-12-23 11:5:18] [INFO] Routes :: Mounting API Routes...
[2022-12-23 11:5:18] [INFO] Routes :: Mounting Web Routes...
[2022-12-23 11:5:21] [INFO] Booting the 'HTTP' middleware...
[2022-12-23 11:5:21] [INFO] Database :: Booting @ Master...
[2022-12-23 11:5:18] [ERROR] Path '/api/auth/verify-account' not found [IP: '::1']!
[2022-12-23 11:5:18] [ERROR] Path '/api/auth/refresh-token' not found [IP: '::1']!
[2022-12-23 11:5:18] [ERROR] Path '/api/auth/forgot-password' not found [IP: '::1']!
[2022-12-23 11:5:18] [ERROR] Path '/api/auth/send-verification-code' not found [IP: '::1']!
[2022-12-23 11:14:19] [INFO] Routes :: Mounting doc Routes...
[2022-12-23 11:14:19] [INFO] Routes :: Mounting API Routes...
[2022-12-23 11:14:19] [INFO] Routes :: Mounting Web Routes...
[2022-12-23 11:14:23] [INFO] Booting the 'HTTP' middleware...
[2022-12-23 11:14:23] [INFO] Database :: Booting @ Master...
[2022-12-23 11:14:20] [ERROR] Path '/api/auth/send-verification-code' not found [IP: '::1']!
[2022-12-23 11:15:37] [INFO] Routes :: Mounting doc Routes...
[2022-12-23 11:15:37] [INFO] Routes :: Mounting API Routes...
[2022-12-23 11:15:37] [INFO] Routes :: Mounting Web Routes...
[2022-12-23 11:15:41] [INFO] Booting the 'HTTP' middleware...
[2022-12-23 11:15:41] [INFO] Database :: Booting @ Master...
[2022-12-23 11:15:38] [ERROR] Path '/api/auth/send-verification-code' not found [IP: '::1']!
[2022-12-23 11:17:34] [INFO] Routes :: Mounting doc Routes...
[2022-12-23 11:17:34] [INFO] Routes :: Mounting API Routes...
[2022-12-23 11:17:34] [INFO] Routes :: Mounting Web Routes...
[2022-12-23 11:17:37] [INFO] Booting the 'HTTP' middleware...
[2022-12-23 11:17:37] [INFO] Database :: Booting @ Master...
[2022-12-23 11:17:34] [ERROR] Path '/api/auth/send-verification-code' not found [IP: '::1']!
[2022-12-23 11:18:23] [INFO] Routes :: Mounting doc Routes...
[2022-12-23 11:18:23] [INFO] Routes :: Mounting API Routes...
[2022-12-23 11:18:23] [INFO] Routes :: Mounting Web Routes...
[2022-12-23 11:18:26] [INFO] Booting the 'HTTP' middleware...
[2022-12-23 11:18:26] [INFO] Database :: Booting @ Master...
[2022-12-23 11:18:23] [ERROR] Path '/api/auth/send-verification-code' not found [IP: '::1']!
[2022-12-23 11:18:23] [ERROR] Path '/mnt/c/Users/Roku/Documents/Work/Qwerty/boilerplate/typeScript/public/favicon.ico' not found [IP: '::1']!
[2022-12-23 11:36:5] [INFO] Routes :: Mounting doc Routes...
[2022-12-23 11:36:5] [INFO] Routes :: Mounting Web Routes...
[2022-12-23 11:36:5] [INFO] Routes :: Mounting API Routes...
[2022-12-23 11:36:10] [INFO] Booting the 'HTTP' middleware...
[2022-12-23 11:36:10] [INFO] Database :: Booting @ Master...
[2022-12-23 11:37:14] [INFO] Routes :: Mounting doc Routes...
[2022-12-23 11:37:14] [INFO] Routes :: Mounting API Routes...
[2022-12-23 11:37:14] [INFO] Routes :: Mounting Web Routes...
[2022-12-23 11:37:17] [INFO] Booting the 'HTTP' middleware...
[2022-12-23 11:37:17] [INFO] Database :: Booting @ Master...
[2022-12-23 11:37:14] [ERROR] Path '/mnt/c/Users/Roku/Documents/Work/Qwerty/boilerplate/typeScript/src/public/favicon.ico' not found [IP: '::1']!
[2022-12-23 11:38:8] [INFO] Routes :: Mounting doc Routes...
[2022-12-23 11:38:8] [INFO] Routes :: Mounting API Routes...
[2022-12-23 11:38:8] [INFO] Routes :: Mounting Web Routes...
[2022-12-23 11:38:11] [INFO] Booting the 'HTTP' middleware...
[2022-12-23 11:38:11] [INFO] Database :: Booting @ Master...
[2022-12-23 11:38:8] [ERROR] Path '/mnt/c/Users/Roku/Documents/Work/Qwerty/boilerplate/typeScript/public/favicon.ico' not found [IP: '::1']!
[2022-12-23 11:38:8] [ERROR] Path '/mnt/c/Users/Roku/Documents/Work/Qwerty/boilerplate/typeScript/public/favicon.ico' not found [IP: '::1']!
[2022-12-23 11:38:8] [ERROR] Path '/mnt/c/Users/Roku/Documents/Work/Qwerty/boilerplate/typeScript/public/favicon.ico' not found [IP: '::1']!
[2022-12-23 11:41:6] [INFO] Routes :: Mounting doc Routes...
[2022-12-23 11:41:6] [INFO] Routes :: Mounting API Routes...
[2022-12-23 11:41:6] [INFO] Routes :: Mounting Web Routes...
[2022-12-23 11:41:10] [INFO] Booting the 'HTTP' middleware...
[2022-12-23 11:41:10] [INFO] Database :: Booting @ Master...
[2022-12-23 11:41:6] [ERROR] Path '/mnt/c/Users/Roku/Documents/Work/Qwerty/boilerplate/typeScript/public/favicon.ico' not found [IP: '::1']!
[2022-12-23 11:41:54] [INFO] Routes :: Mounting doc Routes...
[2022-12-23 11:41:54] [INFO] Routes :: Mounting API Routes...
[2022-12-23 11:41:54] [INFO] Routes :: Mounting Web Routes...
[2022-12-23 11:41:58] [INFO] Booting the 'HTTP' middleware...
[2022-12-23 11:41:58] [INFO] Database :: Booting @ Master...
[2022-12-23 11:42:29] [INFO] Routes :: Mounting doc Routes...
[2022-12-23 11:42:29] [INFO] Routes :: Mounting API Routes...
[2022-12-23 11:42:29] [INFO] Routes :: Mounting Web Routes...
[2022-12-23 11:42:32] [INFO] Booting the 'HTTP' middleware...
[2022-12-23 11:42:32] [INFO] Database :: Booting @ Master...
[2022-12-23 11:48:50] [INFO] Routes :: Mounting doc Routes...
[2022-12-23 11:48:50] [INFO] Routes :: Mounting API Routes...
[2022-12-23 11:48:50] [INFO] Routes :: Mounting Web Routes...
[2022-12-23 11:48:54] [INFO] Booting the 'HTTP' middleware...
[2022-12-23 11:48:54] [INFO] Database :: Booting @ Master...
[2022-12-23 11:50:25] [INFO] Routes :: Mounting doc Routes...
[2022-12-23 11:50:25] [INFO] Routes :: Mounting Web Routes...
[2022-12-23 11:50:25] [INFO] Routes :: Mounting API Routes...
[2022-12-23 11:50:29] [INFO] Booting the 'HTTP' middleware...
[2022-12-23 11:50:29] [INFO] Database :: Booting @ Master...
[2022-12-23 12:2:24] [INFO] Routes :: Mounting doc Routes...
[2022-12-23 12:2:24] [INFO] Routes :: Mounting API Routes...
[2022-12-23 12:2:24] [INFO] Routes :: Mounting Web Routes...
[2022-12-23 12:2:27] [INFO] Booting the 'HTTP' middleware...
[2022-12-23 12:2:27] [INFO] Database :: Booting @ Master...
[2022-12-23 12:4:9] [INFO] Routes :: Mounting doc Routes...
[2022-12-23 12:4:9] [INFO] Routes :: Mounting API Routes...
[2022-12-23 12:4:9] [INFO] Routes :: Mounting Web Routes...
[2022-12-23 12:4:12] [INFO] Booting the 'HTTP' middleware...
[2022-12-23 12:4:12] [INFO] Database :: Booting @ Master...
[2022-12-23 12:13:30] [INFO] Routes :: Mounting doc Routes...
[2022-12-23 12:13:30] [INFO] Routes :: Mounting API Routes...
[2022-12-23 12:13:30] [INFO] Routes :: Mounting Web Routes...
[2022-12-23 12:13:33] [INFO] Booting the 'HTTP' middleware...
[2022-12-23 12:13:33] [INFO] Database :: Booting @ Master...
[2022-12-23 12:15:19] [INFO] Routes :: Mounting doc Routes...
[2022-12-23 12:15:19] [INFO] Routes :: Mounting API Routes...
[2022-12-23 12:15:19] [INFO] Routes :: Mounting Web Routes...
[2022-12-23 12:15:22] [INFO] Booting the 'HTTP' middleware...
[2022-12-23 12:15:22] [INFO] Database :: Booting @ Master...
[2022-12-23 12:15:19] [ERROR] Path '/api/admin/audit_log' not found [IP: '::1']!
[2022-12-23 12:16:43] [INFO] Routes :: Mounting doc Routes...
[2022-12-23 12:16:43] [INFO] Routes :: Mounting API Routes...
[2022-12-23 12:16:43] [INFO] Routes :: Mounting Web Routes...
[2022-12-23 12:16:46] [INFO] Booting the 'HTTP' middleware...
[2022-12-23 12:16:46] [INFO] Database :: Booting @ Master...
[2022-12-23 12:27:1] [INFO] Routes :: Mounting doc Routes...
[2022-12-23 12:27:1] [INFO] Routes :: Mounting API Routes...
[2022-12-23 12:27:1] [INFO] Routes :: Mounting Web Routes...
[2022-12-23 12:27:4] [INFO] Booting the 'HTTP' middleware...
[2022-12-23 12:27:4] [INFO] Database :: Booting @ Master...
[2022-12-23 12:31:2] [INFO] Routes :: Mounting doc Routes...
[2022-12-23 12:31:2] [INFO] Routes :: Mounting API Routes...
[2022-12-23 12:31:2] [INFO] Routes :: Mounting Web Routes...
[2022-12-23 12:31:6] [INFO] Booting the 'HTTP' middleware...
[2022-12-23 12:31:6] [INFO] Database :: Booting @ Master...
[2022-12-23 12:32:11] [INFO] Routes :: Mounting doc Routes...
[2022-12-23 12:32:11] [INFO] Routes :: Mounting API Routes...
[2022-12-23 12:32:11] [INFO] Routes :: Mounting Web Routes...
[2022-12-23 12:32:14] [INFO] Booting the 'HTTP' middleware...
[2022-12-23 12:32:14] [INFO] Database :: Booting @ Master...
[2022-12-23 13:1:29] [INFO] Routes :: Mounting doc Routes...
[2022-12-23 13:1:29] [INFO] Routes :: Mounting API Routes...
[2022-12-23 13:1:29] [INFO] Routes :: Mounting Web Routes...
[2022-12-23 13:1:32] [INFO] Booting the 'HTTP' middleware...
[2022-12-23 13:1:32] [INFO] Database :: Booting @ Master...
[2022-12-23 13:1:29] [ERROR] Path '/api/auth/groups' not found [IP: '::1']!
[2022-12-23 13:2:39] [INFO] Routes :: Mounting doc Routes...
[2022-12-23 13:2:39] [INFO] Routes :: Mounting API Routes...
[2022-12-23 13:2:39] [INFO] Routes :: Mounting Web Routes...
[2022-12-23 13:2:42] [INFO] Booting the 'HTTP' middleware...
[2022-12-23 13:2:42] [INFO] Database :: Booting @ Master...
[2022-12-23 13:22:39] [INFO] Routes :: Mounting doc Routes...
[2022-12-23 13:22:39] [INFO] Routes :: Mounting API Routes...
[2022-12-23 13:22:39] [INFO] Routes :: Mounting Web Routes...
[2022-12-23 13:22:42] [INFO] Booting the 'HTTP' middleware...
[2022-12-23 13:22:42] [INFO] Database :: Booting @ Master...
[2022-12-23 13:23:28] [INFO] Routes :: Mounting doc Routes...
[2022-12-23 13:23:28] [INFO] Routes :: Mounting API Routes...
[2022-12-23 13:23:28] [INFO] Routes :: Mounting Web Routes...
[2022-12-23 13:23:31] [INFO] Booting the 'HTTP' middleware...
[2022-12-23 13:23:31] [INFO] Database :: Booting @ Master...
[2022-12-23 13:29:37] [INFO] Routes :: Mounting doc Routes...
[2022-12-23 13:29:37] [INFO] Routes :: Mounting API Routes...
[2022-12-23 13:29:37] [INFO] Routes :: Mounting Web Routes...
[2022-12-23 13:29:40] [INFO] Booting the 'HTTP' middleware...
[2022-12-23 13:29:40] [INFO] Database :: Booting @ Master...
[2022-12-23 13:49:4] [INFO] Routes :: Mounting doc Routes...
[2022-12-23 13:49:4] [INFO] Routes :: Mounting API Routes...
[2022-12-23 13:49:4] [INFO] Routes :: Mounting Web Routes...
[2022-12-23 13:49:7] [INFO] Booting the 'HTTP' middleware...
[2022-12-23 13:49:7] [INFO] Database :: Booting @ Master...
[2022-12-23 13:49:4] [ERROR] TypeError: Cannot set properties of null (setting 'firstName')
    at /mnt/c/Users/Roku/Documents/Work/Qwerty/boilerplate/typeScript/src/controllers/api/userController.ts:196:21
    at Generator.next (<anonymous>)
    at /mnt/c/Users/Roku/Documents/Work/Qwerty/boilerplate/typeScript/src/controllers/api/userController.ts:8:71
    at new Promise (<anonymous>)
    at __awaiter (/mnt/c/Users/Roku/Documents/Work/Qwerty/boilerplate/typeScript/src/controllers/api/userController.ts:4:12)
    at updateProfile (/mnt/c/Users/Roku/Documents/Work/Qwerty/boilerplate/typeScript/src/controllers/api/userController.ts:177:16)
    at Layer.handle [as handle_request] (/mnt/c/Users/Roku/Documents/Work/Qwerty/boilerplate/typeScript/node_modules/express/lib/router/layer.js:95:5)
    at next (/mnt/c/Users/Roku/Documents/Work/Qwerty/boilerplate/typeScript/node_modules/express/lib/router/route.js:144:13)
    at Route.dispatch (/mnt/c/Users/Roku/Documents/Work/Qwerty/boilerplate/typeScript/node_modules/express/lib/router/route.js:114:3)
    at Layer.handle [as handle_request] (/mnt/c/Users/Roku/Documents/Work/Qwerty/boilerplate/typeScript/node_modules/express/lib/router/layer.js:95:5)
[2022-12-23 13:53:25] [INFO] Routes :: Mounting doc Routes...
[2022-12-23 13:53:25] [INFO] Routes :: Mounting API Routes...
[2022-12-23 13:53:25] [INFO] Routes :: Mounting Web Routes...
[2022-12-23 13:53:28] [INFO] Booting the 'HTTP' middleware...
[2022-12-23 13:53:28] [INFO] Database :: Booting @ Master...
[2022-12-23 13:53:25] [ERROR] TypeError: Cannot set properties of null (setting 'firstName')
    at /mnt/c/Users/Roku/Documents/Work/Qwerty/boilerplate/typeScript/src/controllers/api/userController.ts:196:21
    at Generator.next (<anonymous>)
    at /mnt/c/Users/Roku/Documents/Work/Qwerty/boilerplate/typeScript/src/controllers/api/userController.ts:8:71
    at new Promise (<anonymous>)
    at __awaiter (/mnt/c/Users/Roku/Documents/Work/Qwerty/boilerplate/typeScript/src/controllers/api/userController.ts:4:12)
    at updateProfile (/mnt/c/Users/Roku/Documents/Work/Qwerty/boilerplate/typeScript/src/controllers/api/userController.ts:177:16)
    at Layer.handle [as handle_request] (/mnt/c/Users/Roku/Documents/Work/Qwerty/boilerplate/typeScript/node_modules/express/lib/router/layer.js:95:5)
    at next (/mnt/c/Users/Roku/Documents/Work/Qwerty/boilerplate/typeScript/node_modules/express/lib/router/route.js:144:13)
    at Route.dispatch (/mnt/c/Users/Roku/Documents/Work/Qwerty/boilerplate/typeScript/node_modules/express/lib/router/route.js:114:3)
    at Layer.handle [as handle_request] (/mnt/c/Users/Roku/Documents/Work/Qwerty/boilerplate/typeScript/node_modules/express/lib/router/layer.js:95:5)
[2022-12-23 13:53:25] [ERROR] Path '/favicon.ico' not found [IP: '::1']!
[2022-12-23 14:0:35] [INFO] Routes :: Mounting doc Routes...
[2022-12-23 14:0:35] [INFO] Routes :: Mounting API Routes...
[2022-12-23 14:0:35] [INFO] Routes :: Mounting Web Routes...
[2022-12-23 14:0:39] [INFO] Booting the 'HTTP' middleware...
[2022-12-23 14:0:39] [INFO] Database :: Booting @ Master...
[2022-12-23 14:1:46] [INFO] Routes :: Mounting doc Routes...
[2022-12-23 14:1:46] [INFO] Routes :: Mounting API Routes...
[2022-12-23 14:1:46] [INFO] Routes :: Mounting Web Routes...
[2022-12-23 14:1:49] [INFO] Booting the 'HTTP' middleware...
[2022-12-23 14:1:49] [INFO] Database :: Booting @ Master...
[2022-12-23 14:2:26] [INFO] Routes :: Mounting doc Routes...
[2022-12-23 14:2:26] [INFO] Routes :: Mounting API Routes...
[2022-12-23 14:2:26] [INFO] Routes :: Mounting Web Routes...
[2022-12-23 14:2:30] [INFO] Booting the 'HTTP' middleware...
[2022-12-23 14:2:30] [INFO] Database :: Booting @ Master...
[2022-12-23 14:4:3] [INFO] Routes :: Mounting doc Routes...
[2022-12-23 14:4:3] [INFO] Routes :: Mounting API Routes...
[2022-12-23 14:4:3] [INFO] Routes :: Mounting Web Routes...
[2022-12-23 14:4:6] [INFO] Booting the 'HTTP' middleware...
[2022-12-23 14:4:6] [INFO] Database :: Booting @ Master...
[2022-12-23 14:7:28] [INFO] Routes :: Mounting doc Routes...
[2022-12-23 14:7:28] [INFO] Routes :: Mounting API Routes...
[2022-12-23 14:7:28] [INFO] Routes :: Mounting Web Routes...
[2022-12-23 14:7:31] [INFO] Booting the 'HTTP' middleware...
[2022-12-23 14:7:31] [INFO] Database :: Booting @ Master...
[2022-12-23 14:7:28] [ERROR] ReferenceError: /mnt/c/Users/Roku/Documents/Work/Qwerty/boilerplate/typeScript/src/views/layout.ejs:19
    17|     <!-- Begin page -->
    18|     <div id="layout-wrapper">
 >> 19|       <%- include ('./Partials/HeaderHome') %> <%- body %>
    20|     </div>
    21|     <%- include ('./Partials/VendorScript') %>
    22| 

/mnt/c/Users/Roku/Documents/Work/Qwerty/boilerplate/typeScript/src/views/Partials/HeaderHome.ejs:43
    41|           />
    42|           <span class="d-none d-xl-inline-block ms-1 fw-medium"
 >> 43|             ><%=translation.Shawn_L%>.</span
    44|           >
    45|           <i class="mdi mdi-chevron-down d-none d-xl-inline-block"></i>
    46|         </button>

translation is not defined
    at eval ("/mnt/c/Users/Roku/Documents/Work/Qwerty/boilerplate/typeScript/src/views/Partials/HeaderHome.ejs":12:25)
    at HeaderHome (/mnt/c/Users/Roku/Documents/Work/Qwerty/boilerplate/typeScript/node_modules/ejs/lib/ejs.js:703:17)
    at include (/mnt/c/Users/Roku/Documents/Work/Qwerty/boilerplate/typeScript/node_modules/ejs/lib/ejs.js:701:39)
    at eval ("/mnt/c/Users/Roku/Documents/Work/Qwerty/boilerplate/typeScript/src/views/layout.ejs":18:17)
    at layout (/mnt/c/Users/Roku/Documents/Work/Qwerty/boilerplate/typeScript/node_modules/ejs/lib/ejs.js:703:17)
    at tryHandleCache (/mnt/c/Users/Roku/Documents/Work/Qwerty/boilerplate/typeScript/node_modules/ejs/lib/ejs.js:274:36)
    at View.exports.renderFile [as engine] (/mnt/c/Users/Roku/Documents/Work/Qwerty/boilerplate/typeScript/node_modules/ejs/lib/ejs.js:491:10)
    at View.render (/mnt/c/Users/Roku/Documents/Work/Qwerty/boilerplate/typeScript/node_modules/express/lib/view.js:135:8)
    at tryRender (/mnt/c/Users/Roku/Documents/Work/Qwerty/boilerplate/typeScript/node_modules/express/lib/application.js:657:10)
    at Function.render (/mnt/c/Users/Roku/Documents/Work/Qwerty/boilerplate/typeScript/node_modules/express/lib/application.js:609:3)
[2022-12-23 14:7:28] [ERROR] ReferenceError: /mnt/c/Users/Roku/Documents/Work/Qwerty/boilerplate/typeScript/src/views/layout.ejs:19
    17|     <!-- Begin page -->
    18|     <div id="layout-wrapper">
 >> 19|       <%- include ('./Partials/HeaderHome') %> <%- body %>
    20|     </div>
    21|     <%- include ('./Partials/VendorScript') %>
    22| 

/mnt/c/Users/Roku/Documents/Work/Qwerty/boilerplate/typeScript/src/views/Partials/HeaderHome.ejs:43
    41|           />
    42|           <span class="d-none d-xl-inline-block ms-1 fw-medium"
 >> 43|             ><%=translation.Shawn_L%>.</span
    44|           >
    45|           <i class="mdi mdi-chevron-down d-none d-xl-inline-block"></i>
    46|         </button>

translation is not defined
    at eval ("/mnt/c/Users/Roku/Documents/Work/Qwerty/boilerplate/typeScript/src/views/Partials/HeaderHome.ejs":12:25)
    at HeaderHome (/mnt/c/Users/Roku/Documents/Work/Qwerty/boilerplate/typeScript/node_modules/ejs/lib/ejs.js:703:17)
    at include (/mnt/c/Users/Roku/Documents/Work/Qwerty/boilerplate/typeScript/node_modules/ejs/lib/ejs.js:701:39)
    at eval ("/mnt/c/Users/Roku/Documents/Work/Qwerty/boilerplate/typeScript/src/views/layout.ejs":18:17)
    at layout (/mnt/c/Users/Roku/Documents/Work/Qwerty/boilerplate/typeScript/node_modules/ejs/lib/ejs.js:703:17)
    at tryHandleCache (/mnt/c/Users/Roku/Documents/Work/Qwerty/boilerplate/typeScript/node_modules/ejs/lib/ejs.js:274:36)
    at View.exports.renderFile [as engine] (/mnt/c/Users/Roku/Documents/Work/Qwerty/boilerplate/typeScript/node_modules/ejs/lib/ejs.js:491:10)
    at View.render (/mnt/c/Users/Roku/Documents/Work/Qwerty/boilerplate/typeScript/node_modules/express/lib/view.js:135:8)
    at tryRender (/mnt/c/Users/Roku/Documents/Work/Qwerty/boilerplate/typeScript/node_modules/express/lib/application.js:657:10)
    at Function.render (/mnt/c/Users/Roku/Documents/Work/Qwerty/boilerplate/typeScript/node_modules/express/lib/application.js:609:3)
[2022-12-23 14:7:28] [ERROR] ReferenceError: /mnt/c/Users/Roku/Documents/Work/Qwerty/boilerplate/typeScript/src/views/layout.ejs:19
    17|     <!-- Begin page -->
    18|     <div id="layout-wrapper">
 >> 19|       <%- include ('./Partials/HeaderHome') %> <%- body %>
    20|     </div>
    21|     <%- include ('./Partials/VendorScript') %>
    22| 

/mnt/c/Users/Roku/Documents/Work/Qwerty/boilerplate/typeScript/src/views/Partials/HeaderHome.ejs:43
    41|           />
    42|           <span class="d-none d-xl-inline-block ms-1 fw-medium"
 >> 43|             ><%=translation.Shawn_L%>.</span
    44|           >
    45|           <i class="mdi mdi-chevron-down d-none d-xl-inline-block"></i>
    46|         </button>

translation is not defined
    at eval ("/mnt/c/Users/Roku/Documents/Work/Qwerty/boilerplate/typeScript/src/views/Partials/HeaderHome.ejs":12:25)
    at HeaderHome (/mnt/c/Users/Roku/Documents/Work/Qwerty/boilerplate/typeScript/node_modules/ejs/lib/ejs.js:703:17)
    at include (/mnt/c/Users/Roku/Documents/Work/Qwerty/boilerplate/typeScript/node_modules/ejs/lib/ejs.js:701:39)
    at eval ("/mnt/c/Users/Roku/Documents/Work/Qwerty/boilerplate/typeScript/src/views/layout.ejs":18:17)
    at layout (/mnt/c/Users/Roku/Documents/Work/Qwerty/boilerplate/typeScript/node_modules/ejs/lib/ejs.js:703:17)
    at tryHandleCache (/mnt/c/Users/Roku/Documents/Work/Qwerty/boilerplate/typeScript/node_modules/ejs/lib/ejs.js:274:36)
    at View.exports.renderFile [as engine] (/mnt/c/Users/Roku/Documents/Work/Qwerty/boilerplate/typeScript/node_modules/ejs/lib/ejs.js:491:10)
    at View.render (/mnt/c/Users/Roku/Documents/Work/Qwerty/boilerplate/typeScript/node_modules/express/lib/view.js:135:8)
    at tryRender (/mnt/c/Users/Roku/Documents/Work/Qwerty/boilerplate/typeScript/node_modules/express/lib/application.js:657:10)
    at Function.render (/mnt/c/Users/Roku/Documents/Work/Qwerty/boilerplate/typeScript/node_modules/express/lib/application.js:609:3)
[2022-12-23 14:8:30] [INFO] Routes :: Mounting doc Routes...
[2022-12-23 14:8:30] [INFO] Routes :: Mounting API Routes...
[2022-12-23 14:8:30] [INFO] Routes :: Mounting Web Routes...
[2022-12-23 14:8:33] [INFO] Booting the 'HTTP' middleware...
[2022-12-23 14:8:33] [INFO] Database :: Booting @ Master...
[2022-12-23 14:11:15] [INFO] Routes :: Mounting doc Routes...
[2022-12-23 14:11:15] [INFO] Routes :: Mounting Web Routes...
[2022-12-23 14:11:15] [INFO] Routes :: Mounting API Routes...
[2022-12-23 14:11:18] [INFO] Booting the 'HTTP' middleware...
[2022-12-23 14:11:18] [INFO] Database :: Booting @ Master...
[2022-12-23 14:13:16] [INFO] Routes :: Mounting doc Routes...
[2022-12-23 14:13:16] [INFO] Routes :: Mounting API Routes...
[2022-12-23 14:13:16] [INFO] Routes :: Mounting Web Routes...
[2022-12-23 14:13:19] [INFO] Booting the 'HTTP' middleware...
[2022-12-23 14:13:19] [INFO] Database :: Booting @ Master...
[2022-12-23 14:13:50] [INFO] Routes :: Mounting doc Routes...
[2022-12-23 14:13:50] [INFO] Routes :: Mounting API Routes...
[2022-12-23 14:13:50] [INFO] Routes :: Mounting Web Routes...
[2022-12-23 14:13:54] [INFO] Booting the 'HTTP' middleware...
[2022-12-23 14:13:54] [INFO] Database :: Booting @ Master...
[2022-12-23 14:13:51] [ERROR] Path '/auth/login' not found [IP: '::1']!
[2022-12-23 14:13:51] [ERROR] Path '/public/assets/images/error-img.png' not found [IP: '::1']!
[2022-12-23 14:13:51] [ERROR] Path '/auth/login' not found [IP: '::1']!
[2022-12-23 14:13:51] [ERROR] Path '/public/assets/images/error-img.png' not found [IP: '::1']!
[2022-12-23 14:13:51] [ERROR] Path '/public/assets/images/users/avatar-1.jpg' not found [IP: '::1']!
[2022-12-23 14:13:51] [ERROR] Path '/public/assets/images/users/avatar-1.jpg' not found [IP: '::1']!
[2022-12-23 14:13:51] [ERROR] Path '/public/assets/images/users/avatar-1.jpg' not found [IP: '::1']!
[2022-12-23 14:13:51] [ERROR] Path '/public/assets/images/users/avatar-1.jpg' not found [IP: '::1']!
[2022-12-23 14:13:51] [ERROR] Path '/public/assets/images/users/avatar-1.jpg' not found [IP: '::1']!
[2022-12-23 14:13:51] [ERROR] Path '/public/assets/images/users/avatar-1.jpg' not found [IP: '::1']!
[2022-12-23 14:13:51] [ERROR] Path '/public/assets/images/users/avatar-1.jpg' not found [IP: '::1']!
[2022-12-23 14:13:51] [ERROR] Path '/public/assets/images/users/avatar-1.jpg' not found [IP: '::1']!
[2022-12-23 14:13:51] [ERROR] Path '/public/assets/images/users/avatar-1.jpg' not found [IP: '::1']!
[2022-12-23 14:13:51] [ERROR] Path '/public/assets/images/users/avatar-1.jpg' not found [IP: '::1']!
[2022-12-23 14:13:51] [ERROR] Path '/public/assets/images/users/avatar-1.jpg' not found [IP: '::1']!
[2022-12-23 14:13:51] [ERROR] Path '/public/assets/images/users/avatar-1.jpg' not found [IP: '::1']!
[2022-12-23 14:13:51] [ERROR] Path '/public/assets/images/users/avatar-1.jpg' not found [IP: '::1']!
[2022-12-23 14:13:51] [ERROR] Path '/public/assets/images/users/avatar-1.jpg' not found [IP: '::1']!
[2022-12-23 14:13:51] [ERROR] Path '/public/assets/images/users/avatar-1.jpg' not found [IP: '::1']!
[2022-12-23 14:13:51] [ERROR] Path '/public/assets/images/small/img-1.jpg' not found [IP: '::1']!
[2022-12-23 14:13:51] [ERROR] Path '/public/assets/images/small/img-1.jpg' not found [IP: '::1']!
[2022-12-23 14:13:51] [ERROR] Path '/public/assets/images/small/img-1.jpg' not found [IP: '::1']!
[2022-12-23 14:13:51] [ERROR] Path '/public/assets/images/users/avatar-1.jpg' not found [IP: '::1']!
[2022-12-23 14:13:51] [ERROR] Path '/public/assets/images/users/avatar-1.jpg' not found [IP: '::1']!
[2022-12-23 14:13:51] [ERROR] Path '/public/assets/images/small/img-1.jpg' not found [IP: '::1']!
[2022-12-23 14:13:51] [ERROR] Path '/public/assets/images/small/img-1.jpg' not found [IP: '::1']!
[2022-12-23 14:13:51] [ERROR] Path '/public/assets/images/small/img-1.jpg' not found [IP: '::1']!
[2022-12-23 14:13:51] [ERROR] Path '/public/assets/images/users/avatar-1.jpg' not found [IP: '::1']!
[2022-12-23 14:13:51] [ERROR] Path '/public/assets/images/users/avatar-1.jpg' not found [IP: '::1']!
[2022-12-23 14:13:51] [ERROR] Path '/public/assets/images/users/avatar-1.jpg' not found [IP: '::1']!
[2022-12-23 14:13:51] [ERROR] Path '/public/assets/images/users/avatar-1.jpg' not found [IP: '::1']!
[2022-12-23 14:13:51] [ERROR] Path '/public/assets/images/users/avatar-1.jpg' not found [IP: '::1']!
[2022-12-23 14:13:51] [ERROR] Path '/public/assets/images/users/avatar-1.jpg' not found [IP: '::1']!
[2022-12-23 14:26:16] [INFO] Routes :: Mounting doc Routes...
[2022-12-23 14:26:16] [INFO] Routes :: Mounting API Routes...
[2022-12-23 14:26:16] [INFO] Routes :: Mounting Web Routes...
[2022-12-23 14:26:19] [INFO] Booting the 'HTTP' middleware...
[2022-12-23 14:26:19] [INFO] Database :: Booting @ Master...
[2022-12-23 14:28:11] [INFO] Routes :: Mounting doc Routes...
[2022-12-23 14:28:11] [INFO] Routes :: Mounting API Routes...
[2022-12-23 14:28:11] [INFO] Routes :: Mounting Web Routes...
[2022-12-23 14:28:14] [INFO] Booting the 'HTTP' middleware...
[2022-12-23 14:28:14] [INFO] Database :: Booting @ Master...
[2022-12-23 14:47:18] [INFO] Routes :: Mounting doc Routes...
[2022-12-23 14:47:18] [INFO] Routes :: Mounting API Routes...
[2022-12-23 14:47:18] [INFO] Routes :: Mounting Web Routes...
[2022-12-23 14:47:22] [INFO] Booting the 'HTTP' middleware...
[2022-12-23 14:47:22] [INFO] Database :: Booting @ Master...
[2022-12-23 16:11:41] [INFO] Routes :: Mounting doc Routes...
[2022-12-23 16:11:41] [INFO] Routes :: Mounting API Routes...
[2022-12-23 16:11:41] [INFO] Routes :: Mounting Web Routes...
[2022-12-23 16:11:51] [INFO] Booting the 'HTTP' middleware...
[2022-12-23 16:11:51] [INFO] Database :: Booting @ Master...
[2022-12-23 16:34:4] [INFO] Routes :: Mounting doc Routes...
[2022-12-23 16:34:4] [INFO] Routes :: Mounting API Routes...
[2022-12-23 16:34:4] [INFO] Routes :: Mounting Web Routes...
[2022-12-23 16:34:14] [INFO] Booting the 'HTTP' middleware...
[2022-12-23 16:34:14] [INFO] Database :: Booting @ Master...
[2022-12-23 16:37:34] [INFO] Routes :: Mounting doc Routes...
[2022-12-23 16:37:34] [INFO] Routes :: Mounting API Routes...
[2022-12-23 16:37:34] [INFO] Routes :: Mounting Web Routes...
[2022-12-23 16:37:43] [INFO] Booting the 'HTTP' middleware...
[2022-12-23 16:37:43] [INFO] Database :: Booting @ Master...
[2022-12-23 16:38:41] [INFO] Routes :: Mounting doc Routes...
[2022-12-23 16:38:41] [INFO] Routes :: Mounting API Routes...
[2022-12-23 16:38:41] [INFO] Routes :: Mounting Web Routes...
[2022-12-23 16:38:50] [INFO] Booting the 'HTTP' middleware...
[2022-12-23 16:38:50] [INFO] Database :: Booting @ Master...
[2022-12-23 16:56:14] [INFO] Routes :: Mounting doc Routes...
[2022-12-23 16:56:14] [INFO] Routes :: Mounting API Routes...
[2022-12-23 16:56:14] [INFO] Routes :: Mounting Web Routes...
[2022-12-23 16:56:21] [INFO] Booting the 'HTTP' middleware...
[2022-12-23 16:56:21] [INFO] Database :: Booting @ Master...
[2022-12-23 16:59:52] [INFO] Routes :: Mounting doc Routes...
[2022-12-23 16:59:52] [INFO] Routes :: Mounting API Routes...
[2022-12-23 16:59:52] [INFO] Routes :: Mounting Web Routes...
[2022-12-23 17:0:1] [INFO] Booting the 'HTTP' middleware...
[2022-12-23 17:0:1] [INFO] Database :: Booting @ Master...
[2022-12-23 17:8:38] [INFO] Routes :: Mounting doc Routes...
[2022-12-23 17:8:38] [INFO] Routes :: Mounting API Routes...
[2022-12-23 17:8:38] [INFO] Routes :: Mounting Web Routes...
[2022-12-23 17:8:47] [INFO] Booting the 'HTTP' middleware...
[2022-12-23 17:8:47] [INFO] Database :: Booting @ Master...
[2022-12-23 17:10:31] [INFO] Routes :: Mounting doc Routes...
[2022-12-23 17:10:31] [INFO] Routes :: Mounting API Routes...
[2022-12-23 17:10:31] [INFO] Routes :: Mounting Web Routes...
[2022-12-23 17:10:40] [INFO] Booting the 'HTTP' middleware...
[2022-12-23 17:10:40] [INFO] Database :: Booting @ Master...
[2022-12-23 17:12:57] [INFO] Routes :: Mounting doc Routes...
[2022-12-23 17:12:57] [INFO] Routes :: Mounting API Routes...
[2022-12-23 17:12:57] [INFO] Routes :: Mounting Web Routes...
[2022-12-23 17:13:5] [INFO] Booting the 'HTTP' middleware...
[2022-12-23 17:13:5] [INFO] Database :: Booting @ Master...
[2022-12-23 17:13:53] [INFO] Routes :: Mounting doc Routes...
[2022-12-23 17:13:53] [INFO] Routes :: Mounting API Routes...
[2022-12-23 17:13:53] [INFO] Routes :: Mounting Web Routes...
[2022-12-23 17:14:5] [INFO] Booting the 'HTTP' middleware...
[2022-12-23 17:14:5] [INFO] Database :: Booting @ Master...
[2022-12-23 17:15:50] [INFO] Routes :: Mounting doc Routes...
[2022-12-23 17:15:50] [INFO] Routes :: Mounting API Routes...
[2022-12-23 17:15:50] [INFO] Routes :: Mounting Web Routes...
[2022-12-23 17:15:58] [INFO] Booting the 'HTTP' middleware...
[2022-12-23 17:15:58] [INFO] Database :: Booting @ Master...
[2022-12-23 17:17:19] [INFO] Routes :: Mounting doc Routes...
[2022-12-23 17:17:19] [INFO] Routes :: Mounting API Routes...
[2022-12-23 17:17:19] [INFO] Routes :: Mounting Web Routes...
[2022-12-23 17:17:27] [INFO] Booting the 'HTTP' middleware...
[2022-12-23 17:17:27] [INFO] Database :: Booting @ Master...
[2022-12-23 17:18:16] [INFO] Routes :: Mounting doc Routes...
[2022-12-23 17:18:16] [INFO] Routes :: Mounting API Routes...
[2022-12-23 17:18:16] [INFO] Routes :: Mounting Web Routes...
[2022-12-23 17:18:24] [INFO] Booting the 'HTTP' middleware...
[2022-12-23 17:18:24] [INFO] Database :: Booting @ Master...
[2022-12-23 17:20:6] [INFO] Routes :: Mounting doc Routes...
[2022-12-23 17:20:6] [INFO] Routes :: Mounting API Routes...
[2022-12-23 17:20:6] [INFO] Routes :: Mounting Web Routes...
[2022-12-23 17:20:15] [INFO] Booting the 'HTTP' middleware...
[2022-12-23 17:20:15] [INFO] Database :: Booting @ Master...
[2022-12-23 17:21:33] [INFO] Routes :: Mounting doc Routes...
[2022-12-23 17:21:33] [INFO] Routes :: Mounting API Routes...
[2022-12-23 17:21:33] [INFO] Routes :: Mounting Web Routes...
[2022-12-23 17:21:41] [INFO] Booting the 'HTTP' middleware...
[2022-12-23 17:21:41] [INFO] Database :: Booting @ Master...
[2022-12-23 17:22:34] [INFO] Routes :: Mounting doc Routes...
[2022-12-23 17:22:34] [INFO] Routes :: Mounting API Routes...
[2022-12-23 17:22:34] [INFO] Routes :: Mounting Web Routes...
[2022-12-23 17:22:42] [INFO] Booting the 'HTTP' middleware...
[2022-12-23 17:22:42] [INFO] Database :: Booting @ Master...
[2022-12-23 17:28:9] [INFO] Routes :: Mounting API Routes...
[2022-12-23 17:28:9] [INFO] Routes :: Mounting doc Routes...
[2022-12-23 17:28:9] [INFO] Routes :: Mounting Web Routes...
[2022-12-23 17:28:18] [INFO] Booting the 'HTTP' middleware...
[2022-12-23 17:28:18] [INFO] Database :: Booting @ Master...
[2022-12-23 17:28:53] [INFO] Routes :: Mounting doc Routes...
[2022-12-23 17:28:53] [INFO] Routes :: Mounting API Routes...
[2022-12-23 17:28:53] [INFO] Routes :: Mounting Web Routes...
[2022-12-23 17:29:2] [INFO] Booting the 'HTTP' middleware...
[2022-12-23 17:29:2] [INFO] Database :: Booting @ Master...
[2022-12-23 17:29:56] [INFO] Routes :: Mounting doc Routes...
[2022-12-23 17:29:56] [INFO] Routes :: Mounting API Routes...
[2022-12-23 17:29:56] [INFO] Routes :: Mounting Web Routes...
[2022-12-23 17:30:4] [INFO] Booting the 'HTTP' middleware...
[2022-12-23 17:30:4] [INFO] Database :: Booting @ Master...
[2022-12-23 17:31:19] [INFO] Routes :: Mounting doc Routes...
[2022-12-23 17:31:19] [INFO] Routes :: Mounting API Routes...
[2022-12-23 17:31:19] [INFO] Routes :: Mounting Web Routes...
[2022-12-23 17:31:30] [INFO] Booting the 'HTTP' middleware...
[2022-12-23 17:31:30] [INFO] Database :: Booting @ Master...
[2022-12-23 17:33:24] [INFO] Routes :: Mounting doc Routes...
[2022-12-23 17:33:24] [INFO] Routes :: Mounting API Routes...
[2022-12-23 17:33:24] [INFO] Routes :: Mounting Web Routes...
[2022-12-23 17:33:32] [INFO] Booting the 'HTTP' middleware...
[2022-12-23 17:33:32] [INFO] Database :: Booting @ Master...
[2022-12-23 17:34:6] [INFO] Routes :: Mounting doc Routes...
[2022-12-23 17:34:6] [INFO] Routes :: Mounting API Routes...
[2022-12-23 17:34:6] [INFO] Routes :: Mounting Web Routes...
[2022-12-23 17:34:14] [INFO] Booting the 'HTTP' middleware...
[2022-12-23 17:34:14] [INFO] Database :: Booting @ Master...
[2022-12-23 17:44:23] [INFO] Routes :: Mounting doc Routes...
[2022-12-23 17:44:23] [INFO] Routes :: Mounting API Routes...
[2022-12-23 17:44:23] [INFO] Routes :: Mounting Web Routes...
[2022-12-23 17:44:32] [INFO] Booting the 'HTTP' middleware...
[2022-12-23 17:44:32] [INFO] Database :: Booting @ Master...
[2022-12-23 17:45:19] [INFO] Routes :: Mounting doc Routes...
[2022-12-23 17:45:19] [INFO] Routes :: Mounting API Routes...
[2022-12-23 17:45:19] [INFO] Routes :: Mounting Web Routes...
[2022-12-23 17:45:27] [INFO] Booting the 'HTTP' middleware...
[2022-12-23 17:45:27] [INFO] Database :: Booting @ Master...
[2022-12-23 17:46:56] [INFO] Routes :: Mounting doc Routes...
[2022-12-23 17:46:56] [INFO] Routes :: Mounting API Routes...
[2022-12-23 17:46:56] [INFO] Routes :: Mounting Web Routes...
[2022-12-23 17:47:5] [INFO] Booting the 'HTTP' middleware...
[2022-12-23 17:47:5] [INFO] Database :: Booting @ Master...
[2022-12-23 17:47:37] [INFO] Routes :: Mounting doc Routes...
[2022-12-23 17:47:37] [INFO] Routes :: Mounting API Routes...
[2022-12-23 17:47:37] [INFO] Routes :: Mounting Web Routes...
[2022-12-23 17:47:46] [INFO] Booting the 'HTTP' middleware...
[2022-12-23 17:47:46] [INFO] Database :: Booting @ Master...
[2022-12-23 17:52:8] [INFO] Routes :: Mounting API Routes...
[2022-12-23 17:52:8] [INFO] Routes :: Mounting Web Routes...
[2022-12-23 17:52:8] [INFO] Routes :: Mounting doc Routes...
[2022-12-23 17:52:17] [INFO] Booting the 'HTTP' middleware...
[2022-12-23 17:52:17] [INFO] Database :: Booting @ Master...
[2022-12-23 17:59:59] [INFO] Routes :: Mounting doc Routes...
[2022-12-23 17:59:59] [INFO] Routes :: Mounting API Routes...
[2022-12-23 17:59:59] [INFO] Routes :: Mounting Web Routes...
[2022-12-23 18:0:10] [INFO] Booting the 'HTTP' middleware...
[2022-12-23 18:0:11] [INFO] Database :: Booting @ Master...
[2022-12-23 18:0:53] [INFO] Routes :: Mounting doc Routes...
[2022-12-23 18:0:53] [INFO] Routes :: Mounting API Routes...
[2022-12-23 18:0:53] [INFO] Routes :: Mounting Web Routes...
[2022-12-23 18:0:59] [INFO] Booting the 'HTTP' middleware...
[2022-12-23 18:0:59] [INFO] Database :: Booting @ Master...
[2022-12-23 18:1:43] [INFO] Routes :: Mounting doc Routes...
[2022-12-23 18:1:43] [INFO] Routes :: Mounting API Routes...
[2022-12-23 18:1:43] [INFO] Routes :: Mounting Web Routes...
[2022-12-23 18:1:48] [INFO] Booting the 'HTTP' middleware...
[2022-12-23 18:1:49] [INFO] Database :: Booting @ Master...
[2022-12-23 18:3:52] [INFO] Routes :: Mounting doc Routes...
[2022-12-23 18:3:52] [INFO] Routes :: Mounting API Routes...
[2022-12-23 18:3:52] [INFO] Routes :: Mounting Web Routes...
[2022-12-23 18:3:58] [INFO] Booting the 'HTTP' middleware...
[2022-12-23 18:3:58] [INFO] Database :: Booting @ Master...
[2022-12-23 18:23:51] [INFO] Routes :: Mounting doc Routes...
[2022-12-23 18:23:51] [INFO] Routes :: Mounting API Routes...
[2022-12-23 18:23:51] [INFO] Routes :: Mounting Web Routes...
[2022-12-23 18:23:57] [INFO] Booting the 'HTTP' middleware...
[2022-12-23 18:23:57] [INFO] Database :: Booting @ Master...
[2022-12-23 18:24:41] [INFO] Routes :: Mounting doc Routes...
[2022-12-23 18:24:41] [INFO] Routes :: Mounting API Routes...
[2022-12-23 18:24:41] [INFO] Routes :: Mounting Web Routes...
[2022-12-23 18:24:47] [INFO] Booting the 'HTTP' middleware...
[2022-12-23 18:24:47] [INFO] Database :: Booting @ Master...
[2022-12-23 18:26:11] [INFO] Routes :: Mounting doc Routes...
[2022-12-23 18:26:11] [INFO] Routes :: Mounting Web Routes...
[2022-12-23 18:26:11] [INFO] Routes :: Mounting API Routes...
[2022-12-23 18:26:17] [INFO] Booting the 'HTTP' middleware...
[2022-12-23 18:26:17] [INFO] Database :: Booting @ Master...
[2022-12-23 18:28:27] [INFO] Routes :: Mounting doc Routes...
[2022-12-23 18:28:27] [INFO] Routes :: Mounting API Routes...
[2022-12-23 18:28:27] [INFO] Routes :: Mounting Web Routes...
[2022-12-23 18:28:33] [INFO] Booting the 'HTTP' middleware...
[2022-12-23 18:28:33] [INFO] Database :: Booting @ Master...
[2022-12-23 18:32:23] [INFO] Routes :: Mounting doc Routes...
[2022-12-23 18:32:23] [INFO] Routes :: Mounting Web Routes...
[2022-12-23 18:32:23] [INFO] Routes :: Mounting API Routes...
[2022-12-23 18:32:30] [INFO] Booting the 'HTTP' middleware...
[2022-12-23 18:32:30] [INFO] Database :: Booting @ Master...
[2022-12-23 18:35:40] [INFO] Routes :: Mounting doc Routes...
[2022-12-23 18:35:40] [INFO] Routes :: Mounting API Routes...
[2022-12-23 18:35:40] [INFO] Routes :: Mounting Web Routes...
[2022-12-23 18:35:46] [INFO] Booting the 'HTTP' middleware...
[2022-12-23 18:35:46] [INFO] Database :: Booting @ Master...
[2022-12-23 18:36:39] [INFO] Routes :: Mounting doc Routes...
[2022-12-23 18:36:39] [INFO] Routes :: Mounting API Routes...
[2022-12-23 18:36:39] [INFO] Routes :: Mounting Web Routes...
[2022-12-23 18:36:45] [INFO] Booting the 'HTTP' middleware...
[2022-12-23 18:36:45] [INFO] Database :: Booting @ Master...
[2022-12-23 18:42:18] [INFO] Routes :: Mounting doc Routes...
[2022-12-23 18:42:18] [INFO] Routes :: Mounting API Routes...
[2022-12-23 18:42:18] [INFO] Routes :: Mounting Web Routes...
[2022-12-23 18:42:24] [INFO] Booting the 'HTTP' middleware...
[2022-12-23 18:42:24] [INFO] Database :: Booting @ Master...
[2022-12-23 18:43:42] [INFO] Routes :: Mounting doc Routes...
[2022-12-23 18:43:42] [INFO] Routes :: Mounting API Routes...
[2022-12-23 18:43:42] [INFO] Routes :: Mounting Web Routes...
[2022-12-23 18:43:48] [INFO] Booting the 'HTTP' middleware...
[2022-12-23 18:43:48] [INFO] Database :: Booting @ Master...
[2022-12-23 18:51:31] [INFO] Routes :: Mounting doc Routes...
[2022-12-23 18:51:31] [INFO] Routes :: Mounting Web Routes...
[2022-12-23 18:51:31] [INFO] Routes :: Mounting API Routes...
[2022-12-23 18:51:38] [INFO] Booting the 'HTTP' middleware...
[2022-12-23 18:51:38] [INFO] Database :: Booting @ Master...
[2022-12-23 20:1:58] [INFO] Routes :: Mounting doc Routes...
[2022-12-23 20:1:58] [INFO] Routes :: Mounting API Routes...
[2022-12-23 20:1:58] [INFO] Routes :: Mounting Web Routes...
[2022-12-23 20:2:4] [INFO] Booting the 'HTTP' middleware...
[2022-12-23 20:2:4] [INFO] Database :: Booting @ Master...
[2022-12-23 20:3:3] [INFO] Routes :: Mounting doc Routes...
[2022-12-23 20:3:3] [INFO] Routes :: Mounting API Routes...
[2022-12-23 20:3:3] [INFO] Routes :: Mounting Web Routes...
[2022-12-23 20:3:9] [INFO] Booting the 'HTTP' middleware...
[2022-12-23 20:3:9] [INFO] Database :: Booting @ Master...
[2022-12-23 20:5:21] [INFO] Routes :: Mounting doc Routes...
[2022-12-23 20:5:21] [INFO] Routes :: Mounting API Routes...
[2022-12-23 20:5:21] [INFO] Routes :: Mounting Web Routes...
[2022-12-23 20:5:28] [INFO] Booting the 'HTTP' middleware...
[2022-12-23 20:5:28] [INFO] Database :: Booting @ Master...
