[2022-9-3 17:7:4] [INFO] Routes :: Mounting doc Routes...
[2022-9-3 17:7:4] [INFO] Routes :: Mounting API Routes...
[2022-9-3 17:7:4] [INFO] Routes :: Mounting Web Routes...
[2022-9-3 17:7:4] [INFO] Booting the 'HTTP' middleware...
[2022-9-3 17:7:4] [INFO] Database :: Booting @ Master...
[2022-9-3 17:7:4] [INFO] Database :: Booting @ Master...
[2022-9-3 17:7:4] [INFO] Database :: connected...
[2022-9-3 17:9:7] [INFO] Routes :: Mounting doc Routes...
[2022-9-3 17:9:7] [INFO] Routes :: Mounting API Routes...
[2022-9-3 17:9:7] [INFO] Routes :: Mounting Web Routes...
[2022-9-3 17:9:7] [INFO] Booting the 'HTTP' middleware...
[2022-9-3 17:9:7] [INFO] Database :: Booting @ Master...
[2022-9-3 17:9:7] [INFO] Database :: Booting @ Master...
[2022-9-3 17:9:7] [INFO] Database :: connected...
[2022-9-3 17:9:39] [INFO] Routes :: Mounting doc Routes...
[2022-9-3 17:9:39] [INFO] Routes :: Mounting API Routes...
[2022-9-3 17:9:39] [INFO] Booting the 'HTTP' middleware...
[2022-9-3 17:9:39] [INFO] Routes :: Mounting Web Routes...
[2022-9-3 17:9:39] [INFO] Database :: Booting @ Master...
[2022-9-3 17:9:39] [INFO] Database :: Booting @ Master...
[2022-9-3 17:9:52] [INFO] Routes :: Mounting doc Routes...
[2022-9-3 17:9:52] [INFO] Routes :: Mounting API Routes...
[2022-9-3 17:9:52] [INFO] Routes :: Mounting Web Routes...
[2022-9-3 17:9:52] [INFO] Database :: Booting @ Master...
[2022-9-3 17:9:52] [INFO] Database :: Booting @ Master...
[2022-9-3 17:9:52] [INFO] Booting the 'HTTP' middleware...
[2022-9-3 17:9:52] [INFO] Database :: connected...
[2022-9-3 17:9:52] [ERROR] Path '/favicon.ico' not found [IP: '::1']!
[2022-9-3 17:10:30] [INFO] Routes :: Mounting doc Routes...
[2022-9-3 17:10:30] [INFO] Routes :: Mounting API Routes...
[2022-9-3 17:10:30] [INFO] Routes :: Mounting Web Routes...
[2022-9-3 17:10:30] [INFO] Booting the 'HTTP' middleware...
[2022-9-3 17:10:30] [INFO] Database :: Booting @ Master...
[2022-9-3 17:10:30] [INFO] Database :: Booting @ Master...
[2022-9-3 17:10:30] [INFO] Database :: connected...
[2022-9-3 17:10:47] [INFO] Routes :: Mounting doc Routes...
[2022-9-3 17:10:47] [INFO] Routes :: Mounting Web Routes...
[2022-9-3 17:10:47] [INFO] Database :: Booting @ Master...
[2022-9-3 17:10:47] [INFO] Booting the 'HTTP' middleware...
[2022-9-3 17:10:47] [INFO] Routes :: Mounting API Routes...
[2022-9-3 17:10:47] [INFO] Database :: Booting @ Master...
[2022-9-3 17:10:47] [INFO] Database :: connected...
[2022-9-3 17:11:55] [INFO] Routes :: Mounting API Routes...
[2022-9-3 17:11:55] [INFO] Routes :: Mounting doc Routes...
[2022-9-3 17:11:55] [INFO] Database :: Booting @ Master...
[2022-9-3 17:11:55] [INFO] Routes :: Mounting Web Routes...
[2022-9-3 17:11:55] [INFO] Database :: Booting @ Master...
[2022-9-3 17:11:55] [INFO] Booting the 'HTTP' middleware...
[2022-9-3 17:11:55] [INFO] Database :: connected...
[2022-9-3 17:12:26] [INFO] Routes :: Mounting API Routes...
[2022-9-3 17:12:26] [INFO] Routes :: Mounting doc Routes...
[2022-9-3 17:12:26] [INFO] Booting the 'HTTP' middleware...
[2022-9-3 17:12:26] [INFO] Database :: Booting @ Master...
[2022-9-3 17:12:26] [INFO] Routes :: Mounting Web Routes...
[2022-9-3 17:12:26] [INFO] Database :: Booting @ Master...
[2022-9-3 17:12:26] [INFO] Database :: connected...
[2022-9-3 17:13:26] [INFO] Routes :: Mounting doc Routes...
[2022-9-3 17:13:26] [INFO] Routes :: Mounting API Routes...
[2022-9-3 17:13:26] [INFO] Routes :: Mounting Web Routes...
[2022-9-3 17:13:26] [INFO] Database :: Booting @ Master...
[2022-9-3 17:13:26] [INFO] Booting the 'HTTP' middleware...
[2022-9-3 17:13:26] [INFO] Database :: Booting @ Master...
[2022-9-3 17:13:26] [INFO] Database :: connected...
[2022-9-3 17:15:4] [INFO] Routes :: Mounting doc Routes...
[2022-9-3 17:15:4] [INFO] Routes :: Mounting API Routes...
[2022-9-3 17:15:4] [INFO] Booting the 'HTTP' middleware...
[2022-9-3 17:15:4] [INFO] Routes :: Mounting Web Routes...
[2022-9-3 17:15:4] [INFO] Database :: Booting @ Master...
[2022-9-3 17:15:4] [INFO] Database :: Booting @ Master...
[2022-9-3 17:15:4] [INFO] Database :: connected...
[2022-9-3 17:17:1] [INFO] Routes :: Mounting doc Routes...
[2022-9-3 17:17:1] [INFO] Routes :: Mounting API Routes...
[2022-9-3 17:17:1] [INFO] Routes :: Mounting Web Routes...
[2022-9-3 17:17:1] [INFO] Database :: Booting @ Master...
[2022-9-3 17:17:1] [INFO] Booting the 'HTTP' middleware...
[2022-9-3 17:17:1] [INFO] Database :: Booting @ Master...
[2022-9-3 17:17:1] [INFO] Database :: connected...
[2022-9-3 17:17:10] [INFO] Routes :: Mounting doc Routes...
[2022-9-3 17:17:10] [INFO] Routes :: Mounting API Routes...
[2022-9-3 17:17:10] [INFO] Booting the 'HTTP' middleware...
[2022-9-3 17:17:10] [INFO] Database :: Booting @ Master...
[2022-9-3 17:17:10] [INFO] Database :: Booting @ Master...
[2022-9-3 17:17:10] [INFO] Routes :: Mounting Web Routes...
[2022-9-3 17:17:10] [INFO] Database :: connected...
[2022-9-3 17:19:45] [INFO] Routes :: Mounting doc Routes...
[2022-9-3 17:19:45] [INFO] Routes :: Mounting API Routes...
[2022-9-3 17:19:45] [INFO] Booting the 'HTTP' middleware...
[2022-9-3 17:19:45] [INFO] Routes :: Mounting Web Routes...
[2022-9-3 17:19:45] [INFO] Database :: Booting @ Master...
[2022-9-3 17:19:45] [INFO] Database :: Booting @ Master...
[2022-9-3 17:19:45] [INFO] Database :: connected...
[2022-9-3 17:19:59] [INFO] Routes :: Mounting doc Routes...
[2022-9-3 17:19:59] [INFO] Routes :: Mounting API Routes...
[2022-9-3 17:19:59] [INFO] Routes :: Mounting Web Routes...
[2022-9-3 17:19:59] [INFO] Booting the 'HTTP' middleware...
[2022-9-3 17:19:59] [INFO] Database :: Booting @ Master...
[2022-9-3 17:19:59] [INFO] Database :: Booting @ Master...
[2022-9-3 17:19:59] [INFO] Database :: connected...
[2022-9-3 17:22:8] [INFO] Routes :: Mounting doc Routes...
[2022-9-3 17:22:8] [INFO] Routes :: Mounting API Routes...
[2022-9-3 17:22:8] [INFO] Database :: Booting @ Master...
[2022-9-3 17:22:8] [INFO] Booting the 'HTTP' middleware...
[2022-9-3 17:22:8] [INFO] Database :: Booting @ Master...
[2022-9-3 17:22:8] [INFO] Routes :: Mounting Web Routes...
[2022-9-3 17:22:8] [INFO] Database :: connected...
[2022-9-3 17:27:1] [INFO] Routes :: Mounting doc Routes...
[2022-9-3 17:27:1] [INFO] Routes :: Mounting API Routes...
[2022-9-3 17:27:1] [INFO] Routes :: Mounting Web Routes...
[2022-9-3 17:27:1] [INFO] Database :: Booting @ Master...
[2022-9-3 17:27:1] [INFO] Booting the 'HTTP' middleware...
[2022-9-3 17:27:1] [INFO] Database :: Booting @ Master...
[2022-9-3 17:27:1] [INFO] Database :: connected...
[2022-9-3 17:28:14] [INFO] Routes :: Mounting doc Routes...
[2022-9-3 17:28:14] [INFO] Routes :: Mounting API Routes...
[2022-9-3 17:28:14] [INFO] Database :: Booting @ Master...
[2022-9-3 17:28:14] [INFO] Routes :: Mounting Web Routes...
[2022-9-3 17:28:14] [INFO] Database :: Booting @ Master...
[2022-9-3 17:28:14] [INFO] Booting the 'HTTP' middleware...
[2022-9-3 17:28:14] [INFO] Database :: connected...
[2022-9-3 17:29:17] [INFO] Routes :: Mounting doc Routes...
[2022-9-3 17:29:17] [INFO] Database :: Booting @ Master...
[2022-9-3 17:29:17] [INFO] Routes :: Mounting API Routes...
[2022-9-3 17:29:17] [INFO] Routes :: Mounting Web Routes...
[2022-9-3 17:29:17] [INFO] Database :: Booting @ Master...
[2022-9-3 17:29:17] [INFO] Booting the 'HTTP' middleware...
[2022-9-3 17:29:17] [INFO] Database :: connected...
[2022-9-3 17:29:31] [INFO] Routes :: Mounting doc Routes...
[2022-9-3 17:29:31] [INFO] Routes :: Mounting API Routes...
[2022-9-3 17:29:31] [INFO] Booting the 'HTTP' middleware...
[2022-9-3 17:29:31] [INFO] Database :: Booting @ Master...
[2022-9-3 17:29:31] [INFO] Routes :: Mounting Web Routes...
[2022-9-3 17:29:31] [INFO] Database :: Booting @ Master...
[2022-9-3 17:29:31] [INFO] Database :: connected...
[2022-9-3 17:30:13] [INFO] Routes :: Mounting doc Routes...
[2022-9-3 17:30:13] [INFO] Routes :: Mounting API Routes...
[2022-9-3 17:30:13] [INFO] Routes :: Mounting Web Routes...
[2022-9-3 17:30:13] [INFO] Booting the 'HTTP' middleware...
[2022-9-3 17:30:13] [INFO] Database :: Booting @ Master...
[2022-9-3 17:30:13] [INFO] Database :: Booting @ Master...
[2022-9-3 17:30:13] [INFO] Database :: connected...
[2022-9-3 17:30:30] [INFO] Routes :: Mounting doc Routes...
[2022-9-3 17:30:30] [INFO] Routes :: Mounting API Routes...
[2022-9-3 17:30:30] [INFO] Database :: Booting @ Master...
[2022-9-3 17:30:30] [INFO] Routes :: Mounting Web Routes...
[2022-9-3 17:30:30] [INFO] Database :: Booting @ Master...
[2022-9-3 17:30:30] [INFO] Booting the 'HTTP' middleware...
[2022-9-3 17:30:30] [INFO] Database :: connected...
[2022-9-3 17:31:9] [INFO] Routes :: Mounting doc Routes...
[2022-9-3 17:31:9] [INFO] Routes :: Mounting API Routes...
[2022-9-3 17:31:9] [INFO] Booting the 'HTTP' middleware...
[2022-9-3 17:31:9] [INFO] Database :: Booting @ Master...
[2022-9-3 17:31:9] [INFO] Routes :: Mounting Web Routes...
[2022-9-3 17:31:9] [INFO] Database :: Booting @ Master...
[2022-9-3 17:31:9] [INFO] Database :: connected...
[2022-9-3 17:31:25] [INFO] Routes :: Mounting doc Routes...
[2022-9-3 17:31:25] [INFO] Routes :: Mounting API Routes...
[2022-9-3 17:31:25] [INFO] Database :: Booting @ Master...
[2022-9-3 17:31:25] [INFO] Booting the 'HTTP' middleware...
[2022-9-3 17:31:25] [INFO] Database :: Booting @ Master...
[2022-9-3 17:31:25] [INFO] Routes :: Mounting Web Routes...
[2022-9-3 17:31:25] [INFO] Database :: connected...
[2022-9-3 17:31:50] [INFO] Routes :: Mounting API Routes...
[2022-9-3 17:31:50] [INFO] Routes :: Mounting doc Routes...
[2022-9-3 17:31:50] [INFO] Database :: Booting @ Master...
[2022-9-3 17:31:50] [INFO] Booting the 'HTTP' middleware...
[2022-9-3 17:31:50] [INFO] Routes :: Mounting Web Routes...
[2022-9-3 17:31:50] [INFO] Database :: Booting @ Master...
[2022-9-3 17:31:50] [INFO] Database :: connected...
[2022-9-3 17:33:45] [INFO] Routes :: Mounting doc Routes...
[2022-9-3 17:33:45] [INFO] Routes :: Mounting API Routes...
[2022-9-3 17:33:45] [INFO] Booting the 'HTTP' middleware...
[2022-9-3 17:33:45] [INFO] Routes :: Mounting Web Routes...
[2022-9-3 17:33:45] [INFO] Database :: Booting @ Master...
[2022-9-3 17:33:45] [INFO] Database :: Booting @ Master...
[2022-9-3 17:33:45] [INFO] Database :: connected...
[2022-9-3 17:35:54] [INFO] Routes :: Mounting doc Routes...
[2022-9-3 17:35:54] [INFO] Booting the 'HTTP' middleware...
[2022-9-3 17:35:54] [INFO] Routes :: Mounting API Routes...
[2022-9-3 17:35:54] [INFO] Routes :: Mounting Web Routes...
[2022-9-3 17:35:54] [INFO] Database :: Booting @ Master...
[2022-9-3 17:35:54] [INFO] Database :: Booting @ Master...
[2022-9-3 17:35:54] [INFO] Database :: connected...
[2022-9-3 17:41:3] [INFO] Routes :: Mounting doc Routes...
[2022-9-3 17:41:3] [INFO] Routes :: Mounting API Routes...
[2022-9-3 17:41:3] [INFO] Booting the 'HTTP' middleware...
[2022-9-3 17:41:3] [INFO] Routes :: Mounting Web Routes...
[2022-9-3 17:41:3] [INFO] Database :: Booting @ Master...
[2022-9-3 17:41:3] [INFO] Database :: Booting @ Master...
[2022-9-3 17:41:3] [INFO] Database :: connected...
[2022-9-3 17:43:1] [INFO] Routes :: Mounting doc Routes...
[2022-9-3 17:43:1] [INFO] Routes :: Mounting API Routes...
[2022-9-3 17:43:1] [INFO] Database :: Booting @ Master...
[2022-9-3 17:43:1] [INFO] Routes :: Mounting Web Routes...
[2022-9-3 17:43:1] [INFO] Database :: Booting @ Master...
[2022-9-3 17:43:1] [INFO] Booting the 'HTTP' middleware...
[2022-9-3 17:43:1] [INFO] Database :: connected...
[2022-9-3 17:43:9] [INFO] Routes :: Mounting doc Routes...
[2022-9-3 17:43:9] [INFO] Routes :: Mounting Web Routes...
[2022-9-3 17:43:9] [INFO] Booting the 'HTTP' middleware...
[2022-9-3 17:43:9] [INFO] Database :: Booting @ Master...
[2022-9-3 17:43:9] [INFO] Database :: Booting @ Master...
[2022-9-3 17:43:9] [INFO] Routes :: Mounting API Routes...
[2022-9-3 17:43:9] [INFO] Database :: connected...
[2022-9-3 17:46:52] [INFO] Routes :: Mounting doc Routes...
[2022-9-3 17:46:52] [INFO] Routes :: Mounting API Routes...
[2022-9-3 17:46:52] [INFO] Database :: Booting @ Master...
[2022-9-3 17:46:52] [INFO] Routes :: Mounting Web Routes...
[2022-9-3 17:46:52] [INFO] Booting the 'HTTP' middleware...
[2022-9-3 17:46:52] [INFO] Database :: Booting @ Master...
[2022-9-3 17:46:52] [INFO] Database :: connected...
[2022-9-3 17:49:15] [INFO] Routes :: Mounting API Routes...
[2022-9-3 17:49:15] [INFO] Routes :: Mounting doc Routes...
[2022-9-3 17:49:15] [INFO] Database :: Booting @ Master...
[2022-9-3 17:49:15] [INFO] Routes :: Mounting Web Routes...
[2022-9-3 17:49:15] [INFO] Database :: Booting @ Master...
[2022-9-3 17:49:15] [INFO] Booting the 'HTTP' middleware...
[2022-9-3 17:49:15] [INFO] Database :: connected...
[2022-9-3 17:49:38] [INFO] Routes :: Mounting doc Routes...
[2022-9-3 17:49:38] [INFO] Routes :: Mounting API Routes...
[2022-9-3 17:49:38] [INFO] Booting the 'HTTP' middleware...
[2022-9-3 17:49:38] [INFO] Database :: Booting @ Master...
[2022-9-3 17:49:38] [INFO] Routes :: Mounting Web Routes...
[2022-9-3 17:49:38] [INFO] Database :: Booting @ Master...
[2022-9-3 17:49:38] [INFO] Database :: connected...
[2022-9-3 17:51:50] [INFO] Routes :: Mounting doc Routes...
[2022-9-3 17:51:50] [INFO] Routes :: Mounting API Routes...
[2022-9-3 17:51:50] [INFO] Routes :: Mounting Web Routes...
[2022-9-3 17:51:50] [INFO] Booting the 'HTTP' middleware...
[2022-9-3 17:51:50] [INFO] Database :: Booting @ Master...
[2022-9-3 17:51:50] [INFO] Database :: Booting @ Master...
[2022-9-3 17:51:50] [INFO] Database :: connected...
[2022-9-3 17:52:43] [INFO] Routes :: Mounting doc Routes...
[2022-9-3 17:52:43] [INFO] Routes :: Mounting API Routes...
[2022-9-3 17:52:43] [INFO] Routes :: Mounting Web Routes...
[2022-9-3 17:52:43] [INFO] Database :: Booting @ Master...
[2022-9-3 17:52:43] [INFO] Booting the 'HTTP' middleware...
[2022-9-3 17:52:43] [INFO] Database :: Booting @ Master...
[2022-9-3 17:52:43] [INFO] Database :: connected...
[2022-9-3 17:54:17] [INFO] Routes :: Mounting doc Routes...
[2022-9-3 17:54:17] [INFO] Routes :: Mounting API Routes...
[2022-9-3 17:54:17] [INFO] Routes :: Mounting Web Routes...
[2022-9-3 17:54:17] [INFO] Database :: Booting @ Master...
[2022-9-3 17:54:17] [INFO] Database :: Booting @ Master...
[2022-9-3 17:54:17] [INFO] Booting the 'HTTP' middleware...
[2022-9-3 17:54:23] [INFO] Routes :: Mounting doc Routes...
[2022-9-3 17:54:23] [INFO] Routes :: Mounting API Routes...
[2022-9-3 17:54:23] [INFO] Booting the 'HTTP' middleware...
[2022-9-3 17:54:23] [INFO] Routes :: Mounting Web Routes...
[2022-9-3 17:54:23] [INFO] Database :: Booting @ Master...
[2022-9-3 17:54:23] [INFO] Database :: Booting @ Master...
[2022-9-3 17:54:23] [INFO] Database :: connected...
[2022-9-3 18:15:7] [INFO] Routes :: Mounting doc Routes...
[2022-9-3 18:15:7] [INFO] Routes :: Mounting API Routes...
[2022-9-3 18:15:7] [INFO] Routes :: Mounting Web Routes...
[2022-9-3 18:15:7] [INFO] Database :: Booting @ Master...
[2022-9-3 18:15:7] [INFO] Booting the 'HTTP' middleware...
[2022-9-3 18:15:7] [INFO] Database :: Booting @ Master...
[2022-9-3 18:15:7] [INFO] Database :: connected...
[2022-9-3 18:15:52] [INFO] Routes :: Mounting doc Routes...
[2022-9-3 18:15:52] [INFO] Routes :: Mounting API Routes...
[2022-9-3 18:15:52] [INFO] Routes :: Mounting Web Routes...
[2022-9-3 18:15:52] [INFO] Booting the 'HTTP' middleware...
[2022-9-3 18:15:52] [INFO] Database :: Booting @ Master...
[2022-9-3 18:15:52] [INFO] Database :: Booting @ Master...
[2022-9-3 18:15:52] [INFO] Database :: connected...
[2022-9-3 18:17:39] [INFO] Routes :: Mounting doc Routes...
[2022-9-3 18:17:39] [INFO] Routes :: Mounting API Routes...
[2022-9-3 18:17:39] [INFO] Routes :: Mounting Web Routes...
[2022-9-3 18:17:39] [INFO] Booting the 'HTTP' middleware...
[2022-9-3 18:17:39] [INFO] Database :: Booting @ Master...
[2022-9-3 18:17:39] [INFO] Database :: Booting @ Master...
[2022-9-3 18:17:39] [INFO] Database :: connected...
[2022-9-3 18:18:41] [INFO] Routes :: Mounting doc Routes...
[2022-9-3 18:18:41] [INFO] Booting the 'HTTP' middleware...
[2022-9-3 18:18:41] [INFO] Routes :: Mounting API Routes...
[2022-9-3 18:18:41] [INFO] Database :: Booting @ Master...
[2022-9-3 18:18:41] [INFO] Routes :: Mounting Web Routes...
[2022-9-3 18:18:41] [INFO] Database :: Booting @ Master...
[2022-9-3 18:18:41] [INFO] Database :: connected...
[2022-9-3 18:19:17] [INFO] Routes :: Mounting doc Routes...
[2022-9-3 18:19:17] [INFO] Routes :: Mounting API Routes...
[2022-9-3 18:19:17] [INFO] Routes :: Mounting Web Routes...
[2022-9-3 18:19:17] [INFO] Database :: Booting @ Master...
[2022-9-3 18:19:17] [INFO] Booting the 'HTTP' middleware...
[2022-9-3 18:19:17] [INFO] Database :: Booting @ Master...
[2022-9-3 18:19:17] [INFO] Database :: connected...
[2022-9-3 18:19:46] [INFO] Routes :: Mounting doc Routes...
[2022-9-3 18:19:46] [INFO] Routes :: Mounting API Routes...
[2022-9-3 18:19:46] [INFO] Database :: Booting @ Master...
[2022-9-3 18:19:46] [INFO] Routes :: Mounting Web Routes...
[2022-9-3 18:19:46] [INFO] Database :: Booting @ Master...
[2022-9-3 18:19:46] [INFO] Booting the 'HTTP' middleware...
[2022-9-3 18:19:46] [INFO] Database :: connected...
[2022-9-3 18:20:36] [INFO] Routes :: Mounting doc Routes...
[2022-9-3 18:20:36] [INFO] Routes :: Mounting API Routes...
[2022-9-3 18:20:36] [INFO] Routes :: Mounting Web Routes...
[2022-9-3 18:20:36] [INFO] Database :: Booting @ Master...
[2022-9-3 18:20:36] [INFO] Database :: Booting @ Master...
[2022-9-3 18:20:36] [INFO] Booting the 'HTTP' middleware...
[2022-9-3 18:20:36] [INFO] Database :: connected...
[2022-9-3 18:27:34] [INFO] Routes :: Mounting doc Routes...
[2022-9-3 18:27:34] [INFO] Routes :: Mounting API Routes...
[2022-9-3 18:27:34] [INFO] Routes :: Mounting Web Routes...
[2022-9-3 18:27:34] [INFO] Booting the 'HTTP' middleware...
[2022-9-3 18:27:34] [INFO] Database :: Booting @ Master...
[2022-9-3 18:27:34] [INFO] Database :: Booting @ Master...
[2022-9-3 18:27:34] [INFO] Database :: connected...
[2022-9-3 18:28:54] [INFO] Routes :: Mounting doc Routes...
[2022-9-3 18:28:54] [INFO] Routes :: Mounting API Routes...
[2022-9-3 18:28:54] [INFO] Booting the 'HTTP' middleware...
[2022-9-3 18:28:54] [INFO] Database :: Booting @ Master...
[2022-9-3 18:28:54] [INFO] Routes :: Mounting Web Routes...
[2022-9-3 18:28:54] [INFO] Database :: Booting @ Master...
[2022-9-3 18:28:54] [INFO] Database :: connected...
[2022-9-3 18:28:54] [ERROR] Path '/public/favicon.ico' not found [IP: '::1']!
[2022-9-3 18:32:40] [INFO] Routes :: Mounting doc Routes...
[2022-9-3 18:32:40] [INFO] Routes :: Mounting API Routes...
[2022-9-3 18:32:40] [INFO] Booting the 'HTTP' middleware...
[2022-9-3 18:32:40] [INFO] Database :: Booting @ Master...
[2022-9-3 18:32:40] [INFO] Routes :: Mounting Web Routes...
[2022-9-3 18:32:40] [INFO] Database :: Booting @ Master...
[2022-9-3 18:32:40] [INFO] Database :: connected...
[2022-9-3 18:33:38] [INFO] Routes :: Mounting doc Routes...
[2022-9-3 18:33:38] [INFO] Routes :: Mounting API Routes...
[2022-9-3 18:33:38] [INFO] Booting the 'HTTP' middleware...
[2022-9-3 18:33:38] [INFO] Routes :: Mounting Web Routes...
[2022-9-3 18:33:38] [INFO] Database :: Booting @ Master...
[2022-9-3 18:33:38] [INFO] Database :: Booting @ Master...
[2022-9-3 18:33:38] [INFO] Database :: connected...
[2022-9-3 18:33:38] [ERROR] Path '/public/favicon.ico' not found [IP: '::1']!
[2022-9-3 18:34:15] [INFO] Routes :: Mounting doc Routes...
[2022-9-3 18:34:15] [INFO] Routes :: Mounting API Routes...
[2022-9-3 18:34:15] [INFO] Routes :: Mounting Web Routes...
[2022-9-3 18:34:15] [INFO] Database :: Booting @ Master...
[2022-9-3 18:34:15] [INFO] Booting the 'HTTP' middleware...
[2022-9-3 18:34:15] [INFO] Database :: Booting @ Master...
[2022-9-3 18:34:15] [INFO] Database :: connected...
[2022-9-3 18:34:15] [ERROR] Path '/favicon.ico' not found [IP: '::ffff:127.0.0.1']!
[2022-9-3 18:34:49] [INFO] Routes :: Mounting doc Routes...
[2022-9-3 18:34:49] [INFO] Routes :: Mounting Web Routes...
[2022-9-3 18:34:49] [INFO] Database :: Booting @ Master...
[2022-9-3 18:34:49] [INFO] Routes :: Mounting API Routes...
[2022-9-3 18:34:49] [INFO] Booting the 'HTTP' middleware...
[2022-9-3 18:34:49] [INFO] Database :: Booting @ Master...
[2022-9-3 18:34:49] [INFO] Database :: connected...
[2022-9-3 18:39:19] [INFO] Routes :: Mounting doc Routes...
[2022-9-3 18:39:19] [INFO] Routes :: Mounting API Routes...
[2022-9-3 18:39:19] [INFO] Booting the 'HTTP' middleware...
[2022-9-3 18:39:19] [INFO] Database :: Booting @ Master...
[2022-9-3 18:39:19] [INFO] Database :: Booting @ Master...
[2022-9-3 18:39:19] [INFO] Routes :: Mounting Web Routes...
[2022-9-3 18:39:19] [INFO] Database :: connected...
[2022-9-3 18:39:47] [INFO] Routes :: Mounting doc Routes...
[2022-9-3 18:39:47] [INFO] Routes :: Mounting API Routes...
[2022-9-3 18:39:47] [INFO] Booting the 'HTTP' middleware...
[2022-9-3 18:39:47] [INFO] Routes :: Mounting Web Routes...
[2022-9-3 18:39:47] [INFO] Database :: Booting @ Master...
[2022-9-3 18:39:47] [INFO] Database :: Booting @ Master...
[2022-9-3 18:39:47] [INFO] Database :: connected...
[2022-9-3 18:42:56] [INFO] Routes :: Mounting doc Routes...
[2022-9-3 18:42:56] [INFO] Routes :: Mounting API Routes...
[2022-9-3 18:42:56] [INFO] Database :: Booting @ Master...
[2022-9-3 18:42:56] [INFO] Routes :: Mounting Web Routes...
[2022-9-3 18:42:56] [INFO] Booting the 'HTTP' middleware...
[2022-9-3 18:42:56] [INFO] Database :: Booting @ Master...
[2022-9-3 18:42:56] [INFO] Database :: connected...
[2022-9-3 18:45:18] [INFO] Routes :: Mounting doc Routes...
[2022-9-3 18:45:18] [INFO] Routes :: Mounting API Routes...
[2022-9-3 18:45:18] [INFO] Routes :: Mounting Web Routes...
[2022-9-3 18:45:18] [INFO] Database :: Booting @ Master...
[2022-9-3 18:45:18] [INFO] Booting the 'HTTP' middleware...
[2022-9-3 18:45:18] [INFO] Database :: Booting @ Master...
[2022-9-3 18:45:18] [INFO] Database :: connected...
[2022-9-3 18:45:29] [INFO] Routes :: Mounting doc Routes...
[2022-9-3 18:45:29] [INFO] Routes :: Mounting API Routes...
[2022-9-3 18:45:29] [INFO] Routes :: Mounting Web Routes...
[2022-9-3 18:45:29] [INFO] Database :: Booting @ Master...
[2022-9-3 18:45:29] [INFO] Booting the 'HTTP' middleware...
[2022-9-3 18:45:29] [INFO] Database :: Booting @ Master...
[2022-9-3 18:45:37] [INFO] Routes :: Mounting doc Routes...
[2022-9-3 18:45:37] [INFO] Routes :: Mounting API Routes...
[2022-9-3 18:45:37] [INFO] Routes :: Mounting Web Routes...
[2022-9-3 18:45:37] [INFO] Database :: Booting @ Master...
[2022-9-3 18:45:37] [INFO] Database :: Booting @ Master...
[2022-9-3 18:45:37] [INFO] Booting the 'HTTP' middleware...
[2022-9-3 18:45:37] [INFO] Database :: connected...
[2022-9-3 18:46:11] [INFO] Routes :: Mounting doc Routes...
[2022-9-3 18:46:11] [INFO] Routes :: Mounting API Routes...
[2022-9-3 18:46:11] [INFO] Database :: Booting @ Master...
[2022-9-3 18:46:11] [INFO] Routes :: Mounting Web Routes...
[2022-9-3 18:46:11] [INFO] Booting the 'HTTP' middleware...
[2022-9-3 18:46:11] [INFO] Database :: Booting @ Master...
[2022-9-3 18:46:11] [INFO] Database :: connected...
[2022-9-3 18:49:10] [INFO] Routes :: Mounting doc Routes...
[2022-9-3 18:49:10] [INFO] Routes :: Mounting API Routes...
[2022-9-3 18:49:10] [INFO] Database :: Booting @ Master...
[2022-9-3 18:49:10] [INFO] Routes :: Mounting Web Routes...
[2022-9-3 18:49:10] [INFO] Booting the 'HTTP' middleware...
[2022-9-3 18:49:10] [INFO] Database :: Booting @ Master...
[2022-9-3 18:49:10] [INFO] Database :: connected...
[2022-9-3 18:49:52] [INFO] Routes :: Mounting doc Routes...
[2022-9-3 18:49:52] [INFO] Routes :: Mounting API Routes...
[2022-9-3 18:49:52] [INFO] Routes :: Mounting Web Routes...
[2022-9-3 18:49:52] [INFO] Booting the 'HTTP' middleware...
[2022-9-3 18:49:52] [INFO] Database :: Booting @ Master...
[2022-9-3 18:49:52] [INFO] Database :: Booting @ Master...
[2022-9-3 18:49:52] [ERROR] Path '/public/favicon.ico' not found [IP: '::ffff:127.0.0.1']!
[2022-9-3 18:49:52] [INFO] Database :: connected...
[2022-9-3 18:50:28] [INFO] Routes :: Mounting doc Routes...
[2022-9-3 18:50:28] [INFO] Routes :: Mounting API Routes...
[2022-9-3 18:50:28] [INFO] Database :: Booting @ Master...
[2022-9-3 18:50:28] [INFO] Booting the 'HTTP' middleware...
[2022-9-3 18:50:28] [INFO] Database :: Booting @ Master...
[2022-9-3 18:50:28] [INFO] Routes :: Mounting Web Routes...
[2022-9-3 18:50:28] [INFO] Database :: connected...
[2022-9-3 18:50:28] [ERROR] Path '/public/favicon.ico' not found [IP: '::1']!
[2022-9-3 18:51:59] [INFO] Routes :: Mounting doc Routes...
[2022-9-3 18:51:59] [INFO] Routes :: Mounting API Routes...
[2022-9-3 18:51:59] [INFO] Database :: Booting @ Master...
[2022-9-3 18:51:59] [INFO] Routes :: Mounting Web Routes...
[2022-9-3 18:51:59] [INFO] Database :: Booting @ Master...
[2022-9-3 18:51:59] [INFO] Booting the 'HTTP' middleware...
[2022-9-3 18:51:59] [INFO] Database :: connected...
[2022-9-3 18:51:59] [ERROR] Path '/public/favicon.ico' not found [IP: '::1']!
[2022-9-3 18:52:50] [INFO] Routes :: Mounting doc Routes...
[2022-9-3 18:52:50] [INFO] Routes :: Mounting API Routes...
[2022-9-3 18:52:50] [INFO] Booting the 'HTTP' middleware...
[2022-9-3 18:52:50] [INFO] Database :: Booting @ Master...
[2022-9-3 18:52:50] [INFO] Routes :: Mounting Web Routes...
[2022-9-3 18:52:50] [INFO] Database :: Booting @ Master...
[2022-9-3 18:52:50] [INFO] Database :: connected...
[2022-9-3 18:53:2] [INFO] Routes :: Mounting doc Routes...
[2022-9-3 18:53:2] [INFO] Routes :: Mounting API Routes...
[2022-9-3 18:53:2] [INFO] Database :: Booting @ Master...
[2022-9-3 18:53:2] [INFO] Booting the 'HTTP' middleware...
[2022-9-3 18:53:2] [INFO] Routes :: Mounting Web Routes...
[2022-9-3 18:53:2] [INFO] Database :: Booting @ Master...
[2022-9-3 18:53:2] [INFO] Database :: connected...
[2022-9-3 18:53:26] [INFO] Routes :: Mounting doc Routes...
[2022-9-3 18:53:26] [INFO] Routes :: Mounting API Routes...
[2022-9-3 18:53:26] [INFO] Booting the 'HTTP' middleware...
[2022-9-3 18:53:26] [INFO] Routes :: Mounting Web Routes...
[2022-9-3 18:53:26] [INFO] Database :: Booting @ Master...
[2022-9-3 18:53:26] [INFO] Database :: Booting @ Master...
[2022-9-3 18:53:26] [INFO] Database :: connected...
[2022-9-3 18:53:56] [INFO] Routes :: Mounting doc Routes...
[2022-9-3 18:53:56] [INFO] Routes :: Mounting API Routes...
[2022-9-3 18:53:56] [INFO] Booting the 'HTTP' middleware...
[2022-9-3 18:53:56] [INFO] Database :: Booting @ Master...
[2022-9-3 18:53:56] [INFO] Database :: Booting @ Master...
[2022-9-3 18:53:56] [INFO] Routes :: Mounting Web Routes...
[2022-9-3 18:53:56] [INFO] Database :: connected...
[2022-9-3 18:54:44] [INFO] Routes :: Mounting doc Routes...
[2022-9-3 18:54:44] [INFO] Routes :: Mounting API Routes...
[2022-9-3 18:54:44] [INFO] Booting the 'HTTP' middleware...
[2022-9-3 18:54:44] [INFO] Database :: Booting @ Master...
[2022-9-3 18:54:44] [INFO] Database :: Booting @ Master...
[2022-9-3 18:54:44] [INFO] Routes :: Mounting Web Routes...
[2022-9-3 18:54:44] [INFO] Database :: connected...
[2022-9-3 18:56:0] [INFO] Routes :: Mounting doc Routes...
[2022-9-3 18:56:0] [INFO] Routes :: Mounting Web Routes...
[2022-9-3 18:56:0] [INFO] Database :: Booting @ Master...
[2022-9-3 18:56:0] [INFO] Booting the 'HTTP' middleware...
[2022-9-3 18:56:0] [INFO] Routes :: Mounting API Routes...
[2022-9-3 18:56:0] [INFO] Database :: Booting @ Master...
[2022-9-3 18:56:0] [INFO] Database :: connected...
[2022-9-3 18:56:0] [ERROR] Path '/api/admin/group' not found [IP: '::1']!
[2022-9-3 18:59:38] [INFO] Routes :: Mounting doc Routes...
[2022-9-3 18:59:38] [INFO] Routes :: Mounting API Routes...
[2022-9-3 18:59:38] [INFO] Booting the 'HTTP' middleware...
[2022-9-3 18:59:38] [INFO] Routes :: Mounting Web Routes...
[2022-9-3 18:59:38] [INFO] Database :: Booting @ Master...
[2022-9-3 18:59:38] [INFO] Database :: Booting @ Master...
[2022-9-3 18:59:38] [INFO] Database :: connected...
[2022-9-3 18:59:38] [ERROR] Path '/api/admin/group' not found [IP: '::1']!
[2022-9-3 18:59:38] [ERROR] Path '/api/admin/group' not found [IP: '::1']!
[2022-9-3 19:0:38] [INFO] Routes :: Mounting doc Routes...
[2022-9-3 19:0:38] [INFO] Database :: Booting @ Master...
[2022-9-3 19:0:38] [INFO] Routes :: Mounting API Routes...
[2022-9-3 19:0:38] [INFO] Booting the 'HTTP' middleware...
[2022-9-3 19:0:38] [INFO] Database :: Booting @ Master...
[2022-9-3 19:0:38] [INFO] Routes :: Mounting Web Routes...
[2022-9-3 19:0:38] [INFO] Database :: connected...
