[2022-12-4 13:30:31] [INFO] Routes :: Mounting doc Routes...
[2022-12-4 13:30:31] [INFO] Routes :: Mounting API Routes...
[2022-12-4 13:30:31] [INFO] Routes :: Mounting Web Routes...
[2022-12-4 13:30:31] [INFO] Booting the 'HTTP' middleware...
[2022-12-4 13:30:31] [INFO] Database :: Booting @ Master...
[2022-12-4 13:30:31] [INFO] Database :: Booting @ Master...
[2022-12-4 13:31:36] [INFO] Routes :: Mounting doc Routes...
[2022-12-4 13:31:36] [INFO] Routes :: Mounting API Routes...
[2022-12-4 13:31:36] [INFO] Routes :: Mounting Web Routes...
[2022-12-4 13:31:36] [INFO] Booting the 'HTTP' middleware...
[2022-12-4 13:31:36] [INFO] Database :: Booting @ Master...
[2022-12-4 13:31:36] [INFO] Database :: Booting @ Master...
[2022-12-4 13:32:25] [INFO] Routes :: Mounting doc Routes...
[2022-12-4 13:32:25] [INFO] Routes :: Mounting API Routes...
[2022-12-4 13:32:25] [INFO] Routes :: Mounting Web Routes...
[2022-12-4 13:32:25] [INFO] Booting the 'HTTP' middleware...
[2022-12-4 13:32:25] [INFO] Database :: Booting @ Master...
[2022-12-4 13:32:25] [INFO] Database :: Booting @ Master...
[2022-12-4 13:32:25] [INFO] Database :: connected...
[2022-12-4 13:32:25] [ERROR] Path '/mnt/c/Users/Roku/Documents/Work/Qwerty/boilerplate/typeScript/src/public/favicon.ico' not found [IP: '::1']!
[2022-12-4 13:38:54] [INFO] Routes :: Mounting doc Routes...
[2022-12-4 13:38:54] [INFO] Routes :: Mounting API Routes...
[2022-12-4 13:38:54] [INFO] Routes :: Mounting Web Routes...
[2022-12-4 13:38:54] [INFO] Booting the 'HTTP' middleware...
[2022-12-4 13:38:54] [INFO] Database :: Booting @ Master...
[2022-12-4 13:38:54] [INFO] Database :: Booting @ Master...
[2022-12-4 13:38:54] [INFO] Database :: connected...
[2022-12-4 13:42:23] [INFO] Routes :: Mounting doc Routes...
[2022-12-4 13:42:23] [INFO] Routes :: Mounting API Routes...
[2022-12-4 13:42:23] [INFO] Routes :: Mounting Web Routes...
[2022-12-4 13:42:23] [INFO] Booting the 'HTTP' middleware...
[2022-12-4 13:42:23] [INFO] Database :: Booting @ Master...
[2022-12-4 13:42:23] [INFO] Database :: Booting @ Master...
[2022-12-4 13:42:23] [INFO] Database :: connected...
[2022-12-4 13:55:28] [INFO] Routes :: Mounting doc Routes...
[2022-12-4 13:55:28] [INFO] Routes :: Mounting API Routes...
[2022-12-4 13:55:28] [INFO] Routes :: Mounting Web Routes...
[2022-12-4 13:55:28] [INFO] Booting the 'HTTP' middleware...
[2022-12-4 13:55:28] [INFO] Database :: Booting @ Master...
[2022-12-4 13:55:28] [INFO] Database :: Booting @ Master...
[2022-12-4 13:55:28] [INFO] Database :: connected...
[2022-12-4 14:10:28] [INFO] Routes :: Mounting doc Routes...
[2022-12-4 14:10:28] [INFO] Routes :: Mounting API Routes...
[2022-12-4 14:10:28] [INFO] Routes :: Mounting Web Routes...
[2022-12-4 14:10:55] [INFO] Booting the 'HTTP' middleware...
[2022-12-4 14:10:55] [INFO] Database :: Booting @ Master...
[2022-12-4 14:10:47] [INFO] Database :: Booting @ Master...
[2022-12-4 14:10:47] [INFO] Database :: connected...
[2022-12-4 14:10:55] [ERROR] Path '/mnt/c/Users/Roku/Documents/Work/Qwerty/boilerplate/typeScript/public/favicon.ico' not found [IP: '::1']!
[2022-12-4 14:14:44] [INFO] Routes :: Mounting doc Routes...
[2022-12-4 14:14:44] [INFO] Routes :: Mounting API Routes...
[2022-12-4 14:14:44] [INFO] Routes :: Mounting Web Routes...
[2022-12-4 14:14:59] [INFO] Booting the 'HTTP' middleware...
[2022-12-4 14:14:59] [INFO] Database :: Booting @ Master...
[2022-12-4 14:14:54] [INFO] Database :: Booting @ Master...
[2022-12-4 14:14:54] [INFO] Database :: connected...
[2022-12-4 14:14:59] [ERROR] Path '/signup' not found [IP: '::1']!
[2022-12-4 14:23:19] [INFO] Routes :: Mounting doc Routes...
[2022-12-4 14:23:19] [INFO] Routes :: Mounting Web Routes...
[2022-12-4 14:23:19] [INFO] Routes :: Mounting API Routes...
[2022-12-4 14:23:37] [INFO] Booting the 'HTTP' middleware...
[2022-12-4 14:23:37] [INFO] Database :: Booting @ Master...
[2022-12-4 14:23:32] [INFO] Database :: Booting @ Master...
[2022-12-4 14:23:32] [INFO] Database :: connected...
[2022-12-4 14:23:37] [ERROR] Path '/signup' not found [IP: '::1']!
[2022-12-4 14:24:59] [INFO] Routes :: Mounting doc Routes...
[2022-12-4 14:24:59] [INFO] Routes :: Mounting API Routes...
[2022-12-4 14:24:59] [INFO] Routes :: Mounting Web Routes...
[2022-12-4 14:25:13] [INFO] Booting the 'HTTP' middleware...
[2022-12-4 14:25:13] [INFO] Database :: Booting @ Master...
[2022-12-4 14:25:9] [INFO] Database :: Booting @ Master...
[2022-12-4 14:25:9] [INFO] Database :: connected...
[2022-12-4 14:25:13] [ERROR] Path '/signup' not found [IP: '::1']!
[2022-12-4 14:25:56] [INFO] Routes :: Mounting doc Routes...
[2022-12-4 14:25:56] [INFO] Routes :: Mounting API Routes...
[2022-12-4 14:25:56] [INFO] Routes :: Mounting Web Routes...
[2022-12-4 14:26:11] [INFO] Booting the 'HTTP' middleware...
[2022-12-4 14:26:11] [INFO] Database :: Booting @ Master...
[2022-12-4 14:26:6] [INFO] Database :: Booting @ Master...
[2022-12-4 14:26:6] [INFO] Database :: connected...
[2022-12-4 14:26:11] [ERROR] Path '/signup' not found [IP: '::1']!
[2022-12-4 14:26:54] [INFO] Routes :: Mounting doc Routes...
[2022-12-4 14:26:54] [INFO] Routes :: Mounting API Routes...
[2022-12-4 14:26:54] [INFO] Routes :: Mounting Web Routes...
[2022-12-4 14:27:11] [INFO] Booting the 'HTTP' middleware...
[2022-12-4 14:27:11] [INFO] Database :: Booting @ Master...
[2022-12-4 14:27:6] [INFO] Database :: Booting @ Master...
[2022-12-4 14:27:6] [INFO] Database :: connected...
[2022-12-4 14:27:11] [ERROR] Path '/signup' not found [IP: '::1']!
[2022-12-4 14:27:11] [ERROR] Path '/signup' not found [IP: '::1']!
[2022-12-4 14:27:11] [ERROR] Path '/signup' not found [IP: '::1']!
[2022-12-4 14:29:42] [INFO] Routes :: Mounting doc Routes...
[2022-12-4 14:29:42] [INFO] Routes :: Mounting Web Routes...
[2022-12-4 14:29:42] [INFO] Routes :: Mounting API Routes...
[2022-12-4 14:29:57] [INFO] Booting the 'HTTP' middleware...
[2022-12-4 14:29:57] [INFO] Database :: Booting @ Master...
[2022-12-4 14:29:52] [INFO] Database :: Booting @ Master...
[2022-12-4 14:29:52] [INFO] Database :: connected...
[2022-12-4 14:29:57] [ERROR] Path '/signup' not found [IP: '::1']!
[2022-12-4 14:30:41] [INFO] Routes :: Mounting doc Routes...
[2022-12-4 14:30:41] [INFO] Routes :: Mounting API Routes...
[2022-12-4 14:30:41] [INFO] Routes :: Mounting Web Routes...
[2022-12-4 14:30:57] [INFO] Booting the 'HTTP' middleware...
[2022-12-4 14:30:57] [INFO] Database :: Booting @ Master...
[2022-12-4 14:30:52] [INFO] Database :: Booting @ Master...
[2022-12-4 14:30:52] [INFO] Database :: connected...
[2022-12-4 14:30:57] [ERROR] Path '/dics' not found [IP: '::1']!
[2022-12-4 14:36:4] [INFO] Routes :: Mounting doc Routes...
[2022-12-4 14:36:4] [INFO] Routes :: Mounting API Routes...
[2022-12-4 14:36:4] [INFO] Routes :: Mounting Web Routes...
[2022-12-4 14:36:23] [INFO] Booting the 'HTTP' middleware...
[2022-12-4 14:36:17] [INFO] Database :: Booting @ Master...
[2022-12-4 14:36:23] [INFO] Database :: Booting @ Master...
[2022-12-4 14:36:17] [INFO] Database :: connected...
[2022-12-4 15:24:1] [INFO] Routes :: Mounting doc Routes...
[2022-12-4 15:24:1] [INFO] Routes :: Mounting API Routes...
[2022-12-4 15:24:1] [INFO] Routes :: Mounting Web Routes...
[2022-12-4 15:24:18] [INFO] Booting the 'HTTP' middleware...
[2022-12-4 15:24:18] [INFO] Database :: Booting @ Master...
[2022-12-4 15:24:13] [INFO] Database :: Booting @ Master...
[2022-12-4 15:24:13] [INFO] Database :: connected...
[2022-12-4 15:28:39] [INFO] Routes :: Mounting doc Routes...
[2022-12-4 15:28:39] [INFO] Routes :: Mounting API Routes...
[2022-12-4 15:28:39] [INFO] Routes :: Mounting Web Routes...
[2022-12-4 15:28:54] [INFO] Booting the 'HTTP' middleware...
[2022-12-4 15:28:54] [INFO] Database :: Booting @ Master...
[2022-12-4 15:28:50] [INFO] Database :: Booting @ Master...
[2022-12-4 15:28:50] [INFO] Database :: connected...
[2022-12-4 15:29:29] [INFO] Routes :: Mounting doc Routes...
[2022-12-4 15:29:29] [INFO] Routes :: Mounting API Routes...
[2022-12-4 15:29:29] [INFO] Routes :: Mounting Web Routes...
[2022-12-4 15:29:46] [INFO] Booting the 'HTTP' middleware...
[2022-12-4 15:29:46] [INFO] Database :: Booting @ Master...
[2022-12-4 15:29:42] [INFO] Database :: Booting @ Master...
[2022-12-4 15:29:42] [INFO] Database :: connected...
[2022-12-4 15:32:14] [INFO] Routes :: Mounting doc Routes...
[2022-12-4 15:32:14] [INFO] Routes :: Mounting API Routes...
[2022-12-4 15:32:14] [INFO] Routes :: Mounting Web Routes...
[2022-12-4 15:32:28] [INFO] Booting the 'HTTP' middleware...
[2022-12-4 15:32:28] [INFO] Database :: Booting @ Master...
[2022-12-4 15:32:24] [INFO] Database :: Booting @ Master...
[2022-12-4 15:32:24] [INFO] Database :: connected...
[2022-12-4 15:34:33] [INFO] Routes :: Mounting doc Routes...
[2022-12-4 15:34:33] [INFO] Routes :: Mounting Web Routes...
[2022-12-4 15:34:33] [INFO] Routes :: Mounting API Routes...
[2022-12-4 15:34:51] [INFO] Booting the 'HTTP' middleware...
[2022-12-4 15:34:51] [INFO] Database :: Booting @ Master...
[2022-12-4 15:34:46] [INFO] Database :: Booting @ Master...
[2022-12-4 15:34:46] [INFO] Database :: connected...
[2022-12-4 15:44:24] [INFO] Routes :: Mounting doc Routes...
[2022-12-4 15:44:24] [INFO] Routes :: Mounting Web Routes...
[2022-12-4 15:44:24] [INFO] Routes :: Mounting API Routes...
[2022-12-4 15:44:39] [INFO] Booting the 'HTTP' middleware...
[2022-12-4 15:44:39] [INFO] Database :: Booting @ Master...
[2022-12-4 15:44:34] [INFO] Database :: Booting @ Master...
[2022-12-4 15:44:34] [INFO] Database :: connected...
[2022-12-4 15:44:39] [ERROR] Error: invalid input syntax for type integer: "{"id":"1"}"
    at /mnt/c/Users/Roku/Documents/Work/Qwerty/boilerplate/typeScript/src/controllers/api/user/user.controller.ts:71:16
    at processTicksAndRejections (node:internal/process/task_queues:95:5)
[2022-12-4 15:44:39] [ERROR] Error: invalid input syntax for type integer: "{"id":"1"}"
    at /mnt/c/Users/Roku/Documents/Work/Qwerty/boilerplate/typeScript/src/controllers/api/user/user.controller.ts:71:16
    at processTicksAndRejections (node:internal/process/task_queues:95:5)
[2022-12-4 15:44:39] [ERROR] Error: invalid input syntax for type integer: "{"id":"1"}"
    at /mnt/c/Users/Roku/Documents/Work/Qwerty/boilerplate/typeScript/src/controllers/api/user/user.controller.ts:71:16
    at processTicksAndRejections (node:internal/process/task_queues:95:5)
[2022-12-4 15:44:39] [ERROR] Error: invalid input syntax for type integer: "{"id":"1"}"
    at /mnt/c/Users/Roku/Documents/Work/Qwerty/boilerplate/typeScript/src/controllers/api/user/user.controller.ts:71:16
    at processTicksAndRejections (node:internal/process/task_queues:95:5)
[2022-12-4 15:44:39] [ERROR] Error: invalid input syntax for type integer: "{"id":"1"}"
    at /mnt/c/Users/Roku/Documents/Work/Qwerty/boilerplate/typeScript/src/controllers/api/user/user.controller.ts:71:16
    at processTicksAndRejections (node:internal/process/task_queues:95:5)
[2022-12-4 15:44:39] [ERROR] Error: invalid input syntax for type integer: "{"id":"1"}"
    at /mnt/c/Users/Roku/Documents/Work/Qwerty/boilerplate/typeScript/src/controllers/api/user/user.controller.ts:71:16
    at processTicksAndRejections (node:internal/process/task_queues:95:5)
[2022-12-4 15:46:7] [INFO] Routes :: Mounting doc Routes...
[2022-12-4 15:46:7] [INFO] Routes :: Mounting Web Routes...
[2022-12-4 15:46:7] [INFO] Routes :: Mounting API Routes...
[2022-12-4 15:46:20] [INFO] Booting the 'HTTP' middleware...
[2022-12-4 15:46:20] [INFO] Database :: Booting @ Master...
[2022-12-4 15:46:16] [INFO] Database :: Booting @ Master...
[2022-12-4 15:46:16] [INFO] Database :: connected...
[2022-12-4 15:46:20] [ERROR] Error: invalid input syntax for type integer: "{"id":1}"
    at /mnt/c/Users/Roku/Documents/Work/Qwerty/boilerplate/typeScript/src/controllers/api/user/user.controller.ts:72:16
    at processTicksAndRejections (node:internal/process/task_queues:95:5)
[2022-12-4 15:46:20] [ERROR] Error: invalid input syntax for type integer: "{"id":1}"
    at /mnt/c/Users/Roku/Documents/Work/Qwerty/boilerplate/typeScript/src/controllers/api/user/user.controller.ts:72:16
    at processTicksAndRejections (node:internal/process/task_queues:95:5)
[2022-12-4 15:46:20] [ERROR] Error: invalid input syntax for type integer: "{"id":1}"
    at /mnt/c/Users/Roku/Documents/Work/Qwerty/boilerplate/typeScript/src/controllers/api/user/user.controller.ts:72:16
    at processTicksAndRejections (node:internal/process/task_queues:95:5)
[2022-12-4 15:47:34] [INFO] Routes :: Mounting doc Routes...
[2022-12-4 15:47:34] [INFO] Routes :: Mounting API Routes...
[2022-12-4 15:47:34] [INFO] Routes :: Mounting Web Routes...
[2022-12-4 15:47:50] [INFO] Booting the 'HTTP' middleware...
[2022-12-4 15:47:50] [INFO] Database :: Booting @ Master...
[2022-12-4 15:47:45] [INFO] Database :: Booting @ Master...
[2022-12-4 15:47:45] [INFO] Database :: connected...
[2022-12-4 15:47:50] [ERROR] Error: invalid input syntax for type integer: "{"id":1}"
    at /mnt/c/Users/Roku/Documents/Work/Qwerty/boilerplate/typeScript/src/controllers/api/user/user.controller.ts:72:16
    at processTicksAndRejections (node:internal/process/task_queues:95:5)
[2022-12-4 15:47:50] [ERROR] Error: invalid input syntax for type integer: "{"id":1}"
    at /mnt/c/Users/Roku/Documents/Work/Qwerty/boilerplate/typeScript/src/controllers/api/user/user.controller.ts:72:16
    at processTicksAndRejections (node:internal/process/task_queues:95:5)
[2022-12-4 15:47:50] [ERROR] Error: invalid input syntax for type integer: "{"id":1}"
    at /mnt/c/Users/Roku/Documents/Work/Qwerty/boilerplate/typeScript/src/controllers/api/user/user.controller.ts:72:16
    at processTicksAndRejections (node:internal/process/task_queues:95:5)
[2022-12-4 15:50:25] [INFO] Routes :: Mounting doc Routes...
[2022-12-4 15:50:25] [INFO] Routes :: Mounting API Routes...
[2022-12-4 15:50:25] [INFO] Routes :: Mounting Web Routes...
[2022-12-4 15:50:39] [INFO] Booting the 'HTTP' middleware...
[2022-12-4 15:50:39] [INFO] Database :: Booting @ Master...
[2022-12-4 15:50:35] [INFO] Database :: Booting @ Master...
[2022-12-4 15:50:35] [INFO] Database :: connected...
[2022-12-4 15:50:39] [ERROR] Error: syntax error at or near ":"
    at /mnt/c/Users/Roku/Documents/Work/Qwerty/boilerplate/typeScript/src/controllers/api/user/user.controller.ts:72:16
    at processTicksAndRejections (node:internal/process/task_queues:95:5)
[2022-12-4 15:50:39] [ERROR] Error: syntax error at or near ":"
    at /mnt/c/Users/Roku/Documents/Work/Qwerty/boilerplate/typeScript/src/controllers/api/user/user.controller.ts:72:16
    at processTicksAndRejections (node:internal/process/task_queues:95:5)
[2022-12-4 15:50:39] [ERROR] Error: syntax error at or near ":"
    at /mnt/c/Users/Roku/Documents/Work/Qwerty/boilerplate/typeScript/src/controllers/api/user/user.controller.ts:72:16
    at processTicksAndRejections (node:internal/process/task_queues:95:5)
[2022-12-4 15:50:39] [ERROR] Error: syntax error at or near ":"
    at /mnt/c/Users/Roku/Documents/Work/Qwerty/boilerplate/typeScript/src/controllers/api/user/user.controller.ts:72:16
    at processTicksAndRejections (node:internal/process/task_queues:95:5)
[2022-12-4 15:50:39] [ERROR] Error: syntax error at or near ":"
    at /mnt/c/Users/Roku/Documents/Work/Qwerty/boilerplate/typeScript/src/controllers/api/user/user.controller.ts:72:16
    at processTicksAndRejections (node:internal/process/task_queues:95:5)
[2022-12-4 15:50:39] [ERROR] Error: syntax error at or near ":"
    at /mnt/c/Users/Roku/Documents/Work/Qwerty/boilerplate/typeScript/src/controllers/api/user/user.controller.ts:72:16
    at processTicksAndRejections (node:internal/process/task_queues:95:5)
[2022-12-4 16:20:50] [INFO] Routes :: Mounting doc Routes...
[2022-12-4 16:20:50] [INFO] Routes :: Mounting API Routes...
[2022-12-4 16:20:50] [INFO] Routes :: Mounting Web Routes...
[2022-12-4 16:21:5] [INFO] Booting the 'HTTP' middleware...
[2022-12-4 16:21:5] [INFO] Database :: Booting @ Master...
[2022-12-4 16:21:1] [INFO] Database :: Booting @ Master...
[2022-12-4 16:21:1] [INFO] Database :: connected...
[2022-12-4 16:21:5] [ERROR] Error: syntax error at or near ":"
    at /mnt/c/Users/Roku/Documents/Work/Qwerty/boilerplate/typeScript/src/controllers/api/user/user.controller.ts:72:16
    at processTicksAndRejections (node:internal/process/task_queues:95:5)
[2022-12-4 16:21:5] [ERROR] Error: syntax error at or near ":"
    at /mnt/c/Users/Roku/Documents/Work/Qwerty/boilerplate/typeScript/src/controllers/api/user/user.controller.ts:72:16
    at processTicksAndRejections (node:internal/process/task_queues:95:5)
[2022-12-4 16:21:5] [ERROR] Error: syntax error at or near ":"
    at /mnt/c/Users/Roku/Documents/Work/Qwerty/boilerplate/typeScript/src/controllers/api/user/user.controller.ts:72:16
    at processTicksAndRejections (node:internal/process/task_queues:95:5)
[2022-12-4 16:22:4] [INFO] Routes :: Mounting doc Routes...
[2022-12-4 16:22:4] [INFO] Routes :: Mounting API Routes...
[2022-12-4 16:22:4] [INFO] Routes :: Mounting Web Routes...
[2022-12-4 16:22:18] [INFO] Booting the 'HTTP' middleware...
[2022-12-4 16:22:18] [INFO] Database :: Booting @ Master...
[2022-12-4 16:22:14] [INFO] Database :: Booting @ Master...
[2022-12-4 16:22:14] [INFO] Database :: connected...
[2022-12-4 16:22:18] [ERROR] Error: syntax error at or near ":"
    at /mnt/c/Users/Roku/Documents/Work/Qwerty/boilerplate/typeScript/src/controllers/api/user/user.controller.ts:72:16
    at processTicksAndRejections (node:internal/process/task_queues:95:5)
[2022-12-4 16:22:18] [ERROR] Error: syntax error at or near ":"
    at /mnt/c/Users/Roku/Documents/Work/Qwerty/boilerplate/typeScript/src/controllers/api/user/user.controller.ts:72:16
    at processTicksAndRejections (node:internal/process/task_queues:95:5)
[2022-12-4 16:22:18] [ERROR] Error: syntax error at or near ":"
    at /mnt/c/Users/Roku/Documents/Work/Qwerty/boilerplate/typeScript/src/controllers/api/user/user.controller.ts:72:16
    at processTicksAndRejections (node:internal/process/task_queues:95:5)
[2022-12-4 16:22:55] [INFO] Routes :: Mounting doc Routes...
[2022-12-4 16:22:55] [INFO] Routes :: Mounting API Routes...
[2022-12-4 16:22:55] [INFO] Routes :: Mounting Web Routes...
[2022-12-4 16:23:9] [INFO] Booting the 'HTTP' middleware...
[2022-12-4 16:23:9] [INFO] Database :: Booting @ Master...
[2022-12-4 16:23:5] [INFO] Database :: Booting @ Master...
[2022-12-4 16:23:5] [INFO] Database :: connected...
[2022-12-4 16:23:9] [ERROR] Error: syntax error at or near ":"
    at /mnt/c/Users/Roku/Documents/Work/Qwerty/boilerplate/typeScript/src/controllers/api/user/user.controller.ts:72:16
    at processTicksAndRejections (node:internal/process/task_queues:95:5)
[2022-12-4 16:23:9] [ERROR] Error: syntax error at or near ":"
    at /mnt/c/Users/Roku/Documents/Work/Qwerty/boilerplate/typeScript/src/controllers/api/user/user.controller.ts:72:16
    at processTicksAndRejections (node:internal/process/task_queues:95:5)
[2022-12-4 16:23:9] [ERROR] Error: syntax error at or near ":"
    at /mnt/c/Users/Roku/Documents/Work/Qwerty/boilerplate/typeScript/src/controllers/api/user/user.controller.ts:72:16
    at processTicksAndRejections (node:internal/process/task_queues:95:5)
[2022-12-4 16:23:58] [INFO] Routes :: Mounting doc Routes...
[2022-12-4 16:23:58] [INFO] Routes :: Mounting API Routes...
[2022-12-4 16:23:58] [INFO] Routes :: Mounting Web Routes...
[2022-12-4 16:24:13] [INFO] Booting the 'HTTP' middleware...
[2022-12-4 16:24:13] [INFO] Database :: Booting @ Master...
[2022-12-4 16:24:9] [INFO] Database :: Booting @ Master...
[2022-12-4 16:24:9] [INFO] Database :: connected...
[2022-12-4 16:24:13] [ERROR] Error: syntax error at or near ":"
    at /mnt/c/Users/Roku/Documents/Work/Qwerty/boilerplate/typeScript/src/controllers/api/user/user.controller.ts:72:16
    at processTicksAndRejections (node:internal/process/task_queues:95:5)
[2022-12-4 16:24:13] [ERROR] Error: syntax error at or near ":"
    at /mnt/c/Users/Roku/Documents/Work/Qwerty/boilerplate/typeScript/src/controllers/api/user/user.controller.ts:72:16
    at processTicksAndRejections (node:internal/process/task_queues:95:5)
[2022-12-4 16:24:13] [ERROR] Error: syntax error at or near ":"
    at /mnt/c/Users/Roku/Documents/Work/Qwerty/boilerplate/typeScript/src/controllers/api/user/user.controller.ts:72:16
    at processTicksAndRejections (node:internal/process/task_queues:95:5)
[2022-12-4 16:25:33] [INFO] Routes :: Mounting doc Routes...
[2022-12-4 16:25:33] [INFO] Routes :: Mounting API Routes...
[2022-12-4 16:25:33] [INFO] Routes :: Mounting Web Routes...
[2022-12-4 16:25:49] [INFO] Booting the 'HTTP' middleware...
[2022-12-4 16:25:49] [INFO] Database :: Booting @ Master...
[2022-12-4 16:25:44] [INFO] Database :: Booting @ Master...
[2022-12-4 16:25:44] [INFO] Database :: connected...
[2022-12-4 16:37:16] [INFO] Routes :: Mounting doc Routes...
[2022-12-4 16:37:16] [INFO] Routes :: Mounting API Routes...
[2022-12-4 16:37:16] [INFO] Routes :: Mounting Web Routes...
[2022-12-4 16:37:31] [INFO] Booting the 'HTTP' middleware...
[2022-12-4 16:37:31] [INFO] Database :: Booting @ Master...
[2022-12-4 16:37:26] [INFO] Database :: Booting @ Master...
[2022-12-4 16:37:26] [INFO] Database :: connected...
[2022-12-4 16:37:31] [ERROR] Error: syntax error at or near ":"
    at /mnt/c/Users/Roku/Documents/Work/Qwerty/boilerplate/typeScript/src/controllers/api/user/user.controller.ts:72:16
    at processTicksAndRejections (node:internal/process/task_queues:95:5)
[2022-12-4 16:37:31] [ERROR] Error: syntax error at or near ":"
    at /mnt/c/Users/Roku/Documents/Work/Qwerty/boilerplate/typeScript/src/controllers/api/user/user.controller.ts:72:16
    at processTicksAndRejections (node:internal/process/task_queues:95:5)
[2022-12-4 16:37:31] [ERROR] Error: syntax error at or near ":"
    at /mnt/c/Users/Roku/Documents/Work/Qwerty/boilerplate/typeScript/src/controllers/api/user/user.controller.ts:72:16
    at processTicksAndRejections (node:internal/process/task_queues:95:5)
[2022-12-4 16:45:7] [INFO] Routes :: Mounting doc Routes...
[2022-12-4 16:45:7] [INFO] Routes :: Mounting API Routes...
[2022-12-4 16:45:7] [INFO] Routes :: Mounting Web Routes...
[2022-12-4 16:45:22] [INFO] Booting the 'HTTP' middleware...
[2022-12-4 16:45:22] [INFO] Database :: Booting @ Master...
[2022-12-4 16:45:17] [INFO] Database :: Booting @ Master...
[2022-12-4 16:45:17] [INFO] Database :: connected...
[2022-12-4 16:45:22] [ERROR] Error: syntax error at or near ":"
    at /mnt/c/Users/Roku/Documents/Work/Qwerty/boilerplate/typeScript/src/controllers/api/user/user.controller.ts:71:16
    at processTicksAndRejections (node:internal/process/task_queues:95:5)
[2022-12-4 16:45:22] [ERROR] Error: syntax error at or near ":"
    at /mnt/c/Users/Roku/Documents/Work/Qwerty/boilerplate/typeScript/src/controllers/api/user/user.controller.ts:71:16
    at processTicksAndRejections (node:internal/process/task_queues:95:5)
[2022-12-4 16:45:22] [ERROR] Error: syntax error at or near ":"
    at /mnt/c/Users/Roku/Documents/Work/Qwerty/boilerplate/typeScript/src/controllers/api/user/user.controller.ts:71:16
    at processTicksAndRejections (node:internal/process/task_queues:95:5)
[2022-12-4 16:47:25] [INFO] Routes :: Mounting doc Routes...
[2022-12-4 16:47:25] [INFO] Routes :: Mounting API Routes...
[2022-12-4 16:47:25] [INFO] Routes :: Mounting Web Routes...
[2022-12-4 16:47:41] [INFO] Booting the 'HTTP' middleware...
[2022-12-4 16:47:41] [INFO] Database :: Booting @ Master...
[2022-12-4 16:47:36] [INFO] Database :: Booting @ Master...
[2022-12-4 16:47:41] [ERROR] Error: index_1.default.database.manager.getRepository(...).createQueryBuilder(...).leftJoinAndSelect(...).findOneBy is not a function
    at /mnt/c/Users/Roku/Documents/Work/Qwerty/boilerplate/typeScript/src/controllers/api/user/user.controller.ts:71:16
    at processTicksAndRejections (node:internal/process/task_queues:95:5)
[2022-12-4 16:47:41] [ERROR] Error: index_1.default.database.manager.getRepository(...).createQueryBuilder(...).leftJoinAndSelect(...).findOneBy is not a function
    at /mnt/c/Users/Roku/Documents/Work/Qwerty/boilerplate/typeScript/src/controllers/api/user/user.controller.ts:71:16
    at processTicksAndRejections (node:internal/process/task_queues:95:5)
[2022-12-4 16:47:41] [ERROR] Error: index_1.default.database.manager.getRepository(...).createQueryBuilder(...).leftJoinAndSelect(...).findOneBy is not a function
    at /mnt/c/Users/Roku/Documents/Work/Qwerty/boilerplate/typeScript/src/controllers/api/user/user.controller.ts:71:16
    at processTicksAndRejections (node:internal/process/task_queues:95:5)
[2022-12-4 16:47:36] [INFO] Database :: connected...
[2022-12-4 17:4:50] [INFO] Routes :: Mounting doc Routes...
[2022-12-4 17:4:50] [INFO] Routes :: Mounting API Routes...
[2022-12-4 17:4:50] [INFO] Routes :: Mounting Web Routes...
[2022-12-4 17:5:5] [INFO] Booting the 'HTTP' middleware...
[2022-12-4 17:5:5] [INFO] Database :: Booting @ Master...
[2022-12-4 17:5:0] [INFO] Database :: Booting @ Master...
[2022-12-4 17:5:0] [INFO] Database :: connected...
[2022-12-4 17:5:58] [INFO] Routes :: Mounting doc Routes...
[2022-12-4 17:5:58] [INFO] Routes :: Mounting API Routes...
[2022-12-4 17:5:58] [INFO] Routes :: Mounting Web Routes...
[2022-12-4 17:6:13] [INFO] Booting the 'HTTP' middleware...
[2022-12-4 17:6:13] [INFO] Database :: Booting @ Master...
[2022-12-4 17:6:8] [INFO] Database :: Booting @ Master...
[2022-12-4 17:6:8] [INFO] Database :: connected...
[2022-12-4 17:7:42] [INFO] Routes :: Mounting doc Routes...
[2022-12-4 17:7:42] [INFO] Routes :: Mounting API Routes...
[2022-12-4 17:7:42] [INFO] Routes :: Mounting Web Routes...
[2022-12-4 17:7:57] [INFO] Booting the 'HTTP' middleware...
[2022-12-4 17:7:57] [INFO] Database :: Booting @ Master...
[2022-12-4 17:7:53] [INFO] Database :: Booting @ Master...
[2022-12-4 17:7:53] [INFO] Database :: connected...
[2022-12-4 17:7:57] [ERROR] Error: index_1.default.database.manager.getRepository(...).createQueryBuilder(...).leftJoinAndSelect(...).findOneBy is not a function
    at /mnt/c/Users/Roku/Documents/Work/Qwerty/boilerplate/typeScript/src/controllers/api/user/user.controller.ts:71:16
    at processTicksAndRejections (node:internal/process/task_queues:95:5)
[2022-12-4 17:7:57] [ERROR] Error: index_1.default.database.manager.getRepository(...).createQueryBuilder(...).leftJoinAndSelect(...).findOneBy is not a function
    at /mnt/c/Users/Roku/Documents/Work/Qwerty/boilerplate/typeScript/src/controllers/api/user/user.controller.ts:71:16
    at processTicksAndRejections (node:internal/process/task_queues:95:5)
[2022-12-4 17:7:57] [ERROR] Error: index_1.default.database.manager.getRepository(...).createQueryBuilder(...).leftJoinAndSelect(...).findOneBy is not a function
    at /mnt/c/Users/Roku/Documents/Work/Qwerty/boilerplate/typeScript/src/controllers/api/user/user.controller.ts:71:16
    at processTicksAndRejections (node:internal/process/task_queues:95:5)
[2022-12-4 17:10:40] [INFO] Routes :: Mounting doc Routes...
[2022-12-4 17:10:40] [INFO] Routes :: Mounting API Routes...
[2022-12-4 17:10:40] [INFO] Routes :: Mounting Web Routes...
[2022-12-4 17:10:56] [INFO] Booting the 'HTTP' middleware...
[2022-12-4 17:10:56] [INFO] Database :: Booting @ Master...
[2022-12-4 17:10:51] [INFO] Database :: Booting @ Master...
[2022-12-4 17:10:51] [INFO] Database :: connected...
[2022-12-4 17:10:56] [ERROR] Error: index_1.default.database.manager.getRepository(...).createQueryBuilder(...).leftJoinAndSelect(...).findOne is not a function
    at /mnt/c/Users/Roku/Documents/Work/Qwerty/boilerplate/typeScript/src/controllers/api/user/user.controller.ts:71:16
    at processTicksAndRejections (node:internal/process/task_queues:95:5)
[2022-12-4 17:10:56] [ERROR] Error: index_1.default.database.manager.getRepository(...).createQueryBuilder(...).leftJoinAndSelect(...).findOne is not a function
    at /mnt/c/Users/Roku/Documents/Work/Qwerty/boilerplate/typeScript/src/controllers/api/user/user.controller.ts:71:16
    at processTicksAndRejections (node:internal/process/task_queues:95:5)
[2022-12-4 17:10:56] [ERROR] Error: index_1.default.database.manager.getRepository(...).createQueryBuilder(...).leftJoinAndSelect(...).findOne is not a function
    at /mnt/c/Users/Roku/Documents/Work/Qwerty/boilerplate/typeScript/src/controllers/api/user/user.controller.ts:71:16
    at processTicksAndRejections (node:internal/process/task_queues:95:5)
[2022-12-4 17:11:36] [INFO] Routes :: Mounting doc Routes...
[2022-12-4 17:11:36] [INFO] Routes :: Mounting API Routes...
[2022-12-4 17:11:36] [INFO] Routes :: Mounting Web Routes...
[2022-12-4 17:11:53] [INFO] Booting the 'HTTP' middleware...
[2022-12-4 17:11:53] [INFO] Database :: Booting @ Master...
[2022-12-4 17:11:48] [INFO] Database :: Booting @ Master...
[2022-12-4 17:11:48] [INFO] Database :: connected...
[2022-12-4 17:11:53] [ERROR] Error: invalid input syntax for type integer: "{"id":1}"
    at /mnt/c/Users/Roku/Documents/Work/Qwerty/boilerplate/typeScript/src/controllers/api/user/user.controller.ts:71:16
    at processTicksAndRejections (node:internal/process/task_queues:95:5)
[2022-12-4 17:11:53] [ERROR] Error: invalid input syntax for type integer: "{"id":1}"
    at /mnt/c/Users/Roku/Documents/Work/Qwerty/boilerplate/typeScript/src/controllers/api/user/user.controller.ts:71:16
    at processTicksAndRejections (node:internal/process/task_queues:95:5)
[2022-12-4 17:11:53] [ERROR] Error: invalid input syntax for type integer: "{"id":1}"
    at /mnt/c/Users/Roku/Documents/Work/Qwerty/boilerplate/typeScript/src/controllers/api/user/user.controller.ts:71:16
    at processTicksAndRejections (node:internal/process/task_queues:95:5)
[2022-12-4 17:13:14] [INFO] Routes :: Mounting doc Routes...
[2022-12-4 17:13:14] [INFO] Routes :: Mounting API Routes...
[2022-12-4 17:13:14] [INFO] Routes :: Mounting Web Routes...
[2022-12-4 17:13:30] [INFO] Booting the 'HTTP' middleware...
[2022-12-4 17:13:30] [INFO] Database :: Booting @ Master...
[2022-12-4 17:13:25] [INFO] Database :: Booting @ Master...
[2022-12-4 17:13:25] [INFO] Database :: connected...
[2022-12-4 17:13:30] [ERROR] Error: invalid input syntax for type integer: "{"id":1}"
    at /mnt/c/Users/Roku/Documents/Work/Qwerty/boilerplate/typeScript/src/controllers/api/user/user.controller.ts:71:16
    at processTicksAndRejections (node:internal/process/task_queues:95:5)
[2022-12-4 17:13:30] [ERROR] Error: invalid input syntax for type integer: "{"id":1}"
    at /mnt/c/Users/Roku/Documents/Work/Qwerty/boilerplate/typeScript/src/controllers/api/user/user.controller.ts:71:16
    at processTicksAndRejections (node:internal/process/task_queues:95:5)
[2022-12-4 17:13:30] [ERROR] Error: invalid input syntax for type integer: "{"id":1}"
    at /mnt/c/Users/Roku/Documents/Work/Qwerty/boilerplate/typeScript/src/controllers/api/user/user.controller.ts:71:16
    at processTicksAndRejections (node:internal/process/task_queues:95:5)
[2022-12-4 17:15:8] [INFO] Routes :: Mounting doc Routes...
[2022-12-4 17:15:8] [INFO] Routes :: Mounting API Routes...
[2022-12-4 17:15:8] [INFO] Routes :: Mounting Web Routes...
[2022-12-4 17:15:24] [INFO] Booting the 'HTTP' middleware...
[2022-12-4 17:15:24] [INFO] Database :: Booting @ Master...
[2022-12-4 17:15:20] [INFO] Database :: Booting @ Master...
[2022-12-4 17:15:20] [INFO] Database :: connected...
[2022-12-4 17:15:24] [ERROR] Error: invalid input syntax for type integer: "{"id":1}"
    at /mnt/c/Users/Roku/Documents/Work/Qwerty/boilerplate/typeScript/src/controllers/api/user/user.controller.ts:71:16
    at processTicksAndRejections (node:internal/process/task_queues:95:5)
[2022-12-4 17:15:24] [ERROR] Error: invalid input syntax for type integer: "{"id":1}"
    at /mnt/c/Users/Roku/Documents/Work/Qwerty/boilerplate/typeScript/src/controllers/api/user/user.controller.ts:71:16
    at processTicksAndRejections (node:internal/process/task_queues:95:5)
[2022-12-4 17:15:24] [ERROR] Error: invalid input syntax for type integer: "{"id":1}"
    at /mnt/c/Users/Roku/Documents/Work/Qwerty/boilerplate/typeScript/src/controllers/api/user/user.controller.ts:71:16
    at processTicksAndRejections (node:internal/process/task_queues:95:5)
[2022-12-4 17:29:28] [INFO] Routes :: Mounting doc Routes...
[2022-12-4 17:29:28] [INFO] Routes :: Mounting API Routes...
[2022-12-4 17:29:28] [INFO] Routes :: Mounting Web Routes...
[2022-12-4 17:29:43] [INFO] Booting the 'HTTP' middleware...
[2022-12-4 17:29:43] [INFO] Database :: Booting @ Master...
[2022-12-4 17:29:39] [INFO] Database :: Booting @ Master...
[2022-12-4 17:31:13] [INFO] Routes :: Mounting doc Routes...
[2022-12-4 17:31:13] [INFO] Routes :: Mounting API Routes...
[2022-12-4 17:31:13] [INFO] Routes :: Mounting Web Routes...
[2022-12-4 17:31:29] [INFO] Booting the 'HTTP' middleware...
[2022-12-4 17:31:29] [INFO] Database :: Booting @ Master...
[2022-12-4 17:31:24] [INFO] Database :: Booting @ Master...
[2022-12-4 17:31:24] [INFO] Database :: connected...
