[2022-12-10 15:58:17] [INFO] Routes :: Mounting doc Routes...
[2022-12-10 15:58:17] [INFO] Routes :: Mounting Web Routes...
[2022-12-10 15:58:17] [INFO] Database :: Booting @ Master...
[2022-12-10 15:58:17] [INFO] Booting the 'HTTP' middleware...
[2022-12-10 15:58:17] [INFO] Database :: Booting @ Master...
[2022-12-10 16:1:14] [INFO] Routes :: Mounting doc Routes...
[2022-12-10 16:1:14] [INFO] Routes :: Mounting Web Routes...
[2022-12-10 16:1:14] [INFO] Booting the 'HTTP' middleware...
[2022-12-10 16:1:15] [INFO] Database :: Booting @ Master...
[2022-12-10 16:1:15] [INFO] Database :: Booting @ Master...
[2022-12-10 16:1:36] [INFO] Routes :: Mounting doc Routes...
[2022-12-10 16:1:36] [INFO] Routes :: Mounting Web Routes...
[2022-12-10 16:1:36] [INFO] Booting the 'HTTP' middleware...
[2022-12-10 16:1:37] [INFO] Database :: Booting @ Master...
[2022-12-10 16:1:37] [INFO] Database :: Booting @ Master...
[2022-12-10 16:2:2] [INFO] Routes :: Mounting doc Routes...
[2022-12-10 16:2:2] [INFO] Booting the 'HTTP' middleware...
[2022-12-10 16:2:3] [INFO] Database :: Booting @ Master...
[2022-12-10 16:2:2] [INFO] Routes :: Mounting Web Routes...
[2022-12-10 16:2:3] [INFO] Database :: Booting @ Master...
[2022-12-10 16:3:8] [INFO] Routes :: Mounting doc Routes...
[2022-12-10 16:3:8] [INFO] Routes :: Mounting Web Routes...
[2022-12-10 16:3:9] [INFO] Booting the 'HTTP' middleware...
[2022-12-10 16:3:9] [INFO] Database :: Booting @ Master...
[2022-12-10 16:3:9] [INFO] Database :: Booting @ Master...
[2022-12-10 16:4:42] [INFO] Routes :: Mounting doc Routes...
[2022-12-10 16:4:42] [INFO] Routes :: Mounting Web Routes...
[2022-12-10 16:4:42] [INFO] Booting the 'HTTP' middleware...
[2022-12-10 16:4:43] [INFO] Database :: Booting @ Master...
[2022-12-10 16:4:43] [INFO] Database :: Booting @ Master...
[2022-12-10 16:7:16] [INFO] Routes :: Mounting doc Routes...
[2022-12-10 16:7:16] [INFO] Routes :: Mounting Web Routes...
[2022-12-10 16:7:17] [INFO] Database :: Booting @ Master...
[2022-12-10 16:7:16] [INFO] Booting the 'HTTP' middleware...
[2022-12-10 16:7:17] [INFO] Database :: Booting @ Master...
[2022-12-10 16:7:17] [INFO] Database :: connected...
[2022-12-10 16:7:40] [INFO] Routes :: Mounting doc Routes...
[2022-12-10 16:7:40] [INFO] Routes :: Mounting Web Routes...
[2022-12-10 16:7:41] [INFO] Database :: Booting @ Master...
[2022-12-10 16:7:41] [INFO] Booting the 'HTTP' middleware...
[2022-12-10 16:7:41] [INFO] Database :: Booting @ Master...
[2022-12-10 16:7:41] [INFO] Database :: connected...
[2022-12-10 19:0:31] [INFO] Routes :: Mounting doc Routes...
[2022-12-10 19:0:31] [INFO] Routes :: Mounting Web Routes...
[2022-12-10 19:0:34] [INFO] Database :: Booting @ Master...
[2022-12-10 19:0:34] [INFO] Database :: Booting @ Master...
[2022-12-10 19:0:32] [INFO] Booting the 'HTTP' middleware...
[2022-12-10 19:0:34] [INFO] Database :: connected...
[2022-12-10 19:9:37] [INFO] Routes :: Mounting doc Routes...
[2022-12-10 19:9:37] [INFO] Routes :: Mounting Web Routes...
[2022-12-10 19:9:38] [INFO] Booting the 'HTTP' middleware...
[2022-12-10 19:9:39] [INFO] Database :: Booting @ Master...
[2022-12-10 19:9:39] [INFO] Database :: Booting @ Master...
[2022-12-10 19:9:39] [INFO] Database :: connected...
[2022-12-10 19:24:15] [INFO] Routes :: Mounting doc Routes...
[2022-12-10 19:24:15] [INFO] Routes :: Mounting Web Routes...
[2022-12-10 19:24:16] [INFO] Booting the 'HTTP' middleware...
[2022-12-10 19:24:16] [INFO] Database :: Booting @ Master...
[2022-12-10 19:24:16] [INFO] Database :: Booting @ Master...
[2022-12-10 19:25:39] [INFO] Routes :: Mounting doc Routes...
[2022-12-10 19:25:40] [INFO] Booting the 'HTTP' middleware...
[2022-12-10 19:25:39] [INFO] Routes :: Mounting Web Routes...
[2022-12-10 19:25:40] [INFO] Database :: Booting @ Master...
[2022-12-10 19:25:40] [INFO] Database :: Booting @ Master...
[2022-12-10 19:28:44] [INFO] Routes :: Mounting doc Routes...
[2022-12-10 19:28:44] [INFO] Routes :: Mounting Web Routes...
[2022-12-10 19:28:44] [INFO] Booting the 'HTTP' middleware...
[2022-12-10 19:28:45] [INFO] Database :: Booting @ Master...
[2022-12-10 19:28:45] [INFO] Database :: Booting @ Master...
[2022-12-10 19:29:18] [INFO] Routes :: Mounting doc Routes...
[2022-12-10 19:29:18] [INFO] Routes :: Mounting Web Routes...
[2022-12-10 19:29:19] [INFO] Booting the 'HTTP' middleware...
[2022-12-10 19:29:20] [INFO] Database :: Booting @ Master...
[2022-12-10 19:29:20] [INFO] Database :: Booting @ Master...
[2022-12-10 19:29:48] [INFO] Routes :: Mounting doc Routes...
[2022-12-10 19:29:49] [INFO] Booting the 'HTTP' middleware...
[2022-12-10 19:29:48] [INFO] Routes :: Mounting Web Routes...
[2022-12-10 19:29:49] [INFO] Database :: Booting @ Master...
[2022-12-10 19:29:49] [INFO] Database :: Booting @ Master...
[2022-12-10 19:30:44] [INFO] Routes :: Mounting doc Routes...
[2022-12-10 19:30:44] [INFO] Routes :: Mounting Web Routes...
[2022-12-10 19:30:45] [INFO] Booting the 'HTTP' middleware...
[2022-12-10 19:30:45] [INFO] Database :: Booting @ Master...
[2022-12-10 19:30:45] [INFO] Database :: Booting @ Master...
[2022-12-10 19:30:52] [INFO] Routes :: Mounting doc Routes...
[2022-12-10 19:30:52] [INFO] Routes :: Mounting Web Routes...
[2022-12-10 19:30:53] [INFO] Booting the 'HTTP' middleware...
[2022-12-10 19:30:53] [INFO] Database :: Booting @ Master...
[2022-12-10 19:30:53] [INFO] Database :: Booting @ Master...
[2022-12-10 19:31:34] [INFO] Routes :: Mounting doc Routes...
[2022-12-10 19:31:34] [INFO] Routes :: Mounting Web Routes...
[2022-12-10 19:31:35] [INFO] Booting the 'HTTP' middleware...
[2022-12-10 19:31:36] [INFO] Database :: Booting @ Master...
[2022-12-10 19:31:36] [INFO] Database :: Booting @ Master...
[2022-12-10 19:31:51] [INFO] Routes :: Mounting doc Routes...
[2022-12-10 19:31:51] [INFO] Routes :: Mounting Web Routes...
[2022-12-10 19:31:51] [INFO] Booting the 'HTTP' middleware...
[2022-12-10 19:31:52] [INFO] Database :: Booting @ Master...
[2022-12-10 19:31:52] [INFO] Database :: Booting @ Master...
[2022-12-10 19:32:10] [INFO] Routes :: Mounting doc Routes...
[2022-12-10 19:32:10] [INFO] Routes :: Mounting Web Routes...
[2022-12-10 19:32:11] [INFO] Booting the 'HTTP' middleware...
[2022-12-10 19:32:11] [INFO] Database :: Booting @ Master...
[2022-12-10 19:32:11] [INFO] Database :: Booting @ Master...
[2022-12-10 19:32:39] [INFO] Routes :: Mounting doc Routes...
[2022-12-10 19:32:40] [INFO] Booting the 'HTTP' middleware...
[2022-12-10 19:32:39] [INFO] Routes :: Mounting Web Routes...
[2022-12-10 19:32:40] [INFO] Database :: Booting @ Master...
[2022-12-10 19:32:40] [INFO] Database :: Booting @ Master...
[2022-12-10 19:32:40] [INFO] Database :: connected...
[2022-12-10 19:59:10] [INFO] Routes :: Mounting doc Routes...
[2022-12-10 19:59:10] [INFO] Routes :: Mounting Web Routes...
[2022-12-10 19:59:11] [INFO] Booting the 'HTTP' middleware...
[2022-12-10 19:59:11] [INFO] Database :: Booting @ Master...
[2022-12-10 19:59:11] [INFO] Database :: Booting @ Master...
[2022-12-10 19:59:11] [INFO] Database :: connected...
[2022-12-10 20:18:21] [INFO] Routes :: Mounting doc Routes...
[2022-12-10 20:18:21] [INFO] Routes :: Mounting Web Routes...
[2022-12-10 20:18:21] [INFO] Booting the 'HTTP' middleware...
[2022-12-10 20:18:22] [INFO] Database :: Booting @ Master...
[2022-12-10 20:18:22] [INFO] Database :: Booting @ Master...
[2022-12-10 20:18:22] [INFO] Database :: connected...
[2022-12-10 20:18:21] [ERROR] Error: Failed to lookup view "/Auth/auth-forgot-password" in views directory "C:\Users\Roku\Documents\Work\Qwerty\boilerplate\typeScript\src\views"
    at Function.render (C:\Users\Roku\Documents\Work\Qwerty\boilerplate\typeScript\node_modules\express\lib\application.js:597:17)
    at ServerResponse.render (C:\Users\Roku\Documents\Work\Qwerty\boilerplate\typeScript\node_modules\express\lib\response.js:1039:7)
    at ServerResponse.res.render (C:\Users\Roku\Documents\Work\Qwerty\boilerplate\typeScript\node_modules\express-ejs-layouts\lib\express-layouts.js:77:18)
    at login (C:\Users\Roku\Documents\Work\Qwerty\boilerplate\typeScript\src\controllers\web\index.ts:12:16)
    at Layer.handle [as handle_request] (C:\Users\Roku\Documents\Work\Qwerty\boilerplate\typeScript\node_modules\express\lib\router\layer.js:95:5)
    at next (C:\Users\Roku\Documents\Work\Qwerty\boilerplate\typeScript\node_modules\express\lib\router\route.js:144:13)
    at Route.dispatch (C:\Users\Roku\Documents\Work\Qwerty\boilerplate\typeScript\node_modules\express\lib\router\route.js:114:3)
    at Layer.handle [as handle_request] (C:\Users\Roku\Documents\Work\Qwerty\boilerplate\typeScript\node_modules\express\lib\router\layer.js:95:5)
    at C:\Users\Roku\Documents\Work\Qwerty\boilerplate\typeScript\node_modules\express\lib\router\index.js:284:15
    at Function.process_params (C:\Users\Roku\Documents\Work\Qwerty\boilerplate\typeScript\node_modules\express\lib\router\index.js:346:12)
[2022-12-10 20:18:21] [ERROR] Error: Failed to lookup view "/Auth/auth-forgot-password" in views directory "C:\Users\Roku\Documents\Work\Qwerty\boilerplate\typeScript\src\views"
    at Function.render (C:\Users\Roku\Documents\Work\Qwerty\boilerplate\typeScript\node_modules\express\lib\application.js:597:17)
    at ServerResponse.render (C:\Users\Roku\Documents\Work\Qwerty\boilerplate\typeScript\node_modules\express\lib\response.js:1039:7)
    at ServerResponse.res.render (C:\Users\Roku\Documents\Work\Qwerty\boilerplate\typeScript\node_modules\express-ejs-layouts\lib\express-layouts.js:77:18)
    at login (C:\Users\Roku\Documents\Work\Qwerty\boilerplate\typeScript\src\controllers\web\index.ts:12:16)
    at Layer.handle [as handle_request] (C:\Users\Roku\Documents\Work\Qwerty\boilerplate\typeScript\node_modules\express\lib\router\layer.js:95:5)
    at next (C:\Users\Roku\Documents\Work\Qwerty\boilerplate\typeScript\node_modules\express\lib\router\route.js:144:13)
    at Route.dispatch (C:\Users\Roku\Documents\Work\Qwerty\boilerplate\typeScript\node_modules\express\lib\router\route.js:114:3)
    at Layer.handle [as handle_request] (C:\Users\Roku\Documents\Work\Qwerty\boilerplate\typeScript\node_modules\express\lib\router\layer.js:95:5)
    at C:\Users\Roku\Documents\Work\Qwerty\boilerplate\typeScript\node_modules\express\lib\router\index.js:284:15
    at Function.process_params (C:\Users\Roku\Documents\Work\Qwerty\boilerplate\typeScript\node_modules\express\lib\router\index.js:346:12)
[2022-12-10 20:18:21] [ERROR] Error: Failed to lookup view "/Auth/auth-forgot-password" in views directory "C:\Users\Roku\Documents\Work\Qwerty\boilerplate\typeScript\src\views"
    at Function.render (C:\Users\Roku\Documents\Work\Qwerty\boilerplate\typeScript\node_modules\express\lib\application.js:597:17)
    at ServerResponse.render (C:\Users\Roku\Documents\Work\Qwerty\boilerplate\typeScript\node_modules\express\lib\response.js:1039:7)
    at ServerResponse.res.render (C:\Users\Roku\Documents\Work\Qwerty\boilerplate\typeScript\node_modules\express-ejs-layouts\lib\express-layouts.js:77:18)
    at login (C:\Users\Roku\Documents\Work\Qwerty\boilerplate\typeScript\src\controllers\web\index.ts:12:16)
    at Layer.handle [as handle_request] (C:\Users\Roku\Documents\Work\Qwerty\boilerplate\typeScript\node_modules\express\lib\router\layer.js:95:5)
    at next (C:\Users\Roku\Documents\Work\Qwerty\boilerplate\typeScript\node_modules\express\lib\router\route.js:144:13)
    at Route.dispatch (C:\Users\Roku\Documents\Work\Qwerty\boilerplate\typeScript\node_modules\express\lib\router\route.js:114:3)
    at Layer.handle [as handle_request] (C:\Users\Roku\Documents\Work\Qwerty\boilerplate\typeScript\node_modules\express\lib\router\layer.js:95:5)
    at C:\Users\Roku\Documents\Work\Qwerty\boilerplate\typeScript\node_modules\express\lib\router\index.js:284:15
    at Function.process_params (C:\Users\Roku\Documents\Work\Qwerty\boilerplate\typeScript\node_modules\express\lib\router\index.js:346:12)
[2022-12-10 20:19:6] [INFO] Routes :: Mounting Web Routes...
[2022-12-10 20:19:6] [INFO] Routes :: Mounting doc Routes...
[2022-12-10 20:19:7] [INFO] Booting the 'HTTP' middleware...
[2022-12-10 20:19:8] [INFO] Database :: Booting @ Master...
[2022-12-10 20:19:8] [INFO] Database :: Booting @ Master...
[2022-12-10 20:19:8] [INFO] Database :: connected...
[2022-12-10 20:19:7] [ERROR] Error: Failed to lookup view "/Auth/auth-login" in views directory "C:\Users\Roku\Documents\Work\Qwerty\boilerplate\typeScript\src\views"
    at Function.render (C:\Users\Roku\Documents\Work\Qwerty\boilerplate\typeScript\node_modules\express\lib\application.js:597:17)
    at ServerResponse.render (C:\Users\Roku\Documents\Work\Qwerty\boilerplate\typeScript\node_modules\express\lib\response.js:1039:7)
    at ServerResponse.res.render (C:\Users\Roku\Documents\Work\Qwerty\boilerplate\typeScript\node_modules\express-ejs-layouts\lib\express-layouts.js:77:18)
    at login (C:\Users\Roku\Documents\Work\Qwerty\boilerplate\typeScript\src\controllers\web\index.ts:12:16)
    at Layer.handle [as handle_request] (C:\Users\Roku\Documents\Work\Qwerty\boilerplate\typeScript\node_modules\express\lib\router\layer.js:95:5)
    at next (C:\Users\Roku\Documents\Work\Qwerty\boilerplate\typeScript\node_modules\express\lib\router\route.js:144:13)
    at Route.dispatch (C:\Users\Roku\Documents\Work\Qwerty\boilerplate\typeScript\node_modules\express\lib\router\route.js:114:3)
    at Layer.handle [as handle_request] (C:\Users\Roku\Documents\Work\Qwerty\boilerplate\typeScript\node_modules\express\lib\router\layer.js:95:5)
    at C:\Users\Roku\Documents\Work\Qwerty\boilerplate\typeScript\node_modules\express\lib\router\index.js:284:15
    at Function.process_params (C:\Users\Roku\Documents\Work\Qwerty\boilerplate\typeScript\node_modules\express\lib\router\index.js:346:12)
[2022-12-10 20:19:7] [ERROR] Error: Failed to lookup view "/Auth/auth-login" in views directory "C:\Users\Roku\Documents\Work\Qwerty\boilerplate\typeScript\src\views"
    at Function.render (C:\Users\Roku\Documents\Work\Qwerty\boilerplate\typeScript\node_modules\express\lib\application.js:597:17)
    at ServerResponse.render (C:\Users\Roku\Documents\Work\Qwerty\boilerplate\typeScript\node_modules\express\lib\response.js:1039:7)
    at ServerResponse.res.render (C:\Users\Roku\Documents\Work\Qwerty\boilerplate\typeScript\node_modules\express-ejs-layouts\lib\express-layouts.js:77:18)
    at login (C:\Users\Roku\Documents\Work\Qwerty\boilerplate\typeScript\src\controllers\web\index.ts:12:16)
    at Layer.handle [as handle_request] (C:\Users\Roku\Documents\Work\Qwerty\boilerplate\typeScript\node_modules\express\lib\router\layer.js:95:5)
    at next (C:\Users\Roku\Documents\Work\Qwerty\boilerplate\typeScript\node_modules\express\lib\router\route.js:144:13)
    at Route.dispatch (C:\Users\Roku\Documents\Work\Qwerty\boilerplate\typeScript\node_modules\express\lib\router\route.js:114:3)
    at Layer.handle [as handle_request] (C:\Users\Roku\Documents\Work\Qwerty\boilerplate\typeScript\node_modules\express\lib\router\layer.js:95:5)
    at C:\Users\Roku\Documents\Work\Qwerty\boilerplate\typeScript\node_modules\express\lib\router\index.js:284:15
    at Function.process_params (C:\Users\Roku\Documents\Work\Qwerty\boilerplate\typeScript\node_modules\express\lib\router\index.js:346:12)
[2022-12-10 20:19:7] [ERROR] Error: Failed to lookup view "/Auth/auth-login" in views directory "C:\Users\Roku\Documents\Work\Qwerty\boilerplate\typeScript\src\views"
    at Function.render (C:\Users\Roku\Documents\Work\Qwerty\boilerplate\typeScript\node_modules\express\lib\application.js:597:17)
    at ServerResponse.render (C:\Users\Roku\Documents\Work\Qwerty\boilerplate\typeScript\node_modules\express\lib\response.js:1039:7)
    at ServerResponse.res.render (C:\Users\Roku\Documents\Work\Qwerty\boilerplate\typeScript\node_modules\express-ejs-layouts\lib\express-layouts.js:77:18)
    at login (C:\Users\Roku\Documents\Work\Qwerty\boilerplate\typeScript\src\controllers\web\index.ts:12:16)
    at Layer.handle [as handle_request] (C:\Users\Roku\Documents\Work\Qwerty\boilerplate\typeScript\node_modules\express\lib\router\layer.js:95:5)
    at next (C:\Users\Roku\Documents\Work\Qwerty\boilerplate\typeScript\node_modules\express\lib\router\route.js:144:13)
    at Route.dispatch (C:\Users\Roku\Documents\Work\Qwerty\boilerplate\typeScript\node_modules\express\lib\router\route.js:114:3)
    at Layer.handle [as handle_request] (C:\Users\Roku\Documents\Work\Qwerty\boilerplate\typeScript\node_modules\express\lib\router\layer.js:95:5)
    at C:\Users\Roku\Documents\Work\Qwerty\boilerplate\typeScript\node_modules\express\lib\router\index.js:284:15
    at Function.process_params (C:\Users\Roku\Documents\Work\Qwerty\boilerplate\typeScript\node_modules\express\lib\router\index.js:346:12)
[2022-12-10 20:20:23] [INFO] Routes :: Mounting doc Routes...
[2022-12-10 20:20:23] [INFO] Routes :: Mounting Web Routes...
[2022-12-10 20:20:24] [INFO] Booting the 'HTTP' middleware...
[2022-12-10 20:20:24] [INFO] Database :: Booting @ Master...
[2022-12-10 20:20:24] [INFO] Database :: Booting @ Master...
[2022-12-10 20:20:24] [INFO] Database :: connected...
[2022-12-10 20:20:24] [ERROR] ReferenceError: C:\Users\Roku\Documents\Work\Qwerty\boilerplate\typeScript\src\views\layout.ejs:14
    12|     <base href="/" />
    13| 
 >> 14|     <%- HeaderCss %> <%- include ('./Partials/HeaderStyle') %>
    15|   </head>
    16| 
    17|   <body>

HeaderCss is not defined
    at eval ("C:\\Users\\Roku\\Documents\\Work\\Qwerty\\boilerplate\\typeScript\\src\\views\\layout.ejs":15:17)
    at layout (C:\Users\Roku\Documents\Work\Qwerty\boilerplate\typeScript\node_modules\ejs\lib\ejs.js:703:17)
    at tryHandleCache (C:\Users\Roku\Documents\Work\Qwerty\boilerplate\typeScript\node_modules\ejs\lib\ejs.js:274:36)
    at View.exports.renderFile [as engine] (C:\Users\Roku\Documents\Work\Qwerty\boilerplate\typeScript\node_modules\ejs\lib\ejs.js:491:10)
    at View.render (C:\Users\Roku\Documents\Work\Qwerty\boilerplate\typeScript\node_modules\express\lib\view.js:135:8)
    at tryRender (C:\Users\Roku\Documents\Work\Qwerty\boilerplate\typeScript\node_modules\express\lib\application.js:657:10)
    at Function.render (C:\Users\Roku\Documents\Work\Qwerty\boilerplate\typeScript\node_modules\express\lib\application.js:609:3)
    at ServerResponse.render (C:\Users\Roku\Documents\Work\Qwerty\boilerplate\typeScript\node_modules\express\lib\response.js:1039:7)
    at C:\Users\Roku\Documents\Work\Qwerty\boilerplate\typeScript\node_modules\express-ejs-layouts\lib\express-layouts.js:113:20
    at tryHandleCache (C:\Users\Roku\Documents\Work\Qwerty\boilerplate\typeScript\node_modules\ejs\lib\ejs.js:280:5)
[2022-12-10 20:20:24] [ERROR] ReferenceError: C:\Users\Roku\Documents\Work\Qwerty\boilerplate\typeScript\src\views\layout.ejs:14
    12|     <base href="/" />
    13| 
 >> 14|     <%- HeaderCss %> <%- include ('./Partials/HeaderStyle') %>
    15|   </head>
    16| 
    17|   <body>

HeaderCss is not defined
    at eval ("C:\\Users\\Roku\\Documents\\Work\\Qwerty\\boilerplate\\typeScript\\src\\views\\layout.ejs":15:17)
    at layout (C:\Users\Roku\Documents\Work\Qwerty\boilerplate\typeScript\node_modules\ejs\lib\ejs.js:703:17)
    at tryHandleCache (C:\Users\Roku\Documents\Work\Qwerty\boilerplate\typeScript\node_modules\ejs\lib\ejs.js:274:36)
    at View.exports.renderFile [as engine] (C:\Users\Roku\Documents\Work\Qwerty\boilerplate\typeScript\node_modules\ejs\lib\ejs.js:491:10)
    at View.render (C:\Users\Roku\Documents\Work\Qwerty\boilerplate\typeScript\node_modules\express\lib\view.js:135:8)
    at tryRender (C:\Users\Roku\Documents\Work\Qwerty\boilerplate\typeScript\node_modules\express\lib\application.js:657:10)
    at Function.render (C:\Users\Roku\Documents\Work\Qwerty\boilerplate\typeScript\node_modules\express\lib\application.js:609:3)
    at ServerResponse.render (C:\Users\Roku\Documents\Work\Qwerty\boilerplate\typeScript\node_modules\express\lib\response.js:1039:7)
    at C:\Users\Roku\Documents\Work\Qwerty\boilerplate\typeScript\node_modules\express-ejs-layouts\lib\express-layouts.js:113:20
    at tryHandleCache (C:\Users\Roku\Documents\Work\Qwerty\boilerplate\typeScript\node_modules\ejs\lib\ejs.js:280:5)
[2022-12-10 20:20:24] [ERROR] ReferenceError: C:\Users\Roku\Documents\Work\Qwerty\boilerplate\typeScript\src\views\layout.ejs:14
    12|     <base href="/" />
    13| 
 >> 14|     <%- HeaderCss %> <%- include ('./Partials/HeaderStyle') %>
    15|   </head>
    16| 
    17|   <body>

HeaderCss is not defined
    at eval ("C:\\Users\\Roku\\Documents\\Work\\Qwerty\\boilerplate\\typeScript\\src\\views\\layout.ejs":15:17)
    at layout (C:\Users\Roku\Documents\Work\Qwerty\boilerplate\typeScript\node_modules\ejs\lib\ejs.js:703:17)
    at tryHandleCache (C:\Users\Roku\Documents\Work\Qwerty\boilerplate\typeScript\node_modules\ejs\lib\ejs.js:274:36)
    at View.exports.renderFile [as engine] (C:\Users\Roku\Documents\Work\Qwerty\boilerplate\typeScript\node_modules\ejs\lib\ejs.js:491:10)
    at View.render (C:\Users\Roku\Documents\Work\Qwerty\boilerplate\typeScript\node_modules\express\lib\view.js:135:8)
    at tryRender (C:\Users\Roku\Documents\Work\Qwerty\boilerplate\typeScript\node_modules\express\lib\application.js:657:10)
    at Function.render (C:\Users\Roku\Documents\Work\Qwerty\boilerplate\typeScript\node_modules\express\lib\application.js:609:3)
    at ServerResponse.render (C:\Users\Roku\Documents\Work\Qwerty\boilerplate\typeScript\node_modules\express\lib\response.js:1039:7)
    at C:\Users\Roku\Documents\Work\Qwerty\boilerplate\typeScript\node_modules\express-ejs-layouts\lib\express-layouts.js:113:20
    at tryHandleCache (C:\Users\Roku\Documents\Work\Qwerty\boilerplate\typeScript\node_modules\ejs\lib\ejs.js:280:5)
[2022-12-10 20:23:6] [INFO] Routes :: Mounting doc Routes...
[2022-12-10 20:23:6] [INFO] Routes :: Mounting Web Routes...
[2022-12-10 20:23:7] [INFO] Booting the 'HTTP' middleware...
[2022-12-10 20:23:7] [INFO] Database :: Booting @ Master...
[2022-12-10 20:23:7] [INFO] Database :: Booting @ Master...
[2022-12-10 20:23:7] [INFO] Database :: connected...
[2022-12-10 20:23:7] [ERROR] ReferenceError: C:\Users\Roku\Documents\Work\Qwerty\boilerplate\typeScript\src\views\layout.ejs:14
    12|     <base href="/" />
    13| 
 >> 14|     <%- HeaderCss %> <%- include ('./Partials/HeaderStyle') %>
    15|   </head>
    16| 
    17|   <body>

HeaderCss is not defined
    at eval ("C:\\Users\\Roku\\Documents\\Work\\Qwerty\\boilerplate\\typeScript\\src\\views\\layout.ejs":15:17)
    at layout (C:\Users\Roku\Documents\Work\Qwerty\boilerplate\typeScript\node_modules\ejs\lib\ejs.js:703:17)
    at tryHandleCache (C:\Users\Roku\Documents\Work\Qwerty\boilerplate\typeScript\node_modules\ejs\lib\ejs.js:274:36)
    at View.exports.renderFile [as engine] (C:\Users\Roku\Documents\Work\Qwerty\boilerplate\typeScript\node_modules\ejs\lib\ejs.js:491:10)
    at View.render (C:\Users\Roku\Documents\Work\Qwerty\boilerplate\typeScript\node_modules\express\lib\view.js:135:8)
    at tryRender (C:\Users\Roku\Documents\Work\Qwerty\boilerplate\typeScript\node_modules\express\lib\application.js:657:10)
    at Function.render (C:\Users\Roku\Documents\Work\Qwerty\boilerplate\typeScript\node_modules\express\lib\application.js:609:3)
    at ServerResponse.render (C:\Users\Roku\Documents\Work\Qwerty\boilerplate\typeScript\node_modules\express\lib\response.js:1039:7)
    at C:\Users\Roku\Documents\Work\Qwerty\boilerplate\typeScript\node_modules\express-ejs-layouts\lib\express-layouts.js:113:20
    at tryHandleCache (C:\Users\Roku\Documents\Work\Qwerty\boilerplate\typeScript\node_modules\ejs\lib\ejs.js:280:5)
[2022-12-10 20:23:7] [ERROR] ReferenceError: C:\Users\Roku\Documents\Work\Qwerty\boilerplate\typeScript\src\views\layout.ejs:14
    12|     <base href="/" />
    13| 
 >> 14|     <%- HeaderCss %> <%- include ('./Partials/HeaderStyle') %>
    15|   </head>
    16| 
    17|   <body>

HeaderCss is not defined
    at eval ("C:\\Users\\Roku\\Documents\\Work\\Qwerty\\boilerplate\\typeScript\\src\\views\\layout.ejs":15:17)
    at layout (C:\Users\Roku\Documents\Work\Qwerty\boilerplate\typeScript\node_modules\ejs\lib\ejs.js:703:17)
    at tryHandleCache (C:\Users\Roku\Documents\Work\Qwerty\boilerplate\typeScript\node_modules\ejs\lib\ejs.js:274:36)
    at View.exports.renderFile [as engine] (C:\Users\Roku\Documents\Work\Qwerty\boilerplate\typeScript\node_modules\ejs\lib\ejs.js:491:10)
    at View.render (C:\Users\Roku\Documents\Work\Qwerty\boilerplate\typeScript\node_modules\express\lib\view.js:135:8)
    at tryRender (C:\Users\Roku\Documents\Work\Qwerty\boilerplate\typeScript\node_modules\express\lib\application.js:657:10)
    at Function.render (C:\Users\Roku\Documents\Work\Qwerty\boilerplate\typeScript\node_modules\express\lib\application.js:609:3)
    at ServerResponse.render (C:\Users\Roku\Documents\Work\Qwerty\boilerplate\typeScript\node_modules\express\lib\response.js:1039:7)
    at C:\Users\Roku\Documents\Work\Qwerty\boilerplate\typeScript\node_modules\express-ejs-layouts\lib\express-layouts.js:113:20
    at tryHandleCache (C:\Users\Roku\Documents\Work\Qwerty\boilerplate\typeScript\node_modules\ejs\lib\ejs.js:280:5)
[2022-12-10 20:23:7] [ERROR] ReferenceError: C:\Users\Roku\Documents\Work\Qwerty\boilerplate\typeScript\src\views\layout.ejs:14
    12|     <base href="/" />
    13| 
 >> 14|     <%- HeaderCss %> <%- include ('./Partials/HeaderStyle') %>
    15|   </head>
    16| 
    17|   <body>

HeaderCss is not defined
    at eval ("C:\\Users\\Roku\\Documents\\Work\\Qwerty\\boilerplate\\typeScript\\src\\views\\layout.ejs":15:17)
    at layout (C:\Users\Roku\Documents\Work\Qwerty\boilerplate\typeScript\node_modules\ejs\lib\ejs.js:703:17)
    at tryHandleCache (C:\Users\Roku\Documents\Work\Qwerty\boilerplate\typeScript\node_modules\ejs\lib\ejs.js:274:36)
    at View.exports.renderFile [as engine] (C:\Users\Roku\Documents\Work\Qwerty\boilerplate\typeScript\node_modules\ejs\lib\ejs.js:491:10)
    at View.render (C:\Users\Roku\Documents\Work\Qwerty\boilerplate\typeScript\node_modules\express\lib\view.js:135:8)
    at tryRender (C:\Users\Roku\Documents\Work\Qwerty\boilerplate\typeScript\node_modules\express\lib\application.js:657:10)
    at Function.render (C:\Users\Roku\Documents\Work\Qwerty\boilerplate\typeScript\node_modules\express\lib\application.js:609:3)
    at ServerResponse.render (C:\Users\Roku\Documents\Work\Qwerty\boilerplate\typeScript\node_modules\express\lib\response.js:1039:7)
    at C:\Users\Roku\Documents\Work\Qwerty\boilerplate\typeScript\node_modules\express-ejs-layouts\lib\express-layouts.js:113:20
    at tryHandleCache (C:\Users\Roku\Documents\Work\Qwerty\boilerplate\typeScript\node_modules\ejs\lib\ejs.js:280:5)
[2022-12-10 20:23:7] [ERROR] Path '/public/assets/css/preloader.min.css' not found [IP: '::1']!
[2022-12-10 20:23:7] [ERROR] Path '/public/assets/css/bootstrap.min.css' not found [IP: '::1']!
[2022-12-10 20:23:7] [ERROR] Path '/public/assets/css/icons.min.css' not found [IP: '::1']!
[2022-12-10 20:23:7] [ERROR] Path '/public/assets/css/app.min.css' not found [IP: '::1']!
[2022-12-10 20:23:7] [ERROR] Path '/public/assets/css/preloader.min.css' not found [IP: '::1']!
[2022-12-10 20:23:7] [ERROR] Path '/public/assets/css/bootstrap.min.css' not found [IP: '::1']!
[2022-12-10 20:23:7] [ERROR] Path '/public/assets/css/icons.min.css' not found [IP: '::1']!
[2022-12-10 20:23:7] [ERROR] Path '/public/assets/css/app.min.css' not found [IP: '::1']!
[2022-12-10 20:23:7] [ERROR] Path '/public/favicon.ico' not found [IP: '::1']!
[2022-12-10 20:23:7] [ERROR] Path '/public/assets/css/preloader.min.css' not found [IP: '::1']!
[2022-12-10 20:23:7] [ERROR] Path '/public/assets/css/bootstrap.min.css' not found [IP: '::1']!
[2022-12-10 20:23:7] [ERROR] Path '/public/assets/css/icons.min.css' not found [IP: '::1']!
[2022-12-10 20:23:7] [ERROR] Path '/public/assets/css/app.min.css' not found [IP: '::1']!
[2022-12-10 20:23:7] [ERROR] Path '/public/assets/css/preloader.min.css' not found [IP: '::1']!
[2022-12-10 20:23:7] [ERROR] Path '/public/assets/css/bootstrap.min.css' not found [IP: '::1']!
[2022-12-10 20:23:7] [ERROR] Path '/public/assets/css/icons.min.css' not found [IP: '::1']!
[2022-12-10 20:23:7] [ERROR] Path '/public/assets/css/app.min.css' not found [IP: '::1']!
[2022-12-10 20:26:16] [INFO] Routes :: Mounting doc Routes...
[2022-12-10 20:26:16] [INFO] Routes :: Mounting Web Routes...
[2022-12-10 20:26:17] [INFO] Booting the 'HTTP' middleware...
[2022-12-10 20:26:17] [INFO] Database :: Booting @ Master...
[2022-12-10 20:26:17] [INFO] Database :: Booting @ Master...
[2022-12-10 20:26:17] [INFO] Database :: connected...
[2022-12-10 20:26:17] [ERROR] Path '/public/assets/css/preloader.min.css' not found [IP: '::1']!
[2022-12-10 20:26:17] [ERROR] Path '/public/assets/css/bootstrap.min.css' not found [IP: '::1']!
[2022-12-10 20:26:17] [ERROR] Path '/public/assets/css/icons.min.css' not found [IP: '::1']!
[2022-12-10 20:26:17] [ERROR] Path '/public/assets/css/app.min.css' not found [IP: '::1']!
[2022-12-10 20:26:17] [ERROR] Path '/public/assets/css/preloader.min.css' not found [IP: '::1']!
[2022-12-10 20:26:17] [ERROR] Path '/public/assets/css/bootstrap.min.css' not found [IP: '::1']!
[2022-12-10 20:26:17] [ERROR] Path '/public/assets/css/icons.min.css' not found [IP: '::1']!
[2022-12-10 20:26:17] [ERROR] Path '/public/assets/css/app.min.css' not found [IP: '::1']!
[2022-12-10 20:27:50] [INFO] Routes :: Mounting doc Routes...
[2022-12-10 20:27:50] [INFO] Routes :: Mounting Web Routes...
[2022-12-10 20:27:50] [INFO] Booting the 'HTTP' middleware...
[2022-12-10 20:27:51] [INFO] Database :: Booting @ Master...
[2022-12-10 20:27:51] [INFO] Database :: Booting @ Master...
[2022-12-10 20:27:51] [INFO] Database :: connected...
[2022-12-10 20:27:50] [ERROR] Path '/public/assets/css/bootstrap.min.css' not found [IP: '::1']!
[2022-12-10 20:27:50] [ERROR] Path '/public/assets/css/preloader.min.css' not found [IP: '::1']!
[2022-12-10 20:27:50] [ERROR] Path '/public/assets/css/icons.min.css' not found [IP: '::1']!
[2022-12-10 20:27:50] [ERROR] Path '/public/assets/css/app.min.css' not found [IP: '::1']!
[2022-12-10 20:27:50] [ERROR] Path '/public/assets/css/preloader.min.css' not found [IP: '::1']!
[2022-12-10 20:27:50] [ERROR] Path '/public/assets/css/bootstrap.min.css' not found [IP: '::1']!
[2022-12-10 20:27:50] [ERROR] Path '/public/assets/css/icons.min.css' not found [IP: '::1']!
[2022-12-10 20:27:50] [ERROR] Path '/public/assets/css/app.min.css' not found [IP: '::1']!
[2022-12-10 20:28:24] [INFO] Routes :: Mounting Web Routes...
[2022-12-10 20:28:24] [INFO] Routes :: Mounting doc Routes...
[2022-12-10 20:28:24] [INFO] Booting the 'HTTP' middleware...
[2022-12-10 20:28:25] [INFO] Database :: Booting @ Master...
[2022-12-10 20:28:25] [INFO] Database :: Booting @ Master...
[2022-12-10 20:28:25] [INFO] Database :: connected...
[2022-12-10 20:28:31] [INFO] Routes :: Mounting doc Routes...
[2022-12-10 20:28:31] [INFO] Routes :: Mounting Web Routes...
[2022-12-10 20:28:32] [INFO] Booting the 'HTTP' middleware...
[2022-12-10 20:28:32] [INFO] Database :: Booting @ Master...
[2022-12-10 20:28:32] [INFO] Database :: Booting @ Master...
[2022-12-10 20:28:32] [INFO] Database :: connected...
[2022-12-10 20:28:32] [ERROR] Path '/public/assets/css/preloader.min.css' not found [IP: '::1']!
[2022-12-10 20:28:32] [ERROR] Path '/public/assets/css/bootstrap.min.css' not found [IP: '::1']!
[2022-12-10 20:28:32] [ERROR] Path '/public/assets/css/app.min.css' not found [IP: '::1']!
[2022-12-10 20:28:32] [ERROR] Path '/public/assets/css/icons.min.css' not found [IP: '::1']!
[2022-12-10 20:28:32] [ERROR] Path '/public/assets/css/preloader.min.css' not found [IP: '::1']!
[2022-12-10 20:28:32] [ERROR] Path '/public/assets/css/bootstrap.min.css' not found [IP: '::1']!
[2022-12-10 20:28:32] [ERROR] Path '/public/assets/css/icons.min.css' not found [IP: '::1']!
[2022-12-10 20:28:32] [ERROR] Path '/public/assets/css/app.min.css' not found [IP: '::1']!
[2022-12-10 20:30:14] [INFO] Routes :: Mounting doc Routes...
[2022-12-10 20:30:14] [INFO] Routes :: Mounting Web Routes...
[2022-12-10 20:30:15] [INFO] Booting the 'HTTP' middleware...
[2022-12-10 20:30:16] [INFO] Database :: Booting @ Master...
[2022-12-10 20:30:16] [INFO] Database :: Booting @ Master...
[2022-12-10 20:30:16] [INFO] Database :: connected...
[2022-12-10 20:30:15] [ERROR] Path '/assets/css/preloader.min.css' not found [IP: '::1']!
[2022-12-10 20:30:15] [ERROR] Path '/public/assets/css/bootstrap.min.css' not found [IP: '::1']!
[2022-12-10 20:30:15] [ERROR] Path '/public/assets/css/icons.min.css' not found [IP: '::1']!
[2022-12-10 20:30:15] [ERROR] Path '/public/assets/css/app.min.css' not found [IP: '::1']!
[2022-12-10 20:30:15] [ERROR] Path '/assets/css/preloader.min.css' not found [IP: '::1']!
[2022-12-10 20:30:15] [ERROR] Path '/public/assets/css/bootstrap.min.css' not found [IP: '::1']!
[2022-12-10 20:30:15] [ERROR] Path '/public/assets/css/icons.min.css' not found [IP: '::1']!
[2022-12-10 20:30:15] [ERROR] Path '/public/assets/css/app.min.css' not found [IP: '::1']!
[2022-12-10 20:31:8] [INFO] Routes :: Mounting doc Routes...
[2022-12-10 20:31:8] [INFO] Routes :: Mounting Web Routes...
[2022-12-10 20:31:9] [INFO] Booting the 'HTTP' middleware...
[2022-12-10 20:31:9] [INFO] Database :: Booting @ Master...
[2022-12-10 20:31:9] [INFO] Database :: Booting @ Master...
[2022-12-10 20:31:9] [INFO] Database :: connected...
[2022-12-10 20:31:9] [ERROR] Path '/public/assets/css/preloader.min.css' not found [IP: '::1']!
[2022-12-10 20:31:9] [ERROR] Path '/public/assets/css/bootstrap.min.css' not found [IP: '::1']!
[2022-12-10 20:31:9] [ERROR] Path '/public/assets/css/icons.min.css' not found [IP: '::1']!
[2022-12-10 20:31:9] [ERROR] Path '/public/assets/css/app.min.css' not found [IP: '::1']!
[2022-12-10 20:31:9] [ERROR] Path '/public/assets/css/preloader.min.css' not found [IP: '::1']!
[2022-12-10 20:31:9] [ERROR] Path '/public/assets/css/bootstrap.min.css' not found [IP: '::1']!
[2022-12-10 20:31:9] [ERROR] Path '/public/assets/css/icons.min.css' not found [IP: '::1']!
[2022-12-10 20:31:9] [ERROR] Path '/public/assets/css/app.min.css' not found [IP: '::1']!
[2022-12-10 20:35:17] [INFO] Routes :: Mounting doc Routes...
[2022-12-10 20:35:17] [INFO] Routes :: Mounting Web Routes...
[2022-12-10 20:35:18] [INFO] Booting the 'HTTP' middleware...
[2022-12-10 20:35:18] [INFO] Database :: Booting @ Master...
[2022-12-10 20:35:18] [INFO] Database :: Booting @ Master...
[2022-12-10 20:35:18] [INFO] Database :: connected...
[2022-12-10 20:35:35] [INFO] Routes :: Mounting doc Routes...
[2022-12-10 20:35:36] [INFO] Booting the 'HTTP' middleware...
[2022-12-10 20:35:35] [INFO] Routes :: Mounting Web Routes...
[2022-12-10 20:35:36] [INFO] Database :: Booting @ Master...
[2022-12-10 20:35:36] [INFO] Database :: Booting @ Master...
[2022-12-10 20:35:36] [INFO] Database :: connected...
[2022-12-10 20:35:36] [ERROR] Path '/public/assets/css/preloader.min.css' not found [IP: '::1']!
[2022-12-10 20:35:36] [ERROR] Path '/public/assets/css/bootstrap.min.css' not found [IP: '::1']!
[2022-12-10 20:35:36] [ERROR] Path '/public/assets/css/app.min.css' not found [IP: '::1']!
[2022-12-10 20:35:36] [ERROR] Path '/public/assets/css/icons.min.css' not found [IP: '::1']!
[2022-12-10 20:35:36] [ERROR] Path '/public/assets/css/preloader.min.css' not found [IP: '::1']!
[2022-12-10 20:35:36] [ERROR] Path '/public/assets/css/bootstrap.min.css' not found [IP: '::1']!
[2022-12-10 20:35:36] [ERROR] Path '/public/assets/css/icons.min.css' not found [IP: '::1']!
[2022-12-10 20:35:36] [ERROR] Path '/public/assets/css/app.min.css' not found [IP: '::1']!
[2022-12-10 20:35:36] [ERROR] Path '/public/assets/css/preloader.min.css' not found [IP: '::1']!
[2022-12-10 20:35:36] [ERROR] Path '/public/assets/css/bootstrap.min.css' not found [IP: '::1']!
[2022-12-10 20:35:36] [ERROR] Path '/public/assets/css/app.min.css' not found [IP: '::1']!
[2022-12-10 20:35:36] [ERROR] Path '/public/assets/css/icons.min.css' not found [IP: '::1']!
[2022-12-10 20:35:36] [ERROR] Path '/public/assets/css/preloader.min.css' not found [IP: '::1']!
[2022-12-10 20:35:36] [ERROR] Path '/public/assets/css/bootstrap.min.css' not found [IP: '::1']!
[2022-12-10 20:35:36] [ERROR] Path '/public/assets/css/icons.min.css' not found [IP: '::1']!
[2022-12-10 20:35:36] [ERROR] Path '/public/assets/css/app.min.css' not found [IP: '::1']!
[2022-12-10 20:37:26] [INFO] Routes :: Mounting doc Routes...
[2022-12-10 20:37:26] [INFO] Routes :: Mounting Web Routes...
[2022-12-10 20:37:26] [INFO] Booting the 'HTTP' middleware...
[2022-12-10 20:37:27] [INFO] Database :: Booting @ Master...
[2022-12-10 20:37:27] [INFO] Database :: Booting @ Master...
[2022-12-10 20:37:27] [INFO] Database :: connected...
[2022-12-10 20:37:26] [ERROR] Path '/public/assets/css/preloader.min.css' not found [IP: '::ffff:127.0.0.1']!
[2022-12-10 20:37:26] [ERROR] Path '/public/assets/css/bootstrap.min.css' not found [IP: '::ffff:127.0.0.1']!
[2022-12-10 20:37:26] [ERROR] Path '/public/app.min.css' not found [IP: '::1']!
[2022-12-10 20:37:26] [ERROR] Path '/public/assets/css/icons.min.css' not found [IP: '::1']!
[2022-12-10 20:37:26] [ERROR] Path '/public/assets/css/preloader.min.css' not found [IP: '::1']!
[2022-12-10 20:37:26] [ERROR] Path '/public/assets/css/bootstrap.min.css' not found [IP: '::1']!
[2022-12-10 20:37:26] [ERROR] Path '/public/assets/css/icons.min.css' not found [IP: '::1']!
[2022-12-10 20:37:26] [ERROR] Path '/public/app.min.css' not found [IP: '::1']!
[2022-12-10 20:38:11] [INFO] Routes :: Mounting doc Routes...
[2022-12-10 20:38:11] [INFO] Routes :: Mounting Web Routes...
[2022-12-10 20:38:11] [INFO] Booting the 'HTTP' middleware...
[2022-12-10 20:38:12] [INFO] Database :: Booting @ Master...
[2022-12-10 20:38:12] [INFO] Database :: Booting @ Master...
[2022-12-10 20:38:12] [INFO] Database :: connected...
[2022-12-10 20:38:11] [ERROR] Path '/public/assets/css/preloader.min.css' not found [IP: '::1']!
[2022-12-10 20:38:11] [ERROR] Path '/public/assets/css/bootstrap.min.css' not found [IP: '::ffff:127.0.0.1']!
[2022-12-10 20:38:11] [ERROR] Path '/public/assets/css/icons.min.css' not found [IP: '::ffff:127.0.0.1']!
[2022-12-10 20:38:11] [ERROR] Path '/public/app.min.css' not found [IP: '::1']!
[2022-12-10 20:38:11] [ERROR] Path '/public/assets/css/preloader.min.css' not found [IP: '::1']!
[2022-12-10 20:38:11] [ERROR] Path '/public/assets/css/bootstrap.min.css' not found [IP: '::1']!
[2022-12-10 20:38:11] [ERROR] Path '/public/assets/css/icons.min.css' not found [IP: '::1']!
[2022-12-10 20:38:11] [ERROR] Path '/public/app.min.css' not found [IP: '::1']!
[2022-12-10 20:38:28] [INFO] Routes :: Mounting doc Routes...
[2022-12-10 20:38:28] [INFO] Routes :: Mounting Web Routes...
[2022-12-10 20:38:28] [INFO] Booting the 'HTTP' middleware...
[2022-12-10 20:38:29] [INFO] Database :: Booting @ Master...
[2022-12-10 20:38:29] [INFO] Database :: Booting @ Master...
[2022-12-10 20:38:29] [INFO] Database :: connected...
[2022-12-10 20:38:28] [ERROR] Path '/public/assets/css/icons.min.css' not found [IP: '::1']!
[2022-12-10 20:38:28] [ERROR] Path '/public/assets/css/preloader.min.css' not found [IP: '::1']!
[2022-12-10 20:38:28] [ERROR] Path '/public/app.min.css' not found [IP: '::1']!
[2022-12-10 20:38:28] [ERROR] Path '/public/assets/css/bootstrap.min.css' not found [IP: '::1']!
[2022-12-10 20:38:28] [ERROR] Path '/public/assets/css/preloader.min.css' not found [IP: '::1']!
[2022-12-10 20:38:28] [ERROR] Path '/public/assets/css/bootstrap.min.css' not found [IP: '::1']!
[2022-12-10 20:38:28] [ERROR] Path '/public/assets/css/icons.min.css' not found [IP: '::1']!
[2022-12-10 20:38:28] [ERROR] Path '/public/app.min.css' not found [IP: '::1']!
