[2022-8-21 11:52:45] [INFO] Routes :: Mounting doc Routes...
[2022-8-21 11:52:45] [INFO] Routes :: Mounting API Routes...
[2022-8-21 11:52:45] [INFO] Routes :: Mounting Web Routes...
[2022-8-21 11:52:45] [INFO] Database :: Booting @ Master...
[2022-8-21 11:52:45] [INFO] Booting the 'HTTP' middleware...
[2022-8-21 11:52:45] [INFO] Database :: Booting @ Master...
[2022-8-21 11:54:29] [INFO] Routes :: Mounting doc Routes...
[2022-8-21 11:54:29] [INFO] Routes :: Mounting API Routes...
[2022-8-21 11:54:29] [INFO] Database :: Booting @ Master...
[2022-8-21 11:54:29] [INFO] Routes :: Mounting Web Routes...
[2022-8-21 11:54:29] [INFO] Database :: Booting @ Master...
[2022-8-21 11:54:29] [INFO] Booting the 'HTTP' middleware...
[2022-8-21 11:56:24] [INFO] Routes :: Mounting doc Routes...
[2022-8-21 11:56:24] [INFO] Booting the 'HTTP' middleware...
[2022-8-21 11:56:24] [INFO] Routes :: Mounting Web Routes...
[2022-8-21 11:56:24] [INFO] Routes :: Mounting API Routes...
[2022-8-21 11:56:24] [INFO] Database :: Booting @ Master...
[2022-8-21 11:56:24] [INFO] Database :: Booting @ Master...
[2022-8-21 11:56:35] [INFO] Routes :: Mounting API Routes...
[2022-8-21 11:56:35] [INFO] Booting the 'HTTP' middleware...
[2022-8-21 11:56:35] [INFO] Routes :: Mounting doc Routes...
[2022-8-21 11:56:35] [INFO] Database :: Booting @ Master...
[2022-8-21 11:56:35] [INFO] Routes :: Mounting Web Routes...
[2022-8-21 11:56:35] [INFO] Database :: Booting @ Master...
[2022-8-21 11:56:41] [INFO] Routes :: Mounting doc Routes...
[2022-8-21 11:56:41] [INFO] Routes :: Mounting API Routes...
[2022-8-21 11:56:41] [INFO] Routes :: Mounting Web Routes...
[2022-8-21 11:56:41] [INFO] Booting the 'HTTP' middleware...
[2022-8-21 11:56:41] [INFO] Database :: Booting @ Master...
[2022-8-21 11:56:41] [INFO] Database :: Booting @ Master...
[2022-8-21 11:56:50] [INFO] Routes :: Mounting doc Routes...
[2022-8-21 11:56:50] [INFO] Routes :: Mounting API Routes...
[2022-8-21 11:56:50] [INFO] Database :: Booting @ Master...
[2022-8-21 11:56:50] [INFO] Booting the 'HTTP' middleware...
[2022-8-21 11:56:50] [INFO] Database :: Booting @ Master...
[2022-8-21 11:56:50] [INFO] Routes :: Mounting Web Routes...
[2022-8-21 11:57:25] [INFO] Routes :: Mounting doc Routes...
[2022-8-21 11:57:25] [INFO] Routes :: Mounting API Routes...
[2022-8-21 11:57:25] [INFO] Booting the 'HTTP' middleware...
[2022-8-21 11:57:25] [INFO] Database :: Booting @ Master...
[2022-8-21 11:57:25] [INFO] Routes :: Mounting Web Routes...
[2022-8-21 11:57:25] [INFO] Database :: Booting @ Master...
[2022-8-21 11:57:50] [INFO] Routes :: Mounting doc Routes...
[2022-8-21 11:57:50] [INFO] Routes :: Mounting API Routes...
[2022-8-21 11:57:50] [INFO] Routes :: Mounting Web Routes...
[2022-8-21 11:57:50] [INFO] Database :: Booting @ Master...
[2022-8-21 11:57:50] [INFO] Booting the 'HTTP' middleware...
[2022-8-21 11:57:50] [INFO] Database :: Booting @ Master...
[2022-8-21 11:58:7] [INFO] Routes :: Mounting doc Routes...
[2022-8-21 11:58:7] [INFO] Routes :: Mounting API Routes...
[2022-8-21 11:58:7] [INFO] Routes :: Mounting Web Routes...
[2022-8-21 11:58:7] [INFO] Database :: Booting @ Master...
[2022-8-21 11:58:7] [INFO] Database :: Booting @ Master...
[2022-8-21 11:58:7] [INFO] Booting the 'HTTP' middleware...
[2022-8-21 11:59:13] [INFO] Routes :: Mounting doc Routes...
[2022-8-21 11:59:13] [INFO] Routes :: Mounting API Routes...
[2022-8-21 11:59:13] [INFO] Database :: Booting @ Master...
[2022-8-21 11:59:13] [INFO] Routes :: Mounting Web Routes...
[2022-8-21 11:59:13] [INFO] Database :: Booting @ Master...
[2022-8-21 11:59:13] [INFO] Booting the 'HTTP' middleware...
[2022-8-21 11:59:13] [INFO] Database :: connected...
[2022-8-21 11:59:13] [ERROR] Path '/favicon.ico' not found [IP: '::1']!
[2022-8-21 12:3:8] [INFO] Routes :: Mounting doc Routes...
[2022-8-21 12:3:8] [INFO] Routes :: Mounting API Routes...
[2022-8-21 12:3:8] [INFO] Database :: Booting @ Master...
[2022-8-21 12:3:8] [INFO] Routes :: Mounting Web Routes...
[2022-8-21 12:3:8] [INFO] Booting the 'HTTP' middleware...
[2022-8-21 12:3:8] [INFO] Database :: Booting @ Master...
[2022-8-21 12:3:8] [INFO] Database :: connected...
[2022-8-21 12:4:36] [INFO] Routes :: Mounting doc Routes...
[2022-8-21 12:4:36] [INFO] Routes :: Mounting API Routes...
[2022-8-21 12:4:36] [INFO] Database :: Booting @ Master...
[2022-8-21 12:4:36] [INFO] Booting the 'HTTP' middleware...
[2022-8-21 12:4:36] [INFO] Routes :: Mounting Web Routes...
[2022-8-21 12:4:36] [INFO] Database :: Booting @ Master...
[2022-8-21 12:4:36] [INFO] Database :: connected...
[2022-8-21 12:39:48] [INFO] Routes :: Mounting Web Routes...
[2022-8-21 12:39:48] [INFO] Routes :: Mounting doc Routes...
[2022-8-21 12:39:48] [INFO] Database :: Booting @ Master...
[2022-8-21 12:39:48] [INFO] Routes :: Mounting API Routes...
[2022-8-21 12:39:48] [INFO] Database :: Booting @ Master...
[2022-8-21 12:39:48] [INFO] Booting the 'HTTP' middleware...
[2022-8-21 12:39:48] [INFO] Database :: connected...
[2022-8-21 12:40:30] [INFO] Routes :: Mounting doc Routes...
[2022-8-21 12:40:30] [INFO] Routes :: Mounting API Routes...
[2022-8-21 12:40:30] [INFO] Database :: Booting @ Master...
[2022-8-21 12:40:30] [INFO] Routes :: Mounting Web Routes...
[2022-8-21 12:40:30] [INFO] Database :: Booting @ Master...
[2022-8-21 12:40:30] [INFO] Booting the 'HTTP' middleware...
[2022-8-21 12:40:30] [INFO] Database :: connected...
[2022-8-21 12:41:35] [INFO] Routes :: Mounting doc Routes...
[2022-8-21 12:41:35] [INFO] Routes :: Mounting API Routes...
[2022-8-21 12:41:35] [INFO] Booting the 'HTTP' middleware...
[2022-8-21 12:41:35] [INFO] Database :: Booting @ Master...
[2022-8-21 12:41:35] [INFO] Routes :: Mounting Web Routes...
[2022-8-21 12:41:35] [INFO] Database :: Booting @ Master...
[2022-8-21 12:41:35] [INFO] Database :: connected...
[2022-8-21 12:42:0] [INFO] Routes :: Mounting doc Routes...
[2022-8-21 12:42:0] [INFO] Routes :: Mounting API Routes...
[2022-8-21 12:42:0] [INFO] Routes :: Mounting Web Routes...
[2022-8-21 12:42:0] [INFO] Database :: Booting @ Master...
[2022-8-21 12:42:0] [INFO] Booting the 'HTTP' middleware...
[2022-8-21 12:42:0] [INFO] Database :: Booting @ Master...
[2022-8-21 12:42:0] [INFO] Database :: connected...
[2022-8-21 12:43:34] [INFO] Routes :: Mounting doc Routes...
[2022-8-21 12:43:34] [INFO] Routes :: Mounting Web Routes...
[2022-8-21 12:43:34] [INFO] Database :: Booting @ Master...
[2022-8-21 12:43:34] [INFO] Routes :: Mounting API Routes...
[2022-8-21 12:43:34] [INFO] Database :: Booting @ Master...
[2022-8-21 12:43:34] [INFO] Booting the 'HTTP' middleware...
[2022-8-21 12:43:34] [INFO] Database :: connected...
[2022-8-21 12:45:8] [INFO] Routes :: Mounting doc Routes...
[2022-8-21 12:45:8] [INFO] Routes :: Mounting API Routes...
[2022-8-21 12:45:8] [INFO] Database :: Booting @ Master...
[2022-8-21 12:45:8] [INFO] Routes :: Mounting Web Routes...
[2022-8-21 12:45:8] [INFO] Database :: Booting @ Master...
[2022-8-21 12:45:8] [INFO] Booting the 'HTTP' middleware...
[2022-8-21 12:45:42] [INFO] Routes :: Mounting doc Routes...
[2022-8-21 12:45:42] [INFO] Routes :: Mounting API Routes...
[2022-8-21 12:45:42] [INFO] Booting the 'HTTP' middleware...
[2022-8-21 12:45:42] [INFO] Routes :: Mounting Web Routes...
[2022-8-21 12:45:42] [INFO] Database :: Booting @ Master...
[2022-8-21 12:45:42] [INFO] Database :: Booting @ Master...
[2022-8-21 12:45:42] [INFO] Database :: connected...
