[2022-12-19 6:53:53] [INFO] Routes :: Mounting doc Routes...
[2022-12-19 6:53:53] [INFO] Routes :: Mounting Web Routes...
[2022-12-19 6:53:58] [INFO] Booting the 'HTTP' middleware...
[2022-12-19 6:53:58] [INFO] Database :: Booting @ Master...
[2022-12-19 7:5:58] [INFO] Routes :: Mounting doc Routes...
[2022-12-19 7:5:58] [INFO] Routes :: Mounting Web Routes...
[2022-12-19 7:6:1] [INFO] Booting the 'HTTP' middleware...
[2022-12-19 7:6:1] [INFO] Database :: Booting @ Master...
[2022-12-19 7:6:59] [INFO] Routes :: Mounting Web Routes...
[2022-12-19 7:6:59] [INFO] Routes :: Mounting doc Routes...
[2022-12-19 7:7:2] [INFO] Booting the 'HTTP' middleware...
[2022-12-19 7:7:2] [INFO] Database :: Booting @ Master...
[2022-12-19 7:7:15] [INFO] Routes :: Mounting doc Routes...
[2022-12-19 7:7:15] [INFO] Routes :: Mounting Web Routes...
[2022-12-19 7:7:18] [INFO] Booting the 'HTTP' middleware...
[2022-12-19 7:7:18] [INFO] Database :: Booting @ Master...
[2022-12-19 7:10:32] [INFO] Routes :: Mounting Web Routes...
[2022-12-19 7:10:32] [INFO] Routes :: Mounting doc Routes...
[2022-12-19 7:10:35] [INFO] Booting the 'HTTP' middleware...
[2022-12-19 7:10:35] [INFO] Database :: Booting @ Master...
[2022-12-19 7:19:2] [INFO] Routes :: Mounting doc Routes...
[2022-12-19 7:19:2] [INFO] Routes :: Mounting Web Routes...
[2022-12-19 7:19:7] [INFO] Booting the 'HTTP' middleware...
[2022-12-19 7:19:7] [INFO] Database :: Booting @ Master...
[2022-12-19 7:20:57] [INFO] Routes :: Mounting doc Routes...
[2022-12-19 7:20:57] [INFO] Routes :: Mounting Web Routes...
[2022-12-19 7:21:2] [INFO] Booting the 'HTTP' middleware...
[2022-12-19 7:21:2] [INFO] Database :: Booting @ Master...
[2022-12-19 7:22:4] [INFO] Routes :: Mounting doc Routes...
[2022-12-19 7:22:4] [INFO] Routes :: Mounting Web Routes...
[2022-12-19 7:22:10] [INFO] Booting the 'HTTP' middleware...
[2022-12-19 7:22:10] [INFO] Database :: Booting @ Master...
[2022-12-19 7:25:32] [INFO] Routes :: Mounting doc Routes...
[2022-12-19 7:25:32] [INFO] Routes :: Mounting Web Routes...
[2022-12-19 7:25:36] [INFO] Booting the 'HTTP' middleware...
[2022-12-19 7:25:36] [INFO] Database :: Booting @ Master...
[2022-12-19 7:28:6] [INFO] Routes :: Mounting doc Routes...
[2022-12-19 7:28:6] [INFO] Routes :: Mounting Web Routes...
[2022-12-19 7:28:10] [INFO] Booting the 'HTTP' middleware...
[2022-12-19 7:28:10] [INFO] Database :: Booting @ Master...
[2022-12-19 7:28:59] [INFO] Routes :: Mounting doc Routes...
[2022-12-19 7:28:59] [INFO] Routes :: Mounting Web Routes...
[2022-12-19 7:29:4] [INFO] Booting the 'HTTP' middleware...
[2022-12-19 7:29:4] [INFO] Database :: Booting @ Master...
[2022-12-19 7:29:38] [INFO] Routes :: Mounting doc Routes...
[2022-12-19 7:29:38] [INFO] Routes :: Mounting Web Routes...
[2022-12-19 7:29:42] [INFO] Booting the 'HTTP' middleware...
[2022-12-19 7:29:42] [INFO] Database :: Booting @ Master...
[2022-12-19 7:30:37] [INFO] Routes :: Mounting doc Routes...
[2022-12-19 7:30:37] [INFO] Routes :: Mounting Web Routes...
[2022-12-19 7:30:40] [INFO] Booting the 'HTTP' middleware...
[2022-12-19 7:30:40] [INFO] Database :: Booting @ Master...
[2022-12-19 7:31:41] [INFO] Routes :: Mounting Web Routes...
[2022-12-19 7:31:41] [INFO] Routes :: Mounting doc Routes...
[2022-12-19 7:31:45] [INFO] Booting the 'HTTP' middleware...
[2022-12-19 7:31:45] [INFO] Database :: Booting @ Master...
[2022-12-19 7:32:35] [INFO] Routes :: Mounting Web Routes...
[2022-12-19 7:32:35] [INFO] Routes :: Mounting doc Routes...
[2022-12-19 7:32:39] [INFO] Booting the 'HTTP' middleware...
[2022-12-19 7:32:39] [INFO] Database :: Booting @ Master...
[2022-12-19 7:35:3] [INFO] Routes :: Mounting doc Routes...
[2022-12-19 7:35:3] [INFO] Routes :: Mounting Web Routes...
[2022-12-19 7:35:8] [INFO] Booting the 'HTTP' middleware...
[2022-12-19 7:35:8] [INFO] Database :: Booting @ Master...
[2022-12-19 7:35:44] [INFO] Routes :: Mounting doc Routes...
[2022-12-19 7:35:44] [INFO] Routes :: Mounting Web Routes...
[2022-12-19 7:35:49] [INFO] Booting the 'HTTP' middleware...
[2022-12-19 7:35:49] [INFO] Database :: Booting @ Master...
[2022-12-19 7:38:26] [INFO] Routes :: Mounting doc Routes...
[2022-12-19 7:38:26] [INFO] Routes :: Mounting Web Routes...
[2022-12-19 7:38:29] [INFO] Booting the 'HTTP' middleware...
[2022-12-19 7:38:29] [INFO] Database :: Booting @ Master...
[2022-12-19 7:41:22] [INFO] Routes :: Mounting Web Routes...
[2022-12-19 7:41:22] [INFO] Routes :: Mounting doc Routes...
[2022-12-19 7:41:25] [INFO] Booting the 'HTTP' middleware...
[2022-12-19 7:41:25] [INFO] Database :: Booting @ Master...
[2022-12-19 7:49:17] [INFO] Routes :: Mounting Web Routes...
[2022-12-19 7:49:17] [INFO] Routes :: Mounting doc Routes...
[2022-12-19 7:49:20] [INFO] Booting the 'HTTP' middleware...
[2022-12-19 7:49:20] [INFO] Database :: Booting @ Master...
[2022-12-19 7:50:23] [INFO] Routes :: Mounting doc Routes...
[2022-12-19 7:50:23] [INFO] Routes :: Mounting Web Routes...
[2022-12-19 7:50:26] [INFO] Booting the 'HTTP' middleware...
[2022-12-19 7:50:26] [INFO] Database :: Booting @ Master...
[2022-12-19 8:3:14] [INFO] Routes :: Mounting doc Routes...
[2022-12-19 8:3:14] [INFO] Routes :: Mounting Web Routes...
[2022-12-19 8:3:17] [INFO] Booting the 'HTTP' middleware...
[2022-12-19 8:3:17] [INFO] Database :: Booting @ Master...
[2022-12-19 8:4:57] [INFO] Routes :: Mounting doc Routes...
[2022-12-19 8:4:57] [INFO] Routes :: Mounting Web Routes...
[2022-12-19 8:5:0] [INFO] Booting the 'HTTP' middleware...
[2022-12-19 8:5:0] [INFO] Database :: Booting @ Master...
[2022-12-19 8:5:17] [INFO] Routes :: Mounting Web Routes...
[2022-12-19 8:5:17] [INFO] Routes :: Mounting doc Routes...
[2022-12-19 8:5:20] [INFO] Booting the 'HTTP' middleware...
[2022-12-19 8:5:20] [INFO] Database :: Booting @ Master...
[2022-12-19 8:8:3] [INFO] Routes :: Mounting doc Routes...
[2022-12-19 8:8:3] [INFO] Routes :: Mounting Web Routes...
[2022-12-19 8:8:5] [INFO] Booting the 'HTTP' middleware...
[2022-12-19 8:8:5] [INFO] Database :: Booting @ Master...
[2022-12-19 8:13:6] [INFO] Routes :: Mounting doc Routes...
[2022-12-19 8:13:6] [INFO] Routes :: Mounting Web Routes...
[2022-12-19 8:13:8] [INFO] Booting the 'HTTP' middleware...
[2022-12-19 8:13:8] [INFO] Database :: Booting @ Master...
[2022-12-19 8:20:6] [INFO] Routes :: Mounting doc Routes...
[2022-12-19 8:20:6] [INFO] Routes :: Mounting Web Routes...
[2022-12-19 8:20:9] [INFO] Booting the 'HTTP' middleware...
[2022-12-19 8:20:9] [INFO] Database :: Booting @ Master...
[2022-12-19 8:21:52] [INFO] Routes :: Mounting doc Routes...
[2022-12-19 8:21:52] [INFO] Routes :: Mounting Web Routes...
[2022-12-19 8:21:54] [INFO] Booting the 'HTTP' middleware...
[2022-12-19 8:21:54] [INFO] Database :: Booting @ Master...
[2022-12-19 8:24:49] [INFO] Routes :: Mounting Web Routes...
[2022-12-19 8:24:49] [INFO] Routes :: Mounting doc Routes...
[2022-12-19 8:24:52] [INFO] Booting the 'HTTP' middleware...
[2022-12-19 8:24:52] [INFO] Database :: Booting @ Master...
[2022-12-19 8:24:52] [ERROR] Error: Failed to lookup view "Auth/auth-role" in views directory "/mnt/c/Users/Roku/Documents/Work/Qwerty/boilerplate/typeScript/src/views"
    at Function.render (/mnt/c/Users/Roku/Documents/Work/Qwerty/boilerplate/typeScript/node_modules/express/lib/application.js:597:17)
    at ServerResponse.render (/mnt/c/Users/Roku/Documents/Work/Qwerty/boilerplate/typeScript/node_modules/express/lib/response.js:1039:7)
    at ServerResponse.res.render (/mnt/c/Users/Roku/Documents/Work/Qwerty/boilerplate/typeScript/node_modules/express-ejs-layouts/lib/express-layouts.js:77:18)
    at AuthPermissions (/mnt/c/Users/Roku/Documents/Work/Qwerty/boilerplate/typeScript/src/controllers/web/index.ts:168:16)
    at Layer.handle [as handle_request] (/mnt/c/Users/Roku/Documents/Work/Qwerty/boilerplate/typeScript/node_modules/express/lib/router/layer.js:95:5)
    at next (/mnt/c/Users/Roku/Documents/Work/Qwerty/boilerplate/typeScript/node_modules/express/lib/router/route.js:144:13)
    at Route.dispatch (/mnt/c/Users/Roku/Documents/Work/Qwerty/boilerplate/typeScript/node_modules/express/lib/router/route.js:114:3)
    at Layer.handle [as handle_request] (/mnt/c/Users/Roku/Documents/Work/Qwerty/boilerplate/typeScript/node_modules/express/lib/router/layer.js:95:5)
    at /mnt/c/Users/Roku/Documents/Work/Qwerty/boilerplate/typeScript/node_modules/express/lib/router/index.js:284:15
    at Function.process_params (/mnt/c/Users/Roku/Documents/Work/Qwerty/boilerplate/typeScript/node_modules/express/lib/router/index.js:346:12)
[2022-12-19 8:24:52] [ERROR] Error: Failed to lookup view "Auth/auth-role" in views directory "/mnt/c/Users/Roku/Documents/Work/Qwerty/boilerplate/typeScript/src/views"
    at Function.render (/mnt/c/Users/Roku/Documents/Work/Qwerty/boilerplate/typeScript/node_modules/express/lib/application.js:597:17)
    at ServerResponse.render (/mnt/c/Users/Roku/Documents/Work/Qwerty/boilerplate/typeScript/node_modules/express/lib/response.js:1039:7)
    at ServerResponse.res.render (/mnt/c/Users/Roku/Documents/Work/Qwerty/boilerplate/typeScript/node_modules/express-ejs-layouts/lib/express-layouts.js:77:18)
    at AuthPermissions (/mnt/c/Users/Roku/Documents/Work/Qwerty/boilerplate/typeScript/src/controllers/web/index.ts:168:16)
    at Layer.handle [as handle_request] (/mnt/c/Users/Roku/Documents/Work/Qwerty/boilerplate/typeScript/node_modules/express/lib/router/layer.js:95:5)
    at next (/mnt/c/Users/Roku/Documents/Work/Qwerty/boilerplate/typeScript/node_modules/express/lib/router/route.js:144:13)
    at Route.dispatch (/mnt/c/Users/Roku/Documents/Work/Qwerty/boilerplate/typeScript/node_modules/express/lib/router/route.js:114:3)
    at Layer.handle [as handle_request] (/mnt/c/Users/Roku/Documents/Work/Qwerty/boilerplate/typeScript/node_modules/express/lib/router/layer.js:95:5)
    at /mnt/c/Users/Roku/Documents/Work/Qwerty/boilerplate/typeScript/node_modules/express/lib/router/index.js:284:15
    at Function.process_params (/mnt/c/Users/Roku/Documents/Work/Qwerty/boilerplate/typeScript/node_modules/express/lib/router/index.js:346:12)
[2022-12-19 8:24:52] [ERROR] Error: Failed to lookup view "Auth/auth-role" in views directory "/mnt/c/Users/Roku/Documents/Work/Qwerty/boilerplate/typeScript/src/views"
    at Function.render (/mnt/c/Users/Roku/Documents/Work/Qwerty/boilerplate/typeScript/node_modules/express/lib/application.js:597:17)
    at ServerResponse.render (/mnt/c/Users/Roku/Documents/Work/Qwerty/boilerplate/typeScript/node_modules/express/lib/response.js:1039:7)
    at ServerResponse.res.render (/mnt/c/Users/Roku/Documents/Work/Qwerty/boilerplate/typeScript/node_modules/express-ejs-layouts/lib/express-layouts.js:77:18)
    at AuthPermissions (/mnt/c/Users/Roku/Documents/Work/Qwerty/boilerplate/typeScript/src/controllers/web/index.ts:168:16)
    at Layer.handle [as handle_request] (/mnt/c/Users/Roku/Documents/Work/Qwerty/boilerplate/typeScript/node_modules/express/lib/router/layer.js:95:5)
    at next (/mnt/c/Users/Roku/Documents/Work/Qwerty/boilerplate/typeScript/node_modules/express/lib/router/route.js:144:13)
    at Route.dispatch (/mnt/c/Users/Roku/Documents/Work/Qwerty/boilerplate/typeScript/node_modules/express/lib/router/route.js:114:3)
    at Layer.handle [as handle_request] (/mnt/c/Users/Roku/Documents/Work/Qwerty/boilerplate/typeScript/node_modules/express/lib/router/layer.js:95:5)
    at /mnt/c/Users/Roku/Documents/Work/Qwerty/boilerplate/typeScript/node_modules/express/lib/router/index.js:284:15
    at Function.process_params (/mnt/c/Users/Roku/Documents/Work/Qwerty/boilerplate/typeScript/node_modules/express/lib/router/index.js:346:12)
[2022-12-19 8:26:36] [INFO] Routes :: Mounting Web Routes...
[2022-12-19 8:26:36] [INFO] Routes :: Mounting doc Routes...
[2022-12-19 8:26:39] [INFO] Booting the 'HTTP' middleware...
[2022-12-19 8:26:39] [INFO] Database :: Booting @ Master...
[2022-12-19 8:26:39] [ERROR] Error: Failed to lookup view "Auth/auth-role" in views directory "/mnt/c/Users/Roku/Documents/Work/Qwerty/boilerplate/typeScript/src/views"
    at Function.render (/mnt/c/Users/Roku/Documents/Work/Qwerty/boilerplate/typeScript/node_modules/express/lib/application.js:597:17)
    at ServerResponse.render (/mnt/c/Users/Roku/Documents/Work/Qwerty/boilerplate/typeScript/node_modules/express/lib/response.js:1039:7)
    at ServerResponse.res.render (/mnt/c/Users/Roku/Documents/Work/Qwerty/boilerplate/typeScript/node_modules/express-ejs-layouts/lib/express-layouts.js:77:18)
    at AuthPermissions (/mnt/c/Users/Roku/Documents/Work/Qwerty/boilerplate/typeScript/src/controllers/web/index.ts:168:16)
    at Layer.handle [as handle_request] (/mnt/c/Users/Roku/Documents/Work/Qwerty/boilerplate/typeScript/node_modules/express/lib/router/layer.js:95:5)
    at next (/mnt/c/Users/Roku/Documents/Work/Qwerty/boilerplate/typeScript/node_modules/express/lib/router/route.js:144:13)
    at Route.dispatch (/mnt/c/Users/Roku/Documents/Work/Qwerty/boilerplate/typeScript/node_modules/express/lib/router/route.js:114:3)
    at Layer.handle [as handle_request] (/mnt/c/Users/Roku/Documents/Work/Qwerty/boilerplate/typeScript/node_modules/express/lib/router/layer.js:95:5)
    at /mnt/c/Users/Roku/Documents/Work/Qwerty/boilerplate/typeScript/node_modules/express/lib/router/index.js:284:15
    at Function.process_params (/mnt/c/Users/Roku/Documents/Work/Qwerty/boilerplate/typeScript/node_modules/express/lib/router/index.js:346:12)
[2022-12-19 8:26:39] [ERROR] Error: Failed to lookup view "Auth/auth-role" in views directory "/mnt/c/Users/Roku/Documents/Work/Qwerty/boilerplate/typeScript/src/views"
    at Function.render (/mnt/c/Users/Roku/Documents/Work/Qwerty/boilerplate/typeScript/node_modules/express/lib/application.js:597:17)
    at ServerResponse.render (/mnt/c/Users/Roku/Documents/Work/Qwerty/boilerplate/typeScript/node_modules/express/lib/response.js:1039:7)
    at ServerResponse.res.render (/mnt/c/Users/Roku/Documents/Work/Qwerty/boilerplate/typeScript/node_modules/express-ejs-layouts/lib/express-layouts.js:77:18)
    at AuthPermissions (/mnt/c/Users/Roku/Documents/Work/Qwerty/boilerplate/typeScript/src/controllers/web/index.ts:168:16)
    at Layer.handle [as handle_request] (/mnt/c/Users/Roku/Documents/Work/Qwerty/boilerplate/typeScript/node_modules/express/lib/router/layer.js:95:5)
    at next (/mnt/c/Users/Roku/Documents/Work/Qwerty/boilerplate/typeScript/node_modules/express/lib/router/route.js:144:13)
    at Route.dispatch (/mnt/c/Users/Roku/Documents/Work/Qwerty/boilerplate/typeScript/node_modules/express/lib/router/route.js:114:3)
    at Layer.handle [as handle_request] (/mnt/c/Users/Roku/Documents/Work/Qwerty/boilerplate/typeScript/node_modules/express/lib/router/layer.js:95:5)
    at /mnt/c/Users/Roku/Documents/Work/Qwerty/boilerplate/typeScript/node_modules/express/lib/router/index.js:284:15
    at Function.process_params (/mnt/c/Users/Roku/Documents/Work/Qwerty/boilerplate/typeScript/node_modules/express/lib/router/index.js:346:12)
[2022-12-19 8:26:39] [ERROR] Error: Failed to lookup view "Auth/auth-role" in views directory "/mnt/c/Users/Roku/Documents/Work/Qwerty/boilerplate/typeScript/src/views"
    at Function.render (/mnt/c/Users/Roku/Documents/Work/Qwerty/boilerplate/typeScript/node_modules/express/lib/application.js:597:17)
    at ServerResponse.render (/mnt/c/Users/Roku/Documents/Work/Qwerty/boilerplate/typeScript/node_modules/express/lib/response.js:1039:7)
    at ServerResponse.res.render (/mnt/c/Users/Roku/Documents/Work/Qwerty/boilerplate/typeScript/node_modules/express-ejs-layouts/lib/express-layouts.js:77:18)
    at AuthPermissions (/mnt/c/Users/Roku/Documents/Work/Qwerty/boilerplate/typeScript/src/controllers/web/index.ts:168:16)
    at Layer.handle [as handle_request] (/mnt/c/Users/Roku/Documents/Work/Qwerty/boilerplate/typeScript/node_modules/express/lib/router/layer.js:95:5)
    at next (/mnt/c/Users/Roku/Documents/Work/Qwerty/boilerplate/typeScript/node_modules/express/lib/router/route.js:144:13)
    at Route.dispatch (/mnt/c/Users/Roku/Documents/Work/Qwerty/boilerplate/typeScript/node_modules/express/lib/router/route.js:114:3)
    at Layer.handle [as handle_request] (/mnt/c/Users/Roku/Documents/Work/Qwerty/boilerplate/typeScript/node_modules/express/lib/router/layer.js:95:5)
    at /mnt/c/Users/Roku/Documents/Work/Qwerty/boilerplate/typeScript/node_modules/express/lib/router/index.js:284:15
    at Function.process_params (/mnt/c/Users/Roku/Documents/Work/Qwerty/boilerplate/typeScript/node_modules/express/lib/router/index.js:346:12)
[2022-12-19 8:26:39] [ERROR] Error: Failed to lookup view "Auth/auth-role" in views directory "/mnt/c/Users/Roku/Documents/Work/Qwerty/boilerplate/typeScript/src/views"
    at Function.render (/mnt/c/Users/Roku/Documents/Work/Qwerty/boilerplate/typeScript/node_modules/express/lib/application.js:597:17)
    at ServerResponse.render (/mnt/c/Users/Roku/Documents/Work/Qwerty/boilerplate/typeScript/node_modules/express/lib/response.js:1039:7)
    at ServerResponse.res.render (/mnt/c/Users/Roku/Documents/Work/Qwerty/boilerplate/typeScript/node_modules/express-ejs-layouts/lib/express-layouts.js:77:18)
    at AuthPermissions (/mnt/c/Users/Roku/Documents/Work/Qwerty/boilerplate/typeScript/src/controllers/web/index.ts:168:16)
    at Layer.handle [as handle_request] (/mnt/c/Users/Roku/Documents/Work/Qwerty/boilerplate/typeScript/node_modules/express/lib/router/layer.js:95:5)
    at next (/mnt/c/Users/Roku/Documents/Work/Qwerty/boilerplate/typeScript/node_modules/express/lib/router/route.js:144:13)
    at Route.dispatch (/mnt/c/Users/Roku/Documents/Work/Qwerty/boilerplate/typeScript/node_modules/express/lib/router/route.js:114:3)
    at Layer.handle [as handle_request] (/mnt/c/Users/Roku/Documents/Work/Qwerty/boilerplate/typeScript/node_modules/express/lib/router/layer.js:95:5)
    at /mnt/c/Users/Roku/Documents/Work/Qwerty/boilerplate/typeScript/node_modules/express/lib/router/index.js:284:15
    at Function.process_params (/mnt/c/Users/Roku/Documents/Work/Qwerty/boilerplate/typeScript/node_modules/express/lib/router/index.js:346:12)
[2022-12-19 8:26:39] [ERROR] Error: Failed to lookup view "Auth/auth-role" in views directory "/mnt/c/Users/Roku/Documents/Work/Qwerty/boilerplate/typeScript/src/views"
    at Function.render (/mnt/c/Users/Roku/Documents/Work/Qwerty/boilerplate/typeScript/node_modules/express/lib/application.js:597:17)
    at ServerResponse.render (/mnt/c/Users/Roku/Documents/Work/Qwerty/boilerplate/typeScript/node_modules/express/lib/response.js:1039:7)
    at ServerResponse.res.render (/mnt/c/Users/Roku/Documents/Work/Qwerty/boilerplate/typeScript/node_modules/express-ejs-layouts/lib/express-layouts.js:77:18)
    at AuthPermissions (/mnt/c/Users/Roku/Documents/Work/Qwerty/boilerplate/typeScript/src/controllers/web/index.ts:168:16)
    at Layer.handle [as handle_request] (/mnt/c/Users/Roku/Documents/Work/Qwerty/boilerplate/typeScript/node_modules/express/lib/router/layer.js:95:5)
    at next (/mnt/c/Users/Roku/Documents/Work/Qwerty/boilerplate/typeScript/node_modules/express/lib/router/route.js:144:13)
    at Route.dispatch (/mnt/c/Users/Roku/Documents/Work/Qwerty/boilerplate/typeScript/node_modules/express/lib/router/route.js:114:3)
    at Layer.handle [as handle_request] (/mnt/c/Users/Roku/Documents/Work/Qwerty/boilerplate/typeScript/node_modules/express/lib/router/layer.js:95:5)
    at /mnt/c/Users/Roku/Documents/Work/Qwerty/boilerplate/typeScript/node_modules/express/lib/router/index.js:284:15
    at Function.process_params (/mnt/c/Users/Roku/Documents/Work/Qwerty/boilerplate/typeScript/node_modules/express/lib/router/index.js:346:12)
[2022-12-19 8:26:39] [ERROR] Error: Failed to lookup view "Auth/auth-role" in views directory "/mnt/c/Users/Roku/Documents/Work/Qwerty/boilerplate/typeScript/src/views"
    at Function.render (/mnt/c/Users/Roku/Documents/Work/Qwerty/boilerplate/typeScript/node_modules/express/lib/application.js:597:17)
    at ServerResponse.render (/mnt/c/Users/Roku/Documents/Work/Qwerty/boilerplate/typeScript/node_modules/express/lib/response.js:1039:7)
    at ServerResponse.res.render (/mnt/c/Users/Roku/Documents/Work/Qwerty/boilerplate/typeScript/node_modules/express-ejs-layouts/lib/express-layouts.js:77:18)
    at AuthPermissions (/mnt/c/Users/Roku/Documents/Work/Qwerty/boilerplate/typeScript/src/controllers/web/index.ts:168:16)
    at Layer.handle [as handle_request] (/mnt/c/Users/Roku/Documents/Work/Qwerty/boilerplate/typeScript/node_modules/express/lib/router/layer.js:95:5)
    at next (/mnt/c/Users/Roku/Documents/Work/Qwerty/boilerplate/typeScript/node_modules/express/lib/router/route.js:144:13)
    at Route.dispatch (/mnt/c/Users/Roku/Documents/Work/Qwerty/boilerplate/typeScript/node_modules/express/lib/router/route.js:114:3)
    at Layer.handle [as handle_request] (/mnt/c/Users/Roku/Documents/Work/Qwerty/boilerplate/typeScript/node_modules/express/lib/router/layer.js:95:5)
    at /mnt/c/Users/Roku/Documents/Work/Qwerty/boilerplate/typeScript/node_modules/express/lib/router/index.js:284:15
    at Function.process_params (/mnt/c/Users/Roku/Documents/Work/Qwerty/boilerplate/typeScript/node_modules/express/lib/router/index.js:346:12)
[2022-12-19 8:28:2] [INFO] Routes :: Mounting doc Routes...
[2022-12-19 8:28:2] [INFO] Routes :: Mounting Web Routes...
[2022-12-19 8:28:5] [INFO] Booting the 'HTTP' middleware...
[2022-12-19 8:28:5] [INFO] Database :: Booting @ Master...
[2022-12-19 8:28:5] [ERROR] Error: Failed to lookup view "Auth/auth-role" in views directory "/mnt/c/Users/Roku/Documents/Work/Qwerty/boilerplate/typeScript/src/views"
    at Function.render (/mnt/c/Users/Roku/Documents/Work/Qwerty/boilerplate/typeScript/node_modules/express/lib/application.js:597:17)
    at ServerResponse.render (/mnt/c/Users/Roku/Documents/Work/Qwerty/boilerplate/typeScript/node_modules/express/lib/response.js:1039:7)
    at ServerResponse.res.render (/mnt/c/Users/Roku/Documents/Work/Qwerty/boilerplate/typeScript/node_modules/express-ejs-layouts/lib/express-layouts.js:77:18)
    at AuthPermissions (/mnt/c/Users/Roku/Documents/Work/Qwerty/boilerplate/typeScript/src/controllers/web/index.ts:168:16)
    at Layer.handle [as handle_request] (/mnt/c/Users/Roku/Documents/Work/Qwerty/boilerplate/typeScript/node_modules/express/lib/router/layer.js:95:5)
    at next (/mnt/c/Users/Roku/Documents/Work/Qwerty/boilerplate/typeScript/node_modules/express/lib/router/route.js:144:13)
    at Route.dispatch (/mnt/c/Users/Roku/Documents/Work/Qwerty/boilerplate/typeScript/node_modules/express/lib/router/route.js:114:3)
    at Layer.handle [as handle_request] (/mnt/c/Users/Roku/Documents/Work/Qwerty/boilerplate/typeScript/node_modules/express/lib/router/layer.js:95:5)
    at /mnt/c/Users/Roku/Documents/Work/Qwerty/boilerplate/typeScript/node_modules/express/lib/router/index.js:284:15
    at Function.process_params (/mnt/c/Users/Roku/Documents/Work/Qwerty/boilerplate/typeScript/node_modules/express/lib/router/index.js:346:12)
[2022-12-19 8:28:5] [ERROR] Error: Failed to lookup view "Auth/auth-role" in views directory "/mnt/c/Users/Roku/Documents/Work/Qwerty/boilerplate/typeScript/src/views"
    at Function.render (/mnt/c/Users/Roku/Documents/Work/Qwerty/boilerplate/typeScript/node_modules/express/lib/application.js:597:17)
    at ServerResponse.render (/mnt/c/Users/Roku/Documents/Work/Qwerty/boilerplate/typeScript/node_modules/express/lib/response.js:1039:7)
    at ServerResponse.res.render (/mnt/c/Users/Roku/Documents/Work/Qwerty/boilerplate/typeScript/node_modules/express-ejs-layouts/lib/express-layouts.js:77:18)
    at AuthPermissions (/mnt/c/Users/Roku/Documents/Work/Qwerty/boilerplate/typeScript/src/controllers/web/index.ts:168:16)
    at Layer.handle [as handle_request] (/mnt/c/Users/Roku/Documents/Work/Qwerty/boilerplate/typeScript/node_modules/express/lib/router/layer.js:95:5)
    at next (/mnt/c/Users/Roku/Documents/Work/Qwerty/boilerplate/typeScript/node_modules/express/lib/router/route.js:144:13)
    at Route.dispatch (/mnt/c/Users/Roku/Documents/Work/Qwerty/boilerplate/typeScript/node_modules/express/lib/router/route.js:114:3)
    at Layer.handle [as handle_request] (/mnt/c/Users/Roku/Documents/Work/Qwerty/boilerplate/typeScript/node_modules/express/lib/router/layer.js:95:5)
    at /mnt/c/Users/Roku/Documents/Work/Qwerty/boilerplate/typeScript/node_modules/express/lib/router/index.js:284:15
    at Function.process_params (/mnt/c/Users/Roku/Documents/Work/Qwerty/boilerplate/typeScript/node_modules/express/lib/router/index.js:346:12)
[2022-12-19 8:28:5] [ERROR] Error: Failed to lookup view "Auth/auth-role" in views directory "/mnt/c/Users/Roku/Documents/Work/Qwerty/boilerplate/typeScript/src/views"
    at Function.render (/mnt/c/Users/Roku/Documents/Work/Qwerty/boilerplate/typeScript/node_modules/express/lib/application.js:597:17)
    at ServerResponse.render (/mnt/c/Users/Roku/Documents/Work/Qwerty/boilerplate/typeScript/node_modules/express/lib/response.js:1039:7)
    at ServerResponse.res.render (/mnt/c/Users/Roku/Documents/Work/Qwerty/boilerplate/typeScript/node_modules/express-ejs-layouts/lib/express-layouts.js:77:18)
    at AuthPermissions (/mnt/c/Users/Roku/Documents/Work/Qwerty/boilerplate/typeScript/src/controllers/web/index.ts:168:16)
    at Layer.handle [as handle_request] (/mnt/c/Users/Roku/Documents/Work/Qwerty/boilerplate/typeScript/node_modules/express/lib/router/layer.js:95:5)
    at next (/mnt/c/Users/Roku/Documents/Work/Qwerty/boilerplate/typeScript/node_modules/express/lib/router/route.js:144:13)
    at Route.dispatch (/mnt/c/Users/Roku/Documents/Work/Qwerty/boilerplate/typeScript/node_modules/express/lib/router/route.js:114:3)
    at Layer.handle [as handle_request] (/mnt/c/Users/Roku/Documents/Work/Qwerty/boilerplate/typeScript/node_modules/express/lib/router/layer.js:95:5)
    at /mnt/c/Users/Roku/Documents/Work/Qwerty/boilerplate/typeScript/node_modules/express/lib/router/index.js:284:15
    at Function.process_params (/mnt/c/Users/Roku/Documents/Work/Qwerty/boilerplate/typeScript/node_modules/express/lib/router/index.js:346:12)
[2022-12-19 8:32:8] [INFO] Routes :: Mounting doc Routes...
[2022-12-19 8:32:8] [INFO] Routes :: Mounting Web Routes...
[2022-12-19 8:32:11] [INFO] Booting the 'HTTP' middleware...
[2022-12-19 8:32:11] [INFO] Database :: Booting @ Master...
[2022-12-19 8:32:11] [ERROR] Error: Failed to lookup view "Auth/auth-role" in views directory "/mnt/c/Users/Roku/Documents/Work/Qwerty/boilerplate/typeScript/src/views"
    at Function.render (/mnt/c/Users/Roku/Documents/Work/Qwerty/boilerplate/typeScript/node_modules/express/lib/application.js:597:17)
    at ServerResponse.render (/mnt/c/Users/Roku/Documents/Work/Qwerty/boilerplate/typeScript/node_modules/express/lib/response.js:1039:7)
    at ServerResponse.res.render (/mnt/c/Users/Roku/Documents/Work/Qwerty/boilerplate/typeScript/node_modules/express-ejs-layouts/lib/express-layouts.js:77:18)
    at AuthPermissions (/mnt/c/Users/Roku/Documents/Work/Qwerty/boilerplate/typeScript/src/controllers/web/index.ts:168:16)
    at Layer.handle [as handle_request] (/mnt/c/Users/Roku/Documents/Work/Qwerty/boilerplate/typeScript/node_modules/express/lib/router/layer.js:95:5)
    at next (/mnt/c/Users/Roku/Documents/Work/Qwerty/boilerplate/typeScript/node_modules/express/lib/router/route.js:144:13)
    at Route.dispatch (/mnt/c/Users/Roku/Documents/Work/Qwerty/boilerplate/typeScript/node_modules/express/lib/router/route.js:114:3)
    at Layer.handle [as handle_request] (/mnt/c/Users/Roku/Documents/Work/Qwerty/boilerplate/typeScript/node_modules/express/lib/router/layer.js:95:5)
    at /mnt/c/Users/Roku/Documents/Work/Qwerty/boilerplate/typeScript/node_modules/express/lib/router/index.js:284:15
    at Function.process_params (/mnt/c/Users/Roku/Documents/Work/Qwerty/boilerplate/typeScript/node_modules/express/lib/router/index.js:346:12)
[2022-12-19 8:32:11] [ERROR] Error: Failed to lookup view "Auth/auth-role" in views directory "/mnt/c/Users/Roku/Documents/Work/Qwerty/boilerplate/typeScript/src/views"
    at Function.render (/mnt/c/Users/Roku/Documents/Work/Qwerty/boilerplate/typeScript/node_modules/express/lib/application.js:597:17)
    at ServerResponse.render (/mnt/c/Users/Roku/Documents/Work/Qwerty/boilerplate/typeScript/node_modules/express/lib/response.js:1039:7)
    at ServerResponse.res.render (/mnt/c/Users/Roku/Documents/Work/Qwerty/boilerplate/typeScript/node_modules/express-ejs-layouts/lib/express-layouts.js:77:18)
    at AuthPermissions (/mnt/c/Users/Roku/Documents/Work/Qwerty/boilerplate/typeScript/src/controllers/web/index.ts:168:16)
    at Layer.handle [as handle_request] (/mnt/c/Users/Roku/Documents/Work/Qwerty/boilerplate/typeScript/node_modules/express/lib/router/layer.js:95:5)
    at next (/mnt/c/Users/Roku/Documents/Work/Qwerty/boilerplate/typeScript/node_modules/express/lib/router/route.js:144:13)
    at Route.dispatch (/mnt/c/Users/Roku/Documents/Work/Qwerty/boilerplate/typeScript/node_modules/express/lib/router/route.js:114:3)
    at Layer.handle [as handle_request] (/mnt/c/Users/Roku/Documents/Work/Qwerty/boilerplate/typeScript/node_modules/express/lib/router/layer.js:95:5)
    at /mnt/c/Users/Roku/Documents/Work/Qwerty/boilerplate/typeScript/node_modules/express/lib/router/index.js:284:15
    at Function.process_params (/mnt/c/Users/Roku/Documents/Work/Qwerty/boilerplate/typeScript/node_modules/express/lib/router/index.js:346:12)
[2022-12-19 8:32:11] [ERROR] Error: Failed to lookup view "Auth/auth-role" in views directory "/mnt/c/Users/Roku/Documents/Work/Qwerty/boilerplate/typeScript/src/views"
    at Function.render (/mnt/c/Users/Roku/Documents/Work/Qwerty/boilerplate/typeScript/node_modules/express/lib/application.js:597:17)
    at ServerResponse.render (/mnt/c/Users/Roku/Documents/Work/Qwerty/boilerplate/typeScript/node_modules/express/lib/response.js:1039:7)
    at ServerResponse.res.render (/mnt/c/Users/Roku/Documents/Work/Qwerty/boilerplate/typeScript/node_modules/express-ejs-layouts/lib/express-layouts.js:77:18)
    at AuthPermissions (/mnt/c/Users/Roku/Documents/Work/Qwerty/boilerplate/typeScript/src/controllers/web/index.ts:168:16)
    at Layer.handle [as handle_request] (/mnt/c/Users/Roku/Documents/Work/Qwerty/boilerplate/typeScript/node_modules/express/lib/router/layer.js:95:5)
    at next (/mnt/c/Users/Roku/Documents/Work/Qwerty/boilerplate/typeScript/node_modules/express/lib/router/route.js:144:13)
    at Route.dispatch (/mnt/c/Users/Roku/Documents/Work/Qwerty/boilerplate/typeScript/node_modules/express/lib/router/route.js:114:3)
    at Layer.handle [as handle_request] (/mnt/c/Users/Roku/Documents/Work/Qwerty/boilerplate/typeScript/node_modules/express/lib/router/layer.js:95:5)
    at /mnt/c/Users/Roku/Documents/Work/Qwerty/boilerplate/typeScript/node_modules/express/lib/router/index.js:284:15
    at Function.process_params (/mnt/c/Users/Roku/Documents/Work/Qwerty/boilerplate/typeScript/node_modules/express/lib/router/index.js:346:12)
[2022-12-19 8:33:37] [INFO] Routes :: Mounting doc Routes...
[2022-12-19 8:33:37] [INFO] Routes :: Mounting Web Routes...
[2022-12-19 8:33:40] [INFO] Booting the 'HTTP' middleware...
[2022-12-19 8:33:40] [INFO] Database :: Booting @ Master...
[2022-12-19 8:33:40] [ERROR] Error: Failed to lookup view "Auth/auth-role" in views directory "/mnt/c/Users/Roku/Documents/Work/Qwerty/boilerplate/typeScript/src/views"
    at Function.render (/mnt/c/Users/Roku/Documents/Work/Qwerty/boilerplate/typeScript/node_modules/express/lib/application.js:597:17)
    at ServerResponse.render (/mnt/c/Users/Roku/Documents/Work/Qwerty/boilerplate/typeScript/node_modules/express/lib/response.js:1039:7)
    at ServerResponse.res.render (/mnt/c/Users/Roku/Documents/Work/Qwerty/boilerplate/typeScript/node_modules/express-ejs-layouts/lib/express-layouts.js:77:18)
    at AuthPermissions (/mnt/c/Users/Roku/Documents/Work/Qwerty/boilerplate/typeScript/src/controllers/web/index.ts:168:16)
    at Layer.handle [as handle_request] (/mnt/c/Users/Roku/Documents/Work/Qwerty/boilerplate/typeScript/node_modules/express/lib/router/layer.js:95:5)
    at next (/mnt/c/Users/Roku/Documents/Work/Qwerty/boilerplate/typeScript/node_modules/express/lib/router/route.js:144:13)
    at Route.dispatch (/mnt/c/Users/Roku/Documents/Work/Qwerty/boilerplate/typeScript/node_modules/express/lib/router/route.js:114:3)
    at Layer.handle [as handle_request] (/mnt/c/Users/Roku/Documents/Work/Qwerty/boilerplate/typeScript/node_modules/express/lib/router/layer.js:95:5)
    at /mnt/c/Users/Roku/Documents/Work/Qwerty/boilerplate/typeScript/node_modules/express/lib/router/index.js:284:15
    at Function.process_params (/mnt/c/Users/Roku/Documents/Work/Qwerty/boilerplate/typeScript/node_modules/express/lib/router/index.js:346:12)
[2022-12-19 8:33:40] [ERROR] Error: Failed to lookup view "Auth/auth-role" in views directory "/mnt/c/Users/Roku/Documents/Work/Qwerty/boilerplate/typeScript/src/views"
    at Function.render (/mnt/c/Users/Roku/Documents/Work/Qwerty/boilerplate/typeScript/node_modules/express/lib/application.js:597:17)
    at ServerResponse.render (/mnt/c/Users/Roku/Documents/Work/Qwerty/boilerplate/typeScript/node_modules/express/lib/response.js:1039:7)
    at ServerResponse.res.render (/mnt/c/Users/Roku/Documents/Work/Qwerty/boilerplate/typeScript/node_modules/express-ejs-layouts/lib/express-layouts.js:77:18)
    at AuthPermissions (/mnt/c/Users/Roku/Documents/Work/Qwerty/boilerplate/typeScript/src/controllers/web/index.ts:168:16)
    at Layer.handle [as handle_request] (/mnt/c/Users/Roku/Documents/Work/Qwerty/boilerplate/typeScript/node_modules/express/lib/router/layer.js:95:5)
    at next (/mnt/c/Users/Roku/Documents/Work/Qwerty/boilerplate/typeScript/node_modules/express/lib/router/route.js:144:13)
    at Route.dispatch (/mnt/c/Users/Roku/Documents/Work/Qwerty/boilerplate/typeScript/node_modules/express/lib/router/route.js:114:3)
    at Layer.handle [as handle_request] (/mnt/c/Users/Roku/Documents/Work/Qwerty/boilerplate/typeScript/node_modules/express/lib/router/layer.js:95:5)
    at /mnt/c/Users/Roku/Documents/Work/Qwerty/boilerplate/typeScript/node_modules/express/lib/router/index.js:284:15
    at Function.process_params (/mnt/c/Users/Roku/Documents/Work/Qwerty/boilerplate/typeScript/node_modules/express/lib/router/index.js:346:12)
[2022-12-19 8:33:40] [ERROR] Error: Failed to lookup view "Auth/auth-role" in views directory "/mnt/c/Users/Roku/Documents/Work/Qwerty/boilerplate/typeScript/src/views"
    at Function.render (/mnt/c/Users/Roku/Documents/Work/Qwerty/boilerplate/typeScript/node_modules/express/lib/application.js:597:17)
    at ServerResponse.render (/mnt/c/Users/Roku/Documents/Work/Qwerty/boilerplate/typeScript/node_modules/express/lib/response.js:1039:7)
    at ServerResponse.res.render (/mnt/c/Users/Roku/Documents/Work/Qwerty/boilerplate/typeScript/node_modules/express-ejs-layouts/lib/express-layouts.js:77:18)
    at AuthPermissions (/mnt/c/Users/Roku/Documents/Work/Qwerty/boilerplate/typeScript/src/controllers/web/index.ts:168:16)
    at Layer.handle [as handle_request] (/mnt/c/Users/Roku/Documents/Work/Qwerty/boilerplate/typeScript/node_modules/express/lib/router/layer.js:95:5)
    at next (/mnt/c/Users/Roku/Documents/Work/Qwerty/boilerplate/typeScript/node_modules/express/lib/router/route.js:144:13)
    at Route.dispatch (/mnt/c/Users/Roku/Documents/Work/Qwerty/boilerplate/typeScript/node_modules/express/lib/router/route.js:114:3)
    at Layer.handle [as handle_request] (/mnt/c/Users/Roku/Documents/Work/Qwerty/boilerplate/typeScript/node_modules/express/lib/router/layer.js:95:5)
    at /mnt/c/Users/Roku/Documents/Work/Qwerty/boilerplate/typeScript/node_modules/express/lib/router/index.js:284:15
    at Function.process_params (/mnt/c/Users/Roku/Documents/Work/Qwerty/boilerplate/typeScript/node_modules/express/lib/router/index.js:346:12)
[2022-12-19 8:34:18] [INFO] Routes :: Mounting doc Routes...
[2022-12-19 8:34:18] [INFO] Routes :: Mounting Web Routes...
[2022-12-19 8:34:21] [INFO] Booting the 'HTTP' middleware...
[2022-12-19 8:34:21] [INFO] Database :: Booting @ Master...
[2022-12-19 8:35:48] [INFO] Routes :: Mounting Web Routes...
[2022-12-19 8:35:48] [INFO] Routes :: Mounting doc Routes...
[2022-12-19 8:35:51] [INFO] Booting the 'HTTP' middleware...
[2022-12-19 8:35:51] [INFO] Database :: Booting @ Master...
[2022-12-19 8:51:39] [INFO] Routes :: Mounting Web Routes...
[2022-12-19 8:51:39] [INFO] Routes :: Mounting doc Routes...
[2022-12-19 8:51:42] [INFO] Booting the 'HTTP' middleware...
[2022-12-19 8:51:42] [INFO] Database :: Booting @ Master...
[2022-12-19 8:51:42] [ERROR] Error: Failed to lookup view "Modules/index" in views directory "/mnt/c/Users/Roku/Documents/Work/Qwerty/boilerplate/typeScript/src/views"
    at Function.render (/mnt/c/Users/Roku/Documents/Work/Qwerty/boilerplate/typeScript/node_modules/express/lib/application.js:597:17)
    at ServerResponse.render (/mnt/c/Users/Roku/Documents/Work/Qwerty/boilerplate/typeScript/node_modules/express/lib/response.js:1039:7)
    at ServerResponse.res.render (/mnt/c/Users/Roku/Documents/Work/Qwerty/boilerplate/typeScript/node_modules/express-ejs-layouts/lib/express-layouts.js:77:18)
    at Modules (/mnt/c/Users/Roku/Documents/Work/Qwerty/boilerplate/typeScript/src/controllers/web/index.ts:207:16)
    at Layer.handle [as handle_request] (/mnt/c/Users/Roku/Documents/Work/Qwerty/boilerplate/typeScript/node_modules/express/lib/router/layer.js:95:5)
    at next (/mnt/c/Users/Roku/Documents/Work/Qwerty/boilerplate/typeScript/node_modules/express/lib/router/route.js:144:13)
    at Route.dispatch (/mnt/c/Users/Roku/Documents/Work/Qwerty/boilerplate/typeScript/node_modules/express/lib/router/route.js:114:3)
    at Layer.handle [as handle_request] (/mnt/c/Users/Roku/Documents/Work/Qwerty/boilerplate/typeScript/node_modules/express/lib/router/layer.js:95:5)
    at /mnt/c/Users/Roku/Documents/Work/Qwerty/boilerplate/typeScript/node_modules/express/lib/router/index.js:284:15
    at Function.process_params (/mnt/c/Users/Roku/Documents/Work/Qwerty/boilerplate/typeScript/node_modules/express/lib/router/index.js:346:12)
[2022-12-19 8:51:42] [ERROR] Error: Failed to lookup view "Modules/index" in views directory "/mnt/c/Users/Roku/Documents/Work/Qwerty/boilerplate/typeScript/src/views"
    at Function.render (/mnt/c/Users/Roku/Documents/Work/Qwerty/boilerplate/typeScript/node_modules/express/lib/application.js:597:17)
    at ServerResponse.render (/mnt/c/Users/Roku/Documents/Work/Qwerty/boilerplate/typeScript/node_modules/express/lib/response.js:1039:7)
    at ServerResponse.res.render (/mnt/c/Users/Roku/Documents/Work/Qwerty/boilerplate/typeScript/node_modules/express-ejs-layouts/lib/express-layouts.js:77:18)
    at Modules (/mnt/c/Users/Roku/Documents/Work/Qwerty/boilerplate/typeScript/src/controllers/web/index.ts:207:16)
    at Layer.handle [as handle_request] (/mnt/c/Users/Roku/Documents/Work/Qwerty/boilerplate/typeScript/node_modules/express/lib/router/layer.js:95:5)
    at next (/mnt/c/Users/Roku/Documents/Work/Qwerty/boilerplate/typeScript/node_modules/express/lib/router/route.js:144:13)
    at Route.dispatch (/mnt/c/Users/Roku/Documents/Work/Qwerty/boilerplate/typeScript/node_modules/express/lib/router/route.js:114:3)
    at Layer.handle [as handle_request] (/mnt/c/Users/Roku/Documents/Work/Qwerty/boilerplate/typeScript/node_modules/express/lib/router/layer.js:95:5)
    at /mnt/c/Users/Roku/Documents/Work/Qwerty/boilerplate/typeScript/node_modules/express/lib/router/index.js:284:15
    at Function.process_params (/mnt/c/Users/Roku/Documents/Work/Qwerty/boilerplate/typeScript/node_modules/express/lib/router/index.js:346:12)
[2022-12-19 8:51:42] [ERROR] Error: Failed to lookup view "Modules/index" in views directory "/mnt/c/Users/Roku/Documents/Work/Qwerty/boilerplate/typeScript/src/views"
    at Function.render (/mnt/c/Users/Roku/Documents/Work/Qwerty/boilerplate/typeScript/node_modules/express/lib/application.js:597:17)
    at ServerResponse.render (/mnt/c/Users/Roku/Documents/Work/Qwerty/boilerplate/typeScript/node_modules/express/lib/response.js:1039:7)
    at ServerResponse.res.render (/mnt/c/Users/Roku/Documents/Work/Qwerty/boilerplate/typeScript/node_modules/express-ejs-layouts/lib/express-layouts.js:77:18)
    at Modules (/mnt/c/Users/Roku/Documents/Work/Qwerty/boilerplate/typeScript/src/controllers/web/index.ts:207:16)
    at Layer.handle [as handle_request] (/mnt/c/Users/Roku/Documents/Work/Qwerty/boilerplate/typeScript/node_modules/express/lib/router/layer.js:95:5)
    at next (/mnt/c/Users/Roku/Documents/Work/Qwerty/boilerplate/typeScript/node_modules/express/lib/router/route.js:144:13)
    at Route.dispatch (/mnt/c/Users/Roku/Documents/Work/Qwerty/boilerplate/typeScript/node_modules/express/lib/router/route.js:114:3)
    at Layer.handle [as handle_request] (/mnt/c/Users/Roku/Documents/Work/Qwerty/boilerplate/typeScript/node_modules/express/lib/router/layer.js:95:5)
    at /mnt/c/Users/Roku/Documents/Work/Qwerty/boilerplate/typeScript/node_modules/express/lib/router/index.js:284:15
    at Function.process_params (/mnt/c/Users/Roku/Documents/Work/Qwerty/boilerplate/typeScript/node_modules/express/lib/router/index.js:346:12)
