[2022-12-24 7:6:25] [INFO] Routes :: Mounting doc Routes...
[2022-12-24 7:6:25] [INFO] Routes :: Mounting API Routes...
[2022-12-24 7:6:25] [INFO] Routes :: Mounting Web Routes...
[2022-12-24 7:6:40] [INFO] Booting the 'HTTP' middleware...
[2022-12-24 7:6:40] [INFO] Database :: Booting @ Master...
[2022-12-24 7:15:11] [INFO] Routes :: Mounting doc Routes...
[2022-12-24 7:15:11] [INFO] Routes :: Mounting API Routes...
[2022-12-24 7:15:11] [INFO] Routes :: Mounting Web Routes...
[2022-12-24 7:15:20] [INFO] Booting the 'HTTP' middleware...
[2022-12-24 7:15:20] [INFO] Database :: Booting @ Master...
[2022-12-24 7:17:0] [INFO] Routes :: Mounting doc Routes...
[2022-12-24 7:17:0] [INFO] Routes :: Mounting API Routes...
[2022-12-24 7:17:0] [INFO] Routes :: Mounting Web Routes...
[2022-12-24 7:17:13] [INFO] Booting the 'HTTP' middleware...
[2022-12-24 7:17:13] [INFO] Database :: Booting @ Master...
[2022-12-24 7:18:8] [INFO] Routes :: Mounting doc Routes...
[2022-12-24 7:18:8] [INFO] Routes :: Mounting API Routes...
[2022-12-24 7:18:8] [INFO] Routes :: Mounting Web Routes...
[2022-12-24 7:18:24] [INFO] Booting the 'HTTP' middleware...
[2022-12-24 7:18:24] [INFO] Database :: Booting @ Master...
[2022-12-24 7:20:39] [INFO] Routes :: Mounting doc Routes...
[2022-12-24 7:20:39] [INFO] Routes :: Mounting API Routes...
[2022-12-24 7:20:39] [INFO] Routes :: Mounting Web Routes...
[2022-12-24 7:20:54] [INFO] Booting the 'HTTP' middleware...
[2022-12-24 7:20:54] [INFO] Database :: Booting @ Master...
[2022-12-24 7:25:30] [INFO] Routes :: Mounting doc Routes...
[2022-12-24 7:25:30] [INFO] Routes :: Mounting API Routes...
[2022-12-24 7:25:30] [INFO] Routes :: Mounting Web Routes...
[2022-12-24 7:25:44] [INFO] Booting the 'HTTP' middleware...
[2022-12-24 7:25:44] [INFO] Database :: Booting @ Master...
[2022-12-24 7:33:13] [INFO] Routes :: Mounting doc Routes...
[2022-12-24 7:33:13] [INFO] Routes :: Mounting API Routes...
[2022-12-24 7:33:13] [INFO] Routes :: Mounting Web Routes...
[2022-12-24 7:33:27] [INFO] Booting the 'HTTP' middleware...
[2022-12-24 7:33:27] [INFO] Database :: Booting @ Master...
[2022-12-24 7:35:0] [INFO] Routes :: Mounting doc Routes...
[2022-12-24 7:35:0] [INFO] Routes :: Mounting API Routes...
[2022-12-24 7:35:0] [INFO] Routes :: Mounting Web Routes...
[2022-12-24 7:35:16] [INFO] Booting the 'HTTP' middleware...
[2022-12-24 7:35:16] [INFO] Database :: Booting @ Master...
[2022-12-24 7:36:39] [INFO] Routes :: Mounting doc Routes...
[2022-12-24 7:36:39] [INFO] Routes :: Mounting API Routes...
[2022-12-24 7:36:39] [INFO] Routes :: Mounting Web Routes...
[2022-12-24 7:36:54] [INFO] Booting the 'HTTP' middleware...
[2022-12-24 7:36:54] [INFO] Database :: Booting @ Master...
[2022-12-24 7:37:49] [INFO] Routes :: Mounting doc Routes...
[2022-12-24 7:37:49] [INFO] Routes :: Mounting API Routes...
[2022-12-24 7:37:49] [INFO] Routes :: Mounting Web Routes...
[2022-12-24 7:38:5] [INFO] Booting the 'HTTP' middleware...
[2022-12-24 7:38:5] [INFO] Database :: Booting @ Master...
[2022-12-24 7:38:41] [INFO] Routes :: Mounting doc Routes...
[2022-12-24 7:38:41] [INFO] Routes :: Mounting Web Routes...
[2022-12-24 7:38:41] [INFO] Routes :: Mounting API Routes...
[2022-12-24 7:38:55] [INFO] Booting the 'HTTP' middleware...
[2022-12-24 7:38:55] [INFO] Database :: Booting @ Master...
[2022-12-24 7:39:29] [INFO] Routes :: Mounting doc Routes...
[2022-12-24 7:39:29] [INFO] Routes :: Mounting API Routes...
[2022-12-24 7:39:29] [INFO] Routes :: Mounting Web Routes...
[2022-12-24 7:39:45] [INFO] Booting the 'HTTP' middleware...
[2022-12-24 7:39:45] [INFO] Database :: Booting @ Master...
[2022-12-24 7:49:25] [INFO] Routes :: Mounting doc Routes...
[2022-12-24 7:49:25] [INFO] Routes :: Mounting API Routes...
[2022-12-24 7:49:25] [INFO] Routes :: Mounting Web Routes...
[2022-12-24 7:49:40] [INFO] Booting the 'HTTP' middleware...
[2022-12-24 7:49:40] [INFO] Database :: Booting @ Master...
[2022-12-24 7:51:35] [INFO] Routes :: Mounting doc Routes...
[2022-12-24 7:51:35] [INFO] Routes :: Mounting API Routes...
[2022-12-24 7:51:35] [INFO] Routes :: Mounting Web Routes...
[2022-12-24 7:51:53] [INFO] Booting the 'HTTP' middleware...
[2022-12-24 7:51:53] [INFO] Database :: Booting @ Master...
[2022-12-24 7:58:31] [INFO] Routes :: Mounting doc Routes...
[2022-12-24 7:58:31] [INFO] Routes :: Mounting API Routes...
[2022-12-24 7:58:31] [INFO] Routes :: Mounting Web Routes...
[2022-12-24 7:58:46] [INFO] Booting the 'HTTP' middleware...
[2022-12-24 7:58:46] [INFO] Database :: Booting @ Master...
[2022-12-24 8:10:14] [INFO] Routes :: Mounting doc Routes...
[2022-12-24 8:10:14] [INFO] Routes :: Mounting API Routes...
[2022-12-24 8:10:14] [INFO] Routes :: Mounting Web Routes...
[2022-12-24 8:10:29] [INFO] Booting the 'HTTP' middleware...
[2022-12-24 8:10:29] [INFO] Database :: Booting @ Master...
[2022-12-24 8:11:37] [INFO] Routes :: Mounting doc Routes...
[2022-12-24 8:11:37] [INFO] Routes :: Mounting API Routes...
[2022-12-24 8:11:37] [INFO] Routes :: Mounting Web Routes...
[2022-12-24 8:11:51] [INFO] Booting the 'HTTP' middleware...
[2022-12-24 8:11:51] [INFO] Database :: Booting @ Master...
[2022-12-24 8:16:37] [INFO] Routes :: Mounting doc Routes...
[2022-12-24 8:16:37] [INFO] Routes :: Mounting API Routes...
[2022-12-24 8:16:37] [INFO] Routes :: Mounting Web Routes...
[2022-12-24 8:16:52] [INFO] Booting the 'HTTP' middleware...
[2022-12-24 8:16:52] [INFO] Database :: Booting @ Master...
[2022-12-24 8:17:49] [INFO] Routes :: Mounting doc Routes...
[2022-12-24 8:17:49] [INFO] Routes :: Mounting API Routes...
[2022-12-24 8:17:49] [INFO] Routes :: Mounting Web Routes...
[2022-12-24 8:18:4] [INFO] Booting the 'HTTP' middleware...
[2022-12-24 8:18:4] [INFO] Database :: Booting @ Master...
[2022-12-24 8:20:8] [INFO] Routes :: Mounting doc Routes...
[2022-12-24 8:20:8] [INFO] Routes :: Mounting API Routes...
[2022-12-24 8:20:8] [INFO] Routes :: Mounting Web Routes...
[2022-12-24 8:20:22] [INFO] Booting the 'HTTP' middleware...
[2022-12-24 8:20:22] [INFO] Database :: Booting @ Master...
[2022-12-24 9:48:3] [INFO] Routes :: Mounting doc Routes...
[2022-12-24 9:48:3] [INFO] Routes :: Mounting API Routes...
[2022-12-24 9:48:3] [INFO] Routes :: Mounting Web Routes...
[2022-12-24 9:48:17] [INFO] Booting the 'HTTP' middleware...
[2022-12-24 9:48:17] [INFO] Database :: Booting @ Master...
[2022-12-24 9:50:45] [INFO] Routes :: Mounting doc Routes...
[2022-12-24 9:50:45] [INFO] Routes :: Mounting API Routes...
[2022-12-24 9:50:45] [INFO] Routes :: Mounting Web Routes...
[2022-12-24 9:50:59] [INFO] Booting the 'HTTP' middleware...
[2022-12-24 9:50:59] [INFO] Database :: Booting @ Master...
[2022-12-24 9:52:34] [INFO] Routes :: Mounting doc Routes...
[2022-12-24 9:52:34] [INFO] Routes :: Mounting API Routes...
[2022-12-24 9:52:34] [INFO] Routes :: Mounting Web Routes...
[2022-12-24 9:52:48] [INFO] Booting the 'HTTP' middleware...
[2022-12-24 9:52:48] [INFO] Database :: Booting @ Master...
[2022-12-24 9:53:44] [INFO] Routes :: Mounting doc Routes...
[2022-12-24 9:53:44] [INFO] Routes :: Mounting API Routes...
[2022-12-24 9:53:44] [INFO] Routes :: Mounting Web Routes...
[2022-12-24 9:53:58] [INFO] Booting the 'HTTP' middleware...
[2022-12-24 9:53:58] [INFO] Database :: Booting @ Master...
[2022-12-24 9:58:32] [INFO] Routes :: Mounting doc Routes...
[2022-12-24 9:58:32] [INFO] Routes :: Mounting API Routes...
[2022-12-24 9:58:32] [INFO] Routes :: Mounting Web Routes...
[2022-12-24 9:58:46] [INFO] Booting the 'HTTP' middleware...
[2022-12-24 9:58:46] [INFO] Database :: Booting @ Master...
[2022-12-24 10:0:9] [INFO] Routes :: Mounting doc Routes...
[2022-12-24 10:0:9] [INFO] Routes :: Mounting API Routes...
[2022-12-24 10:0:9] [INFO] Routes :: Mounting Web Routes...
[2022-12-24 10:0:23] [INFO] Booting the 'HTTP' middleware...
[2022-12-24 10:0:23] [INFO] Database :: Booting @ Master...
[2022-12-24 10:1:0] [INFO] Routes :: Mounting doc Routes...
[2022-12-24 10:1:0] [INFO] Routes :: Mounting API Routes...
[2022-12-24 10:1:0] [INFO] Routes :: Mounting Web Routes...
[2022-12-24 10:1:14] [INFO] Booting the 'HTTP' middleware...
[2022-12-24 10:1:14] [INFO] Database :: Booting @ Master...
[2022-12-24 10:3:29] [INFO] Routes :: Mounting doc Routes...
[2022-12-24 10:3:29] [INFO] Routes :: Mounting API Routes...
[2022-12-24 10:3:29] [INFO] Routes :: Mounting Web Routes...
[2022-12-24 10:3:43] [INFO] Booting the 'HTTP' middleware...
[2022-12-24 10:3:43] [INFO] Database :: Booting @ Master...
[2022-12-24 10:4:49] [INFO] Routes :: Mounting doc Routes...
[2022-12-24 10:4:49] [INFO] Routes :: Mounting API Routes...
[2022-12-24 10:4:49] [INFO] Routes :: Mounting Web Routes...
[2022-12-24 10:5:3] [INFO] Booting the 'HTTP' middleware...
[2022-12-24 10:5:3] [INFO] Database :: Booting @ Master...
[2022-12-24 10:6:22] [INFO] Routes :: Mounting doc Routes...
[2022-12-24 10:6:22] [INFO] Routes :: Mounting API Routes...
[2022-12-24 10:6:22] [INFO] Routes :: Mounting Web Routes...
[2022-12-24 10:6:36] [INFO] Booting the 'HTTP' middleware...
[2022-12-24 10:6:36] [INFO] Database :: Booting @ Master...
[2022-12-24 10:10:54] [INFO] Routes :: Mounting doc Routes...
[2022-12-24 10:10:54] [INFO] Routes :: Mounting API Routes...
[2022-12-24 10:10:54] [INFO] Routes :: Mounting Web Routes...
[2022-12-24 10:11:8] [INFO] Booting the 'HTTP' middleware...
[2022-12-24 10:11:8] [INFO] Database :: Booting @ Master...
[2022-12-24 10:12:4] [INFO] Routes :: Mounting doc Routes...
[2022-12-24 10:12:4] [INFO] Routes :: Mounting API Routes...
[2022-12-24 10:12:4] [INFO] Routes :: Mounting Web Routes...
[2022-12-24 10:12:18] [INFO] Booting the 'HTTP' middleware...
[2022-12-24 10:12:18] [INFO] Database :: Booting @ Master...
[2022-12-24 10:13:13] [INFO] Routes :: Mounting doc Routes...
[2022-12-24 10:13:13] [INFO] Routes :: Mounting API Routes...
[2022-12-24 10:13:13] [INFO] Routes :: Mounting Web Routes...
[2022-12-24 10:13:27] [INFO] Booting the 'HTTP' middleware...
[2022-12-24 10:13:27] [INFO] Database :: Booting @ Master...
[2022-12-24 10:16:28] [INFO] Routes :: Mounting doc Routes...
[2022-12-24 10:16:28] [INFO] Routes :: Mounting API Routes...
[2022-12-24 10:16:28] [INFO] Routes :: Mounting Web Routes...
[2022-12-24 10:16:44] [INFO] Booting the 'HTTP' middleware...
[2022-12-24 10:16:44] [INFO] Database :: Booting @ Master...
[2022-12-24 10:19:48] [INFO] Routes :: Mounting doc Routes...
[2022-12-24 10:19:48] [INFO] Routes :: Mounting API Routes...
[2022-12-24 10:19:48] [INFO] Routes :: Mounting Web Routes...
[2022-12-24 10:20:5] [INFO] Booting the 'HTTP' middleware...
[2022-12-24 10:20:5] [INFO] Database :: Booting @ Master...
[2022-12-24 10:20:25] [INFO] Routes :: Mounting doc Routes...
[2022-12-24 10:20:25] [INFO] Routes :: Mounting API Routes...
[2022-12-24 10:20:25] [INFO] Routes :: Mounting Web Routes...
[2022-12-24 10:20:43] [INFO] Booting the 'HTTP' middleware...
[2022-12-24 10:20:43] [INFO] Database :: Booting @ Master...
[2022-12-24 12:12:11] [INFO] Routes :: Mounting doc Routes...
[2022-12-24 12:12:11] [INFO] Routes :: Mounting API Routes...
[2022-12-24 12:12:11] [INFO] Routes :: Mounting Web Routes...
[2022-12-24 12:12:27] [INFO] Booting the 'HTTP' middleware...
[2022-12-24 12:12:27] [INFO] Database :: Booting @ Master...
[2022-12-24 12:18:39] [INFO] Routes :: Mounting doc Routes...
[2022-12-24 12:18:39] [INFO] Routes :: Mounting API Routes...
[2022-12-24 12:18:39] [INFO] Routes :: Mounting Web Routes...
[2022-12-24 12:18:56] [INFO] Booting the 'HTTP' middleware...
[2022-12-24 12:18:56] [INFO] Database :: Booting @ Master...
[2022-12-24 12:19:47] [INFO] Routes :: Mounting doc Routes...
[2022-12-24 12:19:47] [INFO] Routes :: Mounting API Routes...
[2022-12-24 12:19:47] [INFO] Routes :: Mounting Web Routes...
[2022-12-24 12:20:3] [INFO] Booting the 'HTTP' middleware...
[2022-12-24 12:20:3] [INFO] Database :: Booting @ Master...
[2022-12-24 12:20:26] [INFO] Routes :: Mounting doc Routes...
[2022-12-24 12:20:26] [INFO] Routes :: Mounting API Routes...
[2022-12-24 12:20:26] [INFO] Routes :: Mounting Web Routes...
[2022-12-24 12:20:41] [INFO] Booting the 'HTTP' middleware...
[2022-12-24 12:20:42] [INFO] Database :: Booting @ Master...
[2022-12-24 12:28:53] [INFO] Routes :: Mounting doc Routes...
[2022-12-24 12:28:53] [INFO] Routes :: Mounting API Routes...
[2022-12-24 12:28:53] [INFO] Routes :: Mounting Web Routes...
[2022-12-24 12:29:6] [INFO] Booting the 'HTTP' middleware...
[2022-12-24 12:29:6] [INFO] Database :: Booting @ Master...
[2022-12-24 12:45:58] [INFO] Routes :: Mounting doc Routes...
[2022-12-24 12:45:58] [INFO] Routes :: Mounting API Routes...
[2022-12-24 12:45:58] [INFO] Routes :: Mounting Web Routes...
[2022-12-24 12:46:14] [INFO] Booting the 'HTTP' middleware...
[2022-12-24 12:46:14] [INFO] Database :: Booting @ Master...
[2022-12-24 12:47:7] [INFO] Routes :: Mounting doc Routes...
[2022-12-24 12:47:7] [INFO] Routes :: Mounting API Routes...
[2022-12-24 12:47:7] [INFO] Routes :: Mounting Web Routes...
[2022-12-24 12:47:21] [INFO] Booting the 'HTTP' middleware...
[2022-12-24 12:47:21] [INFO] Database :: Booting @ Master...
[2022-12-24 12:50:51] [INFO] Routes :: Mounting doc Routes...
[2022-12-24 12:50:51] [INFO] Routes :: Mounting API Routes...
[2022-12-24 12:50:51] [INFO] Routes :: Mounting Web Routes...
[2022-12-24 12:51:7] [INFO] Booting the 'HTTP' middleware...
[2022-12-24 12:51:7] [INFO] Database :: Booting @ Master...
[2022-12-24 12:52:1] [INFO] Routes :: Mounting doc Routes...
[2022-12-24 12:52:1] [INFO] Routes :: Mounting API Routes...
[2022-12-24 12:52:1] [INFO] Routes :: Mounting Web Routes...
[2022-12-24 12:52:16] [INFO] Booting the 'HTTP' middleware...
[2022-12-24 12:52:16] [INFO] Database :: Booting @ Master...
[2022-12-24 12:53:34] [INFO] Routes :: Mounting doc Routes...
[2022-12-24 12:53:34] [INFO] Routes :: Mounting API Routes...
[2022-12-24 12:53:34] [INFO] Routes :: Mounting Web Routes...
[2022-12-24 12:53:49] [INFO] Booting the 'HTTP' middleware...
[2022-12-24 12:53:49] [INFO] Database :: Booting @ Master...
[2022-12-24 12:55:22] [INFO] Routes :: Mounting doc Routes...
[2022-12-24 12:55:22] [INFO] Routes :: Mounting API Routes...
[2022-12-24 12:55:22] [INFO] Routes :: Mounting Web Routes...
[2022-12-24 12:55:36] [INFO] Booting the 'HTTP' middleware...
[2022-12-24 12:55:36] [INFO] Database :: Booting @ Master...
[2022-12-24 12:57:37] [INFO] Routes :: Mounting doc Routes...
[2022-12-24 12:57:37] [INFO] Routes :: Mounting API Routes...
[2022-12-24 12:57:37] [INFO] Routes :: Mounting Web Routes...
[2022-12-24 12:57:53] [INFO] Booting the 'HTTP' middleware...
[2022-12-24 12:57:53] [INFO] Database :: Booting @ Master...
[2022-12-24 13:7:24] [INFO] Routes :: Mounting doc Routes...
[2022-12-24 13:7:24] [INFO] Routes :: Mounting API Routes...
[2022-12-24 13:7:24] [INFO] Routes :: Mounting Web Routes...
[2022-12-24 13:7:38] [INFO] Booting the 'HTTP' middleware...
[2022-12-24 13:7:38] [INFO] Database :: Booting @ Master...
[2022-12-24 13:9:33] [INFO] Routes :: Mounting doc Routes...
[2022-12-24 13:9:33] [INFO] Routes :: Mounting API Routes...
[2022-12-24 13:9:33] [INFO] Routes :: Mounting Web Routes...
[2022-12-24 13:9:47] [INFO] Booting the 'HTTP' middleware...
[2022-12-24 13:9:47] [INFO] Database :: Booting @ Master...
[2022-12-24 13:10:15] [INFO] Routes :: Mounting doc Routes...
[2022-12-24 13:10:15] [INFO] Routes :: Mounting API Routes...
[2022-12-24 13:10:15] [INFO] Routes :: Mounting Web Routes...
[2022-12-24 13:10:31] [INFO] Booting the 'HTTP' middleware...
[2022-12-24 13:10:31] [INFO] Database :: Booting @ Master...
[2022-12-24 13:11:0] [INFO] Routes :: Mounting doc Routes...
[2022-12-24 13:11:0] [INFO] Routes :: Mounting API Routes...
[2022-12-24 13:11:0] [INFO] Routes :: Mounting Web Routes...
[2022-12-24 13:11:15] [INFO] Booting the 'HTTP' middleware...
[2022-12-24 13:11:15] [INFO] Database :: Booting @ Master...
[2022-12-24 13:17:17] [INFO] Routes :: Mounting doc Routes...
[2022-12-24 13:17:17] [INFO] Routes :: Mounting API Routes...
[2022-12-24 13:17:17] [INFO] Routes :: Mounting Web Routes...
[2022-12-24 13:17:32] [INFO] Booting the 'HTTP' middleware...
[2022-12-24 13:17:32] [INFO] Database :: Booting @ Master...
[2022-12-24 13:18:11] [INFO] Routes :: Mounting doc Routes...
[2022-12-24 13:18:11] [INFO] Routes :: Mounting API Routes...
[2022-12-24 13:18:11] [INFO] Routes :: Mounting Web Routes...
[2022-12-24 13:18:24] [INFO] Booting the 'HTTP' middleware...
[2022-12-24 13:18:24] [INFO] Database :: Booting @ Master...
[2022-12-24 13:27:1] [INFO] Routes :: Mounting doc Routes...
[2022-12-24 13:27:1] [INFO] Routes :: Mounting API Routes...
[2022-12-24 13:27:1] [INFO] Routes :: Mounting Web Routes...
[2022-12-24 13:27:16] [INFO] Booting the 'HTTP' middleware...
[2022-12-24 13:27:16] [INFO] Database :: Booting @ Master...
[2022-12-24 13:29:19] [INFO] Routes :: Mounting doc Routes...
[2022-12-24 13:29:19] [INFO] Routes :: Mounting API Routes...
[2022-12-24 13:29:19] [INFO] Routes :: Mounting Web Routes...
[2022-12-24 13:29:32] [INFO] Booting the 'HTTP' middleware...
[2022-12-24 13:29:33] [INFO] Database :: Booting @ Master...
[2022-12-24 13:36:53] [INFO] Routes :: Mounting doc Routes...
[2022-12-24 13:36:53] [INFO] Routes :: Mounting API Routes...
[2022-12-24 13:36:53] [INFO] Routes :: Mounting Web Routes...
[2022-12-24 13:37:7] [INFO] Booting the 'HTTP' middleware...
[2022-12-24 13:37:7] [INFO] Database :: Booting @ Master...
[2022-12-24 13:43:32] [INFO] Routes :: Mounting doc Routes...
[2022-12-24 13:43:32] [INFO] Routes :: Mounting API Routes...
[2022-12-24 13:43:32] [INFO] Routes :: Mounting Web Routes...
[2022-12-24 13:43:48] [INFO] Booting the 'HTTP' middleware...
[2022-12-24 13:43:48] [INFO] Database :: Booting @ Master...
[2022-12-24 13:44:11] [INFO] Routes :: Mounting doc Routes...
[2022-12-24 13:44:11] [INFO] Routes :: Mounting API Routes...
[2022-12-24 13:44:11] [INFO] Routes :: Mounting Web Routes...
[2022-12-24 13:44:26] [INFO] Booting the 'HTTP' middleware...
[2022-12-24 13:44:26] [INFO] Database :: Booting @ Master...
[2022-12-24 13:46:47] [INFO] Routes :: Mounting API Routes...
[2022-12-24 13:47:3] [INFO] Booting the 'HTTP' middleware...
[2022-12-24 13:46:47] [INFO] Routes :: Mounting doc Routes...
[2022-12-24 13:46:47] [INFO] Routes :: Mounting Web Routes...
[2022-12-24 13:47:3] [INFO] Database :: Booting @ Master...
[2022-12-24 13:49:55] [INFO] Routes :: Mounting doc Routes...
[2022-12-24 13:49:55] [INFO] Routes :: Mounting API Routes...
[2022-12-24 13:49:55] [INFO] Routes :: Mounting Web Routes...
[2022-12-24 13:50:9] [INFO] Booting the 'HTTP' middleware...
[2022-12-24 13:50:9] [INFO] Database :: Booting @ Master...
[2022-12-24 13:51:52] [INFO] Routes :: Mounting doc Routes...
[2022-12-24 13:51:52] [INFO] Routes :: Mounting API Routes...
[2022-12-24 13:51:52] [INFO] Routes :: Mounting Web Routes...
[2022-12-24 13:52:5] [INFO] Booting the 'HTTP' middleware...
[2022-12-24 13:52:5] [INFO] Database :: Booting @ Master...
[2022-12-24 13:54:41] [INFO] Routes :: Mounting doc Routes...
[2022-12-24 13:54:41] [INFO] Routes :: Mounting API Routes...
[2022-12-24 13:54:41] [INFO] Routes :: Mounting Web Routes...
[2022-12-24 13:54:56] [INFO] Booting the 'HTTP' middleware...
[2022-12-24 13:54:56] [INFO] Database :: Booting @ Master...
[2022-12-24 13:56:26] [INFO] Routes :: Mounting doc Routes...
[2022-12-24 13:56:26] [INFO] Routes :: Mounting API Routes...
[2022-12-24 13:56:26] [INFO] Routes :: Mounting Web Routes...
[2022-12-24 13:56:40] [INFO] Booting the 'HTTP' middleware...
[2022-12-24 13:56:40] [INFO] Database :: Booting @ Master...
[2022-12-24 13:58:33] [INFO] Routes :: Mounting doc Routes...
[2022-12-24 13:58:33] [INFO] Routes :: Mounting API Routes...
[2022-12-24 13:58:33] [INFO] Routes :: Mounting Web Routes...
[2022-12-24 13:58:47] [INFO] Booting the 'HTTP' middleware...
[2022-12-24 13:58:47] [INFO] Database :: Booting @ Master...
[2022-12-24 13:59:59] [INFO] Routes :: Mounting doc Routes...
[2022-12-24 13:59:59] [INFO] Routes :: Mounting API Routes...
[2022-12-24 13:59:59] [INFO] Routes :: Mounting Web Routes...
[2022-12-24 14:0:14] [INFO] Booting the 'HTTP' middleware...
[2022-12-24 14:0:14] [INFO] Database :: Booting @ Master...
[2022-12-24 14:1:58] [INFO] Routes :: Mounting doc Routes...
[2022-12-24 14:1:58] [INFO] Routes :: Mounting API Routes...
[2022-12-24 14:1:58] [INFO] Routes :: Mounting Web Routes...
[2022-12-24 14:2:12] [INFO] Booting the 'HTTP' middleware...
[2022-12-24 14:2:12] [INFO] Database :: Booting @ Master...
[2022-12-24 14:3:19] [INFO] Routes :: Mounting doc Routes...
[2022-12-24 14:3:19] [INFO] Routes :: Mounting API Routes...
[2022-12-24 14:3:19] [INFO] Routes :: Mounting Web Routes...
[2022-12-24 14:3:33] [INFO] Booting the 'HTTP' middleware...
[2022-12-24 14:3:33] [INFO] Database :: Booting @ Master...
[2022-12-24 14:4:51] [INFO] Routes :: Mounting doc Routes...
[2022-12-24 14:4:51] [INFO] Routes :: Mounting API Routes...
[2022-12-24 14:4:51] [INFO] Routes :: Mounting Web Routes...
[2022-12-24 14:5:4] [INFO] Booting the 'HTTP' middleware...
[2022-12-24 14:5:4] [INFO] Database :: Booting @ Master...
[2022-12-24 14:6:12] [INFO] Routes :: Mounting doc Routes...
[2022-12-24 14:6:12] [INFO] Routes :: Mounting API Routes...
[2022-12-24 14:6:12] [INFO] Routes :: Mounting Web Routes...
[2022-12-24 14:6:26] [INFO] Booting the 'HTTP' middleware...
[2022-12-24 14:6:26] [INFO] Database :: Booting @ Master...
[2022-12-24 14:6:53] [INFO] Routes :: Mounting doc Routes...
[2022-12-24 14:6:53] [INFO] Routes :: Mounting API Routes...
[2022-12-24 14:6:53] [INFO] Routes :: Mounting Web Routes...
[2022-12-24 14:7:7] [INFO] Booting the 'HTTP' middleware...
[2022-12-24 14:7:7] [INFO] Database :: Booting @ Master...
[2022-12-24 14:6:54] [ERROR] Path '/api/organization/25' not found [IP: '::1']!
[2022-12-24 14:7:47] [INFO] Routes :: Mounting doc Routes...
[2022-12-24 14:7:47] [INFO] Routes :: Mounting API Routes...
[2022-12-24 14:7:47] [INFO] Routes :: Mounting Web Routes...
[2022-12-24 14:8:1] [INFO] Booting the 'HTTP' middleware...
[2022-12-24 14:8:1] [INFO] Database :: Booting @ Master...
[2022-12-24 14:7:48] [ERROR] Path '/api/organization/25' not found [IP: '::1']!
[2022-12-24 14:8:37] [INFO] Routes :: Mounting doc Routes...
[2022-12-24 14:8:37] [INFO] Routes :: Mounting API Routes...
[2022-12-24 14:8:37] [INFO] Routes :: Mounting Web Routes...
[2022-12-24 14:8:50] [INFO] Booting the 'HTTP' middleware...
[2022-12-24 14:8:50] [INFO] Database :: Booting @ Master...
[2022-12-24 14:10:16] [INFO] Routes :: Mounting doc Routes...
[2022-12-24 14:10:16] [INFO] Routes :: Mounting API Routes...
[2022-12-24 14:10:16] [INFO] Routes :: Mounting Web Routes...
[2022-12-24 14:10:31] [INFO] Booting the 'HTTP' middleware...
[2022-12-24 14:10:31] [INFO] Database :: Booting @ Master...
[2022-12-24 14:11:13] [INFO] Routes :: Mounting doc Routes...
[2022-12-24 14:11:13] [INFO] Routes :: Mounting API Routes...
[2022-12-24 14:11:13] [INFO] Routes :: Mounting Web Routes...
[2022-12-24 14:11:27] [INFO] Booting the 'HTTP' middleware...
[2022-12-24 14:11:27] [INFO] Database :: Booting @ Master...
[2022-12-24 14:13:13] [INFO] Routes :: Mounting doc Routes...
[2022-12-24 14:13:13] [INFO] Routes :: Mounting API Routes...
[2022-12-24 14:13:13] [INFO] Routes :: Mounting Web Routes...
[2022-12-24 14:13:27] [INFO] Booting the 'HTTP' middleware...
[2022-12-24 14:13:27] [INFO] Database :: Booting @ Master...
[2022-12-24 14:14:25] [INFO] Routes :: Mounting doc Routes...
[2022-12-24 14:14:25] [INFO] Routes :: Mounting API Routes...
[2022-12-24 14:14:25] [INFO] Routes :: Mounting Web Routes...
[2022-12-24 14:14:39] [INFO] Booting the 'HTTP' middleware...
[2022-12-24 14:14:39] [INFO] Database :: Booting @ Master...
[2022-12-24 14:15:24] [INFO] Routes :: Mounting doc Routes...
[2022-12-24 14:15:24] [INFO] Routes :: Mounting API Routes...
[2022-12-24 14:15:24] [INFO] Routes :: Mounting Web Routes...
[2022-12-24 14:15:36] [INFO] Booting the 'HTTP' middleware...
[2022-12-24 14:15:36] [INFO] Database :: Booting @ Master...
[2022-12-24 14:16:31] [INFO] Routes :: Mounting doc Routes...
[2022-12-24 14:16:31] [INFO] Routes :: Mounting API Routes...
[2022-12-24 14:16:31] [INFO] Routes :: Mounting Web Routes...
[2022-12-24 14:16:44] [INFO] Booting the 'HTTP' middleware...
[2022-12-24 14:16:44] [INFO] Database :: Booting @ Master...
[2022-12-24 14:17:59] [INFO] Routes :: Mounting doc Routes...
[2022-12-24 14:17:59] [INFO] Routes :: Mounting API Routes...
[2022-12-24 14:17:59] [INFO] Routes :: Mounting Web Routes...
[2022-12-24 14:18:12] [INFO] Booting the 'HTTP' middleware...
[2022-12-24 14:18:12] [INFO] Database :: Booting @ Master...
[2022-12-24 14:19:55] [INFO] Routes :: Mounting doc Routes...
[2022-12-24 14:19:55] [INFO] Routes :: Mounting API Routes...
[2022-12-24 14:19:55] [INFO] Routes :: Mounting Web Routes...
[2022-12-24 14:20:8] [INFO] Booting the 'HTTP' middleware...
[2022-12-24 14:20:8] [INFO] Database :: Booting @ Master...
[2022-12-24 14:21:21] [INFO] Routes :: Mounting doc Routes...
[2022-12-24 14:21:21] [INFO] Routes :: Mounting API Routes...
[2022-12-24 14:21:21] [INFO] Routes :: Mounting Web Routes...
[2022-12-24 14:21:35] [INFO] Booting the 'HTTP' middleware...
[2022-12-24 14:21:35] [INFO] Database :: Booting @ Master...
[2022-12-24 14:22:19] [INFO] Routes :: Mounting doc Routes...
[2022-12-24 14:22:19] [INFO] Routes :: Mounting API Routes...
[2022-12-24 14:22:19] [INFO] Routes :: Mounting Web Routes...
[2022-12-24 14:22:33] [INFO] Booting the 'HTTP' middleware...
[2022-12-24 14:22:33] [INFO] Database :: Booting @ Master...
[2022-12-24 14:25:41] [INFO] Routes :: Mounting doc Routes...
[2022-12-24 14:25:41] [INFO] Routes :: Mounting API Routes...
[2022-12-24 14:25:41] [INFO] Routes :: Mounting Web Routes...
[2022-12-24 14:25:54] [INFO] Booting the 'HTTP' middleware...
[2022-12-24 14:25:54] [INFO] Database :: Booting @ Master...
[2022-12-24 14:26:55] [INFO] Routes :: Mounting doc Routes...
[2022-12-24 14:26:55] [INFO] Routes :: Mounting API Routes...
[2022-12-24 14:26:55] [INFO] Routes :: Mounting Web Routes...
[2022-12-24 14:27:9] [INFO] Booting the 'HTTP' middleware...
[2022-12-24 14:27:9] [INFO] Database :: Booting @ Master...
[2022-12-24 14:27:34] [INFO] Routes :: Mounting doc Routes...
[2022-12-24 14:27:34] [INFO] Routes :: Mounting API Routes...
[2022-12-24 14:27:34] [INFO] Routes :: Mounting Web Routes...
[2022-12-24 14:27:47] [INFO] Booting the 'HTTP' middleware...
[2022-12-24 14:27:48] [INFO] Database :: Booting @ Master...
[2022-12-24 14:29:33] [INFO] Routes :: Mounting doc Routes...
[2022-12-24 14:29:33] [INFO] Routes :: Mounting API Routes...
[2022-12-24 14:29:33] [INFO] Routes :: Mounting Web Routes...
[2022-12-24 14:29:47] [INFO] Booting the 'HTTP' middleware...
[2022-12-24 14:29:47] [INFO] Database :: Booting @ Master...
[2022-12-24 14:30:12] [INFO] Routes :: Mounting doc Routes...
[2022-12-24 14:30:12] [INFO] Routes :: Mounting API Routes...
[2022-12-24 14:30:12] [INFO] Routes :: Mounting Web Routes...
[2022-12-24 14:30:27] [INFO] Booting the 'HTTP' middleware...
[2022-12-24 14:30:27] [INFO] Database :: Booting @ Master...
[2022-12-24 14:31:29] [INFO] Routes :: Mounting doc Routes...
[2022-12-24 14:31:29] [INFO] Routes :: Mounting API Routes...
[2022-12-24 14:31:29] [INFO] Routes :: Mounting Web Routes...
[2022-12-24 14:31:42] [INFO] Booting the 'HTTP' middleware...
[2022-12-24 14:31:42] [INFO] Database :: Booting @ Master...
[2022-12-24 14:31:29] [ERROR] Path '/api/organizations' not found [IP: '::1']!
[2022-12-24 14:34:56] [INFO] Routes :: Mounting doc Routes...
[2022-12-24 14:34:56] [INFO] Routes :: Mounting API Routes...
[2022-12-24 14:34:56] [INFO] Routes :: Mounting Web Routes...
[2022-12-24 14:35:10] [INFO] Booting the 'HTTP' middleware...
[2022-12-24 14:35:10] [INFO] Database :: Booting @ Master...
[2022-12-24 14:34:57] [ERROR] Path '/api/organizations' not found [IP: '::1']!
[2022-12-24 14:40:42] [INFO] Routes :: Mounting doc Routes...
[2022-12-24 14:40:42] [INFO] Routes :: Mounting API Routes...
[2022-12-24 14:40:42] [INFO] Routes :: Mounting Web Routes...
[2022-12-24 14:40:58] [INFO] Booting the 'HTTP' middleware...
[2022-12-24 14:40:58] [INFO] Database :: Booting @ Master...
[2022-12-24 14:41:42] [INFO] Routes :: Mounting doc Routes...
[2022-12-24 14:41:42] [INFO] Routes :: Mounting API Routes...
[2022-12-24 14:41:42] [INFO] Routes :: Mounting Web Routes...
[2022-12-24 14:41:56] [INFO] Booting the 'HTTP' middleware...
[2022-12-24 14:41:56] [INFO] Database :: Booting @ Master...
[2022-12-24 14:45:22] [INFO] Routes :: Mounting doc Routes...
[2022-12-24 14:45:22] [INFO] Routes :: Mounting API Routes...
[2022-12-24 14:45:22] [INFO] Routes :: Mounting Web Routes...
[2022-12-24 14:45:39] [INFO] Booting the 'HTTP' middleware...
[2022-12-24 14:45:39] [INFO] Database :: Booting @ Master...
[2022-12-24 14:45:59] [INFO] Routes :: Mounting doc Routes...
[2022-12-24 14:45:59] [INFO] Routes :: Mounting API Routes...
[2022-12-24 14:45:59] [INFO] Routes :: Mounting Web Routes...
[2022-12-24 14:46:16] [INFO] Booting the 'HTTP' middleware...
[2022-12-24 14:46:16] [INFO] Database :: Booting @ Master...
[2022-12-24 14:47:14] [INFO] Routes :: Mounting doc Routes...
[2022-12-24 14:47:14] [INFO] Routes :: Mounting API Routes...
[2022-12-24 14:47:14] [INFO] Routes :: Mounting Web Routes...
[2022-12-24 14:47:31] [INFO] Booting the 'HTTP' middleware...
[2022-12-24 14:47:31] [INFO] Database :: Booting @ Master...
[2022-12-24 14:49:50] [INFO] Routes :: Mounting doc Routes...
[2022-12-24 14:49:50] [INFO] Routes :: Mounting API Routes...
[2022-12-24 14:49:50] [INFO] Routes :: Mounting Web Routes...
[2022-12-24 14:50:6] [INFO] Booting the 'HTTP' middleware...
[2022-12-24 14:50:6] [INFO] Database :: Booting @ Master...
[2022-12-24 14:50:59] [INFO] Routes :: Mounting doc Routes...
[2022-12-24 14:50:59] [INFO] Routes :: Mounting API Routes...
[2022-12-24 14:50:59] [INFO] Routes :: Mounting Web Routes...
[2022-12-24 14:51:13] [INFO] Booting the 'HTTP' middleware...
[2022-12-24 14:51:13] [INFO] Database :: Booting @ Master...
[2022-12-24 14:54:3] [INFO] Routes :: Mounting doc Routes...
[2022-12-24 14:54:3] [INFO] Routes :: Mounting API Routes...
[2022-12-24 14:54:3] [INFO] Routes :: Mounting Web Routes...
[2022-12-24 14:54:16] [INFO] Booting the 'HTTP' middleware...
[2022-12-24 14:54:16] [INFO] Database :: Booting @ Master...
[2022-12-24 14:57:7] [INFO] Routes :: Mounting doc Routes...
[2022-12-24 14:57:7] [INFO] Routes :: Mounting API Routes...
[2022-12-24 14:57:7] [INFO] Routes :: Mounting Web Routes...
[2022-12-24 14:57:20] [INFO] Booting the 'HTTP' middleware...
[2022-12-24 14:57:20] [INFO] Database :: Booting @ Master...
[2022-12-24 14:58:41] [INFO] Routes :: Mounting doc Routes...
[2022-12-24 14:58:41] [INFO] Routes :: Mounting API Routes...
[2022-12-24 14:58:41] [INFO] Routes :: Mounting Web Routes...
[2022-12-24 14:58:52] [INFO] Booting the 'HTTP' middleware...
[2022-12-24 14:58:52] [INFO] Database :: Booting @ Master...
[2022-12-24 15:1:51] [INFO] Routes :: Mounting doc Routes...
[2022-12-24 15:1:51] [INFO] Routes :: Mounting API Routes...
[2022-12-24 15:1:51] [INFO] Routes :: Mounting Web Routes...
[2022-12-24 15:2:3] [INFO] Booting the 'HTTP' middleware...
[2022-12-24 15:2:3] [INFO] Database :: Booting @ Master...
[2022-12-24 15:3:2] [INFO] Routes :: Mounting doc Routes...
[2022-12-24 15:3:2] [INFO] Routes :: Mounting API Routes...
[2022-12-24 15:3:2] [INFO] Routes :: Mounting Web Routes...
[2022-12-24 15:3:16] [INFO] Booting the 'HTTP' middleware...
[2022-12-24 15:3:16] [INFO] Database :: Booting @ Master...
[2022-12-24 15:3:40] [INFO] Routes :: Mounting doc Routes...
[2022-12-24 15:3:40] [INFO] Routes :: Mounting API Routes...
[2022-12-24 15:3:40] [INFO] Routes :: Mounting Web Routes...
[2022-12-24 15:3:53] [INFO] Booting the 'HTTP' middleware...
[2022-12-24 15:3:53] [INFO] Database :: Booting @ Master...
[2022-12-24 15:6:15] [INFO] Routes :: Mounting doc Routes...
[2022-12-24 15:6:15] [INFO] Routes :: Mounting Web Routes...
[2022-12-24 15:6:15] [INFO] Routes :: Mounting API Routes...
[2022-12-24 15:6:28] [INFO] Booting the 'HTTP' middleware...
[2022-12-24 15:6:28] [INFO] Database :: Booting @ Master...
[2022-12-24 15:7:8] [INFO] Routes :: Mounting doc Routes...
[2022-12-24 15:7:8] [INFO] Routes :: Mounting API Routes...
[2022-12-24 15:7:8] [INFO] Routes :: Mounting Web Routes...
[2022-12-24 15:7:24] [INFO] Booting the 'HTTP' middleware...
[2022-12-24 15:7:24] [INFO] Database :: Booting @ Master...
[2022-12-24 15:16:8] [INFO] Routes :: Mounting doc Routes...
[2022-12-24 15:16:8] [INFO] Routes :: Mounting API Routes...
[2022-12-24 15:16:8] [INFO] Routes :: Mounting Web Routes...
[2022-12-24 15:16:26] [INFO] Booting the 'HTTP' middleware...
[2022-12-24 15:16:26] [INFO] Database :: Booting @ Master...
[2022-12-24 15:19:9] [INFO] Routes :: Mounting doc Routes...
[2022-12-24 15:19:9] [INFO] Routes :: Mounting API Routes...
[2022-12-24 15:19:9] [INFO] Routes :: Mounting Web Routes...
[2022-12-24 15:19:22] [INFO] Booting the 'HTTP' middleware...
[2022-12-24 15:19:22] [INFO] Database :: Booting @ Master...
[2022-12-24 15:25:25] [INFO] Routes :: Mounting doc Routes...
[2022-12-24 15:25:25] [INFO] Routes :: Mounting API Routes...
[2022-12-24 15:25:25] [INFO] Routes :: Mounting Web Routes...
[2022-12-24 15:25:40] [INFO] Booting the 'HTTP' middleware...
[2022-12-24 15:25:40] [INFO] Database :: Booting @ Master...
[2022-12-24 15:28:20] [INFO] Routes :: Mounting doc Routes...
[2022-12-24 15:28:20] [INFO] Routes :: Mounting API Routes...
[2022-12-24 15:28:20] [INFO] Routes :: Mounting Web Routes...
[2022-12-24 15:28:34] [INFO] Booting the 'HTTP' middleware...
[2022-12-24 15:28:34] [INFO] Database :: Booting @ Master...
[2022-12-24 15:30:40] [INFO] Routes :: Mounting doc Routes...
[2022-12-24 15:30:40] [INFO] Routes :: Mounting API Routes...
[2022-12-24 15:30:40] [INFO] Routes :: Mounting Web Routes...
[2022-12-24 15:30:55] [INFO] Booting the 'HTTP' middleware...
[2022-12-24 15:30:55] [INFO] Database :: Booting @ Master...
[2022-12-24 15:32:31] [INFO] Routes :: Mounting doc Routes...
[2022-12-24 15:32:31] [INFO] Routes :: Mounting API Routes...
[2022-12-24 15:32:31] [INFO] Routes :: Mounting Web Routes...
[2022-12-24 15:32:46] [INFO] Booting the 'HTTP' middleware...
[2022-12-24 15:32:46] [INFO] Database :: Booting @ Master...
[2022-12-24 15:34:8] [INFO] Routes :: Mounting doc Routes...
[2022-12-24 15:34:8] [INFO] Routes :: Mounting Web Routes...
[2022-12-24 15:34:8] [INFO] Routes :: Mounting API Routes...
[2022-12-24 15:34:22] [INFO] Booting the 'HTTP' middleware...
[2022-12-24 15:34:22] [INFO] Database :: Booting @ Master...
[2022-12-24 15:35:56] [INFO] Routes :: Mounting doc Routes...
[2022-12-24 15:35:56] [INFO] Routes :: Mounting API Routes...
[2022-12-24 15:35:56] [INFO] Routes :: Mounting Web Routes...
[2022-12-24 15:36:10] [INFO] Booting the 'HTTP' middleware...
[2022-12-24 15:36:10] [INFO] Database :: Booting @ Master...
[2022-12-24 15:37:20] [INFO] Routes :: Mounting doc Routes...
[2022-12-24 15:37:20] [INFO] Routes :: Mounting API Routes...
[2022-12-24 15:37:20] [INFO] Routes :: Mounting Web Routes...
[2022-12-24 15:37:35] [INFO] Booting the 'HTTP' middleware...
[2022-12-24 15:37:35] [INFO] Database :: Booting @ Master...
[2022-12-24 15:38:46] [INFO] Routes :: Mounting doc Routes...
[2022-12-24 15:38:46] [INFO] Routes :: Mounting Web Routes...
[2022-12-24 15:38:46] [INFO] Routes :: Mounting API Routes...
[2022-12-24 15:39:1] [INFO] Booting the 'HTTP' middleware...
[2022-12-24 15:39:1] [INFO] Database :: Booting @ Master...
[2022-12-24 15:40:34] [INFO] Routes :: Mounting doc Routes...
[2022-12-24 15:40:34] [INFO] Routes :: Mounting API Routes...
[2022-12-24 15:40:34] [INFO] Routes :: Mounting Web Routes...
[2022-12-24 15:40:48] [INFO] Booting the 'HTTP' middleware...
[2022-12-24 15:40:48] [INFO] Database :: Booting @ Master...
[2022-12-24 15:41:17] [INFO] Routes :: Mounting doc Routes...
[2022-12-24 15:41:17] [INFO] Routes :: Mounting API Routes...
[2022-12-24 15:41:17] [INFO] Routes :: Mounting Web Routes...
[2022-12-24 15:41:31] [INFO] Booting the 'HTTP' middleware...
[2022-12-24 15:41:31] [INFO] Database :: Booting @ Master...
[2022-12-24 15:43:20] [INFO] Routes :: Mounting doc Routes...
[2022-12-24 15:43:20] [INFO] Routes :: Mounting API Routes...
[2022-12-24 15:43:20] [INFO] Routes :: Mounting Web Routes...
[2022-12-24 15:43:34] [INFO] Booting the 'HTTP' middleware...
[2022-12-24 15:43:34] [INFO] Database :: Booting @ Master...
[2022-12-24 15:44:57] [INFO] Routes :: Mounting doc Routes...
[2022-12-24 15:44:57] [INFO] Routes :: Mounting API Routes...
[2022-12-24 15:44:57] [INFO] Routes :: Mounting Web Routes...
[2022-12-24 15:45:11] [INFO] Booting the 'HTTP' middleware...
[2022-12-24 15:45:11] [INFO] Database :: Booting @ Master...
[2022-12-24 16:2:19] [INFO] Routes :: Mounting doc Routes...
[2022-12-24 16:2:19] [INFO] Routes :: Mounting API Routes...
[2022-12-24 16:2:19] [INFO] Routes :: Mounting Web Routes...
[2022-12-24 16:2:35] [INFO] Booting the 'HTTP' middleware...
[2022-12-24 16:2:35] [INFO] Database :: Booting @ Master...
[2022-12-24 16:12:32] [INFO] Routes :: Mounting doc Routes...
[2022-12-24 16:12:32] [INFO] Routes :: Mounting API Routes...
[2022-12-24 16:12:32] [INFO] Routes :: Mounting Web Routes...
[2022-12-24 16:12:48] [INFO] Booting the 'HTTP' middleware...
[2022-12-24 16:12:48] [INFO] Database :: Booting @ Master...
[2022-12-24 16:13:29] [INFO] Routes :: Mounting doc Routes...
[2022-12-24 16:13:29] [INFO] Routes :: Mounting API Routes...
[2022-12-24 16:13:29] [INFO] Routes :: Mounting Web Routes...
[2022-12-24 16:13:45] [INFO] Booting the 'HTTP' middleware...
[2022-12-24 16:13:45] [INFO] Database :: Booting @ Master...
[2022-12-24 16:18:17] [INFO] Routes :: Mounting doc Routes...
[2022-12-24 16:18:17] [INFO] Routes :: Mounting API Routes...
[2022-12-24 16:18:17] [INFO] Routes :: Mounting Web Routes...
[2022-12-24 16:18:33] [INFO] Booting the 'HTTP' middleware...
[2022-12-24 16:18:33] [INFO] Database :: Booting @ Master...
[2022-12-24 16:19:26] [INFO] Routes :: Mounting doc Routes...
[2022-12-24 16:19:26] [INFO] Routes :: Mounting API Routes...
[2022-12-24 16:19:26] [INFO] Routes :: Mounting Web Routes...
[2022-12-24 16:19:41] [INFO] Booting the 'HTTP' middleware...
[2022-12-24 16:19:41] [INFO] Database :: Booting @ Master...
[2022-12-24 16:20:44] [INFO] Routes :: Mounting doc Routes...
[2022-12-24 16:20:44] [INFO] Routes :: Mounting API Routes...
[2022-12-24 16:20:44] [INFO] Routes :: Mounting Web Routes...
[2022-12-24 16:20:58] [INFO] Booting the 'HTTP' middleware...
[2022-12-24 16:20:58] [INFO] Database :: Booting @ Master...
[2022-12-24 16:22:40] [INFO] Routes :: Mounting doc Routes...
[2022-12-24 16:22:40] [INFO] Routes :: Mounting API Routes...
[2022-12-24 16:22:40] [INFO] Routes :: Mounting Web Routes...
[2022-12-24 16:22:56] [INFO] Booting the 'HTTP' middleware...
[2022-12-24 16:22:56] [INFO] Database :: Booting @ Master...
[2022-12-24 16:23:19] [INFO] Routes :: Mounting doc Routes...
[2022-12-24 16:23:19] [INFO] Routes :: Mounting API Routes...
[2022-12-24 16:23:19] [INFO] Routes :: Mounting Web Routes...
[2022-12-24 16:23:36] [INFO] Booting the 'HTTP' middleware...
[2022-12-24 16:23:36] [INFO] Database :: Booting @ Master...
[2022-12-24 16:24:12] [INFO] Routes :: Mounting doc Routes...
[2022-12-24 16:24:12] [INFO] Routes :: Mounting API Routes...
[2022-12-24 16:24:12] [INFO] Routes :: Mounting Web Routes...
[2022-12-24 16:24:27] [INFO] Booting the 'HTTP' middleware...
[2022-12-24 16:24:27] [INFO] Database :: Booting @ Master...
[2022-12-24 16:24:59] [INFO] Routes :: Mounting doc Routes...
[2022-12-24 16:24:59] [INFO] Routes :: Mounting API Routes...
[2022-12-24 16:24:59] [INFO] Routes :: Mounting Web Routes...
[2022-12-24 16:25:17] [INFO] Booting the 'HTTP' middleware...
[2022-12-24 16:25:17] [INFO] Database :: Booting @ Master...
[2022-12-24 16:25:50] [INFO] Routes :: Mounting doc Routes...
[2022-12-24 16:25:50] [INFO] Routes :: Mounting API Routes...
[2022-12-24 16:25:50] [INFO] Routes :: Mounting Web Routes...
[2022-12-24 16:26:7] [INFO] Booting the 'HTTP' middleware...
[2022-12-24 16:26:7] [INFO] Database :: Booting @ Master...
[2022-12-24 16:26:49] [INFO] Routes :: Mounting doc Routes...
[2022-12-24 16:26:49] [INFO] Routes :: Mounting API Routes...
[2022-12-24 16:26:49] [INFO] Routes :: Mounting Web Routes...
[2022-12-24 16:27:6] [INFO] Booting the 'HTTP' middleware...
[2022-12-24 16:27:6] [INFO] Database :: Booting @ Master...
[2022-12-24 16:33:5] [INFO] Routes :: Mounting doc Routes...
[2022-12-24 16:33:5] [INFO] Routes :: Mounting API Routes...
[2022-12-24 16:33:5] [INFO] Routes :: Mounting Web Routes...
[2022-12-24 16:33:24] [INFO] Booting the 'HTTP' middleware...
[2022-12-24 16:33:24] [INFO] Database :: Booting @ Master...
[2022-12-24 16:35:43] [INFO] Routes :: Mounting doc Routes...
[2022-12-24 16:35:43] [INFO] Routes :: Mounting API Routes...
[2022-12-24 16:35:43] [INFO] Routes :: Mounting Web Routes...
[2022-12-24 16:36:1] [INFO] Booting the 'HTTP' middleware...
[2022-12-24 16:36:1] [INFO] Database :: Booting @ Master...
[2022-12-24 16:36:41] [INFO] Routes :: Mounting doc Routes...
[2022-12-24 16:36:41] [INFO] Routes :: Mounting API Routes...
[2022-12-24 16:36:41] [INFO] Routes :: Mounting Web Routes...
[2022-12-24 16:36:56] [INFO] Booting the 'HTTP' middleware...
[2022-12-24 16:36:56] [INFO] Database :: Booting @ Master...
[2022-12-24 16:38:48] [INFO] Routes :: Mounting doc Routes...
[2022-12-24 16:38:48] [INFO] Routes :: Mounting API Routes...
[2022-12-24 16:38:48] [INFO] Routes :: Mounting Web Routes...
[2022-12-24 16:39:2] [INFO] Booting the 'HTTP' middleware...
[2022-12-24 16:39:2] [INFO] Database :: Booting @ Master...
[2022-12-24 16:42:37] [INFO] Routes :: Mounting doc Routes...
[2022-12-24 16:42:37] [INFO] Routes :: Mounting API Routes...
[2022-12-24 16:42:37] [INFO] Routes :: Mounting Web Routes...
[2022-12-24 16:42:51] [INFO] Booting the 'HTTP' middleware...
[2022-12-24 16:42:51] [INFO] Database :: Booting @ Master...
[2022-12-24 16:42:38] [ERROR] Path '/api/tenants' not found [IP: '::1']!
[2022-12-24 16:43:47] [INFO] Routes :: Mounting doc Routes...
[2022-12-24 16:43:47] [INFO] Routes :: Mounting API Routes...
[2022-12-24 16:43:47] [INFO] Routes :: Mounting Web Routes...
[2022-12-24 16:44:2] [INFO] Booting the 'HTTP' middleware...
[2022-12-24 16:44:2] [INFO] Database :: Booting @ Master...
[2022-12-24 16:43:48] [ERROR] Path '/api/tenants' not found [IP: '::1']!
[2022-12-24 16:46:27] [INFO] Routes :: Mounting doc Routes...
[2022-12-24 16:46:27] [INFO] Routes :: Mounting API Routes...
[2022-12-24 16:46:27] [INFO] Routes :: Mounting Web Routes...
[2022-12-24 16:46:44] [INFO] Booting the 'HTTP' middleware...
[2022-12-24 16:46:44] [INFO] Database :: Booting @ Master...
[2022-12-24 16:48:34] [INFO] Routes :: Mounting doc Routes...
[2022-12-24 16:48:34] [INFO] Routes :: Mounting Web Routes...
[2022-12-24 16:48:34] [INFO] Routes :: Mounting API Routes...
[2022-12-24 16:48:48] [INFO] Booting the 'HTTP' middleware...
[2022-12-24 16:48:48] [INFO] Database :: Booting @ Master...
[2022-12-24 16:50:23] [INFO] Routes :: Mounting doc Routes...
[2022-12-24 16:50:23] [INFO] Routes :: Mounting API Routes...
[2022-12-24 16:50:23] [INFO] Routes :: Mounting Web Routes...
[2022-12-24 16:50:37] [INFO] Booting the 'HTTP' middleware...
[2022-12-24 16:50:37] [INFO] Database :: Booting @ Master...
[2022-12-24 16:50:23] [ERROR] Error: TypeError: Cannot read properties of undefined (reading 'transaction')
    at Function.<anonymous> (/mnt/c/Users/Roku/Documents/Work/Qwerty/boilerplate/typeScript/src/services/adminService.ts:117:13)
    at Generator.next (<anonymous>)
    at /mnt/c/Users/Roku/Documents/Work/Qwerty/boilerplate/typeScript/src/services/adminService.ts:8:71
    at new Promise (<anonymous>)
    at __awaiter (/mnt/c/Users/Roku/Documents/Work/Qwerty/boilerplate/typeScript/src/services/adminService.ts:4:12)
    at Function.create (/mnt/c/Users/Roku/Documents/Work/Qwerty/boilerplate/typeScript/src/services/adminService.ts:79:16)
    at /mnt/c/Users/Roku/Documents/Work/Qwerty/boilerplate/typeScript/src/controllers/api/adminController.ts:99:42
    at Generator.next (<anonymous>)
    at /mnt/c/Users/Roku/Documents/Work/Qwerty/boilerplate/typeScript/src/controllers/api/adminController.ts:8:71
    at new Promise (<anonymous>)
[2022-12-24 16:51:55] [INFO] Routes :: Mounting doc Routes...
[2022-12-24 16:51:55] [INFO] Routes :: Mounting API Routes...
[2022-12-24 16:51:55] [INFO] Routes :: Mounting Web Routes...
[2022-12-24 16:52:11] [INFO] Booting the 'HTTP' middleware...
[2022-12-24 16:52:11] [INFO] Database :: Booting @ Master...
[2022-12-24 16:52:38] [INFO] Routes :: Mounting doc Routes...
[2022-12-24 16:52:38] [INFO] Routes :: Mounting API Routes...
[2022-12-24 16:52:38] [INFO] Routes :: Mounting Web Routes...
[2022-12-24 16:52:52] [INFO] Booting the 'HTTP' middleware...
[2022-12-24 16:52:52] [INFO] Database :: Booting @ Master...
[2022-12-24 16:52:39] [ERROR] Error: SequelizeValidationError: notNull Violation: Tenant.status cannot be null,
notNull Violation: Tenant.domainName cannot be null,
notNull Violation: Tenant.organizationId cannot be null
    at Function.<anonymous> (/mnt/c/Users/Roku/Documents/Work/Qwerty/boilerplate/typeScript/src/services/adminService.ts:116:13)
    at Generator.throw (<anonymous>)
    at rejected (/mnt/c/Users/Roku/Documents/Work/Qwerty/boilerplate/typeScript/src/services/adminService.ts:6:65)
[2022-12-24 16:54:45] [INFO] Routes :: Mounting doc Routes...
[2022-12-24 16:54:45] [INFO] Routes :: Mounting API Routes...
[2022-12-24 16:54:45] [INFO] Routes :: Mounting Web Routes...
[2022-12-24 16:54:59] [INFO] Booting the 'HTTP' middleware...
[2022-12-24 16:54:59] [INFO] Database :: Booting @ Master...
