[2022-9-4 9:47:36] [INFO] Routes :: Mounting doc Routes...
[2022-9-4 9:47:36] [INFO] Routes :: Mounting API Routes...
[2022-9-4 9:47:36] [INFO] Database :: Booting @ Master...
[2022-9-4 9:47:36] [INFO] Booting the 'HTTP' middleware...
[2022-9-4 9:47:36] [INFO] Database :: Booting @ Master...
[2022-9-4 9:47:36] [INFO] Routes :: Mounting Web Routes...
[2022-9-4 9:48:15] [INFO] Routes :: Mounting doc Routes...
[2022-9-4 9:48:15] [INFO] Routes :: Mounting API Routes...
[2022-9-4 9:48:15] [INFO] Database :: Booting @ Master...
[2022-9-4 9:48:15] [INFO] Booting the 'HTTP' middleware...
[2022-9-4 9:48:15] [INFO] Database :: Booting @ Master...
[2022-9-4 9:48:15] [INFO] Routes :: Mounting Web Routes...
[2022-9-4 9:48:15] [INFO] Database :: connected...
[2022-9-4 9:49:23] [INFO] Routes :: Mounting doc Routes...
[2022-9-4 9:49:23] [INFO] Routes :: Mounting Web Routes...
[2022-9-4 9:49:23] [INFO] Database :: Booting @ Master...
[2022-9-4 9:49:23] [INFO] Booting the 'HTTP' middleware...
[2022-9-4 9:49:23] [INFO] Database :: Booting @ Master...
[2022-9-4 9:49:23] [INFO] Routes :: Mounting API Routes...
[2022-9-4 9:49:23] [INFO] Database :: connected...
[2022-9-4 9:49:41] [INFO] Routes :: Mounting doc Routes...
[2022-9-4 9:49:41] [INFO] Routes :: Mounting API Routes...
[2022-9-4 9:49:41] [INFO] Routes :: Mounting Web Routes...
[2022-9-4 9:49:41] [INFO] Database :: Booting @ Master...
[2022-9-4 9:49:41] [INFO] Booting the 'HTTP' middleware...
[2022-9-4 9:49:41] [INFO] Database :: Booting @ Master...
[2022-9-4 9:49:41] [INFO] Database :: connected...
[2022-9-4 9:55:26] [INFO] Routes :: Mounting doc Routes...
[2022-9-4 9:55:26] [INFO] Routes :: Mounting API Routes...
[2022-9-4 9:55:26] [INFO] Routes :: Mounting Web Routes...
[2022-9-4 9:55:26] [INFO] Database :: Booting @ Master...
[2022-9-4 9:55:26] [INFO] Booting the 'HTTP' middleware...
[2022-9-4 9:55:26] [INFO] Database :: Booting @ Master...
[2022-9-4 9:55:26] [INFO] Database :: connected...
[2022-9-4 9:56:17] [INFO] Routes :: Mounting doc Routes...
[2022-9-4 9:56:17] [INFO] Routes :: Mounting Web Routes...
[2022-9-4 9:56:17] [INFO] Routes :: Mounting API Routes...
[2022-9-4 9:56:17] [INFO] Database :: Booting @ Master...
[2022-9-4 9:56:17] [INFO] Booting the 'HTTP' middleware...
[2022-9-4 9:56:17] [INFO] Database :: Booting @ Master...
[2022-9-4 9:56:17] [INFO] Database :: connected...
[2022-9-4 9:56:25] [INFO] Routes :: Mounting doc Routes...
[2022-9-4 9:56:25] [INFO] Routes :: Mounting API Routes...
[2022-9-4 9:56:25] [INFO] Database :: Booting @ Master...
[2022-9-4 9:56:25] [INFO] Routes :: Mounting Web Routes...
[2022-9-4 9:56:25] [INFO] Database :: Booting @ Master...
[2022-9-4 9:56:25] [INFO] Booting the 'HTTP' middleware...
[2022-9-4 9:56:25] [INFO] Database :: connected...
[2022-9-4 9:57:10] [INFO] Routes :: Mounting doc Routes...
[2022-9-4 9:57:10] [INFO] Routes :: Mounting Web Routes...
[2022-9-4 9:57:10] [INFO] Database :: Booting @ Master...
[2022-9-4 9:57:10] [INFO] Routes :: Mounting API Routes...
[2022-9-4 9:57:10] [INFO] Booting the 'HTTP' middleware...
[2022-9-4 9:57:10] [INFO] Database :: Booting @ Master...
[2022-9-4 9:57:10] [INFO] Database :: connected...
[2022-9-4 9:59:22] [INFO] Routes :: Mounting doc Routes...
[2022-9-4 9:59:22] [INFO] Routes :: Mounting API Routes...
[2022-9-4 9:59:22] [INFO] Database :: Booting @ Master...
[2022-9-4 9:59:22] [INFO] Booting the 'HTTP' middleware...
[2022-9-4 9:59:22] [INFO] Database :: Booting @ Master...
[2022-9-4 9:59:22] [INFO] Routes :: Mounting Web Routes...
[2022-9-4 9:59:22] [INFO] Database :: connected...
[2022-9-4 10:0:18] [INFO] Routes :: Mounting doc Routes...
[2022-9-4 10:0:18] [INFO] Routes :: Mounting API Routes...
[2022-9-4 10:0:18] [INFO] Database :: Booting @ Master...
[2022-9-4 10:0:18] [INFO] Booting the 'HTTP' middleware...
[2022-9-4 10:0:18] [INFO] Database :: Booting @ Master...
[2022-9-4 10:0:18] [INFO] Routes :: Mounting Web Routes...
[2022-9-4 10:0:18] [INFO] Database :: connected...
[2022-9-4 10:0:52] [INFO] Routes :: Mounting doc Routes...
[2022-9-4 10:0:52] [INFO] Routes :: Mounting API Routes...
[2022-9-4 10:0:52] [INFO] Database :: Booting @ Master...
[2022-9-4 10:0:52] [INFO] Routes :: Mounting Web Routes...
[2022-9-4 10:0:52] [INFO] Booting the 'HTTP' middleware...
[2022-9-4 10:0:52] [INFO] Database :: Booting @ Master...
[2022-9-4 10:0:52] [INFO] Database :: connected...
[2022-9-4 10:1:57] [INFO] Routes :: Mounting doc Routes...
[2022-9-4 10:1:57] [INFO] Routes :: Mounting API Routes...
[2022-9-4 10:1:57] [INFO] Booting the 'HTTP' middleware...
[2022-9-4 10:1:57] [INFO] Database :: Booting @ Master...
[2022-9-4 10:1:57] [INFO] Routes :: Mounting Web Routes...
[2022-9-4 10:1:57] [INFO] Database :: Booting @ Master...
[2022-9-4 10:1:57] [INFO] Database :: connected...
[2022-9-4 10:2:8] [INFO] Routes :: Mounting doc Routes...
[2022-9-4 10:2:8] [INFO] Routes :: Mounting API Routes...
[2022-9-4 10:2:8] [INFO] Routes :: Mounting Web Routes...
[2022-9-4 10:2:8] [INFO] Database :: Booting @ Master...
[2022-9-4 10:2:8] [INFO] Booting the 'HTTP' middleware...
[2022-9-4 10:2:8] [INFO] Database :: Booting @ Master...
[2022-9-4 10:2:8] [INFO] Database :: connected...
[2022-9-4 10:3:36] [INFO] Routes :: Mounting doc Routes...
[2022-9-4 10:3:36] [INFO] Routes :: Mounting API Routes...
[2022-9-4 10:3:36] [INFO] Routes :: Mounting Web Routes...
[2022-9-4 10:3:36] [INFO] Database :: Booting @ Master...
[2022-9-4 10:3:36] [INFO] Booting the 'HTTP' middleware...
[2022-9-4 10:3:36] [INFO] Database :: Booting @ Master...
[2022-9-4 10:3:36] [INFO] Database :: connected...
[2022-9-4 10:3:45] [INFO] Routes :: Mounting doc Routes...
[2022-9-4 10:3:45] [INFO] Routes :: Mounting API Routes...
[2022-9-4 10:3:45] [INFO] Booting the 'HTTP' middleware...
[2022-9-4 10:3:45] [INFO] Routes :: Mounting Web Routes...
[2022-9-4 10:3:45] [INFO] Database :: Booting @ Master...
[2022-9-4 10:3:45] [INFO] Database :: Booting @ Master...
[2022-9-4 10:3:45] [INFO] Database :: connected...
[2022-9-4 10:4:35] [INFO] Routes :: Mounting doc Routes...
[2022-9-4 10:4:35] [INFO] Routes :: Mounting API Routes...
[2022-9-4 10:4:35] [INFO] Database :: Booting @ Master...
[2022-9-4 10:4:35] [INFO] Booting the 'HTTP' middleware...
[2022-9-4 10:4:35] [INFO] Database :: Booting @ Master...
[2022-9-4 10:4:35] [INFO] Routes :: Mounting Web Routes...
[2022-9-4 10:4:35] [INFO] Database :: connected...
[2022-9-4 10:5:28] [INFO] Routes :: Mounting doc Routes...
[2022-9-4 10:5:28] [INFO] Routes :: Mounting API Routes...
[2022-9-4 10:5:28] [INFO] Database :: Booting @ Master...
[2022-9-4 10:5:28] [INFO] Booting the 'HTTP' middleware...
[2022-9-4 10:5:28] [INFO] Database :: Booting @ Master...
[2022-9-4 10:5:28] [INFO] Routes :: Mounting Web Routes...
[2022-9-4 10:5:28] [INFO] Database :: connected...
[2022-9-4 10:5:42] [INFO] Routes :: Mounting doc Routes...
[2022-9-4 10:5:42] [INFO] Routes :: Mounting API Routes...
[2022-9-4 10:5:42] [INFO] Routes :: Mounting Web Routes...
[2022-9-4 10:5:42] [INFO] Database :: Booting @ Master...
[2022-9-4 10:5:42] [INFO] Database :: Booting @ Master...
[2022-9-4 10:5:42] [INFO] Booting the 'HTTP' middleware...
[2022-9-4 10:5:42] [INFO] Database :: connected...
[2022-9-4 10:7:29] [INFO] Routes :: Mounting doc Routes...
[2022-9-4 10:7:29] [INFO] Booting the 'HTTP' middleware...
[2022-9-4 10:7:29] [INFO] Routes :: Mounting API Routes...
[2022-9-4 10:7:29] [INFO] Database :: Booting @ Master...
[2022-9-4 10:7:29] [INFO] Routes :: Mounting Web Routes...
[2022-9-4 10:7:29] [INFO] Database :: Booting @ Master...
[2022-9-4 10:7:29] [INFO] Database :: connected...
[2022-9-4 10:7:38] [INFO] Routes :: Mounting doc Routes...
[2022-9-4 10:7:38] [INFO] Routes :: Mounting API Routes...
[2022-9-4 10:7:38] [INFO] Routes :: Mounting Web Routes...
[2022-9-4 10:7:38] [INFO] Database :: Booting @ Master...
[2022-9-4 10:7:38] [INFO] Booting the 'HTTP' middleware...
[2022-9-4 10:7:38] [INFO] Database :: Booting @ Master...
[2022-9-4 10:7:38] [INFO] Database :: connected...
[2022-9-4 10:10:45] [INFO] Routes :: Mounting doc Routes...
[2022-9-4 10:10:45] [INFO] Routes :: Mounting API Routes...
[2022-9-4 10:10:45] [INFO] Routes :: Mounting Web Routes...
[2022-9-4 10:10:45] [INFO] Booting the 'HTTP' middleware...
[2022-9-4 10:10:45] [INFO] Database :: Booting @ Master...
[2022-9-4 10:10:45] [INFO] Database :: Booting @ Master...
[2022-9-4 10:10:45] [INFO] Database :: connected...
[2022-9-4 10:11:13] [INFO] Routes :: Mounting doc Routes...
[2022-9-4 10:11:13] [INFO] Database :: Booting @ Master...
[2022-9-4 10:11:13] [INFO] Routes :: Mounting API Routes...
[2022-9-4 10:11:13] [INFO] Database :: Booting @ Master...
[2022-9-4 10:11:13] [INFO] Routes :: Mounting Web Routes...
[2022-9-4 10:11:13] [INFO] Booting the 'HTTP' middleware...
[2022-9-4 10:11:13] [INFO] Database :: connected...
[2022-9-4 10:11:28] [INFO] Routes :: Mounting doc Routes...
[2022-9-4 10:11:28] [INFO] Routes :: Mounting API Routes...
[2022-9-4 10:11:28] [INFO] Booting the 'HTTP' middleware...
[2022-9-4 10:11:28] [INFO] Database :: Booting @ Master...
[2022-9-4 10:11:28] [INFO] Routes :: Mounting Web Routes...
[2022-9-4 10:11:28] [INFO] Database :: Booting @ Master...
[2022-9-4 10:11:28] [INFO] Database :: connected...
[2022-9-4 10:13:13] [INFO] Routes :: Mounting doc Routes...
[2022-9-4 10:13:13] [INFO] Routes :: Mounting API Routes...
[2022-9-4 10:13:13] [INFO] Routes :: Mounting Web Routes...
[2022-9-4 10:13:13] [INFO] Database :: Booting @ Master...
[2022-9-4 10:13:13] [INFO] Booting the 'HTTP' middleware...
[2022-9-4 10:13:13] [INFO] Database :: Booting @ Master...
[2022-9-4 10:13:13] [INFO] Database :: connected...
[2022-9-4 10:13:53] [INFO] Routes :: Mounting doc Routes...
[2022-9-4 10:13:53] [INFO] Routes :: Mounting API Routes...
[2022-9-4 10:13:53] [INFO] Routes :: Mounting Web Routes...
[2022-9-4 10:13:53] [INFO] Database :: Booting @ Master...
[2022-9-4 10:13:53] [INFO] Booting the 'HTTP' middleware...
[2022-9-4 10:13:53] [INFO] Database :: Booting @ Master...
[2022-9-4 10:13:53] [INFO] Database :: connected...
[2022-9-4 10:14:12] [INFO] Routes :: Mounting doc Routes...
[2022-9-4 10:14:12] [INFO] Routes :: Mounting API Routes...
[2022-9-4 10:14:12] [INFO] Booting the 'HTTP' middleware...
[2022-9-4 10:14:12] [INFO] Database :: Booting @ Master...
[2022-9-4 10:14:12] [INFO] Routes :: Mounting Web Routes...
[2022-9-4 10:14:12] [INFO] Database :: Booting @ Master...
[2022-9-4 10:14:12] [INFO] Database :: connected...
[2022-9-4 10:14:12] [ERROR] Path '/docs' not found [IP: '::1']!
[2022-9-4 10:43:46] [INFO] Routes :: Mounting doc Routes...
[2022-9-4 10:43:46] [INFO] Routes :: Mounting API Routes...
[2022-9-4 10:43:46] [INFO] Routes :: Mounting Web Routes...
[2022-9-4 10:43:46] [INFO] Database :: Booting @ Master...
[2022-9-4 10:43:46] [INFO] Booting the 'HTTP' middleware...
[2022-9-4 10:43:46] [INFO] Database :: Booting @ Master...
[2022-9-4 10:43:46] [INFO] Database :: connected...
[2022-9-4 10:57:35] [INFO] Routes :: Mounting doc Routes...
[2022-9-4 10:57:35] [INFO] Routes :: Mounting API Routes...
[2022-9-4 10:57:35] [INFO] Database :: Booting @ Master...
[2022-9-4 10:57:35] [INFO] Database :: Booting @ Master...
[2022-9-4 10:57:35] [INFO] Booting the 'HTTP' middleware...
[2022-9-4 10:57:35] [INFO] Routes :: Mounting Web Routes...
[2022-9-4 10:57:35] [INFO] Database :: connected...
[2022-9-4 8:2:14] [INFO] Routes :: Mounting doc Routes...
[2022-9-4 8:2:14] [INFO] Routes :: Mounting API Routes...
[2022-9-4 8:2:14] [INFO] Routes :: Mounting Web Routes...
[2022-9-4 8:2:14] [INFO] Booting the 'HTTP' middleware...
[2022-9-4 8:2:14] [INFO] Database :: Booting @ Master...
[2022-9-4 8:2:14] [INFO] Database :: Booting @ Master...
[2022-9-4 8:2:23] [INFO] Routes :: Mounting doc Routes...
[2022-9-4 8:2:23] [INFO] Routes :: Mounting API Routes...
[2022-9-4 8:2:23] [INFO] Routes :: Mounting Web Routes...
[2022-9-4 8:2:23] [INFO] Booting the 'HTTP' middleware...
[2022-9-4 8:2:23] [INFO] Database :: Booting @ Master...
[2022-9-4 8:2:23] [INFO] Database :: Booting @ Master...
[2022-9-4 8:2:30] [INFO] Routes :: Mounting doc Routes...
[2022-9-4 8:2:30] [INFO] Routes :: Mounting API Routes...
[2022-9-4 8:2:30] [INFO] Routes :: Mounting Web Routes...
[2022-9-4 8:2:30] [INFO] Booting the 'HTTP' middleware...
[2022-9-4 8:2:30] [INFO] Database :: Booting @ Master...
[2022-9-4 8:2:30] [INFO] Database :: Booting @ Master...
[2022-9-4 8:2:40] [INFO] Routes :: Mounting doc Routes...
[2022-9-4 8:2:40] [INFO] Routes :: Mounting API Routes...
[2022-9-4 8:2:40] [INFO] Routes :: Mounting Web Routes...
[2022-9-4 8:2:40] [INFO] Booting the 'HTTP' middleware...
[2022-9-4 8:2:40] [INFO] Database :: Booting @ Master...
[2022-9-4 8:2:40] [INFO] Database :: Booting @ Master...
[2022-9-4 8:2:48] [INFO] Routes :: Mounting doc Routes...
[2022-9-4 8:2:48] [INFO] Routes :: Mounting API Routes...
[2022-9-4 8:2:48] [INFO] Routes :: Mounting Web Routes...
[2022-9-4 8:2:48] [INFO] Booting the 'HTTP' middleware...
[2022-9-4 8:2:48] [INFO] Database :: Booting @ Master...
[2022-9-4 8:2:48] [INFO] Database :: Booting @ Master...
[2022-9-4 8:5:27] [INFO] Routes :: Mounting doc Routes...
[2022-9-4 8:5:27] [INFO] Routes :: Mounting Web Routes...
[2022-9-4 8:5:27] [INFO] Routes :: Mounting API Routes...
[2022-9-4 8:5:27] [INFO] Booting the 'HTTP' middleware...
[2022-9-4 8:5:27] [INFO] Database :: Booting @ Master...
[2022-9-4 8:5:27] [INFO] Database :: Booting @ Master...
[2022-9-4 8:5:34] [INFO] Routes :: Mounting doc Routes...
[2022-9-4 8:5:34] [INFO] Routes :: Mounting Web Routes...
[2022-9-4 8:5:34] [INFO] Routes :: Mounting API Routes...
[2022-9-4 8:5:34] [INFO] Booting the 'HTTP' middleware...
[2022-9-4 8:5:34] [INFO] Database :: Booting @ Master...
[2022-9-4 8:5:34] [INFO] Database :: Booting @ Master...
[2022-9-4 8:5:42] [INFO] Routes :: Mounting doc Routes...
[2022-9-4 8:5:42] [INFO] Routes :: Mounting API Routes...
[2022-9-4 8:5:42] [INFO] Routes :: Mounting Web Routes...
[2022-9-4 8:5:42] [INFO] Booting the 'HTTP' middleware...
[2022-9-4 8:5:42] [INFO] Database :: Booting @ Master...
[2022-9-4 8:5:42] [INFO] Database :: Booting @ Master...
[2022-9-4 11:15:46] [INFO] Routes :: Mounting doc Routes...
[2022-9-4 11:15:46] [INFO] Routes :: Mounting Web Routes...
[2022-9-4 11:15:46] [INFO] Database :: Booting @ Master...
[2022-9-4 11:15:46] [INFO] Database :: Booting @ Master...
[2022-9-4 11:15:46] [INFO] Routes :: Mounting API Routes...
[2022-9-4 11:15:46] [INFO] Booting the 'HTTP' middleware...
[2022-9-4 11:15:46] [INFO] Database :: connected...
