[2022-10-29 11:17:23] [INFO] Routes :: Mounting doc Routes...
[2022-10-29 11:17:23] [INFO] Routes :: Mounting API Routes...
[2022-10-29 11:17:23] [INFO] Routes :: Mounting Web Routes...
[2022-10-29 11:17:23] [INFO] Booting the 'HTTP' middleware...
[2022-10-29 11:17:23] [INFO] Database :: Booting @ Master...
[2022-10-29 11:17:23] [INFO] Database :: Booting @ Master...
[2022-10-29 11:19:55] [INFO] Routes :: Mounting doc Routes...
[2022-10-29 11:19:55] [INFO] Routes :: Mounting API Routes...
[2022-10-29 11:19:55] [INFO] Routes :: Mounting Web Routes...
[2022-10-29 11:19:55] [INFO] Booting the 'HTTP' middleware...
[2022-10-29 11:19:55] [INFO] Database :: Booting @ Master...
[2022-10-29 11:19:55] [INFO] Database :: Booting @ Master...
[2022-10-29 11:19:55] [INFO] Database :: connected...
[2022-10-29 12:18:30] [INFO] Routes :: Mounting doc Routes...
[2022-10-29 12:18:30] [INFO] Routes :: Mounting API Routes...
[2022-10-29 12:18:30] [INFO] Routes :: Mounting Web Routes...
[2022-10-29 12:18:30] [INFO] Booting the 'HTTP' middleware...
[2022-10-29 12:18:30] [INFO] Database :: Booting @ Master...
[2022-10-29 12:18:30] [INFO] Database :: Booting @ Master...
[2022-10-29 12:18:30] [INFO] Database :: connected...
[2022-10-29 12:20:49] [INFO] Routes :: Mounting doc Routes...
[2022-10-29 12:20:49] [INFO] Routes :: Mounting API Routes...
[2022-10-29 12:20:49] [INFO] Routes :: Mounting Web Routes...
[2022-10-29 12:20:49] [INFO] Booting the 'HTTP' middleware...
[2022-10-29 12:20:49] [INFO] Database :: Booting @ Master...
[2022-10-29 12:20:49] [INFO] Database :: Booting @ Master...
[2022-10-29 12:20:49] [INFO] Database :: connected...
[2022-10-29 12:20:49] [ERROR] Error: duplicate key value violates unique constraint "UQ_48c4ccd76d0f91e1b025b753032"
    at /mnt/c/Users/Roku/Documents/Work/Qwerty/boilerplate/typeScript/src/api/controllers/user/user.controller.ts:32:16
    at processTicksAndRejections (node:internal/process/task_queues:95:5)
[2022-10-29 12:20:49] [ERROR] Error: duplicate key value violates unique constraint "UQ_48c4ccd76d0f91e1b025b753032"
    at /mnt/c/Users/Roku/Documents/Work/Qwerty/boilerplate/typeScript/src/api/controllers/user/user.controller.ts:32:16
    at processTicksAndRejections (node:internal/process/task_queues:95:5)
[2022-10-29 12:20:49] [ERROR] Error: duplicate key value violates unique constraint "UQ_48c4ccd76d0f91e1b025b753032"
    at /mnt/c/Users/Roku/Documents/Work/Qwerty/boilerplate/typeScript/src/api/controllers/user/user.controller.ts:32:16
    at processTicksAndRejections (node:internal/process/task_queues:95:5)
[2022-10-29 12:22:18] [INFO] Routes :: Mounting doc Routes...
[2022-10-29 12:22:18] [INFO] Routes :: Mounting API Routes...
[2022-10-29 12:22:18] [INFO] Routes :: Mounting Web Routes...
[2022-10-29 12:22:18] [INFO] Booting the 'HTTP' middleware...
[2022-10-29 12:22:18] [INFO] Database :: Booting @ Master...
[2022-10-29 12:22:18] [INFO] Database :: Booting @ Master...
[2022-10-29 12:22:18] [INFO] Database :: connected...
[2022-10-29 12:35:4] [INFO] Routes :: Mounting doc Routes...
[2022-10-29 12:35:4] [INFO] Routes :: Mounting API Routes...
[2022-10-29 12:35:4] [INFO] Routes :: Mounting Web Routes...
[2022-10-29 12:35:4] [INFO] Booting the 'HTTP' middleware...
[2022-10-29 12:35:4] [INFO] Database :: Booting @ Master...
[2022-10-29 12:35:4] [INFO] Database :: Booting @ Master...
[2022-10-29 12:35:4] [INFO] Database :: connected...
[2022-10-29 12:35:4] [ERROR] Error: invalid input syntax for type date: "NaN-NaN-NaN"
    at /mnt/c/Users/Roku/Documents/Work/Qwerty/boilerplate/typeScript/src/api/controllers/authentication/authentication.controller.ts:64:16
    at processTicksAndRejections (node:internal/process/task_queues:95:5)
[2022-10-29 12:35:4] [ERROR] Error: invalid input syntax for type date: "NaN-NaN-NaN"
    at /mnt/c/Users/Roku/Documents/Work/Qwerty/boilerplate/typeScript/src/api/controllers/authentication/authentication.controller.ts:64:16
    at processTicksAndRejections (node:internal/process/task_queues:95:5)
[2022-10-29 12:35:4] [ERROR] Error: invalid input syntax for type date: "NaN-NaN-NaN"
    at /mnt/c/Users/Roku/Documents/Work/Qwerty/boilerplate/typeScript/src/api/controllers/authentication/authentication.controller.ts:64:16
    at processTicksAndRejections (node:internal/process/task_queues:95:5)
[2022-10-29 12:36:43] [INFO] Routes :: Mounting doc Routes...
[2022-10-29 12:36:43] [INFO] Routes :: Mounting API Routes...
[2022-10-29 12:36:43] [INFO] Routes :: Mounting Web Routes...
[2022-10-29 12:36:43] [INFO] Booting the 'HTTP' middleware...
[2022-10-29 12:36:43] [INFO] Database :: Booting @ Master...
[2022-10-29 12:36:43] [INFO] Database :: Booting @ Master...
[2022-10-29 12:36:43] [INFO] Database :: connected...
[2022-10-29 12:36:43] [ERROR] Error: invalid input syntax for type date: "NaN-NaN-NaN"
    at /mnt/c/Users/Roku/Documents/Work/Qwerty/boilerplate/typeScript/src/api/controllers/authentication/authentication.controller.ts:64:16
    at processTicksAndRejections (node:internal/process/task_queues:95:5)
[2022-10-29 12:36:43] [ERROR] Error: invalid input syntax for type date: "NaN-NaN-NaN"
    at /mnt/c/Users/Roku/Documents/Work/Qwerty/boilerplate/typeScript/src/api/controllers/authentication/authentication.controller.ts:64:16
    at processTicksAndRejections (node:internal/process/task_queues:95:5)
[2022-10-29 12:36:43] [ERROR] Error: invalid input syntax for type date: "NaN-NaN-NaN"
    at /mnt/c/Users/Roku/Documents/Work/Qwerty/boilerplate/typeScript/src/api/controllers/authentication/authentication.controller.ts:64:16
    at processTicksAndRejections (node:internal/process/task_queues:95:5)
[2022-10-29 12:37:57] [INFO] Routes :: Mounting doc Routes...
[2022-10-29 12:37:57] [INFO] Routes :: Mounting API Routes...
[2022-10-29 12:37:57] [INFO] Routes :: Mounting Web Routes...
[2022-10-29 12:37:57] [INFO] Booting the 'HTTP' middleware...
[2022-10-29 12:37:57] [INFO] Database :: Booting @ Master...
[2022-10-29 12:37:57] [INFO] Database :: Booting @ Master...
[2022-10-29 12:37:57] [INFO] Database :: connected...
[2022-10-29 12:37:57] [ERROR] Error: invalid input syntax for type date: "NaN-NaN-NaN"
    at /mnt/c/Users/Roku/Documents/Work/Qwerty/boilerplate/typeScript/src/api/controllers/authentication/authentication.controller.ts:64:16
    at processTicksAndRejections (node:internal/process/task_queues:95:5)
[2022-10-29 12:37:57] [ERROR] Error: invalid input syntax for type date: "NaN-NaN-NaN"
    at /mnt/c/Users/Roku/Documents/Work/Qwerty/boilerplate/typeScript/src/api/controllers/authentication/authentication.controller.ts:64:16
    at processTicksAndRejections (node:internal/process/task_queues:95:5)
[2022-10-29 12:37:57] [ERROR] Error: invalid input syntax for type date: "NaN-NaN-NaN"
    at /mnt/c/Users/Roku/Documents/Work/Qwerty/boilerplate/typeScript/src/api/controllers/authentication/authentication.controller.ts:64:16
    at processTicksAndRejections (node:internal/process/task_queues:95:5)
[2022-10-29 12:40:32] [INFO] Routes :: Mounting doc Routes...
[2022-10-29 12:40:32] [INFO] Routes :: Mounting API Routes...
[2022-10-29 12:40:32] [INFO] Routes :: Mounting Web Routes...
[2022-10-29 12:40:32] [INFO] Booting the 'HTTP' middleware...
[2022-10-29 12:40:32] [INFO] Database :: Booting @ Master...
[2022-10-29 12:40:32] [INFO] Database :: Booting @ Master...
[2022-10-29 12:40:32] [INFO] Database :: connected...
[2022-10-29 12:40:32] [ERROR] Error: invalid input syntax for type date: "NaN-NaN-NaN"
    at /mnt/c/Users/Roku/Documents/Work/Qwerty/boilerplate/typeScript/src/api/controllers/authentication/authentication.controller.ts:64:16
    at processTicksAndRejections (node:internal/process/task_queues:95:5)
[2022-10-29 12:40:32] [ERROR] Error: invalid input syntax for type date: "NaN-NaN-NaN"
    at /mnt/c/Users/Roku/Documents/Work/Qwerty/boilerplate/typeScript/src/api/controllers/authentication/authentication.controller.ts:64:16
    at processTicksAndRejections (node:internal/process/task_queues:95:5)
[2022-10-29 12:40:32] [ERROR] Error: invalid input syntax for type date: "NaN-NaN-NaN"
    at /mnt/c/Users/Roku/Documents/Work/Qwerty/boilerplate/typeScript/src/api/controllers/authentication/authentication.controller.ts:64:16
    at processTicksAndRejections (node:internal/process/task_queues:95:5)
[2022-10-29 12:41:52] [INFO] Routes :: Mounting doc Routes...
[2022-10-29 12:41:52] [INFO] Routes :: Mounting API Routes...
[2022-10-29 12:41:52] [INFO] Routes :: Mounting Web Routes...
[2022-10-29 12:41:52] [INFO] Booting the 'HTTP' middleware...
[2022-10-29 12:41:52] [INFO] Database :: Booting @ Master...
[2022-10-29 12:41:52] [INFO] Database :: Booting @ Master...
[2022-10-29 12:41:52] [INFO] Database :: connected...
[2022-10-29 12:41:52] [ERROR] Error: invalid input syntax for type date: "NaN-NaN-NaN"
    at /mnt/c/Users/Roku/Documents/Work/Qwerty/boilerplate/typeScript/src/api/controllers/authentication/authentication.controller.ts:64:16
    at processTicksAndRejections (node:internal/process/task_queues:95:5)
[2022-10-29 12:41:52] [ERROR] Error: invalid input syntax for type date: "NaN-NaN-NaN"
    at /mnt/c/Users/Roku/Documents/Work/Qwerty/boilerplate/typeScript/src/api/controllers/authentication/authentication.controller.ts:64:16
    at processTicksAndRejections (node:internal/process/task_queues:95:5)
[2022-10-29 12:41:52] [ERROR] Error: invalid input syntax for type date: "NaN-NaN-NaN"
    at /mnt/c/Users/Roku/Documents/Work/Qwerty/boilerplate/typeScript/src/api/controllers/authentication/authentication.controller.ts:64:16
    at processTicksAndRejections (node:internal/process/task_queues:95:5)
[2022-10-29 12:43:54] [INFO] Routes :: Mounting doc Routes...
[2022-10-29 12:43:54] [INFO] Routes :: Mounting API Routes...
[2022-10-29 12:43:54] [INFO] Routes :: Mounting Web Routes...
[2022-10-29 12:43:54] [INFO] Booting the 'HTTP' middleware...
[2022-10-29 12:43:54] [INFO] Database :: Booting @ Master...
[2022-10-29 12:43:54] [INFO] Database :: Booting @ Master...
[2022-10-29 12:43:54] [INFO] Database :: connected...
[2022-10-29 12:43:54] [ERROR] Error: invalid input syntax for type date: "NaN-NaN-NaN"
    at /mnt/c/Users/Roku/Documents/Work/Qwerty/boilerplate/typeScript/src/api/controllers/authentication/authentication.controller.ts:64:16
    at processTicksAndRejections (node:internal/process/task_queues:95:5)
[2022-10-29 12:43:54] [ERROR] Error: invalid input syntax for type date: "NaN-NaN-NaN"
    at /mnt/c/Users/Roku/Documents/Work/Qwerty/boilerplate/typeScript/src/api/controllers/authentication/authentication.controller.ts:64:16
    at processTicksAndRejections (node:internal/process/task_queues:95:5)
[2022-10-29 12:43:54] [ERROR] Error: invalid input syntax for type date: "NaN-NaN-NaN"
    at /mnt/c/Users/Roku/Documents/Work/Qwerty/boilerplate/typeScript/src/api/controllers/authentication/authentication.controller.ts:64:16
    at processTicksAndRejections (node:internal/process/task_queues:95:5)
[2022-10-29 12:44:48] [INFO] Routes :: Mounting doc Routes...
[2022-10-29 12:44:48] [INFO] Routes :: Mounting API Routes...
[2022-10-29 12:44:48] [INFO] Routes :: Mounting Web Routes...
[2022-10-29 12:44:48] [INFO] Booting the 'HTTP' middleware...
[2022-10-29 12:44:48] [INFO] Database :: Booting @ Master...
[2022-10-29 12:44:48] [INFO] Database :: Booting @ Master...
[2022-10-29 12:44:48] [INFO] Database :: connected...
[2022-10-29 12:44:48] [ERROR] Error: invalid input syntax for type date: "NaN-NaN-NaN"
    at /mnt/c/Users/Roku/Documents/Work/Qwerty/boilerplate/typeScript/src/api/controllers/authentication/authentication.controller.ts:64:16
    at processTicksAndRejections (node:internal/process/task_queues:95:5)
[2022-10-29 12:44:48] [ERROR] Error: invalid input syntax for type date: "NaN-NaN-NaN"
    at /mnt/c/Users/Roku/Documents/Work/Qwerty/boilerplate/typeScript/src/api/controllers/authentication/authentication.controller.ts:64:16
    at processTicksAndRejections (node:internal/process/task_queues:95:5)
[2022-10-29 12:44:48] [ERROR] Error: invalid input syntax for type date: "NaN-NaN-NaN"
    at /mnt/c/Users/Roku/Documents/Work/Qwerty/boilerplate/typeScript/src/api/controllers/authentication/authentication.controller.ts:64:16
    at processTicksAndRejections (node:internal/process/task_queues:95:5)
[2022-10-29 12:46:9] [INFO] Routes :: Mounting doc Routes...
[2022-10-29 12:46:9] [INFO] Routes :: Mounting API Routes...
[2022-10-29 12:46:9] [INFO] Routes :: Mounting Web Routes...
[2022-10-29 12:46:9] [INFO] Booting the 'HTTP' middleware...
[2022-10-29 12:46:9] [INFO] Database :: Booting @ Master...
[2022-10-29 12:46:9] [INFO] Database :: Booting @ Master...
[2022-10-29 12:46:9] [INFO] Database :: connected...
[2022-10-29 12:46:9] [ERROR] Error: null value in column "is_expired" of relation "token" violates not-null constraint
    at /mnt/c/Users/Roku/Documents/Work/Qwerty/boilerplate/typeScript/src/api/controllers/authentication/authentication.controller.ts:64:16
    at processTicksAndRejections (node:internal/process/task_queues:95:5)
[2022-10-29 12:46:9] [ERROR] Error: null value in column "is_expired" of relation "token" violates not-null constraint
    at /mnt/c/Users/Roku/Documents/Work/Qwerty/boilerplate/typeScript/src/api/controllers/authentication/authentication.controller.ts:64:16
    at processTicksAndRejections (node:internal/process/task_queues:95:5)
[2022-10-29 12:46:9] [ERROR] Error: null value in column "is_expired" of relation "token" violates not-null constraint
    at /mnt/c/Users/Roku/Documents/Work/Qwerty/boilerplate/typeScript/src/api/controllers/authentication/authentication.controller.ts:64:16
    at processTicksAndRejections (node:internal/process/task_queues:95:5)
[2022-10-29 12:49:38] [INFO] Routes :: Mounting doc Routes...
[2022-10-29 12:49:38] [INFO] Routes :: Mounting API Routes...
[2022-10-29 12:49:38] [INFO] Routes :: Mounting Web Routes...
[2022-10-29 12:49:38] [INFO] Booting the 'HTTP' middleware...
[2022-10-29 12:49:38] [INFO] Database :: Booting @ Master...
[2022-10-29 12:49:38] [INFO] Database :: Booting @ Master...
[2022-10-29 12:49:38] [INFO] Database :: connected...
[2022-10-29 12:54:46] [INFO] Routes :: Mounting doc Routes...
[2022-10-29 12:54:46] [INFO] Routes :: Mounting API Routes...
[2022-10-29 12:54:46] [INFO] Routes :: Mounting Web Routes...
[2022-10-29 12:54:46] [INFO] Booting the 'HTTP' middleware...
[2022-10-29 12:54:46] [INFO] Database :: Booting @ Master...
[2022-10-29 12:54:46] [INFO] Database :: Booting @ Master...
[2022-10-29 12:54:46] [INFO] Database :: connected...
[2022-10-29 12:56:15] [INFO] Routes :: Mounting doc Routes...
[2022-10-29 12:56:15] [INFO] Routes :: Mounting API Routes...
[2022-10-29 12:56:15] [INFO] Routes :: Mounting Web Routes...
[2022-10-29 12:56:15] [INFO] Booting the 'HTTP' middleware...
[2022-10-29 12:56:15] [INFO] Database :: Booting @ Master...
[2022-10-29 12:56:15] [INFO] Database :: Booting @ Master...
[2022-10-29 12:56:15] [INFO] Database :: connected...
[2022-10-29 12:57:20] [INFO] Routes :: Mounting doc Routes...
[2022-10-29 12:57:20] [INFO] Routes :: Mounting API Routes...
[2022-10-29 12:57:20] [INFO] Routes :: Mounting Web Routes...
[2022-10-29 12:57:20] [INFO] Booting the 'HTTP' middleware...
[2022-10-29 12:57:20] [INFO] Database :: Booting @ Master...
[2022-10-29 12:57:20] [INFO] Database :: Booting @ Master...
[2022-10-29 12:57:20] [INFO] Database :: connected...
[2022-10-29 12:59:32] [INFO] Routes :: Mounting doc Routes...
[2022-10-29 12:59:32] [INFO] Routes :: Mounting API Routes...
[2022-10-29 12:59:32] [INFO] Routes :: Mounting Web Routes...
[2022-10-29 12:59:32] [INFO] Booting the 'HTTP' middleware...
[2022-10-29 12:59:32] [INFO] Database :: Booting @ Master...
[2022-10-29 12:59:32] [INFO] Database :: Booting @ Master...
[2022-10-29 12:59:32] [INFO] Database :: connected...
[2022-10-29 12:59:32] [ERROR] Error: duplicate key value violates unique constraint "UQ_48c4ccd76d0f91e1b025b753032"
    at /mnt/c/Users/Roku/Documents/Work/Qwerty/boilerplate/typeScript/src/api/controllers/authentication/authentication.controller.ts:65:16
    at processTicksAndRejections (node:internal/process/task_queues:95:5)
[2022-10-29 12:59:32] [ERROR] Error: duplicate key value violates unique constraint "UQ_48c4ccd76d0f91e1b025b753032"
    at /mnt/c/Users/Roku/Documents/Work/Qwerty/boilerplate/typeScript/src/api/controllers/authentication/authentication.controller.ts:65:16
    at processTicksAndRejections (node:internal/process/task_queues:95:5)
[2022-10-29 12:59:32] [ERROR] Error: duplicate key value violates unique constraint "UQ_48c4ccd76d0f91e1b025b753032"
    at /mnt/c/Users/Roku/Documents/Work/Qwerty/boilerplate/typeScript/src/api/controllers/authentication/authentication.controller.ts:65:16
    at processTicksAndRejections (node:internal/process/task_queues:95:5)
[2022-10-29 13:0:53] [INFO] Routes :: Mounting doc Routes...
[2022-10-29 13:0:53] [INFO] Routes :: Mounting API Routes...
[2022-10-29 13:0:53] [INFO] Routes :: Mounting Web Routes...
[2022-10-29 13:0:53] [INFO] Booting the 'HTTP' middleware...
[2022-10-29 13:0:53] [INFO] Database :: Booting @ Master...
[2022-10-29 13:0:53] [INFO] Database :: Booting @ Master...
[2022-10-29 13:0:53] [INFO] Database :: connected...
[2022-10-29 13:2:38] [INFO] Routes :: Mounting doc Routes...
[2022-10-29 13:2:38] [INFO] Routes :: Mounting API Routes...
[2022-10-29 13:2:38] [INFO] Routes :: Mounting Web Routes...
[2022-10-29 13:2:38] [INFO] Booting the 'HTTP' middleware...
[2022-10-29 13:2:38] [INFO] Database :: Booting @ Master...
[2022-10-29 13:2:38] [INFO] Database :: Booting @ Master...
[2022-10-29 13:2:38] [INFO] Database :: connected...
[2022-10-29 13:3:49] [INFO] Routes :: Mounting doc Routes...
[2022-10-29 13:3:49] [INFO] Routes :: Mounting API Routes...
[2022-10-29 13:3:49] [INFO] Routes :: Mounting Web Routes...
[2022-10-29 13:3:49] [INFO] Booting the 'HTTP' middleware...
[2022-10-29 13:3:49] [INFO] Database :: Booting @ Master...
[2022-10-29 13:3:49] [INFO] Database :: Booting @ Master...
[2022-10-29 13:3:49] [INFO] Database :: connected...
[2022-10-29 13:5:12] [INFO] Routes :: Mounting doc Routes...
[2022-10-29 13:5:12] [INFO] Routes :: Mounting API Routes...
[2022-10-29 13:5:12] [INFO] Routes :: Mounting Web Routes...
[2022-10-29 13:5:12] [INFO] Booting the 'HTTP' middleware...
[2022-10-29 13:5:12] [INFO] Database :: Booting @ Master...
[2022-10-29 13:5:12] [INFO] Database :: Booting @ Master...
[2022-10-29 13:5:12] [INFO] Database :: connected...
[2022-10-29 13:9:37] [INFO] Routes :: Mounting doc Routes...
[2022-10-29 13:9:37] [INFO] Routes :: Mounting API Routes...
[2022-10-29 13:9:37] [INFO] Routes :: Mounting Web Routes...
[2022-10-29 13:9:37] [INFO] Booting the 'HTTP' middleware...
[2022-10-29 13:9:37] [INFO] Database :: Booting @ Master...
[2022-10-29 13:9:37] [INFO] Database :: Booting @ Master...
[2022-10-29 13:9:37] [INFO] Database :: connected...
[2022-10-29 13:31:46] [INFO] Routes :: Mounting doc Routes...
[2022-10-29 13:31:46] [INFO] Routes :: Mounting API Routes...
[2022-10-29 13:31:46] [INFO] Routes :: Mounting Web Routes...
[2022-10-29 13:31:46] [INFO] Booting the 'HTTP' middleware...
[2022-10-29 13:31:46] [INFO] Database :: Booting @ Master...
[2022-10-29 13:31:46] [INFO] Database :: Booting @ Master...
[2022-10-29 13:31:46] [INFO] Database :: connected...
[2022-10-29 13:50:23] [INFO] Routes :: Mounting doc Routes...
[2022-10-29 13:50:23] [INFO] Routes :: Mounting API Routes...
[2022-10-29 13:50:23] [INFO] Routes :: Mounting Web Routes...
[2022-10-29 13:50:23] [INFO] Booting the 'HTTP' middleware...
[2022-10-29 13:50:23] [INFO] Database :: Booting @ Master...
[2022-10-29 13:50:23] [INFO] Database :: Booting @ Master...
[2022-10-29 13:50:23] [INFO] Database :: connected...
[2022-10-29 13:55:38] [INFO] Routes :: Mounting doc Routes...
[2022-10-29 13:55:38] [INFO] Routes :: Mounting API Routes...
[2022-10-29 13:55:38] [INFO] Routes :: Mounting Web Routes...
[2022-10-29 13:55:38] [INFO] Booting the 'HTTP' middleware...
[2022-10-29 13:55:38] [INFO] Database :: Booting @ Master...
[2022-10-29 13:55:38] [INFO] Database :: Booting @ Master...
[2022-10-29 13:55:38] [INFO] Database :: connected...
[2022-10-29 13:58:25] [INFO] Routes :: Mounting doc Routes...
[2022-10-29 13:58:25] [INFO] Routes :: Mounting API Routes...
[2022-10-29 13:58:25] [INFO] Routes :: Mounting Web Routes...
[2022-10-29 13:58:25] [INFO] Booting the 'HTTP' middleware...
[2022-10-29 13:58:25] [INFO] Database :: Booting @ Master...
[2022-10-29 13:58:25] [INFO] Database :: Booting @ Master...
[2022-10-29 13:58:25] [INFO] Database :: connected...
[2022-10-29 14:15:32] [INFO] Routes :: Mounting doc Routes...
[2022-10-29 14:15:32] [INFO] Routes :: Mounting API Routes...
[2022-10-29 14:15:32] [INFO] Routes :: Mounting Web Routes...
[2022-10-29 14:15:32] [INFO] Booting the 'HTTP' middleware...
[2022-10-29 14:15:32] [INFO] Database :: Booting @ Master...
[2022-10-29 14:15:32] [INFO] Database :: Booting @ Master...
[2022-10-29 14:15:32] [INFO] Database :: connected...
[2022-10-29 14:20:14] [INFO] Routes :: Mounting doc Routes...
[2022-10-29 14:20:14] [INFO] Routes :: Mounting API Routes...
[2022-10-29 14:20:14] [INFO] Routes :: Mounting Web Routes...
[2022-10-29 14:20:14] [INFO] Booting the 'HTTP' middleware...
[2022-10-29 14:20:14] [INFO] Database :: Booting @ Master...
[2022-10-29 14:20:14] [INFO] Database :: Booting @ Master...
[2022-10-29 14:20:14] [INFO] Database :: connected...
[2022-10-29 14:23:9] [INFO] Routes :: Mounting doc Routes...
[2022-10-29 14:23:9] [INFO] Routes :: Mounting API Routes...
[2022-10-29 14:23:9] [INFO] Routes :: Mounting Web Routes...
[2022-10-29 14:23:9] [INFO] Booting the 'HTTP' middleware...
[2022-10-29 14:23:9] [INFO] Database :: Booting @ Master...
[2022-10-29 14:23:9] [INFO] Database :: Booting @ Master...
[2022-10-29 14:23:9] [INFO] Database :: connected...
[2022-10-29 14:25:1] [INFO] Routes :: Mounting doc Routes...
[2022-10-29 14:25:1] [INFO] Routes :: Mounting API Routes...
[2022-10-29 14:25:1] [INFO] Routes :: Mounting Web Routes...
[2022-10-29 14:25:1] [INFO] Booting the 'HTTP' middleware...
[2022-10-29 14:25:1] [INFO] Database :: Booting @ Master...
[2022-10-29 14:25:1] [INFO] Database :: Booting @ Master...
[2022-10-29 14:25:1] [INFO] Database :: connected...
[2022-10-29 14:28:38] [INFO] Routes :: Mounting doc Routes...
[2022-10-29 14:28:38] [INFO] Routes :: Mounting API Routes...
[2022-10-29 14:28:38] [INFO] Routes :: Mounting Web Routes...
[2022-10-29 14:28:38] [INFO] Booting the 'HTTP' middleware...
[2022-10-29 14:28:38] [INFO] Database :: Booting @ Master...
[2022-10-29 14:28:38] [INFO] Database :: Booting @ Master...
[2022-10-29 14:28:38] [INFO] Database :: connected...
[2022-10-29 14:30:7] [INFO] Routes :: Mounting doc Routes...
[2022-10-29 14:30:7] [INFO] Routes :: Mounting API Routes...
[2022-10-29 14:30:7] [INFO] Routes :: Mounting Web Routes...
[2022-10-29 14:30:7] [INFO] Booting the 'HTTP' middleware...
[2022-10-29 14:30:7] [INFO] Database :: Booting @ Master...
[2022-10-29 14:30:7] [INFO] Database :: Booting @ Master...
[2022-10-29 14:30:7] [INFO] Database :: connected...
[2022-10-29 14:30:7] [ERROR] Path '/mnt/c/Users/Roku/Documents/Work/Qwerty/boilerplate/typeScript/src/public/favicon.ico' not found [IP: '::1']!
[2022-10-29 14:59:19] [INFO] Routes :: Mounting doc Routes...
[2022-10-29 14:59:19] [INFO] Routes :: Mounting API Routes...
[2022-10-29 14:59:19] [INFO] Routes :: Mounting Web Routes...
[2022-10-29 14:59:19] [INFO] Booting the 'HTTP' middleware...
[2022-10-29 14:59:19] [INFO] Database :: Booting @ Master...
[2022-10-29 14:59:19] [INFO] Database :: Booting @ Master...
[2022-10-29 14:59:19] [INFO] Database :: connected...
[2022-10-29 15:4:18] [INFO] Routes :: Mounting doc Routes...
[2022-10-29 15:4:18] [INFO] Routes :: Mounting API Routes...
[2022-10-29 15:4:18] [INFO] Routes :: Mounting Web Routes...
[2022-10-29 15:4:18] [INFO] Booting the 'HTTP' middleware...
[2022-10-29 15:4:18] [INFO] Database :: Booting @ Master...
[2022-10-29 15:4:18] [INFO] Database :: Booting @ Master...
[2022-10-29 15:4:18] [INFO] Database :: connected...
[2022-10-29 15:8:24] [INFO] Routes :: Mounting doc Routes...
[2022-10-29 15:8:24] [INFO] Routes :: Mounting API Routes...
[2022-10-29 15:8:24] [INFO] Routes :: Mounting Web Routes...
[2022-10-29 15:8:24] [INFO] Booting the 'HTTP' middleware...
[2022-10-29 15:8:24] [INFO] Database :: Booting @ Master...
[2022-10-29 15:8:24] [INFO] Database :: Booting @ Master...
[2022-10-29 15:8:24] [INFO] Database :: connected...
[2022-10-29 15:10:2] [INFO] Routes :: Mounting doc Routes...
[2022-10-29 15:10:2] [INFO] Routes :: Mounting API Routes...
[2022-10-29 15:10:2] [INFO] Routes :: Mounting Web Routes...
[2022-10-29 15:10:2] [INFO] Booting the 'HTTP' middleware...
[2022-10-29 15:10:2] [INFO] Database :: Booting @ Master...
[2022-10-29 15:10:2] [INFO] Database :: Booting @ Master...
[2022-10-29 15:10:2] [INFO] Database :: connected...
[2022-10-29 15:14:20] [INFO] Routes :: Mounting doc Routes...
[2022-10-29 15:14:20] [INFO] Routes :: Mounting API Routes...
[2022-10-29 15:14:20] [INFO] Routes :: Mounting Web Routes...
[2022-10-29 15:14:20] [INFO] Booting the 'HTTP' middleware...
[2022-10-29 15:14:20] [INFO] Database :: Booting @ Master...
[2022-10-29 15:14:20] [INFO] Database :: Booting @ Master...
[2022-10-29 15:14:20] [INFO] Database :: connected...
[2022-10-29 15:17:54] [INFO] Routes :: Mounting doc Routes...
[2022-10-29 15:17:54] [INFO] Routes :: Mounting Web Routes...
[2022-10-29 15:17:54] [INFO] Routes :: Mounting API Routes...
[2022-10-29 15:17:54] [INFO] Booting the 'HTTP' middleware...
[2022-10-29 15:17:54] [INFO] Database :: Booting @ Master...
[2022-10-29 15:17:54] [INFO] Database :: Booting @ Master...
[2022-10-29 15:17:54] [INFO] Database :: connected...
[2022-10-29 15:21:6] [INFO] Routes :: Mounting doc Routes...
[2022-10-29 15:21:6] [INFO] Routes :: Mounting API Routes...
[2022-10-29 15:21:6] [INFO] Routes :: Mounting Web Routes...
[2022-10-29 15:21:6] [INFO] Booting the 'HTTP' middleware...
[2022-10-29 15:21:6] [INFO] Database :: Booting @ Master...
[2022-10-29 15:21:6] [INFO] Database :: Booting @ Master...
[2022-10-29 15:21:6] [INFO] Database :: connected...
[2022-10-29 18:0:38] [INFO] Routes :: Mounting doc Routes...
[2022-10-29 18:0:38] [INFO] Routes :: Mounting API Routes...
[2022-10-29 18:0:38] [INFO] Routes :: Mounting Web Routes...
[2022-10-29 18:0:38] [INFO] Booting the 'HTTP' middleware...
[2022-10-29 18:0:38] [INFO] Database :: Booting @ Master...
[2022-10-29 18:0:38] [INFO] Database :: Booting @ Master...
[2022-10-29 18:0:38] [INFO] Database :: connected...
[2022-10-29 18:2:20] [INFO] Routes :: Mounting doc Routes...
[2022-10-29 18:2:20] [INFO] Routes :: Mounting API Routes...
[2022-10-29 18:2:20] [INFO] Routes :: Mounting Web Routes...
[2022-10-29 18:2:20] [INFO] Booting the 'HTTP' middleware...
[2022-10-29 18:2:20] [INFO] Database :: Booting @ Master...
[2022-10-29 18:2:20] [INFO] Database :: Booting @ Master...
[2022-10-29 18:2:20] [INFO] Database :: connected...
[2022-10-29 18:4:37] [INFO] Routes :: Mounting doc Routes...
[2022-10-29 18:4:37] [INFO] Routes :: Mounting API Routes...
[2022-10-29 18:4:37] [INFO] Routes :: Mounting Web Routes...
[2022-10-29 18:4:37] [INFO] Booting the 'HTTP' middleware...
[2022-10-29 18:4:37] [INFO] Database :: Booting @ Master...
[2022-10-29 18:4:37] [INFO] Database :: Booting @ Master...
[2022-10-29 18:4:37] [INFO] Database :: connected...
[2022-10-29 18:8:12] [INFO] Routes :: Mounting doc Routes...
[2022-10-29 18:8:12] [INFO] Routes :: Mounting API Routes...
[2022-10-29 18:8:12] [INFO] Routes :: Mounting Web Routes...
[2022-10-29 18:8:12] [INFO] Booting the 'HTTP' middleware...
[2022-10-29 18:8:12] [INFO] Database :: Booting @ Master...
[2022-10-29 18:8:12] [INFO] Database :: Booting @ Master...
[2022-10-29 18:8:12] [INFO] Database :: connected...
[2022-10-29 18:10:36] [INFO] Routes :: Mounting doc Routes...
[2022-10-29 18:10:36] [INFO] Routes :: Mounting API Routes...
[2022-10-29 18:10:36] [INFO] Routes :: Mounting Web Routes...
[2022-10-29 18:10:36] [INFO] Booting the 'HTTP' middleware...
[2022-10-29 18:10:36] [INFO] Database :: Booting @ Master...
[2022-10-29 18:10:36] [INFO] Database :: Booting @ Master...
[2022-10-29 18:10:36] [INFO] Database :: connected...
[2022-10-29 18:14:44] [INFO] Routes :: Mounting doc Routes...
[2022-10-29 18:14:44] [INFO] Routes :: Mounting API Routes...
[2022-10-29 18:14:44] [INFO] Routes :: Mounting Web Routes...
[2022-10-29 18:14:44] [INFO] Booting the 'HTTP' middleware...
[2022-10-29 18:14:44] [INFO] Database :: Booting @ Master...
[2022-10-29 18:14:44] [INFO] Database :: Booting @ Master...
[2022-10-29 18:14:44] [INFO] Database :: connected...
[2022-10-29 18:25:23] [INFO] Routes :: Mounting doc Routes...
[2022-10-29 18:25:23] [INFO] Routes :: Mounting Web Routes...
[2022-10-29 18:25:23] [INFO] Routes :: Mounting API Routes...
[2022-10-29 18:25:23] [INFO] Booting the 'HTTP' middleware...
[2022-10-29 18:25:23] [INFO] Database :: Booting @ Master...
[2022-10-29 18:25:23] [INFO] Database :: Booting @ Master...
[2022-10-29 18:25:23] [INFO] Database :: connected...
[2022-10-29 18:28:8] [INFO] Routes :: Mounting doc Routes...
[2022-10-29 18:28:8] [INFO] Routes :: Mounting API Routes...
[2022-10-29 18:28:8] [INFO] Routes :: Mounting Web Routes...
[2022-10-29 18:28:8] [INFO] Booting the 'HTTP' middleware...
[2022-10-29 18:28:8] [INFO] Database :: Booting @ Master...
[2022-10-29 18:28:8] [INFO] Database :: Booting @ Master...
[2022-10-29 18:28:8] [INFO] Database :: connected...
[2022-10-29 18:30:15] [INFO] Routes :: Mounting doc Routes...
[2022-10-29 18:30:15] [INFO] Routes :: Mounting API Routes...
[2022-10-29 18:30:15] [INFO] Routes :: Mounting Web Routes...
[2022-10-29 18:30:15] [INFO] Booting the 'HTTP' middleware...
[2022-10-29 18:30:15] [INFO] Database :: Booting @ Master...
[2022-10-29 18:30:15] [INFO] Database :: Booting @ Master...
[2022-10-29 18:30:15] [INFO] Database :: connected...
[2022-10-29 18:31:18] [INFO] Routes :: Mounting doc Routes...
[2022-10-29 18:31:18] [INFO] Routes :: Mounting API Routes...
[2022-10-29 18:31:18] [INFO] Routes :: Mounting Web Routes...
[2022-10-29 18:31:18] [INFO] Booting the 'HTTP' middleware...
[2022-10-29 18:31:18] [INFO] Database :: Booting @ Master...
[2022-10-29 18:31:18] [INFO] Database :: Booting @ Master...
[2022-10-29 18:31:18] [INFO] Database :: connected...
[2022-10-29 18:32:29] [INFO] Routes :: Mounting doc Routes...
[2022-10-29 18:32:29] [INFO] Routes :: Mounting API Routes...
[2022-10-29 18:32:29] [INFO] Routes :: Mounting Web Routes...
[2022-10-29 18:32:29] [INFO] Booting the 'HTTP' middleware...
[2022-10-29 18:32:29] [INFO] Database :: Booting @ Master...
[2022-10-29 18:32:29] [INFO] Database :: Booting @ Master...
[2022-10-29 18:32:29] [INFO] Database :: connected...
[2022-10-29 18:38:1] [INFO] Routes :: Mounting doc Routes...
[2022-10-29 18:38:1] [INFO] Routes :: Mounting Web Routes...
[2022-10-29 18:38:1] [INFO] Routes :: Mounting API Routes...
[2022-10-29 18:38:1] [INFO] Booting the 'HTTP' middleware...
[2022-10-29 18:38:1] [INFO] Database :: Booting @ Master...
[2022-10-29 18:38:1] [INFO] Database :: Booting @ Master...
[2022-10-29 18:38:1] [INFO] Database :: connected...
[2022-10-29 18:38:54] [INFO] Routes :: Mounting doc Routes...
[2022-10-29 18:38:54] [INFO] Routes :: Mounting API Routes...
[2022-10-29 18:38:54] [INFO] Routes :: Mounting Web Routes...
[2022-10-29 18:38:54] [INFO] Booting the 'HTTP' middleware...
[2022-10-29 18:38:54] [INFO] Database :: Booting @ Master...
[2022-10-29 18:38:54] [INFO] Database :: Booting @ Master...
[2022-10-29 18:38:54] [INFO] Database :: connected...
[2022-10-29 18:42:5] [INFO] Routes :: Mounting doc Routes...
[2022-10-29 18:42:5] [INFO] Routes :: Mounting Web Routes...
[2022-10-29 18:42:5] [INFO] Routes :: Mounting API Routes...
[2022-10-29 18:42:5] [INFO] Booting the 'HTTP' middleware...
[2022-10-29 18:42:5] [INFO] Database :: Booting @ Master...
[2022-10-29 18:42:5] [INFO] Database :: Booting @ Master...
[2022-10-29 18:42:5] [INFO] Database :: connected...
[2022-10-29 18:43:22] [INFO] Routes :: Mounting doc Routes...
[2022-10-29 18:43:22] [INFO] Routes :: Mounting API Routes...
[2022-10-29 18:43:22] [INFO] Routes :: Mounting Web Routes...
[2022-10-29 18:43:22] [INFO] Booting the 'HTTP' middleware...
[2022-10-29 18:43:22] [INFO] Database :: Booting @ Master...
[2022-10-29 18:43:22] [INFO] Database :: Booting @ Master...
[2022-10-29 18:43:22] [INFO] Database :: connected...
[2022-10-29 18:44:33] [INFO] Routes :: Mounting doc Routes...
[2022-10-29 18:44:33] [INFO] Routes :: Mounting API Routes...
[2022-10-29 18:44:33] [INFO] Routes :: Mounting Web Routes...
[2022-10-29 18:44:33] [INFO] Booting the 'HTTP' middleware...
[2022-10-29 18:44:33] [INFO] Database :: Booting @ Master...
[2022-10-29 18:44:33] [INFO] Database :: Booting @ Master...
[2022-10-29 18:44:33] [INFO] Database :: connected...
[2022-10-29 18:47:11] [INFO] Routes :: Mounting doc Routes...
[2022-10-29 18:47:11] [INFO] Routes :: Mounting API Routes...
[2022-10-29 18:47:11] [INFO] Routes :: Mounting Web Routes...
[2022-10-29 18:47:11] [INFO] Booting the 'HTTP' middleware...
[2022-10-29 18:47:11] [INFO] Database :: Booting @ Master...
[2022-10-29 18:47:11] [INFO] Database :: Booting @ Master...
[2022-10-29 18:47:11] [INFO] Database :: connected...
[2022-10-29 18:48:0] [INFO] Routes :: Mounting doc Routes...
[2022-10-29 18:48:0] [INFO] Routes :: Mounting API Routes...
[2022-10-29 18:48:0] [INFO] Routes :: Mounting Web Routes...
[2022-10-29 18:48:0] [INFO] Booting the 'HTTP' middleware...
[2022-10-29 18:48:0] [INFO] Database :: Booting @ Master...
[2022-10-29 18:48:0] [INFO] Database :: Booting @ Master...
[2022-10-29 18:48:0] [INFO] Database :: connected...
[2022-10-29 18:56:11] [INFO] Routes :: Mounting API Routes...
[2022-10-29 18:56:11] [INFO] Routes :: Mounting doc Routes...
[2022-10-29 18:56:11] [INFO] Routes :: Mounting Web Routes...
[2022-10-29 18:56:11] [INFO] Booting the 'HTTP' middleware...
[2022-10-29 18:56:11] [INFO] Database :: Booting @ Master...
[2022-10-29 18:56:11] [INFO] Database :: Booting @ Master...
[2022-10-29 18:56:11] [INFO] Database :: connected...
[2022-10-29 19:0:13] [INFO] Routes :: Mounting doc Routes...
[2022-10-29 19:0:13] [INFO] Routes :: Mounting API Routes...
[2022-10-29 19:0:13] [INFO] Routes :: Mounting Web Routes...
[2022-10-29 19:0:13] [INFO] Booting the 'HTTP' middleware...
[2022-10-29 19:0:13] [INFO] Database :: Booting @ Master...
[2022-10-29 19:0:13] [INFO] Database :: Booting @ Master...
[2022-10-29 19:0:13] [INFO] Database :: connected...
[2022-10-29 19:13:27] [INFO] Routes :: Mounting doc Routes...
[2022-10-29 19:13:27] [INFO] Routes :: Mounting API Routes...
[2022-10-29 19:13:27] [INFO] Routes :: Mounting Web Routes...
[2022-10-29 19:13:27] [INFO] Booting the 'HTTP' middleware...
[2022-10-29 19:13:27] [INFO] Database :: Booting @ Master...
[2022-10-29 19:13:27] [INFO] Database :: Booting @ Master...
[2022-10-29 19:13:27] [INFO] Database :: connected...
[2022-10-29 19:15:9] [INFO] Routes :: Mounting doc Routes...
[2022-10-29 19:15:9] [INFO] Routes :: Mounting API Routes...
[2022-10-29 19:15:9] [INFO] Routes :: Mounting Web Routes...
[2022-10-29 19:15:9] [INFO] Booting the 'HTTP' middleware...
[2022-10-29 19:15:9] [INFO] Database :: Booting @ Master...
[2022-10-29 19:15:9] [INFO] Database :: Booting @ Master...
[2022-10-29 19:15:9] [INFO] Database :: connected...
[2022-10-29 19:19:23] [INFO] Routes :: Mounting doc Routes...
[2022-10-29 19:19:23] [INFO] Routes :: Mounting Web Routes...
[2022-10-29 19:19:23] [INFO] Routes :: Mounting API Routes...
[2022-10-29 19:19:23] [INFO] Booting the 'HTTP' middleware...
[2022-10-29 19:19:23] [INFO] Database :: Booting @ Master...
[2022-10-29 19:19:23] [INFO] Database :: Booting @ Master...
[2022-10-29 19:19:23] [INFO] Database :: connected...
[2022-10-29 19:20:28] [INFO] Routes :: Mounting doc Routes...
[2022-10-29 19:20:28] [INFO] Routes :: Mounting API Routes...
[2022-10-29 19:20:28] [INFO] Routes :: Mounting Web Routes...
[2022-10-29 19:20:28] [INFO] Booting the 'HTTP' middleware...
[2022-10-29 19:20:28] [INFO] Database :: Booting @ Master...
[2022-10-29 19:20:28] [INFO] Database :: Booting @ Master...
[2022-10-29 19:20:28] [INFO] Database :: connected...
[2022-10-29 19:21:35] [INFO] Routes :: Mounting doc Routes...
[2022-10-29 19:21:35] [INFO] Routes :: Mounting API Routes...
[2022-10-29 19:21:35] [INFO] Routes :: Mounting Web Routes...
[2022-10-29 19:21:35] [INFO] Booting the 'HTTP' middleware...
[2022-10-29 19:21:35] [INFO] Database :: Booting @ Master...
[2022-10-29 19:21:35] [INFO] Database :: Booting @ Master...
[2022-10-29 19:21:35] [INFO] Database :: connected...
[2022-10-29 19:23:57] [INFO] Routes :: Mounting doc Routes...
[2022-10-29 19:23:57] [INFO] Routes :: Mounting API Routes...
[2022-10-29 19:23:57] [INFO] Routes :: Mounting Web Routes...
[2022-10-29 19:23:57] [INFO] Booting the 'HTTP' middleware...
[2022-10-29 19:23:57] [INFO] Database :: Booting @ Master...
[2022-10-29 19:23:57] [INFO] Database :: Booting @ Master...
[2022-10-29 19:23:57] [INFO] Database :: connected...
[2022-10-29 19:25:37] [INFO] Routes :: Mounting doc Routes...
[2022-10-29 19:25:37] [INFO] Routes :: Mounting API Routes...
[2022-10-29 19:25:37] [INFO] Routes :: Mounting Web Routes...
[2022-10-29 19:25:37] [INFO] Booting the 'HTTP' middleware...
[2022-10-29 19:25:37] [INFO] Database :: Booting @ Master...
[2022-10-29 19:25:37] [INFO] Database :: Booting @ Master...
[2022-10-29 19:25:37] [INFO] Database :: connected...
[2022-10-29 19:31:13] [INFO] Routes :: Mounting doc Routes...
[2022-10-29 19:31:13] [INFO] Routes :: Mounting API Routes...
[2022-10-29 19:31:13] [INFO] Routes :: Mounting Web Routes...
[2022-10-29 19:31:13] [INFO] Booting the 'HTTP' middleware...
[2022-10-29 19:31:13] [INFO] Database :: Booting @ Master...
[2022-10-29 19:31:13] [INFO] Database :: Booting @ Master...
[2022-10-29 19:31:13] [INFO] Database :: connected...
[2022-10-29 19:36:35] [INFO] Routes :: Mounting doc Routes...
[2022-10-29 19:36:35] [INFO] Routes :: Mounting Web Routes...
[2022-10-29 19:36:35] [INFO] Routes :: Mounting API Routes...
[2022-10-29 19:36:35] [INFO] Booting the 'HTTP' middleware...
[2022-10-29 19:36:35] [INFO] Database :: Booting @ Master...
[2022-10-29 19:36:35] [INFO] Database :: Booting @ Master...
[2022-10-29 19:36:35] [INFO] Database :: connected...
[2022-10-29 19:38:30] [INFO] Routes :: Mounting doc Routes...
[2022-10-29 19:38:30] [INFO] Routes :: Mounting API Routes...
[2022-10-29 19:38:30] [INFO] Routes :: Mounting Web Routes...
[2022-10-29 19:38:30] [INFO] Booting the 'HTTP' middleware...
[2022-10-29 19:38:30] [INFO] Database :: Booting @ Master...
[2022-10-29 19:38:30] [INFO] Database :: Booting @ Master...
[2022-10-29 19:38:30] [INFO] Database :: connected...
[2022-10-29 19:40:51] [INFO] Routes :: Mounting doc Routes...
[2022-10-29 19:40:51] [INFO] Routes :: Mounting API Routes...
[2022-10-29 19:40:51] [INFO] Routes :: Mounting Web Routes...
[2022-10-29 19:40:51] [INFO] Booting the 'HTTP' middleware...
[2022-10-29 19:40:51] [INFO] Database :: Booting @ Master...
[2022-10-29 19:40:51] [INFO] Database :: Booting @ Master...
[2022-10-29 19:40:51] [INFO] Database :: connected...
[2022-10-29 19:42:50] [INFO] Routes :: Mounting doc Routes...
[2022-10-29 19:42:50] [INFO] Routes :: Mounting API Routes...
[2022-10-29 19:42:50] [INFO] Routes :: Mounting Web Routes...
[2022-10-29 19:42:50] [INFO] Booting the 'HTTP' middleware...
[2022-10-29 19:42:50] [INFO] Database :: Booting @ Master...
[2022-10-29 19:42:50] [INFO] Database :: Booting @ Master...
[2022-10-29 19:42:50] [INFO] Database :: connected...
[2022-10-29 19:49:1] [INFO] Routes :: Mounting doc Routes...
[2022-10-29 19:49:1] [INFO] Routes :: Mounting API Routes...
[2022-10-29 19:49:1] [INFO] Routes :: Mounting Web Routes...
[2022-10-29 19:49:1] [INFO] Booting the 'HTTP' middleware...
[2022-10-29 19:49:1] [INFO] Database :: Booting @ Master...
[2022-10-29 19:49:1] [INFO] Database :: Booting @ Master...
[2022-10-29 19:49:1] [INFO] Database :: connected...
[2022-10-29 19:50:23] [INFO] Routes :: Mounting doc Routes...
[2022-10-29 19:50:23] [INFO] Routes :: Mounting API Routes...
[2022-10-29 19:50:23] [INFO] Routes :: Mounting Web Routes...
[2022-10-29 19:50:23] [INFO] Booting the 'HTTP' middleware...
[2022-10-29 19:50:23] [INFO] Database :: Booting @ Master...
[2022-10-29 19:50:23] [INFO] Database :: Booting @ Master...
[2022-10-29 19:50:23] [INFO] Database :: connected...
[2022-10-29 19:51:25] [INFO] Routes :: Mounting doc Routes...
[2022-10-29 19:51:25] [INFO] Routes :: Mounting API Routes...
[2022-10-29 19:51:25] [INFO] Routes :: Mounting Web Routes...
[2022-10-29 19:51:25] [INFO] Booting the 'HTTP' middleware...
[2022-10-29 19:51:25] [INFO] Database :: Booting @ Master...
[2022-10-29 19:51:25] [INFO] Database :: Booting @ Master...
[2022-10-29 19:51:25] [INFO] Database :: connected...
[2022-10-29 19:57:1] [INFO] Routes :: Mounting doc Routes...
[2022-10-29 19:57:1] [INFO] Routes :: Mounting API Routes...
[2022-10-29 19:57:1] [INFO] Routes :: Mounting Web Routes...
[2022-10-29 19:57:1] [INFO] Booting the 'HTTP' middleware...
[2022-10-29 19:57:1] [INFO] Database :: Booting @ Master...
[2022-10-29 19:57:1] [INFO] Database :: Booting @ Master...
[2022-10-29 19:57:1] [INFO] Database :: connected...
[2022-10-29 20:6:29] [INFO] Routes :: Mounting doc Routes...
[2022-10-29 20:6:29] [INFO] Routes :: Mounting API Routes...
[2022-10-29 20:6:29] [INFO] Routes :: Mounting Web Routes...
[2022-10-29 20:6:29] [INFO] Booting the 'HTTP' middleware...
[2022-10-29 20:6:29] [INFO] Database :: Booting @ Master...
[2022-10-29 20:6:29] [INFO] Database :: Booting @ Master...
[2022-10-29 20:6:29] [INFO] Database :: connected...
[2022-10-29 20:7:37] [INFO] Routes :: Mounting doc Routes...
[2022-10-29 20:7:37] [INFO] Routes :: Mounting API Routes...
[2022-10-29 20:7:37] [INFO] Routes :: Mounting Web Routes...
[2022-10-29 20:7:37] [INFO] Booting the 'HTTP' middleware...
[2022-10-29 20:7:37] [INFO] Database :: Booting @ Master...
[2022-10-29 20:7:37] [INFO] Database :: Booting @ Master...
[2022-10-29 20:7:37] [INFO] Database :: connected...
[2022-10-29 20:8:45] [INFO] Routes :: Mounting doc Routes...
[2022-10-29 20:8:45] [INFO] Routes :: Mounting API Routes...
[2022-10-29 20:8:45] [INFO] Routes :: Mounting Web Routes...
[2022-10-29 20:8:45] [INFO] Booting the 'HTTP' middleware...
[2022-10-29 20:8:45] [INFO] Database :: Booting @ Master...
[2022-10-29 20:8:45] [INFO] Database :: Booting @ Master...
[2022-10-29 20:8:45] [INFO] Database :: connected...
[2022-10-29 20:10:21] [INFO] Routes :: Mounting doc Routes...
[2022-10-29 20:10:21] [INFO] Routes :: Mounting API Routes...
[2022-10-29 20:10:21] [INFO] Routes :: Mounting Web Routes...
[2022-10-29 20:10:21] [INFO] Booting the 'HTTP' middleware...
[2022-10-29 20:10:21] [INFO] Database :: Booting @ Master...
[2022-10-29 20:10:21] [INFO] Database :: Booting @ Master...
[2022-10-29 20:10:21] [INFO] Database :: connected...
