[2022-8-2 11:43:41] [INFO] Routes :: Mounting doc Routes...
[2022-8-2 11:43:41] [INFO] Routes :: Mounting API Routes...
[2022-8-2 11:43:41] [INFO] Booting the 'HTTP' middleware...
[2022-8-2 11:43:41] [INFO] Database :: Booting @ Master...
[2022-8-2 11:43:41] [INFO] Routes :: Mounting Web Routes...
[2022-8-2 11:43:41] [INFO] Database :: Booting @ Master...
[2022-8-2 11:45:10] [INFO] Routes :: Mounting doc Routes...
[2022-8-2 11:45:10] [INFO] Routes :: Mounting API Routes...
[2022-8-2 11:45:10] [INFO] Routes :: Mounting Web Routes...
[2022-8-2 11:45:10] [INFO] Booting the 'HTTP' middleware...
[2022-8-2 11:45:10] [INFO] Database :: Booting @ Master...
[2022-8-2 11:45:10] [INFO] Database :: Booting @ Master...
[2022-8-2 11:46:0] [INFO] Routes :: Mounting doc Routes...
[2022-8-2 11:46:0] [INFO] Routes :: Mounting API Routes...
[2022-8-2 11:46:0] [INFO] Booting the 'HTTP' middleware...
[2022-8-2 11:46:0] [INFO] Database :: Booting @ Master...
[2022-8-2 11:46:0] [INFO] Routes :: Mounting Web Routes...
[2022-8-2 11:46:0] [INFO] Database :: Booting @ Master...
[2022-8-2 11:46:23] [INFO] Routes :: Mounting doc Routes...
[2022-8-2 11:46:23] [INFO] Routes :: Mounting Web Routes...
[2022-8-2 11:46:23] [INFO] Booting the 'HTTP' middleware...
[2022-8-2 11:46:23] [INFO] Routes :: Mounting API Routes...
[2022-8-2 11:46:23] [INFO] Database :: Booting @ Master...
[2022-8-2 11:46:23] [INFO] Database :: Booting @ Master...
[2022-8-2 11:47:22] [INFO] Routes :: Mounting doc Routes...
[2022-8-2 11:47:22] [INFO] Routes :: Mounting API Routes...
[2022-8-2 11:47:22] [INFO] Routes :: Mounting Web Routes...
[2022-8-2 11:47:22] [INFO] Database :: Booting @ Master...
[2022-8-2 11:47:22] [INFO] Booting the 'HTTP' middleware...
[2022-8-2 11:47:22] [INFO] Database :: Booting @ Master...
[2022-8-2 11:48:1] [INFO] Routes :: Mounting doc Routes...
[2022-8-2 11:48:1] [INFO] Routes :: Mounting API Routes...
[2022-8-2 11:48:1] [INFO] Booting the 'HTTP' middleware...
[2022-8-2 11:48:1] [INFO] Routes :: Mounting Web Routes...
[2022-8-2 11:48:1] [INFO] Database :: Booting @ Master...
[2022-8-2 11:48:1] [INFO] Database :: Booting @ Master...
[2022-8-2 11:48:8] [INFO] Routes :: Mounting doc Routes...
[2022-8-2 11:48:8] [INFO] Routes :: Mounting API Routes...
[2022-8-2 11:48:8] [INFO] Routes :: Mounting Web Routes...
[2022-8-2 11:48:8] [INFO] Booting the 'HTTP' middleware...
[2022-8-2 11:48:8] [INFO] Database :: Booting @ Master...
[2022-8-2 11:48:8] [INFO] Database :: Booting @ Master...
[2022-8-2 11:48:20] [INFO] Routes :: Mounting doc Routes...
[2022-8-2 11:48:20] [INFO] Routes :: Mounting API Routes...
[2022-8-2 11:48:20] [INFO] Routes :: Mounting Web Routes...
[2022-8-2 11:48:20] [INFO] Database :: Booting @ Master...
[2022-8-2 11:48:20] [INFO] Booting the 'HTTP' middleware...
[2022-8-2 11:48:20] [INFO] Database :: Booting @ Master...
[2022-8-2 11:49:1] [INFO] Routes :: Mounting doc Routes...
[2022-8-2 11:49:1] [INFO] Routes :: Mounting API Routes...
[2022-8-2 11:49:1] [INFO] Routes :: Mounting Web Routes...
[2022-8-2 11:49:1] [INFO] Booting the 'HTTP' middleware...
[2022-8-2 11:49:1] [INFO] Database :: Booting @ Master...
[2022-8-2 11:49:1] [INFO] Database :: Booting @ Master...
[2022-8-2 11:49:10] [INFO] Routes :: Mounting doc Routes...
[2022-8-2 11:49:10] [INFO] Routes :: Mounting API Routes...
[2022-8-2 11:49:10] [INFO] Routes :: Mounting Web Routes...
[2022-8-2 11:49:10] [INFO] Booting the 'HTTP' middleware...
[2022-8-2 11:49:10] [INFO] Database :: Booting @ Master...
[2022-8-2 11:49:10] [INFO] Database :: Booting @ Master...
[2022-8-2 11:50:14] [INFO] Routes :: Mounting doc Routes...
[2022-8-2 11:50:14] [INFO] Routes :: Mounting API Routes...
[2022-8-2 11:50:14] [INFO] Routes :: Mounting Web Routes...
[2022-8-2 11:50:14] [INFO] Booting the 'HTTP' middleware...
[2022-8-2 11:50:14] [INFO] Database :: Booting @ Master...
[2022-8-2 11:50:14] [INFO] Database :: Booting @ Master...
[2022-8-2 11:50:29] [INFO] Routes :: Mounting doc Routes...
[2022-8-2 11:50:29] [INFO] Routes :: Mounting API Routes...
[2022-8-2 11:50:29] [INFO] Routes :: Mounting Web Routes...
[2022-8-2 11:50:29] [INFO] Booting the 'HTTP' middleware...
[2022-8-2 11:50:29] [INFO] Database :: Booting @ Master...
[2022-8-2 11:50:29] [INFO] Database :: Booting @ Master...
[2022-8-2 14:40:0] [INFO] Routes :: Mounting doc Routes...
[2022-8-2 14:40:0] [INFO] Routes :: Mounting API Routes...
[2022-8-2 14:40:0] [INFO] Routes :: Mounting Web Routes...
[2022-8-2 14:40:0] [INFO] Database :: Booting @ Master...
[2022-8-2 14:40:0] [INFO] Booting the 'HTTP' middleware...
[2022-8-2 14:40:0] [INFO] Database :: Booting @ Master...
[2022-8-2 14:40:24] [INFO] Routes :: Mounting API Routes...
[2022-8-2 14:40:24] [INFO] Routes :: Mounting doc Routes...
[2022-8-2 14:40:24] [INFO] Routes :: Mounting Web Routes...
[2022-8-2 14:40:24] [INFO] Database :: Booting @ Master...
[2022-8-2 14:40:24] [INFO] Booting the 'HTTP' middleware...
[2022-8-2 14:40:24] [INFO] Database :: Booting @ Master...
[2022-8-2 14:40:55] [INFO] Routes :: Mounting doc Routes...
[2022-8-2 14:40:55] [INFO] Routes :: Mounting API Routes...
[2022-8-2 14:40:55] [INFO] Database :: Booting @ Master...
[2022-8-2 14:40:55] [INFO] Routes :: Mounting Web Routes...
[2022-8-2 14:40:55] [INFO] Booting the 'HTTP' middleware...
[2022-8-2 14:40:55] [INFO] Database :: Booting @ Master...
[2022-8-2 14:41:51] [INFO] Routes :: Mounting doc Routes...
[2022-8-2 14:41:51] [INFO] Routes :: Mounting API Routes...
[2022-8-2 14:41:51] [INFO] Database :: Booting @ Master...
[2022-8-2 14:41:51] [INFO] Routes :: Mounting Web Routes...
[2022-8-2 14:41:51] [INFO] Database :: Booting @ Master...
[2022-8-2 14:41:51] [INFO] Booting the 'HTTP' middleware...
[2022-8-2 14:43:31] [INFO] Routes :: Mounting doc Routes...
[2022-8-2 14:43:31] [INFO] Routes :: Mounting API Routes...
[2022-8-2 14:43:31] [INFO] Database :: Booting @ Master...
[2022-8-2 14:43:31] [INFO] Booting the 'HTTP' middleware...
[2022-8-2 14:43:31] [INFO] Database :: Booting @ Master...
[2022-8-2 14:43:31] [INFO] Routes :: Mounting Web Routes...
[2022-8-2 14:43:31] [INFO] Database :: connected...
[2022-8-2 14:45:37] [INFO] Routes :: Mounting doc Routes...
[2022-8-2 14:45:37] [INFO] Routes :: Mounting API Routes...
[2022-8-2 14:45:37] [INFO] Routes :: Mounting Web Routes...
[2022-8-2 14:45:37] [INFO] Database :: Booting @ Master...
[2022-8-2 14:45:37] [INFO] Booting the 'HTTP' middleware...
[2022-8-2 14:45:37] [INFO] Database :: Booting @ Master...
[2022-8-2 14:45:55] [INFO] Routes :: Mounting doc Routes...
[2022-8-2 14:45:55] [INFO] Database :: Booting @ Master...
[2022-8-2 14:45:55] [INFO] Routes :: Mounting API Routes...
[2022-8-2 14:45:55] [INFO] Routes :: Mounting Web Routes...
[2022-8-2 14:45:55] [INFO] Database :: Booting @ Master...
[2022-8-2 14:45:55] [INFO] Booting the 'HTTP' middleware...
[2022-8-2 14:46:30] [INFO] Routes :: Mounting doc Routes...
[2022-8-2 14:46:30] [INFO] Routes :: Mounting API Routes...
[2022-8-2 14:46:30] [INFO] Database :: Booting @ Master...
[2022-8-2 14:46:30] [INFO] Booting the 'HTTP' middleware...
[2022-8-2 14:46:30] [INFO] Database :: Booting @ Master...
[2022-8-2 14:46:30] [INFO] Routes :: Mounting Web Routes...
[2022-8-2 14:48:41] [INFO] Routes :: Mounting doc Routes...
[2022-8-2 14:48:41] [INFO] Routes :: Mounting Web Routes...
[2022-8-2 14:48:41] [INFO] Routes :: Mounting API Routes...
[2022-8-2 14:48:41] [INFO] Database :: Booting @ Master...
[2022-8-2 14:48:41] [INFO] Booting the 'HTTP' middleware...
[2022-8-2 14:48:41] [INFO] Database :: Booting @ Master...
[2022-8-2 14:48:41] [INFO] Database :: connected...
[2022-8-2 14:49:17] [INFO] Routes :: Mounting doc Routes...
[2022-8-2 14:49:17] [INFO] Routes :: Mounting Web Routes...
[2022-8-2 14:49:17] [INFO] Routes :: Mounting API Routes...
[2022-8-2 14:49:17] [INFO] Database :: Booting @ Master...
[2022-8-2 14:49:17] [INFO] Booting the 'HTTP' middleware...
[2022-8-2 14:49:17] [INFO] Database :: Booting @ Master...
[2022-8-2 14:49:17] [INFO] Database :: connected...
[2022-8-2 14:50:10] [INFO] Routes :: Mounting doc Routes...
[2022-8-2 14:50:10] [INFO] Routes :: Mounting API Routes...
[2022-8-2 14:50:10] [INFO] Database :: Booting @ Master...
[2022-8-2 14:50:10] [INFO] Booting the 'HTTP' middleware...
[2022-8-2 14:50:10] [INFO] Database :: Booting @ Master...
[2022-8-2 14:50:10] [INFO] Routes :: Mounting Web Routes...
[2022-8-2 14:50:10] [INFO] Database :: connected...
