[2022-10-27 0:2:7] [INFO] Routes :: Mounting doc Routes...
[2022-10-27 0:2:7] [INFO] Routes :: Mounting API Routes...
[2022-10-27 0:2:7] [INFO] Routes :: Mounting Web Routes...
[2022-10-27 0:2:7] [INFO] Booting the 'HTTP' middleware...
[2022-10-27 0:2:7] [INFO] Database :: Booting @ Master...
[2022-10-27 0:2:7] [INFO] Database :: Booting @ Master...
[2022-10-27 0:2:7] [INFO] Database :: connected...
[2022-10-27 0:5:19] [INFO] Routes :: Mounting doc Routes...
[2022-10-27 0:5:19] [INFO] Routes :: Mounting API Routes...
[2022-10-27 0:5:19] [INFO] Routes :: Mounting Web Routes...
[2022-10-27 0:5:19] [INFO] Booting the 'HTTP' middleware...
[2022-10-27 0:5:19] [INFO] Database :: Booting @ Master...
[2022-10-27 0:5:19] [INFO] Database :: Booting @ Master...
[2022-10-27 0:5:19] [INFO] Database :: connected...
[2022-10-27 0:7:43] [INFO] Routes :: Mounting doc Routes...
[2022-10-27 0:7:43] [INFO] Routes :: Mounting API Routes...
[2022-10-27 0:7:43] [INFO] Routes :: Mounting Web Routes...
[2022-10-27 0:7:43] [INFO] Booting the 'HTTP' middleware...
[2022-10-27 0:7:43] [INFO] Database :: Booting @ Master...
[2022-10-27 0:7:43] [INFO] Database :: Booting @ Master...
[2022-10-27 0:7:43] [INFO] Database :: connected...
[2022-10-27 0:9:1] [INFO] Routes :: Mounting doc Routes...
[2022-10-27 0:9:1] [INFO] Routes :: Mounting API Routes...
[2022-10-27 0:9:1] [INFO] Routes :: Mounting Web Routes...
[2022-10-27 0:9:1] [INFO] Booting the 'HTTP' middleware...
[2022-10-27 0:9:1] [INFO] Database :: Booting @ Master...
[2022-10-27 0:9:1] [INFO] Database :: Booting @ Master...
[2022-10-27 0:9:1] [INFO] Database :: connected...
[2022-10-27 17:42:23] [INFO] Routes :: Mounting doc Routes...
[2022-10-27 17:42:23] [INFO] Routes :: Mounting API Routes...
[2022-10-27 17:42:23] [INFO] Routes :: Mounting Web Routes...
[2022-10-27 17:42:23] [INFO] Booting the 'HTTP' middleware...
[2022-10-27 17:42:23] [INFO] Database :: Booting @ Master...
[2022-10-27 17:42:23] [INFO] Database :: Booting @ Master...
