[2023-1-8 12:6:7] [INFO] Routes :: Mounting doc Routes...
[2023-1-8 12:6:7] [INFO] Routes :: Mounting API Routes...
[2023-1-8 12:6:7] [INFO] Routes :: Mounting Web Routes...
[2023-1-8 12:6:51] [INFO] Booting the 'HTTP' middleware...
[2023-1-8 12:6:51] [INFO] Database :: Booting @ Master...
[2023-1-8 12:16:24] [INFO] Routes :: Mounting doc Routes...
[2023-1-8 12:16:24] [INFO] Routes :: Mounting API Routes...
[2023-1-8 12:16:24] [INFO] Routes :: Mounting Web Routes...
[2023-1-8 12:16:48] [INFO] Booting the 'HTTP' middleware...
[2023-1-8 12:16:48] [INFO] Database :: Booting @ Master...
[2023-1-8 16:37:29] [INFO] Routes :: Mounting doc Routes...
[2023-1-8 16:37:29] [INFO] Routes :: Mounting API Routes...
[2023-1-8 16:37:29] [INFO] Routes :: Mounting Web Routes...
[2023-1-8 16:38:15] [INFO] Booting the 'HTTP' middleware...
[2023-1-8 16:38:15] [INFO] Database :: Booting @ Master...
[2023-1-8 16:37:30] [ERROR] Error: Host not found try again later
    at /mnt/c/Users/Roku/Documents/Work/Qwerty/boilerplate/typeScript/src/middleware/check_tenant.ts:11:9
    at Generator.next (<anonymous>)
    at /mnt/c/Users/Roku/Documents/Work/Qwerty/boilerplate/typeScript/src/middleware/check_tenant.ts:8:71
    at new Promise (<anonymous>)
    at __awaiter (/mnt/c/Users/Roku/Documents/Work/Qwerty/boilerplate/typeScript/src/middleware/check_tenant.ts:4:12)
    at exports.default (/mnt/c/Users/Roku/Documents/Work/Qwerty/boilerplate/typeScript/src/middleware/check_tenant.ts:6:74)
    at Layer.handle [as handle_request] (/mnt/c/Users/Roku/Documents/Work/Qwerty/boilerplate/typeScript/node_modules/express/lib/router/layer.js:95:5)
    at next (/mnt/c/Users/Roku/Documents/Work/Qwerty/boilerplate/typeScript/node_modules/express/lib/router/route.js:144:13)
    at Route.dispatch (/mnt/c/Users/Roku/Documents/Work/Qwerty/boilerplate/typeScript/node_modules/express/lib/router/route.js:114:3)
    at Layer.handle [as handle_request] (/mnt/c/Users/Roku/Documents/Work/Qwerty/boilerplate/typeScript/node_modules/express/lib/router/layer.js:95:5)
[2023-1-8 16:37:30] [ERROR] Error: Host not found try again later
    at /mnt/c/Users/Roku/Documents/Work/Qwerty/boilerplate/typeScript/src/middleware/check_tenant.ts:11:9
    at Generator.next (<anonymous>)
    at /mnt/c/Users/Roku/Documents/Work/Qwerty/boilerplate/typeScript/src/middleware/check_tenant.ts:8:71
    at new Promise (<anonymous>)
    at __awaiter (/mnt/c/Users/Roku/Documents/Work/Qwerty/boilerplate/typeScript/src/middleware/check_tenant.ts:4:12)
    at exports.default (/mnt/c/Users/Roku/Documents/Work/Qwerty/boilerplate/typeScript/src/middleware/check_tenant.ts:6:74)
    at Layer.handle [as handle_request] (/mnt/c/Users/Roku/Documents/Work/Qwerty/boilerplate/typeScript/node_modules/express/lib/router/layer.js:95:5)
    at next (/mnt/c/Users/Roku/Documents/Work/Qwerty/boilerplate/typeScript/node_modules/express/lib/router/route.js:144:13)
    at Route.dispatch (/mnt/c/Users/Roku/Documents/Work/Qwerty/boilerplate/typeScript/node_modules/express/lib/router/route.js:114:3)
    at Layer.handle [as handle_request] (/mnt/c/Users/Roku/Documents/Work/Qwerty/boilerplate/typeScript/node_modules/express/lib/router/layer.js:95:5)
[2023-1-8 16:37:30] [ERROR] Error: Host not found try again later
    at /mnt/c/Users/Roku/Documents/Work/Qwerty/boilerplate/typeScript/src/middleware/check_tenant.ts:11:9
    at Generator.next (<anonymous>)
    at /mnt/c/Users/Roku/Documents/Work/Qwerty/boilerplate/typeScript/src/middleware/check_tenant.ts:8:71
    at new Promise (<anonymous>)
    at __awaiter (/mnt/c/Users/Roku/Documents/Work/Qwerty/boilerplate/typeScript/src/middleware/check_tenant.ts:4:12)
    at exports.default (/mnt/c/Users/Roku/Documents/Work/Qwerty/boilerplate/typeScript/src/middleware/check_tenant.ts:6:74)
    at Layer.handle [as handle_request] (/mnt/c/Users/Roku/Documents/Work/Qwerty/boilerplate/typeScript/node_modules/express/lib/router/layer.js:95:5)
    at next (/mnt/c/Users/Roku/Documents/Work/Qwerty/boilerplate/typeScript/node_modules/express/lib/router/route.js:144:13)
    at Route.dispatch (/mnt/c/Users/Roku/Documents/Work/Qwerty/boilerplate/typeScript/node_modules/express/lib/router/route.js:114:3)
    at Layer.handle [as handle_request] (/mnt/c/Users/Roku/Documents/Work/Qwerty/boilerplate/typeScript/node_modules/express/lib/router/layer.js:95:5)
[2023-1-8 16:42:25] [INFO] Routes :: Mounting doc Routes...
[2023-1-8 16:42:25] [INFO] Routes :: Mounting API Routes...
[2023-1-8 16:42:25] [INFO] Routes :: Mounting Web Routes...
[2023-1-8 16:42:54] [INFO] Booting the 'HTTP' middleware...
[2023-1-8 16:42:54] [INFO] Database :: Booting @ Master...
[2023-1-8 16:43:49] [INFO] Routes :: Mounting doc Routes...
[2023-1-8 16:43:49] [INFO] Routes :: Mounting API Routes...
[2023-1-8 16:43:49] [INFO] Routes :: Mounting Web Routes...
[2023-1-8 16:44:16] [INFO] Booting the 'HTTP' middleware...
[2023-1-8 16:44:16] [INFO] Database :: Booting @ Master...
[2023-1-8 16:43:50] [ERROR] Error: Host not found try again later
    at /mnt/c/Users/Roku/Documents/Work/Qwerty/boilerplate/typeScript/src/middleware/check_tenant.ts:11:9
    at Generator.next (<anonymous>)
    at /mnt/c/Users/Roku/Documents/Work/Qwerty/boilerplate/typeScript/src/middleware/check_tenant.ts:8:71
    at new Promise (<anonymous>)
    at __awaiter (/mnt/c/Users/Roku/Documents/Work/Qwerty/boilerplate/typeScript/src/middleware/check_tenant.ts:4:12)
    at exports.default (/mnt/c/Users/Roku/Documents/Work/Qwerty/boilerplate/typeScript/src/middleware/check_tenant.ts:6:74)
    at Layer.handle [as handle_request] (/mnt/c/Users/Roku/Documents/Work/Qwerty/boilerplate/typeScript/node_modules/express/lib/router/layer.js:95:5)
    at next (/mnt/c/Users/Roku/Documents/Work/Qwerty/boilerplate/typeScript/node_modules/express/lib/router/route.js:144:13)
    at Route.dispatch (/mnt/c/Users/Roku/Documents/Work/Qwerty/boilerplate/typeScript/node_modules/express/lib/router/route.js:114:3)
    at Layer.handle [as handle_request] (/mnt/c/Users/Roku/Documents/Work/Qwerty/boilerplate/typeScript/node_modules/express/lib/router/layer.js:95:5)
[2023-1-8 16:43:50] [ERROR] Error: Error: Error: WHERE parameter "email" has invalid "undefined" value
    at Function.<anonymous> (/mnt/c/Users/Roku/Documents/Work/Qwerty/boilerplate/typeScript/src/services/authService.ts:565:13)
    at Generator.throw (<anonymous>)
    at rejected (/mnt/c/Users/Roku/Documents/Work/Qwerty/boilerplate/typeScript/src/services/authService.ts:6:65)
    at processTicksAndRejections (node:internal/process/task_queues:95:5)
[2023-1-8 16:46:45] [INFO] Routes :: Mounting doc Routes...
[2023-1-8 16:46:45] [INFO] Routes :: Mounting API Routes...
[2023-1-8 16:46:45] [INFO] Routes :: Mounting Web Routes...
[2023-1-8 16:47:14] [INFO] Booting the 'HTTP' middleware...
[2023-1-8 16:47:14] [INFO] Database :: Booting @ Master...
[2023-1-8 16:46:46] [ERROR] Error: TypeError: Cannot set properties of null (setting 'authCode')
    at Function.<anonymous> (/mnt/c/Users/Roku/Documents/Work/Qwerty/boilerplate/typeScript/src/services/authService.ts:565:13)
    at Generator.next (<anonymous>)
    at fulfilled (/mnt/c/Users/Roku/Documents/Work/Qwerty/boilerplate/typeScript/src/services/authService.ts:5:58)
    at processTicksAndRejections (node:internal/process/task_queues:95:5)
[2023-1-8 16:52:18] [INFO] Routes :: Mounting doc Routes...
[2023-1-8 16:52:18] [INFO] Routes :: Mounting API Routes...
[2023-1-8 16:52:18] [INFO] Routes :: Mounting Web Routes...
[2023-1-8 16:52:54] [INFO] Booting the 'HTTP' middleware...
[2023-1-8 16:52:54] [INFO] Database :: Booting @ Master...
[2023-1-8 16:52:20] [ERROR] Error: Host not found try again later
    at /mnt/c/Users/Roku/Documents/Work/Qwerty/boilerplate/typeScript/src/middleware/check_tenant.ts:11:9
    at Generator.next (<anonymous>)
    at /mnt/c/Users/Roku/Documents/Work/Qwerty/boilerplate/typeScript/src/middleware/check_tenant.ts:8:71
    at new Promise (<anonymous>)
    at __awaiter (/mnt/c/Users/Roku/Documents/Work/Qwerty/boilerplate/typeScript/src/middleware/check_tenant.ts:4:12)
    at exports.default (/mnt/c/Users/Roku/Documents/Work/Qwerty/boilerplate/typeScript/src/middleware/check_tenant.ts:6:74)
    at Layer.handle [as handle_request] (/mnt/c/Users/Roku/Documents/Work/Qwerty/boilerplate/typeScript/node_modules/express/lib/router/layer.js:95:5)
    at next (/mnt/c/Users/Roku/Documents/Work/Qwerty/boilerplate/typeScript/node_modules/express/lib/router/route.js:144:13)
    at Route.dispatch (/mnt/c/Users/Roku/Documents/Work/Qwerty/boilerplate/typeScript/node_modules/express/lib/router/route.js:114:3)
    at Layer.handle [as handle_request] (/mnt/c/Users/Roku/Documents/Work/Qwerty/boilerplate/typeScript/node_modules/express/lib/router/layer.js:95:5)
[2023-1-8 16:52:20] [ERROR] Error: TypeError: Cannot set properties of null (setting 'authCode')
    at Function.<anonymous> (/mnt/c/Users/Roku/Documents/Work/Qwerty/boilerplate/typeScript/src/services/authService.ts:565:13)
    at Generator.next (<anonymous>)
    at fulfilled (/mnt/c/Users/Roku/Documents/Work/Qwerty/boilerplate/typeScript/src/services/authService.ts:5:58)
    at processTicksAndRejections (node:internal/process/task_queues:95:5)
[2023-1-8 16:54:10] [INFO] Routes :: Mounting doc Routes...
[2023-1-8 16:54:10] [INFO] Routes :: Mounting API Routes...
[2023-1-8 16:54:10] [INFO] Routes :: Mounting Web Routes...
[2023-1-8 16:54:43] [INFO] Booting the 'HTTP' middleware...
[2023-1-8 16:54:43] [INFO] Database :: Booting @ Master...
[2023-1-8 16:54:12] [ERROR] Error: TypeError: Cannot set properties of null (setting 'authCode')
    at Function.<anonymous> (/mnt/c/Users/Roku/Documents/Work/Qwerty/boilerplate/typeScript/src/services/authService.ts:566:13)
    at Generator.next (<anonymous>)
    at fulfilled (/mnt/c/Users/Roku/Documents/Work/Qwerty/boilerplate/typeScript/src/services/authService.ts:5:58)
    at processTicksAndRejections (node:internal/process/task_queues:95:5)
[2023-1-8 16:55:58] [INFO] Routes :: Mounting doc Routes...
[2023-1-8 16:55:58] [INFO] Routes :: Mounting API Routes...
[2023-1-8 16:55:58] [INFO] Routes :: Mounting Web Routes...
[2023-1-8 16:56:28] [INFO] Booting the 'HTTP' middleware...
[2023-1-8 16:56:28] [INFO] Database :: Booting @ Master...
[2023-1-8 16:55:59] [ERROR] Error: Host not found try again later
    at /mnt/c/Users/Roku/Documents/Work/Qwerty/boilerplate/typeScript/src/middleware/check_tenant.ts:11:9
    at Generator.next (<anonymous>)
    at /mnt/c/Users/Roku/Documents/Work/Qwerty/boilerplate/typeScript/src/middleware/check_tenant.ts:8:71
    at new Promise (<anonymous>)
    at __awaiter (/mnt/c/Users/Roku/Documents/Work/Qwerty/boilerplate/typeScript/src/middleware/check_tenant.ts:4:12)
    at exports.default (/mnt/c/Users/Roku/Documents/Work/Qwerty/boilerplate/typeScript/src/middleware/check_tenant.ts:6:74)
    at Layer.handle [as handle_request] (/mnt/c/Users/Roku/Documents/Work/Qwerty/boilerplate/typeScript/node_modules/express/lib/router/layer.js:95:5)
    at next (/mnt/c/Users/Roku/Documents/Work/Qwerty/boilerplate/typeScript/node_modules/express/lib/router/route.js:144:13)
    at Route.dispatch (/mnt/c/Users/Roku/Documents/Work/Qwerty/boilerplate/typeScript/node_modules/express/lib/router/route.js:114:3)
    at Layer.handle [as handle_request] (/mnt/c/Users/Roku/Documents/Work/Qwerty/boilerplate/typeScript/node_modules/express/lib/router/layer.js:95:5)
[2023-1-8 16:55:59] [ERROR] Error: TypeError: Cannot set properties of null (setting 'authCode')
    at Function.<anonymous> (/mnt/c/Users/Roku/Documents/Work/Qwerty/boilerplate/typeScript/src/services/authService.ts:567:13)
    at Generator.next (<anonymous>)
    at fulfilled (/mnt/c/Users/Roku/Documents/Work/Qwerty/boilerplate/typeScript/src/services/authService.ts:5:58)
    at processTicksAndRejections (node:internal/process/task_queues:95:5)
[2023-1-8 16:59:1] [INFO] Routes :: Mounting doc Routes...
[2023-1-8 16:59:1] [INFO] Routes :: Mounting API Routes...
[2023-1-8 16:59:1] [INFO] Routes :: Mounting Web Routes...
[2023-1-8 16:59:29] [INFO] Booting the 'HTTP' middleware...
[2023-1-8 16:59:29] [INFO] Database :: Booting @ Master...
[2023-1-8 16:59:2] [ERROR] Error: TypeError: Cannot set properties of null (setting 'authCode')
    at Function.<anonymous> (/mnt/c/Users/Roku/Documents/Work/Qwerty/boilerplate/typeScript/src/services/authService.ts:568:13)
    at Generator.next (<anonymous>)
    at fulfilled (/mnt/c/Users/Roku/Documents/Work/Qwerty/boilerplate/typeScript/src/services/authService.ts:5:58)
    at processTicksAndRejections (node:internal/process/task_queues:95:5)
[2023-1-8 17:2:48] [INFO] Routes :: Mounting doc Routes...
[2023-1-8 17:2:48] [INFO] Routes :: Mounting API Routes...
[2023-1-8 17:2:48] [INFO] Routes :: Mounting Web Routes...
[2023-1-8 17:3:25] [INFO] Booting the 'HTTP' middleware...
[2023-1-8 17:3:25] [INFO] Database :: Booting @ Master...
[2023-1-8 17:4:3] [INFO] Routes :: Mounting doc Routes...
[2023-1-8 17:4:3] [INFO] Routes :: Mounting API Routes...
[2023-1-8 17:4:3] [INFO] Routes :: Mounting Web Routes...
[2023-1-8 17:4:31] [INFO] Booting the 'HTTP' middleware...
[2023-1-8 17:4:31] [INFO] Database :: Booting @ Master...
[2023-1-8 17:5:48] [INFO] Routes :: Mounting doc Routes...
[2023-1-8 17:5:48] [INFO] Routes :: Mounting API Routes...
[2023-1-8 17:5:48] [INFO] Routes :: Mounting Web Routes...
[2023-1-8 17:6:15] [INFO] Booting the 'HTTP' middleware...
[2023-1-8 17:6:15] [INFO] Database :: Booting @ Master...
[2023-1-8 17:5:49] [ERROR] TypeError: Converting circular structure to JSON
    --> starting at object with constructor 'Array'
    |     index 0 -> object with constructor 'Object'
    |     property 'parent' -> object with constructor 'Object'
    --- property 'include' closes the circle
    at JSON.stringify (<anonymous>)
    at stringify (/mnt/c/Users/Roku/Documents/Work/Qwerty/boilerplate/typeScript/node_modules/express/lib/response.js:1150:12)
    at ServerResponse.json (/mnt/c/Users/Roku/Documents/Work/Qwerty/boilerplate/typeScript/node_modules/express/lib/response.js:271:14)
    at Function.responseHandler (/mnt/c/Users/Roku/Documents/Work/Qwerty/boilerplate/typeScript/src/providers/Handler.ts:31:35)
    at /mnt/c/Users/Roku/Documents/Work/Qwerty/boilerplate/typeScript/src/controllers/api/authController.ts:759:17
    at Generator.next (<anonymous>)
    at fulfilled (/mnt/c/Users/Roku/Documents/Work/Qwerty/boilerplate/typeScript/src/controllers/api/authController.ts:5:58)
    at processTicksAndRejections (node:internal/process/task_queues:95:5)
[2023-1-8 17:7:44] [INFO] Routes :: Mounting doc Routes...
[2023-1-8 17:7:44] [INFO] Routes :: Mounting API Routes...
[2023-1-8 17:7:44] [INFO] Routes :: Mounting Web Routes...
[2023-1-8 17:8:17] [INFO] Booting the 'HTTP' middleware...
[2023-1-8 17:8:17] [INFO] Database :: Booting @ Master...
[2023-1-8 17:20:46] [INFO] Routes :: Mounting doc Routes...
[2023-1-8 17:20:46] [INFO] Routes :: Mounting API Routes...
[2023-1-8 17:20:46] [INFO] Routes :: Mounting Web Routes...
[2023-1-8 17:21:15] [INFO] Booting the 'HTTP' middleware...
[2023-1-8 17:21:15] [INFO] Database :: Booting @ Master...
[2023-1-8 17:41:19] [INFO] Routes :: Mounting doc Routes...
[2023-1-8 17:41:19] [INFO] Routes :: Mounting API Routes...
[2023-1-8 17:41:19] [INFO] Routes :: Mounting Web Routes...
[2023-1-8 17:41:49] [INFO] Booting the 'HTTP' middleware...
[2023-1-8 17:41:49] [INFO] Database :: Booting @ Master...
[2023-1-8 17:41:20] [ERROR] TypeError: Converting circular structure to JSON
    --> starting at object with constructor 'Array'
    |     index 0 -> object with constructor 'Object'
    |     property 'parent' -> object with constructor 'Object'
    --- property 'include' closes the circle
    at JSON.stringify (<anonymous>)
    at stringify (/mnt/c/Users/Roku/Documents/Work/Qwerty/boilerplate/typeScript/node_modules/express/lib/response.js:1150:12)
    at ServerResponse.json (/mnt/c/Users/Roku/Documents/Work/Qwerty/boilerplate/typeScript/node_modules/express/lib/response.js:271:14)
    at Function.responseHandler (/mnt/c/Users/Roku/Documents/Work/Qwerty/boilerplate/typeScript/src/providers/Handler.ts:31:35)
    at /mnt/c/Users/Roku/Documents/Work/Qwerty/boilerplate/typeScript/src/controllers/api/authController.ts:786:17
    at Generator.next (<anonymous>)
    at fulfilled (/mnt/c/Users/Roku/Documents/Work/Qwerty/boilerplate/typeScript/src/controllers/api/authController.ts:5:58)
    at processTicksAndRejections (node:internal/process/task_queues:95:5)
[2023-1-8 17:44:29] [INFO] Routes :: Mounting doc Routes...
[2023-1-8 17:44:29] [INFO] Routes :: Mounting API Routes...
[2023-1-8 17:44:29] [INFO] Routes :: Mounting Web Routes...
[2023-1-8 17:44:57] [INFO] Booting the 'HTTP' middleware...
[2023-1-8 17:44:57] [INFO] Database :: Booting @ Master...
[2023-1-8 17:49:2] [INFO] Routes :: Mounting doc Routes...
[2023-1-8 17:49:2] [INFO] Routes :: Mounting API Routes...
[2023-1-8 17:49:2] [INFO] Routes :: Mounting Web Routes...
[2023-1-8 17:49:30] [INFO] Booting the 'HTTP' middleware...
[2023-1-8 17:49:30] [INFO] Database :: Booting @ Master...
[2023-1-8 17:51:40] [INFO] Routes :: Mounting doc Routes...
[2023-1-8 17:51:40] [INFO] Routes :: Mounting API Routes...
[2023-1-8 17:51:40] [INFO] Routes :: Mounting Web Routes...
[2023-1-8 17:52:9] [INFO] Booting the 'HTTP' middleware...
[2023-1-8 17:52:9] [INFO] Database :: Booting @ Master...
[2023-1-8 17:51:41] [ERROR] Error: Host not found try again later
    at /mnt/c/Users/Roku/Documents/Work/Qwerty/boilerplate/typeScript/src/middleware/check_tenant.ts:11:9
    at Generator.next (<anonymous>)
    at /mnt/c/Users/Roku/Documents/Work/Qwerty/boilerplate/typeScript/src/middleware/check_tenant.ts:8:71
    at new Promise (<anonymous>)
    at __awaiter (/mnt/c/Users/Roku/Documents/Work/Qwerty/boilerplate/typeScript/src/middleware/check_tenant.ts:4:12)
    at exports.default (/mnt/c/Users/Roku/Documents/Work/Qwerty/boilerplate/typeScript/src/middleware/check_tenant.ts:6:74)
    at Layer.handle [as handle_request] (/mnt/c/Users/Roku/Documents/Work/Qwerty/boilerplate/typeScript/node_modules/express/lib/router/layer.js:95:5)
    at next (/mnt/c/Users/Roku/Documents/Work/Qwerty/boilerplate/typeScript/node_modules/express/lib/router/route.js:144:13)
    at Route.dispatch (/mnt/c/Users/Roku/Documents/Work/Qwerty/boilerplate/typeScript/node_modules/express/lib/router/route.js:114:3)
    at Layer.handle [as handle_request] (/mnt/c/Users/Roku/Documents/Work/Qwerty/boilerplate/typeScript/node_modules/express/lib/router/layer.js:95:5)
[2023-1-8 17:55:32] [INFO] Routes :: Mounting doc Routes...
[2023-1-8 17:55:32] [INFO] Routes :: Mounting API Routes...
[2023-1-8 17:55:32] [INFO] Routes :: Mounting Web Routes...
[2023-1-8 17:56:4] [INFO] Booting the 'HTTP' middleware...
[2023-1-8 17:56:4] [INFO] Database :: Booting @ Master...
[2023-1-8 18:0:40] [INFO] Routes :: Mounting doc Routes...
[2023-1-8 18:0:40] [INFO] Routes :: Mounting Web Routes...
[2023-1-8 18:0:40] [INFO] Routes :: Mounting API Routes...
[2023-1-8 18:1:10] [INFO] Booting the 'HTTP' middleware...
[2023-1-8 18:1:10] [INFO] Database :: Booting @ Master...
[2023-1-8 18:0:41] [ERROR] Error: Host not found try again later
    at /mnt/c/Users/Roku/Documents/Work/Qwerty/boilerplate/typeScript/src/middleware/check_tenant.ts:11:9
    at Generator.next (<anonymous>)
    at /mnt/c/Users/Roku/Documents/Work/Qwerty/boilerplate/typeScript/src/middleware/check_tenant.ts:8:71
    at new Promise (<anonymous>)
    at __awaiter (/mnt/c/Users/Roku/Documents/Work/Qwerty/boilerplate/typeScript/src/middleware/check_tenant.ts:4:12)
    at exports.default (/mnt/c/Users/Roku/Documents/Work/Qwerty/boilerplate/typeScript/src/middleware/check_tenant.ts:6:74)
    at Layer.handle [as handle_request] (/mnt/c/Users/Roku/Documents/Work/Qwerty/boilerplate/typeScript/node_modules/express/lib/router/layer.js:95:5)
    at next (/mnt/c/Users/Roku/Documents/Work/Qwerty/boilerplate/typeScript/node_modules/express/lib/router/route.js:144:13)
    at Route.dispatch (/mnt/c/Users/Roku/Documents/Work/Qwerty/boilerplate/typeScript/node_modules/express/lib/router/route.js:114:3)
    at Layer.handle [as handle_request] (/mnt/c/Users/Roku/Documents/Work/Qwerty/boilerplate/typeScript/node_modules/express/lib/router/layer.js:95:5)
[2023-1-8 18:6:58] [INFO] Routes :: Mounting doc Routes...
[2023-1-8 18:6:58] [INFO] Routes :: Mounting API Routes...
[2023-1-8 18:6:58] [INFO] Routes :: Mounting Web Routes...
[2023-1-8 18:7:27] [INFO] Booting the 'HTTP' middleware...
[2023-1-8 18:7:27] [INFO] Database :: Booting @ Master...
[2023-1-8 18:8:28] [INFO] Routes :: Mounting doc Routes...
[2023-1-8 18:8:28] [INFO] Routes :: Mounting API Routes...
[2023-1-8 18:8:28] [INFO] Routes :: Mounting Web Routes...
[2023-1-8 18:8:57] [INFO] Booting the 'HTTP' middleware...
[2023-1-8 18:8:57] [INFO] Database :: Booting @ Master...
[2023-1-8 18:8:29] [ERROR] Error: Error: data and hash arguments required
    at Function.<anonymous> (/mnt/c/Users/Roku/Documents/Work/Qwerty/boilerplate/typeScript/src/services/authService.ts:625:13)
    at Generator.throw (<anonymous>)
    at rejected (/mnt/c/Users/Roku/Documents/Work/Qwerty/boilerplate/typeScript/src/services/authService.ts:6:65)
    at processTicksAndRejections (node:internal/process/task_queues:95:5)
[2023-1-8 18:8:29] [ERROR] Error: Error: data and hash arguments required
    at Function.<anonymous> (/mnt/c/Users/Roku/Documents/Work/Qwerty/boilerplate/typeScript/src/services/authService.ts:625:13)
    at Generator.throw (<anonymous>)
    at rejected (/mnt/c/Users/Roku/Documents/Work/Qwerty/boilerplate/typeScript/src/services/authService.ts:6:65)
    at processTicksAndRejections (node:internal/process/task_queues:95:5)
[2023-1-8 18:15:53] [INFO] Routes :: Mounting doc Routes...
[2023-1-8 18:15:53] [INFO] Routes :: Mounting API Routes...
[2023-1-8 18:15:53] [INFO] Routes :: Mounting Web Routes...
[2023-1-8 18:16:23] [INFO] Booting the 'HTTP' middleware...
[2023-1-8 18:16:23] [INFO] Database :: Booting @ Master...
[2023-1-8 18:18:34] [INFO] Routes :: Mounting doc Routes...
[2023-1-8 18:18:34] [INFO] Routes :: Mounting Web Routes...
[2023-1-8 18:18:34] [INFO] Routes :: Mounting API Routes...
[2023-1-8 18:19:1] [INFO] Booting the 'HTTP' middleware...
[2023-1-8 18:19:1] [INFO] Database :: Booting @ Master...
[2023-1-8 18:22:50] [INFO] Routes :: Mounting doc Routes...
[2023-1-8 18:22:50] [INFO] Routes :: Mounting API Routes...
[2023-1-8 18:22:50] [INFO] Routes :: Mounting Web Routes...
[2023-1-8 18:23:18] [INFO] Booting the 'HTTP' middleware...
[2023-1-8 18:23:18] [INFO] Database :: Booting @ Master...
[2023-1-8 18:25:50] [INFO] Routes :: Mounting doc Routes...
[2023-1-8 18:25:50] [INFO] Routes :: Mounting API Routes...
[2023-1-8 18:25:50] [INFO] Routes :: Mounting Web Routes...
[2023-1-8 18:26:21] [INFO] Booting the 'HTTP' middleware...
[2023-1-8 18:26:21] [INFO] Database :: Booting @ Master...
[2023-1-8 18:25:51] [ERROR] Error: Host not found try again later
    at /mnt/c/Users/Roku/Documents/Work/Qwerty/boilerplate/typeScript/src/middleware/check_tenant.ts:11:9
    at Generator.next (<anonymous>)
    at /mnt/c/Users/Roku/Documents/Work/Qwerty/boilerplate/typeScript/src/middleware/check_tenant.ts:8:71
    at new Promise (<anonymous>)
    at __awaiter (/mnt/c/Users/Roku/Documents/Work/Qwerty/boilerplate/typeScript/src/middleware/check_tenant.ts:4:12)
    at exports.default (/mnt/c/Users/Roku/Documents/Work/Qwerty/boilerplate/typeScript/src/middleware/check_tenant.ts:6:74)
    at Layer.handle [as handle_request] (/mnt/c/Users/Roku/Documents/Work/Qwerty/boilerplate/typeScript/node_modules/express/lib/router/layer.js:95:5)
    at next (/mnt/c/Users/Roku/Documents/Work/Qwerty/boilerplate/typeScript/node_modules/express/lib/router/route.js:144:13)
    at Route.dispatch (/mnt/c/Users/Roku/Documents/Work/Qwerty/boilerplate/typeScript/node_modules/express/lib/router/route.js:114:3)
    at Layer.handle [as handle_request] (/mnt/c/Users/Roku/Documents/Work/Qwerty/boilerplate/typeScript/node_modules/express/lib/router/layer.js:95:5)
[2023-1-8 18:28:27] [INFO] Routes :: Mounting doc Routes...
[2023-1-8 18:28:27] [INFO] Routes :: Mounting API Routes...
[2023-1-8 18:28:27] [INFO] Routes :: Mounting Web Routes...
[2023-1-8 18:28:57] [INFO] Booting the 'HTTP' middleware...
[2023-1-8 18:28:58] [INFO] Database :: Booting @ Master...
[2023-1-8 18:31:42] [INFO] Routes :: Mounting doc Routes...
[2023-1-8 18:31:42] [INFO] Routes :: Mounting API Routes...
[2023-1-8 18:31:42] [INFO] Routes :: Mounting Web Routes...
[2023-1-8 18:32:21] [INFO] Booting the 'HTTP' middleware...
[2023-1-8 18:32:21] [INFO] Database :: Booting @ Master...
[2023-1-8 18:33:25] [INFO] Routes :: Mounting doc Routes...
[2023-1-8 18:33:25] [INFO] Routes :: Mounting API Routes...
[2023-1-8 18:33:25] [INFO] Routes :: Mounting Web Routes...
[2023-1-8 18:33:55] [INFO] Booting the 'HTTP' middleware...
[2023-1-8 18:33:55] [INFO] Database :: Booting @ Master...
[2023-1-8 18:33:26] [ERROR] Error: Host not found try again later
    at /mnt/c/Users/Roku/Documents/Work/Qwerty/boilerplate/typeScript/src/middleware/check_tenant.ts:11:9
    at Generator.next (<anonymous>)
    at /mnt/c/Users/Roku/Documents/Work/Qwerty/boilerplate/typeScript/src/middleware/check_tenant.ts:8:71
    at new Promise (<anonymous>)
    at __awaiter (/mnt/c/Users/Roku/Documents/Work/Qwerty/boilerplate/typeScript/src/middleware/check_tenant.ts:4:12)
    at exports.default (/mnt/c/Users/Roku/Documents/Work/Qwerty/boilerplate/typeScript/src/middleware/check_tenant.ts:6:74)
    at Layer.handle [as handle_request] (/mnt/c/Users/Roku/Documents/Work/Qwerty/boilerplate/typeScript/node_modules/express/lib/router/layer.js:95:5)
    at next (/mnt/c/Users/Roku/Documents/Work/Qwerty/boilerplate/typeScript/node_modules/express/lib/router/route.js:144:13)
    at Route.dispatch (/mnt/c/Users/Roku/Documents/Work/Qwerty/boilerplate/typeScript/node_modules/express/lib/router/route.js:114:3)
    at Layer.handle [as handle_request] (/mnt/c/Users/Roku/Documents/Work/Qwerty/boilerplate/typeScript/node_modules/express/lib/router/layer.js:95:5)
[2023-1-8 18:36:52] [INFO] Routes :: Mounting doc Routes...
[2023-1-8 18:36:52] [INFO] Routes :: Mounting API Routes...
[2023-1-8 18:36:52] [INFO] Routes :: Mounting Web Routes...
[2023-1-8 18:37:20] [INFO] Booting the 'HTTP' middleware...
[2023-1-8 18:37:20] [INFO] Database :: Booting @ Master...
[2023-1-8 18:38:42] [INFO] Routes :: Mounting doc Routes...
[2023-1-8 18:38:42] [INFO] Routes :: Mounting API Routes...
[2023-1-8 18:38:42] [INFO] Routes :: Mounting Web Routes...
[2023-1-8 18:39:18] [INFO] Booting the 'HTTP' middleware...
[2023-1-8 18:39:18] [INFO] Database :: Booting @ Master...
[2023-1-8 18:39:50] [INFO] Routes :: Mounting doc Routes...
[2023-1-8 18:39:50] [INFO] Routes :: Mounting API Routes...
[2023-1-8 18:39:50] [INFO] Routes :: Mounting Web Routes...
[2023-1-8 18:40:19] [INFO] Booting the 'HTTP' middleware...
[2023-1-8 18:40:19] [INFO] Database :: Booting @ Master...
[2023-1-8 18:39:51] [ERROR] Error: Host not found try again later
    at /mnt/c/Users/Roku/Documents/Work/Qwerty/boilerplate/typeScript/src/middleware/check_tenant.ts:11:9
    at Generator.next (<anonymous>)
    at /mnt/c/Users/Roku/Documents/Work/Qwerty/boilerplate/typeScript/src/middleware/check_tenant.ts:8:71
    at new Promise (<anonymous>)
    at __awaiter (/mnt/c/Users/Roku/Documents/Work/Qwerty/boilerplate/typeScript/src/middleware/check_tenant.ts:4:12)
    at exports.default (/mnt/c/Users/Roku/Documents/Work/Qwerty/boilerplate/typeScript/src/middleware/check_tenant.ts:6:74)
    at Layer.handle [as handle_request] (/mnt/c/Users/Roku/Documents/Work/Qwerty/boilerplate/typeScript/node_modules/express/lib/router/layer.js:95:5)
    at next (/mnt/c/Users/Roku/Documents/Work/Qwerty/boilerplate/typeScript/node_modules/express/lib/router/route.js:144:13)
    at Route.dispatch (/mnt/c/Users/Roku/Documents/Work/Qwerty/boilerplate/typeScript/node_modules/express/lib/router/route.js:114:3)
    at Layer.handle [as handle_request] (/mnt/c/Users/Roku/Documents/Work/Qwerty/boilerplate/typeScript/node_modules/express/lib/router/layer.js:95:5)
[2023-1-8 18:44:54] [INFO] Routes :: Mounting doc Routes...
[2023-1-8 18:44:54] [INFO] Routes :: Mounting API Routes...
[2023-1-8 18:44:54] [INFO] Routes :: Mounting Web Routes...
[2023-1-8 18:45:22] [INFO] Booting the 'HTTP' middleware...
[2023-1-8 18:45:22] [INFO] Database :: Booting @ Master...
[2023-1-8 18:46:45] [INFO] Routes :: Mounting doc Routes...
[2023-1-8 18:46:45] [INFO] Routes :: Mounting API Routes...
[2023-1-8 18:46:45] [INFO] Routes :: Mounting Web Routes...
[2023-1-8 18:47:16] [INFO] Booting the 'HTTP' middleware...
[2023-1-8 18:47:16] [INFO] Database :: Booting @ Master...
[2023-1-8 18:49:9] [INFO] Routes :: Mounting doc Routes...
[2023-1-8 18:49:9] [INFO] Routes :: Mounting API Routes...
[2023-1-8 18:49:9] [INFO] Routes :: Mounting Web Routes...
[2023-1-8 18:49:37] [INFO] Booting the 'HTTP' middleware...
[2023-1-8 18:49:37] [INFO] Database :: Booting @ Master...
[2023-1-8 18:49:10] [ERROR] Error: Host not found try again later
    at /mnt/c/Users/Roku/Documents/Work/Qwerty/boilerplate/typeScript/src/middleware/check_tenant.ts:11:9
    at Generator.next (<anonymous>)
    at /mnt/c/Users/Roku/Documents/Work/Qwerty/boilerplate/typeScript/src/middleware/check_tenant.ts:8:71
    at new Promise (<anonymous>)
    at __awaiter (/mnt/c/Users/Roku/Documents/Work/Qwerty/boilerplate/typeScript/src/middleware/check_tenant.ts:4:12)
    at exports.default (/mnt/c/Users/Roku/Documents/Work/Qwerty/boilerplate/typeScript/src/middleware/check_tenant.ts:6:74)
    at Layer.handle [as handle_request] (/mnt/c/Users/Roku/Documents/Work/Qwerty/boilerplate/typeScript/node_modules/express/lib/router/layer.js:95:5)
    at next (/mnt/c/Users/Roku/Documents/Work/Qwerty/boilerplate/typeScript/node_modules/express/lib/router/route.js:144:13)
    at Route.dispatch (/mnt/c/Users/Roku/Documents/Work/Qwerty/boilerplate/typeScript/node_modules/express/lib/router/route.js:114:3)
    at Layer.handle [as handle_request] (/mnt/c/Users/Roku/Documents/Work/Qwerty/boilerplate/typeScript/node_modules/express/lib/router/layer.js:95:5)
