[2023-1-2 6:41:32] [INFO] Routes :: Mounting doc Routes...
[2023-1-2 6:41:32] [INFO] Routes :: Mounting API Routes...
[2023-1-2 6:41:32] [INFO] Routes :: Mounting Web Routes...
[2023-1-2 6:42:10] [INFO] Booting the 'HTTP' middleware...
[2023-1-2 6:42:10] [INFO] Database :: Booting @ Master...
[2023-1-2 6:47:29] [INFO] Routes :: Mounting doc Routes...
[2023-1-2 6:47:29] [INFO] Routes :: Mounting API Routes...
[2023-1-2 6:47:29] [INFO] Routes :: Mounting Web Routes...
[2023-1-2 6:47:47] [INFO] Booting the 'HTTP' middleware...
[2023-1-2 6:47:47] [INFO] Database :: Booting @ Master...
[2023-1-2 6:50:13] [INFO] Routes :: Mounting doc Routes...
[2023-1-2 6:50:13] [INFO] Routes :: Mounting API Routes...
[2023-1-2 6:50:13] [INFO] Routes :: Mounting Web Routes...
[2023-1-2 6:50:39] [INFO] Booting the 'HTTP' middleware...
[2023-1-2 6:50:39] [INFO] Database :: Booting @ Master...
[2023-1-2 6:53:2] [INFO] Routes :: Mounting doc Routes...
[2023-1-2 6:53:2] [INFO] Routes :: Mounting API Routes...
[2023-1-2 6:53:2] [INFO] Routes :: Mounting Web Routes...
[2023-1-2 6:53:19] [INFO] Booting the 'HTTP' middleware...
[2023-1-2 6:53:19] [INFO] Database :: Booting @ Master...
[2023-1-2 6:59:25] [INFO] Routes :: Mounting doc Routes...
[2023-1-2 6:59:25] [INFO] Routes :: Mounting API Routes...
[2023-1-2 6:59:25] [INFO] Routes :: Mounting Web Routes...
[2023-1-2 6:59:43] [INFO] Booting the 'HTTP' middleware...
[2023-1-2 6:59:43] [INFO] Database :: Booting @ Master...
[2023-1-2 7:1:12] [INFO] Routes :: Mounting doc Routes...
[2023-1-2 7:1:12] [INFO] Routes :: Mounting API Routes...
[2023-1-2 7:1:12] [INFO] Routes :: Mounting Web Routes...
[2023-1-2 7:1:29] [INFO] Booting the 'HTTP' middleware...
[2023-1-2 7:1:29] [INFO] Database :: Booting @ Master...
[2023-1-2 7:2:43] [INFO] Routes :: Mounting doc Routes...
[2023-1-2 7:2:43] [INFO] Routes :: Mounting API Routes...
[2023-1-2 7:2:43] [INFO] Routes :: Mounting Web Routes...
[2023-1-2 7:3:1] [INFO] Booting the 'HTTP' middleware...
[2023-1-2 7:3:1] [INFO] Database :: Booting @ Master...
[2023-1-2 7:3:54] [INFO] Routes :: Mounting doc Routes...
[2023-1-2 7:3:54] [INFO] Routes :: Mounting API Routes...
[2023-1-2 7:3:54] [INFO] Routes :: Mounting Web Routes...
[2023-1-2 7:4:10] [INFO] Booting the 'HTTP' middleware...
[2023-1-2 7:4:10] [INFO] Database :: Booting @ Master...
[2023-1-2 7:5:12] [INFO] Routes :: Mounting doc Routes...
[2023-1-2 7:5:12] [INFO] Routes :: Mounting API Routes...
[2023-1-2 7:5:12] [INFO] Routes :: Mounting Web Routes...
[2023-1-2 7:5:29] [INFO] Booting the 'HTTP' middleware...
[2023-1-2 7:5:29] [INFO] Database :: Booting @ Master...
[2023-1-2 7:7:23] [INFO] Routes :: Mounting doc Routes...
[2023-1-2 7:7:23] [INFO] Routes :: Mounting API Routes...
[2023-1-2 7:7:23] [INFO] Routes :: Mounting Web Routes...
[2023-1-2 7:7:41] [INFO] Booting the 'HTTP' middleware...
[2023-1-2 7:7:41] [INFO] Database :: Booting @ Master...
[2023-1-2 7:10:49] [INFO] Routes :: Mounting doc Routes...
[2023-1-2 7:10:49] [INFO] Routes :: Mounting API Routes...
[2023-1-2 7:10:49] [INFO] Routes :: Mounting Web Routes...
[2023-1-2 7:11:5] [INFO] Booting the 'HTTP' middleware...
[2023-1-2 7:11:5] [INFO] Database :: Booting @ Master...
[2023-1-2 7:14:34] [INFO] Routes :: Mounting doc Routes...
[2023-1-2 7:14:34] [INFO] Routes :: Mounting Web Routes...
[2023-1-2 7:14:34] [INFO] Routes :: Mounting API Routes...
[2023-1-2 7:14:48] [INFO] Booting the 'HTTP' middleware...
[2023-1-2 7:14:48] [INFO] Database :: Booting @ Master...
[2023-1-2 7:15:50] [INFO] Routes :: Mounting doc Routes...
[2023-1-2 7:15:50] [INFO] Routes :: Mounting API Routes...
[2023-1-2 7:15:50] [INFO] Routes :: Mounting Web Routes...
[2023-1-2 7:16:4] [INFO] Booting the 'HTTP' middleware...
[2023-1-2 7:16:4] [INFO] Database :: Booting @ Master...
[2023-1-2 7:17:16] [INFO] Routes :: Mounting doc Routes...
[2023-1-2 7:17:16] [INFO] Routes :: Mounting API Routes...
[2023-1-2 7:17:16] [INFO] Routes :: Mounting Web Routes...
[2023-1-2 7:17:32] [INFO] Booting the 'HTTP' middleware...
[2023-1-2 7:17:32] [INFO] Database :: Booting @ Master...
[2023-1-2 7:18:26] [INFO] Routes :: Mounting doc Routes...
[2023-1-2 7:18:26] [INFO] Routes :: Mounting API Routes...
[2023-1-2 7:18:26] [INFO] Routes :: Mounting Web Routes...
[2023-1-2 7:18:41] [INFO] Booting the 'HTTP' middleware...
[2023-1-2 7:18:41] [INFO] Database :: Booting @ Master...
[2023-1-2 7:19:30] [INFO] Routes :: Mounting doc Routes...
[2023-1-2 7:19:30] [INFO] Routes :: Mounting API Routes...
[2023-1-2 7:19:30] [INFO] Routes :: Mounting Web Routes...
[2023-1-2 7:19:44] [INFO] Booting the 'HTTP' middleware...
[2023-1-2 7:19:44] [INFO] Database :: Booting @ Master...
[2023-1-2 7:21:58] [INFO] Routes :: Mounting doc Routes...
[2023-1-2 7:21:58] [INFO] Routes :: Mounting API Routes...
[2023-1-2 7:21:58] [INFO] Routes :: Mounting Web Routes...
[2023-1-2 7:22:13] [INFO] Booting the 'HTTP' middleware...
[2023-1-2 7:22:13] [INFO] Database :: Booting @ Master...
[2023-1-2 7:23:24] [INFO] Routes :: Mounting doc Routes...
[2023-1-2 7:23:24] [INFO] Routes :: Mounting API Routes...
[2023-1-2 7:23:24] [INFO] Routes :: Mounting Web Routes...
[2023-1-2 7:23:38] [INFO] Booting the 'HTTP' middleware...
[2023-1-2 7:23:38] [INFO] Database :: Booting @ Master...
[2023-1-2 7:25:31] [INFO] Routes :: Mounting doc Routes...
[2023-1-2 7:25:31] [INFO] Routes :: Mounting API Routes...
[2023-1-2 7:25:31] [INFO] Routes :: Mounting Web Routes...
[2023-1-2 7:25:45] [INFO] Booting the 'HTTP' middleware...
[2023-1-2 7:25:45] [INFO] Database :: Booting @ Master...
[2023-1-2 7:26:49] [INFO] Routes :: Mounting doc Routes...
[2023-1-2 7:26:49] [INFO] Routes :: Mounting API Routes...
[2023-1-2 7:26:49] [INFO] Routes :: Mounting Web Routes...
[2023-1-2 7:27:4] [INFO] Booting the 'HTTP' middleware...
[2023-1-2 7:27:4] [INFO] Database :: Booting @ Master...
[2023-1-2 7:26:50] [ERROR] Error: Host not found try again later
    at /mnt/c/Users/Roku/Documents/Work/Qwerty/boilerplate/typeScript/src/middleware/check_tenant.ts:10:7
    at Generator.next (<anonymous>)
    at /mnt/c/Users/Roku/Documents/Work/Qwerty/boilerplate/typeScript/src/middleware/check_tenant.ts:8:71
    at new Promise (<anonymous>)
    at __awaiter (/mnt/c/Users/Roku/Documents/Work/Qwerty/boilerplate/typeScript/src/middleware/check_tenant.ts:4:12)
    at exports.default (/mnt/c/Users/Roku/Documents/Work/Qwerty/boilerplate/typeScript/src/middleware/check_tenant.ts:6:74)
    at Layer.handle [as handle_request] (/mnt/c/Users/Roku/Documents/Work/Qwerty/boilerplate/typeScript/node_modules/express/lib/router/layer.js:95:5)
    at next (/mnt/c/Users/Roku/Documents/Work/Qwerty/boilerplate/typeScript/node_modules/express/lib/router/route.js:144:13)
    at Route.dispatch (/mnt/c/Users/Roku/Documents/Work/Qwerty/boilerplate/typeScript/node_modules/express/lib/router/route.js:114:3)
    at Layer.handle [as handle_request] (/mnt/c/Users/Roku/Documents/Work/Qwerty/boilerplate/typeScript/node_modules/express/lib/router/layer.js:95:5)
[2023-1-2 7:29:23] [INFO] Routes :: Mounting doc Routes...
[2023-1-2 7:29:23] [INFO] Routes :: Mounting API Routes...
[2023-1-2 7:29:23] [INFO] Routes :: Mounting Web Routes...
[2023-1-2 7:29:39] [INFO] Booting the 'HTTP' middleware...
[2023-1-2 7:29:39] [INFO] Database :: Booting @ Master...
[2023-1-2 7:30:59] [INFO] Routes :: Mounting doc Routes...
[2023-1-2 7:30:59] [INFO] Routes :: Mounting API Routes...
[2023-1-2 7:30:59] [INFO] Routes :: Mounting Web Routes...
[2023-1-2 7:31:13] [INFO] Booting the 'HTTP' middleware...
[2023-1-2 7:31:13] [INFO] Database :: Booting @ Master...
[2023-1-2 7:30:59] [ERROR] Error: Cannot read properties of undefined (reading 'Tenant')
    at /mnt/c/Users/Roku/Documents/Work/Qwerty/boilerplate/typeScript/src/middleware/check_tenant.ts:55:33
    at Generator.next (<anonymous>)
    at fulfilled (/mnt/c/Users/Roku/Documents/Work/Qwerty/boilerplate/typeScript/src/middleware/check_tenant.ts:5:58)
    at processTicksAndRejections (node:internal/process/task_queues:95:5)
[2023-1-2 7:30:59] [ERROR] Error: column Tenant.domainName does not exist
    at /mnt/c/Users/Roku/Documents/Work/Qwerty/boilerplate/typeScript/src/middleware/check_tenant.ts:55:33
    at Generator.throw (<anonymous>)
    at rejected (/mnt/c/Users/Roku/Documents/Work/Qwerty/boilerplate/typeScript/src/middleware/check_tenant.ts:6:65)
    at processTicksAndRejections (node:internal/process/task_queues:95:5)
[2023-1-2 7:34:39] [INFO] Routes :: Mounting doc Routes...
[2023-1-2 7:34:39] [INFO] Routes :: Mounting API Routes...
[2023-1-2 7:34:39] [INFO] Routes :: Mounting Web Routes...
[2023-1-2 7:34:54] [INFO] Booting the 'HTTP' middleware...
[2023-1-2 7:34:54] [INFO] Database :: Booting @ Master...
[2023-1-2 7:34:40] [ERROR] Error: column Tenant.domainName does not exist
    at /mnt/c/Users/Roku/Documents/Work/Qwerty/boilerplate/typeScript/src/middleware/check_tenant.ts:55:33
    at Generator.throw (<anonymous>)
    at rejected (/mnt/c/Users/Roku/Documents/Work/Qwerty/boilerplate/typeScript/src/middleware/check_tenant.ts:6:65)
    at processTicksAndRejections (node:internal/process/task_queues:95:5)
[2023-1-2 7:36:6] [INFO] Routes :: Mounting doc Routes...
[2023-1-2 7:36:6] [INFO] Routes :: Mounting API Routes...
[2023-1-2 7:36:6] [INFO] Routes :: Mounting Web Routes...
[2023-1-2 7:36:21] [INFO] Booting the 'HTTP' middleware...
[2023-1-2 7:36:21] [INFO] Database :: Booting @ Master...
[2023-1-2 7:36:7] [ERROR] Error: SequelizeUniqueConstraintError: Validation error
    at Function.<anonymous> (/mnt/c/Users/Roku/Documents/Work/Qwerty/boilerplate/typeScript/src/services/adminService.ts:124:13)
    at Generator.next (<anonymous>)
    at fulfilled (/mnt/c/Users/Roku/Documents/Work/Qwerty/boilerplate/typeScript/src/services/adminService.ts:5:58)
    at processTicksAndRejections (node:internal/process/task_queues:95:5)
[2023-1-2 7:45:5] [INFO] Routes :: Mounting doc Routes...
[2023-1-2 7:45:5] [INFO] Routes :: Mounting API Routes...
[2023-1-2 7:45:5] [INFO] Routes :: Mounting Web Routes...
[2023-1-2 7:45:21] [INFO] Booting the 'HTTP' middleware...
[2023-1-2 7:45:21] [INFO] Database :: Booting @ Master...
[2023-1-2 7:46:30] [INFO] Routes :: Mounting doc Routes...
[2023-1-2 7:46:30] [INFO] Routes :: Mounting API Routes...
[2023-1-2 7:46:30] [INFO] Routes :: Mounting Web Routes...
[2023-1-2 7:46:46] [INFO] Booting the 'HTTP' middleware...
[2023-1-2 7:46:46] [INFO] Database :: Booting @ Master...
[2023-1-2 7:48:39] [INFO] Routes :: Mounting doc Routes...
[2023-1-2 7:48:39] [INFO] Routes :: Mounting API Routes...
[2023-1-2 7:48:39] [INFO] Routes :: Mounting Web Routes...
[2023-1-2 7:48:56] [INFO] Booting the 'HTTP' middleware...
[2023-1-2 7:48:56] [INFO] Database :: Booting @ Master...
[2023-1-2 7:49:25] [INFO] Routes :: Mounting doc Routes...
[2023-1-2 7:49:25] [INFO] Routes :: Mounting API Routes...
[2023-1-2 7:49:25] [INFO] Routes :: Mounting Web Routes...
[2023-1-2 7:49:41] [INFO] Booting the 'HTTP' middleware...
[2023-1-2 7:49:41] [INFO] Database :: Booting @ Master...
[2023-1-2 7:51:1] [INFO] Routes :: Mounting doc Routes...
[2023-1-2 7:51:1] [INFO] Routes :: Mounting API Routes...
[2023-1-2 7:51:1] [INFO] Routes :: Mounting Web Routes...
[2023-1-2 7:51:17] [INFO] Booting the 'HTTP' middleware...
[2023-1-2 7:51:17] [INFO] Database :: Booting @ Master...
[2023-1-2 7:52:45] [INFO] Routes :: Mounting doc Routes...
[2023-1-2 7:52:45] [INFO] Routes :: Mounting API Routes...
[2023-1-2 7:52:45] [INFO] Routes :: Mounting Web Routes...
[2023-1-2 7:52:59] [INFO] Booting the 'HTTP' middleware...
[2023-1-2 7:52:59] [INFO] Database :: Booting @ Master...
[2023-1-2 7:55:56] [INFO] Routes :: Mounting doc Routes...
[2023-1-2 7:55:56] [INFO] Routes :: Mounting API Routes...
[2023-1-2 7:55:56] [INFO] Routes :: Mounting Web Routes...
[2023-1-2 7:56:14] [INFO] Booting the 'HTTP' middleware...
[2023-1-2 7:56:14] [INFO] Database :: Booting @ Master...
[2023-1-2 7:57:57] [INFO] Routes :: Mounting doc Routes...
[2023-1-2 7:57:57] [INFO] Routes :: Mounting API Routes...
[2023-1-2 7:57:57] [INFO] Routes :: Mounting Web Routes...
[2023-1-2 7:58:12] [INFO] Booting the 'HTTP' middleware...
[2023-1-2 7:58:12] [INFO] Database :: Booting @ Master...
[2023-1-2 8:1:45] [INFO] Routes :: Mounting doc Routes...
[2023-1-2 8:1:45] [INFO] Routes :: Mounting API Routes...
[2023-1-2 8:1:45] [INFO] Routes :: Mounting Web Routes...
[2023-1-2 8:2:3] [INFO] Booting the 'HTTP' middleware...
[2023-1-2 8:2:3] [INFO] Database :: Booting @ Master...
[2023-1-2 8:1:46] [ERROR] Error: Error: SequelizeDatabaseError: column User.email does not exist
    at Function.<anonymous> (/mnt/c/Users/Roku/Documents/Work/Qwerty/boilerplate/typeScript/src/services/authService.ts:391:13)
    at Generator.throw (<anonymous>)
    at rejected (/mnt/c/Users/Roku/Documents/Work/Qwerty/boilerplate/typeScript/src/services/authService.ts:6:65)
    at processTicksAndRejections (node:internal/process/task_queues:95:5)
[2023-1-2 8:4:2] [INFO] Routes :: Mounting doc Routes...
[2023-1-2 8:4:2] [INFO] Routes :: Mounting API Routes...
[2023-1-2 8:4:2] [INFO] Routes :: Mounting Web Routes...
[2023-1-2 8:4:18] [INFO] Booting the 'HTTP' middleware...
[2023-1-2 8:4:18] [INFO] Database :: Booting @ Master...
[2023-1-2 8:4:3] [ERROR] Error: Error: SequelizeDatabaseError: operator does not exist: character varying = integer
    at Function.<anonymous> (/mnt/c/Users/Roku/Documents/Work/Qwerty/boilerplate/typeScript/src/services/authService.ts:391:13)
    at Generator.throw (<anonymous>)
    at rejected (/mnt/c/Users/Roku/Documents/Work/Qwerty/boilerplate/typeScript/src/services/authService.ts:6:65)
    at processTicksAndRejections (node:internal/process/task_queues:95:5)
[2023-1-2 8:5:22] [INFO] Routes :: Mounting doc Routes...
[2023-1-2 8:5:22] [INFO] Routes :: Mounting API Routes...
[2023-1-2 8:5:22] [INFO] Routes :: Mounting Web Routes...
[2023-1-2 8:5:38] [INFO] Booting the 'HTTP' middleware...
[2023-1-2 8:5:38] [INFO] Database :: Booting @ Master...
[2023-1-2 8:7:26] [INFO] Routes :: Mounting doc Routes...
[2023-1-2 8:7:26] [INFO] Routes :: Mounting API Routes...
[2023-1-2 8:7:26] [INFO] Routes :: Mounting Web Routes...
[2023-1-2 8:7:42] [INFO] Booting the 'HTTP' middleware...
[2023-1-2 8:7:42] [INFO] Database :: Booting @ Master...
[2023-1-2 8:7:26] [ERROR] Error: Error: SequelizeDatabaseError: operator does not exist: character varying = integer
    at Function.<anonymous> (/mnt/c/Users/Roku/Documents/Work/Qwerty/boilerplate/typeScript/src/services/authService.ts:392:13)
    at Generator.throw (<anonymous>)
    at rejected (/mnt/c/Users/Roku/Documents/Work/Qwerty/boilerplate/typeScript/src/services/authService.ts:6:65)
    at processTicksAndRejections (node:internal/process/task_queues:95:5)
[2023-1-2 8:10:23] [INFO] Routes :: Mounting doc Routes...
[2023-1-2 8:10:23] [INFO] Routes :: Mounting API Routes...
[2023-1-2 8:10:23] [INFO] Routes :: Mounting Web Routes...
[2023-1-2 8:10:39] [INFO] Booting the 'HTTP' middleware...
[2023-1-2 8:10:39] [INFO] Database :: Booting @ Master...
[2023-1-2 8:10:24] [ERROR] Error: Error: SequelizeDatabaseError: operator does not exist: character varying = integer
    at Function.<anonymous> (/mnt/c/Users/Roku/Documents/Work/Qwerty/boilerplate/typeScript/src/services/authService.ts:391:13)
    at Generator.throw (<anonymous>)
    at rejected (/mnt/c/Users/Roku/Documents/Work/Qwerty/boilerplate/typeScript/src/services/authService.ts:6:65)
    at processTicksAndRejections (node:internal/process/task_queues:95:5)
[2023-1-2 8:11:26] [INFO] Routes :: Mounting doc Routes...
[2023-1-2 8:11:26] [INFO] Routes :: Mounting API Routes...
[2023-1-2 8:11:26] [INFO] Routes :: Mounting Web Routes...
[2023-1-2 8:11:42] [INFO] Booting the 'HTTP' middleware...
[2023-1-2 8:11:42] [INFO] Database :: Booting @ Master...
[2023-1-2 8:13:40] [INFO] Routes :: Mounting doc Routes...
[2023-1-2 8:13:40] [INFO] Routes :: Mounting API Routes...
[2023-1-2 8:13:40] [INFO] Routes :: Mounting Web Routes...
[2023-1-2 8:13:55] [INFO] Booting the 'HTTP' middleware...
[2023-1-2 8:13:55] [INFO] Database :: Booting @ Master...
[2023-1-2 8:13:41] [ERROR] Error: Host not found try again later
    at /mnt/c/Users/Roku/Documents/Work/Qwerty/boilerplate/typeScript/src/middleware/check_tenant.ts:11:9
    at Generator.next (<anonymous>)
    at /mnt/c/Users/Roku/Documents/Work/Qwerty/boilerplate/typeScript/src/middleware/check_tenant.ts:8:71
    at new Promise (<anonymous>)
    at __awaiter (/mnt/c/Users/Roku/Documents/Work/Qwerty/boilerplate/typeScript/src/middleware/check_tenant.ts:4:12)
    at exports.default (/mnt/c/Users/Roku/Documents/Work/Qwerty/boilerplate/typeScript/src/middleware/check_tenant.ts:6:74)
    at Layer.handle [as handle_request] (/mnt/c/Users/Roku/Documents/Work/Qwerty/boilerplate/typeScript/node_modules/express/lib/router/layer.js:95:5)
    at next (/mnt/c/Users/Roku/Documents/Work/Qwerty/boilerplate/typeScript/node_modules/express/lib/router/route.js:144:13)
    at Route.dispatch (/mnt/c/Users/Roku/Documents/Work/Qwerty/boilerplate/typeScript/node_modules/express/lib/router/route.js:114:3)
    at Layer.handle [as handle_request] (/mnt/c/Users/Roku/Documents/Work/Qwerty/boilerplate/typeScript/node_modules/express/lib/router/layer.js:95:5)
[2023-1-2 8:16:29] [INFO] Routes :: Mounting doc Routes...
[2023-1-2 8:16:29] [INFO] Routes :: Mounting API Routes...
[2023-1-2 8:16:29] [INFO] Routes :: Mounting Web Routes...
[2023-1-2 8:16:45] [INFO] Booting the 'HTTP' middleware...
[2023-1-2 8:16:45] [INFO] Database :: Booting @ Master...
[2023-1-2 8:17:52] [INFO] Routes :: Mounting doc Routes...
[2023-1-2 8:17:52] [INFO] Routes :: Mounting API Routes...
[2023-1-2 8:17:52] [INFO] Routes :: Mounting Web Routes...
[2023-1-2 8:18:9] [INFO] Booting the 'HTTP' middleware...
[2023-1-2 8:18:9] [INFO] Database :: Booting @ Master...
[2023-1-2 8:19:15] [INFO] Routes :: Mounting doc Routes...
[2023-1-2 8:19:15] [INFO] Routes :: Mounting API Routes...
[2023-1-2 8:19:15] [INFO] Routes :: Mounting Web Routes...
[2023-1-2 8:19:33] [INFO] Booting the 'HTTP' middleware...
[2023-1-2 8:19:33] [INFO] Database :: Booting @ Master...
[2023-1-2 8:21:27] [INFO] Routes :: Mounting doc Routes...
[2023-1-2 8:21:27] [INFO] Routes :: Mounting API Routes...
[2023-1-2 8:21:27] [INFO] Routes :: Mounting Web Routes...
[2023-1-2 8:21:43] [INFO] Booting the 'HTTP' middleware...
[2023-1-2 8:21:43] [INFO] Database :: Booting @ Master...
[2023-1-2 8:25:10] [INFO] Routes :: Mounting doc Routes...
[2023-1-2 8:25:10] [INFO] Routes :: Mounting API Routes...
[2023-1-2 8:25:10] [INFO] Routes :: Mounting Web Routes...
[2023-1-2 8:25:25] [INFO] Booting the 'HTTP' middleware...
[2023-1-2 8:25:25] [INFO] Database :: Booting @ Master...
[2023-1-2 8:28:1] [INFO] Routes :: Mounting doc Routes...
[2023-1-2 8:28:1] [INFO] Routes :: Mounting API Routes...
[2023-1-2 8:28:1] [INFO] Routes :: Mounting Web Routes...
[2023-1-2 8:28:18] [INFO] Booting the 'HTTP' middleware...
[2023-1-2 8:28:18] [INFO] Database :: Booting @ Master...
[2023-1-2 8:29:16] [INFO] Routes :: Mounting doc Routes...
[2023-1-2 8:29:16] [INFO] Routes :: Mounting API Routes...
[2023-1-2 8:29:16] [INFO] Routes :: Mounting Web Routes...
[2023-1-2 8:29:31] [INFO] Booting the 'HTTP' middleware...
[2023-1-2 8:29:31] [INFO] Database :: Booting @ Master...
[2023-1-2 8:29:17] [ERROR] Error: Error: SequelizeEagerLoadingError: UserAuthentication is not associated to UserDetail!
    at Function.<anonymous> (/mnt/c/Users/Roku/Documents/Work/Qwerty/boilerplate/typeScript/src/services/authService.ts:391:13)
    at Generator.throw (<anonymous>)
    at rejected (/mnt/c/Users/Roku/Documents/Work/Qwerty/boilerplate/typeScript/src/services/authService.ts:6:65)
    at processTicksAndRejections (node:internal/process/task_queues:95:5)
[2023-1-2 8:31:59] [INFO] Routes :: Mounting doc Routes...
[2023-1-2 8:31:59] [INFO] Routes :: Mounting API Routes...
[2023-1-2 8:31:59] [INFO] Routes :: Mounting Web Routes...
[2023-1-2 8:32:16] [INFO] Booting the 'HTTP' middleware...
[2023-1-2 8:32:16] [INFO] Database :: Booting @ Master...
[2023-1-2 8:34:26] [INFO] Routes :: Mounting doc Routes...
[2023-1-2 8:34:26] [INFO] Routes :: Mounting API Routes...
[2023-1-2 8:34:26] [INFO] Routes :: Mounting Web Routes...
[2023-1-2 8:34:42] [INFO] Booting the 'HTTP' middleware...
[2023-1-2 8:34:42] [INFO] Database :: Booting @ Master...
[2023-1-2 18:32:27] [INFO] Routes :: Mounting doc Routes...
[2023-1-2 18:32:27] [INFO] Routes :: Mounting API Routes...
[2023-1-2 18:32:27] [INFO] Routes :: Mounting Web Routes...
[2023-1-2 18:32:54] [INFO] Booting the 'HTTP' middleware...
[2023-1-2 18:32:54] [INFO] Database :: Booting @ Master...
[2023-1-2 18:35:32] [INFO] Routes :: Mounting doc Routes...
[2023-1-2 18:35:32] [INFO] Routes :: Mounting API Routes...
[2023-1-2 18:35:32] [INFO] Routes :: Mounting Web Routes...
[2023-1-2 18:35:47] [INFO] Booting the 'HTTP' middleware...
[2023-1-2 18:35:47] [INFO] Database :: Booting @ Master...
[2023-1-2 18:37:27] [INFO] Routes :: Mounting doc Routes...
[2023-1-2 18:37:27] [INFO] Routes :: Mounting API Routes...
[2023-1-2 18:37:27] [INFO] Routes :: Mounting Web Routes...
[2023-1-2 18:37:43] [INFO] Booting the 'HTTP' middleware...
[2023-1-2 18:37:43] [INFO] Database :: Booting @ Master...
[2023-1-2 18:39:6] [INFO] Routes :: Mounting doc Routes...
[2023-1-2 18:39:6] [INFO] Routes :: Mounting API Routes...
[2023-1-2 18:39:6] [INFO] Routes :: Mounting Web Routes...
[2023-1-2 18:39:22] [INFO] Booting the 'HTTP' middleware...
[2023-1-2 18:39:22] [INFO] Database :: Booting @ Master...
[2023-1-2 18:42:9] [INFO] Routes :: Mounting doc Routes...
[2023-1-2 18:42:9] [INFO] Routes :: Mounting API Routes...
[2023-1-2 18:42:9] [INFO] Routes :: Mounting Web Routes...
[2023-1-2 18:42:26] [INFO] Booting the 'HTTP' middleware...
[2023-1-2 18:42:26] [INFO] Database :: Booting @ Master...
[2023-1-2 18:43:56] [INFO] Routes :: Mounting doc Routes...
[2023-1-2 18:43:56] [INFO] Routes :: Mounting API Routes...
[2023-1-2 18:43:56] [INFO] Routes :: Mounting Web Routes...
[2023-1-2 18:44:11] [INFO] Booting the 'HTTP' middleware...
[2023-1-2 18:44:11] [INFO] Database :: Booting @ Master...
[2023-1-2 18:43:57] [ERROR] Error: Host not found try again later
    at /mnt/c/Users/Roku/Documents/Work/Qwerty/boilerplate/typeScript/src/middleware/check_tenant.ts:11:9
    at Generator.next (<anonymous>)
    at /mnt/c/Users/Roku/Documents/Work/Qwerty/boilerplate/typeScript/src/middleware/check_tenant.ts:8:71
    at new Promise (<anonymous>)
    at __awaiter (/mnt/c/Users/Roku/Documents/Work/Qwerty/boilerplate/typeScript/src/middleware/check_tenant.ts:4:12)
    at exports.default (/mnt/c/Users/Roku/Documents/Work/Qwerty/boilerplate/typeScript/src/middleware/check_tenant.ts:6:74)
    at Layer.handle [as handle_request] (/mnt/c/Users/Roku/Documents/Work/Qwerty/boilerplate/typeScript/node_modules/express/lib/router/layer.js:95:5)
    at next (/mnt/c/Users/Roku/Documents/Work/Qwerty/boilerplate/typeScript/node_modules/express/lib/router/route.js:144:13)
    at Route.dispatch (/mnt/c/Users/Roku/Documents/Work/Qwerty/boilerplate/typeScript/node_modules/express/lib/router/route.js:114:3)
    at Layer.handle [as handle_request] (/mnt/c/Users/Roku/Documents/Work/Qwerty/boilerplate/typeScript/node_modules/express/lib/router/layer.js:95:5)
[2023-1-2 18:45:46] [INFO] Routes :: Mounting doc Routes...
[2023-1-2 18:45:46] [INFO] Routes :: Mounting API Routes...
[2023-1-2 18:45:46] [INFO] Routes :: Mounting Web Routes...
[2023-1-2 18:46:2] [INFO] Booting the 'HTTP' middleware...
[2023-1-2 18:46:2] [INFO] Database :: Booting @ Master...
[2023-1-2 19:39:44] [INFO] Routes :: Mounting doc Routes...
[2023-1-2 19:39:44] [INFO] Routes :: Mounting API Routes...
[2023-1-2 19:39:44] [INFO] Routes :: Mounting Web Routes...
[2023-1-2 19:40:0] [INFO] Booting the 'HTTP' middleware...
[2023-1-2 19:40:0] [INFO] Database :: Booting @ Master...
[2023-1-2 19:41:12] [INFO] Routes :: Mounting doc Routes...
[2023-1-2 19:41:12] [INFO] Routes :: Mounting API Routes...
[2023-1-2 19:41:12] [INFO] Routes :: Mounting Web Routes...
[2023-1-2 19:41:30] [INFO] Booting the 'HTTP' middleware...
[2023-1-2 19:41:30] [INFO] Database :: Booting @ Master...
[2023-1-2 19:41:12] [ERROR] Error: Host not found try again later
    at /mnt/c/Users/Roku/Documents/Work/Qwerty/boilerplate/typeScript/src/middleware/check_tenant.ts:11:9
    at Generator.next (<anonymous>)
    at /mnt/c/Users/Roku/Documents/Work/Qwerty/boilerplate/typeScript/src/middleware/check_tenant.ts:8:71
    at new Promise (<anonymous>)
    at __awaiter (/mnt/c/Users/Roku/Documents/Work/Qwerty/boilerplate/typeScript/src/middleware/check_tenant.ts:4:12)
    at exports.default (/mnt/c/Users/Roku/Documents/Work/Qwerty/boilerplate/typeScript/src/middleware/check_tenant.ts:6:74)
    at Layer.handle [as handle_request] (/mnt/c/Users/Roku/Documents/Work/Qwerty/boilerplate/typeScript/node_modules/express/lib/router/layer.js:95:5)
    at next (/mnt/c/Users/Roku/Documents/Work/Qwerty/boilerplate/typeScript/node_modules/express/lib/router/route.js:144:13)
    at Route.dispatch (/mnt/c/Users/Roku/Documents/Work/Qwerty/boilerplate/typeScript/node_modules/express/lib/router/route.js:114:3)
    at Layer.handle [as handle_request] (/mnt/c/Users/Roku/Documents/Work/Qwerty/boilerplate/typeScript/node_modules/express/lib/router/layer.js:95:5)
[2023-1-2 19:43:12] [INFO] Routes :: Mounting doc Routes...
[2023-1-2 19:43:12] [INFO] Routes :: Mounting API Routes...
[2023-1-2 19:43:12] [INFO] Routes :: Mounting Web Routes...
[2023-1-2 19:43:28] [INFO] Booting the 'HTTP' middleware...
[2023-1-2 19:43:28] [INFO] Database :: Booting @ Master...
[2023-1-2 19:45:48] [INFO] Routes :: Mounting doc Routes...
[2023-1-2 19:45:48] [INFO] Routes :: Mounting API Routes...
[2023-1-2 19:45:48] [INFO] Routes :: Mounting Web Routes...
[2023-1-2 19:46:5] [INFO] Booting the 'HTTP' middleware...
[2023-1-2 19:46:5] [INFO] Database :: Booting @ Master...
[2023-1-2 19:45:49] [ERROR] Error: Error: Error: secretOrPrivateKey must have a value
    at Function.<anonymous> (/mnt/c/Users/Roku/Documents/Work/Qwerty/boilerplate/typeScript/src/services/authService.ts:388:13)
    at Generator.throw (<anonymous>)
    at rejected (/mnt/c/Users/Roku/Documents/Work/Qwerty/boilerplate/typeScript/src/services/authService.ts:6:65)
    at processTicksAndRejections (node:internal/process/task_queues:95:5)
[2023-1-2 19:49:1] [INFO] Routes :: Mounting doc Routes...
[2023-1-2 19:49:1] [INFO] Routes :: Mounting API Routes...
[2023-1-2 19:49:1] [INFO] Routes :: Mounting Web Routes...
[2023-1-2 19:49:17] [INFO] Booting the 'HTTP' middleware...
[2023-1-2 19:49:17] [INFO] Database :: Booting @ Master...
[2023-1-2 19:50:36] [INFO] Routes :: Mounting doc Routes...
[2023-1-2 19:50:36] [INFO] Routes :: Mounting API Routes...
[2023-1-2 19:50:36] [INFO] Routes :: Mounting Web Routes...
[2023-1-2 19:50:52] [INFO] Booting the 'HTTP' middleware...
[2023-1-2 19:50:52] [INFO] Database :: Booting @ Master...
[2023-1-2 19:52:3] [INFO] Routes :: Mounting doc Routes...
[2023-1-2 19:52:3] [INFO] Routes :: Mounting API Routes...
[2023-1-2 19:52:20] [INFO] Booting the 'HTTP' middleware...
[2023-1-2 19:52:3] [INFO] Routes :: Mounting Web Routes...
[2023-1-2 19:52:20] [INFO] Database :: Booting @ Master...
[2023-1-2 19:52:4] [ERROR] Error: Host not found try again later
    at /mnt/c/Users/Roku/Documents/Work/Qwerty/boilerplate/typeScript/src/middleware/check_tenant.ts:11:9
    at Generator.next (<anonymous>)
    at /mnt/c/Users/Roku/Documents/Work/Qwerty/boilerplate/typeScript/src/middleware/check_tenant.ts:8:71
    at new Promise (<anonymous>)
    at __awaiter (/mnt/c/Users/Roku/Documents/Work/Qwerty/boilerplate/typeScript/src/middleware/check_tenant.ts:4:12)
    at exports.default (/mnt/c/Users/Roku/Documents/Work/Qwerty/boilerplate/typeScript/src/middleware/check_tenant.ts:6:74)
    at Layer.handle [as handle_request] (/mnt/c/Users/Roku/Documents/Work/Qwerty/boilerplate/typeScript/node_modules/express/lib/router/layer.js:95:5)
    at next (/mnt/c/Users/Roku/Documents/Work/Qwerty/boilerplate/typeScript/node_modules/express/lib/router/route.js:144:13)
    at Route.dispatch (/mnt/c/Users/Roku/Documents/Work/Qwerty/boilerplate/typeScript/node_modules/express/lib/router/route.js:114:3)
    at Layer.handle [as handle_request] (/mnt/c/Users/Roku/Documents/Work/Qwerty/boilerplate/typeScript/node_modules/express/lib/router/layer.js:95:5)
[2023-1-2 19:53:32] [INFO] Routes :: Mounting doc Routes...
[2023-1-2 19:53:32] [INFO] Routes :: Mounting API Routes...
[2023-1-2 19:53:32] [INFO] Routes :: Mounting Web Routes...
[2023-1-2 19:53:50] [INFO] Booting the 'HTTP' middleware...
[2023-1-2 19:53:50] [INFO] Database :: Booting @ Master...
[2023-1-2 19:55:2] [INFO] Routes :: Mounting doc Routes...
[2023-1-2 19:55:2] [INFO] Routes :: Mounting API Routes...
[2023-1-2 19:55:2] [INFO] Routes :: Mounting Web Routes...
[2023-1-2 19:55:19] [INFO] Booting the 'HTTP' middleware...
[2023-1-2 19:55:19] [INFO] Database :: Booting @ Master...
[2023-1-2 19:55:3] [ERROR] Error: Host not found try again later
    at /mnt/c/Users/Roku/Documents/Work/Qwerty/boilerplate/typeScript/src/middleware/check_tenant.ts:11:9
    at Generator.next (<anonymous>)
    at /mnt/c/Users/Roku/Documents/Work/Qwerty/boilerplate/typeScript/src/middleware/check_tenant.ts:8:71
    at new Promise (<anonymous>)
    at __awaiter (/mnt/c/Users/Roku/Documents/Work/Qwerty/boilerplate/typeScript/src/middleware/check_tenant.ts:4:12)
    at exports.default (/mnt/c/Users/Roku/Documents/Work/Qwerty/boilerplate/typeScript/src/middleware/check_tenant.ts:6:74)
    at Layer.handle [as handle_request] (/mnt/c/Users/Roku/Documents/Work/Qwerty/boilerplate/typeScript/node_modules/express/lib/router/layer.js:95:5)
    at next (/mnt/c/Users/Roku/Documents/Work/Qwerty/boilerplate/typeScript/node_modules/express/lib/router/route.js:144:13)
    at Route.dispatch (/mnt/c/Users/Roku/Documents/Work/Qwerty/boilerplate/typeScript/node_modules/express/lib/router/route.js:114:3)
    at Layer.handle [as handle_request] (/mnt/c/Users/Roku/Documents/Work/Qwerty/boilerplate/typeScript/node_modules/express/lib/router/layer.js:95:5)
[2023-1-2 19:56:48] [INFO] Routes :: Mounting doc Routes...
[2023-1-2 19:56:48] [INFO] Routes :: Mounting API Routes...
[2023-1-2 19:56:48] [INFO] Routes :: Mounting Web Routes...
[2023-1-2 19:57:4] [INFO] Booting the 'HTTP' middleware...
[2023-1-2 19:57:4] [INFO] Database :: Booting @ Master...
[2023-1-2 19:59:47] [INFO] Routes :: Mounting doc Routes...
[2023-1-2 19:59:47] [INFO] Routes :: Mounting API Routes...
[2023-1-2 19:59:47] [INFO] Routes :: Mounting Web Routes...
[2023-1-2 20:0:5] [INFO] Booting the 'HTTP' middleware...
[2023-1-2 20:0:5] [INFO] Database :: Booting @ Master...
[2023-1-2 20:1:37] [INFO] Routes :: Mounting doc Routes...
[2023-1-2 20:1:37] [INFO] Routes :: Mounting API Routes...
[2023-1-2 20:1:37] [INFO] Routes :: Mounting Web Routes...
[2023-1-2 20:1:55] [INFO] Booting the 'HTTP' middleware...
[2023-1-2 20:1:55] [INFO] Database :: Booting @ Master...
[2023-1-2 20:7:42] [INFO] Routes :: Mounting doc Routes...
[2023-1-2 20:7:42] [INFO] Routes :: Mounting API Routes...
[2023-1-2 20:7:42] [INFO] Routes :: Mounting Web Routes...
[2023-1-2 20:8:2] [INFO] Booting the 'HTTP' middleware...
[2023-1-2 20:8:2] [INFO] Database :: Booting @ Master...
